2020-12-30 19:48:28,602 - instabot version: 0.117.0 (bot) - INFO - Instabot version: 0.117.0 Started
2020-12-30 19:48:28,602 - instabot version: 0.117.0 (bot) - DEBUG - Bot imported from C:\Users\LENOVO\AppData\Local\Programs\Python\Python38-32\lib\site-packages\instabot\bot\bot.py
2020-12-30 19:48:28,608 - instabot version: 0.117.0 (api_login) - DEBUG - Loading cookies
2020-12-30 19:48:28,608 - instabot version: 0.117.0 (api_login) - DEBUG - Loading uuids
2020-12-30 19:48:28,608 - instabot version: 0.117.0 (api_login) - INFO - Recovery from D:\Programming Languages\03. Projects\Instagram Scrapper/config/randompy2020_uuid_and_cookie.json: COOKIE True - UUIDs True - TIMING, DEVICE and ...
- user-agent=Instagram 117.0.0.28.123 Android (28/9.0; 420dpi; 1080x1920; OnePlus; ONEPLUS A3003; OnePlus3; qcom; en_US; 180322800)
- phone_id=6ec1115f-b830-409a-9e3a-b5fea365b8a0
- uuid=22aee7b9-9b18-47c6-8ed3-a5513d63899c
- client_session_id=55b376e9-1b1e-4d00-a66a-49501ba1655f
- device_id=android-e00652d37fc01327
2020-12-30 19:48:28,610 - instabot version: 0.117.0 (api_login) - INFO - LOGIN FLOW! Just logged-in: False
2020-12-30 19:48:29,901 - instabot version: 0.117.0 (api) - DEBUG - POST to endpoint: feed/timeline/ returned response: <Response [200]>
2020-12-30 19:48:30,529 - instabot version: 0.117.0 (api) - DEBUG - POST to endpoint: feed/reels_tray/ returned response: <Response [200]>
2020-12-30 19:48:30,529 - instabot version: 0.117.0 (api) - INFO - Logged-in successfully as 'randompy2020'!
2020-12-30 19:48:30,529 - instabot version: 0.117.0 (bot_checkpoint) - DEBUG - Loading Checkpoint file from: D:\Programming Languages\03. Projects\Instagram Scrapper/config/randompy2020.checkpoint
2020-12-30 19:48:34,114 - instabot version: 0.117.0 (api) - DEBUG - GET to endpoint: users/calcutta_bloggers/usernameinfo/ returned response: <Response [200]>
2020-12-30 19:48:35,191 - instabot version: 0.117.0 (api) - DEBUG - GET to endpoint: users/15041839142/info/ returned response: <Response [200]>
2020-12-30 19:48:35,615 - instabot version: 0.117.0 (api) - DEBUG - GET to endpoint: friendships/15041839142/followers/?rank_token=45169428424_22aee7b9-9b18-47c6-8ed3-a5513d63899c returned response: <Response [429]>
2020-12-30 19:48:35,615 - instabot version: 0.117.0 (api) - DEBUG - Responsecode indicates error; response content: b'{"message": "Please wait a few minutes before you try again.", "status": "fail"}'
2020-12-30 19:48:35,615 - instabot version: 0.117.0 (api) - ERROR - Request returns 429 error!
2020-12-30 19:48:35,615 - instabot version: 0.117.0 (api) - WARNING - That means 'too many requests'. I'll go to sleep for 5 minutes.
