2020-12-30 19:33:10,812 - instabot version: 0.117.0 (bot) - INFO - Instabot version: 0.117.0 Started
2020-12-30 19:33:10,862 - instabot version: 0.117.0 (bot) - DEBUG - Bot imported from C:\Users\LENOVO\AppData\Local\Programs\Python\Python38-32\lib\site-packages\instabot\bot\bot.py
2020-12-30 19:33:11,167 - instabot version: 0.117.0 (api_login) - DEBUG - Loading cookies
2020-12-30 19:33:11,167 - instabot version: 0.117.0 (api_login) - DEBUG - Loading uuids
2020-12-30 19:33:11,167 - instabot version: 0.117.0 (api_login) - INFO - Recovery from D:\Programming Languages\03. Projects\Instagram Scrapper/config/randompy2020_uuid_and_cookie.json: COOKIE True - UUIDs True - TIMING, DEVICE and ...
- user-agent=Instagram 117.0.0.28.123 Android (28/9.0; 420dpi; 1080x1920; OnePlus; ONEPLUS A3003; OnePlus3; qcom; en_US; 180322800)
- phone_id=6ec1115f-b830-409a-9e3a-b5fea365b8a0
- uuid=22aee7b9-9b18-47c6-8ed3-a5513d63899c
- client_session_id=c68a0d8c-6e13-4e5b-9ed6-931061a78b96
- device_id=android-e00652d37fc01327
2020-12-30 19:33:11,181 - instabot version: 0.117.0 (api_login) - INFO - LOGIN FLOW! Just logged-in: False
2020-12-30 19:33:14,020 - instabot version: 0.117.0 (api) - DEBUG - POST to endpoint: feed/timeline/ returned response: <Response [200]>
2020-12-30 19:33:14,781 - instabot version: 0.117.0 (api) - DEBUG - POST to endpoint: feed/reels_tray/ returned response: <Response [200]>
2020-12-30 19:33:15,311 - instabot version: 0.117.0 (api) - DEBUG - POST to endpoint: direct_v2/ranked_recipients/ returned response: <Response [200]>
2020-12-30 19:33:15,733 - instabot version: 0.117.0 (api) - DEBUG - POST to endpoint: direct_v2/ranked_recipients/ returned response: <Response [200]>
2020-12-30 19:33:16,414 - instabot version: 0.117.0 (api) - DEBUG - POST to endpoint: direct_v2/inbox/ returned response: <Response [200]>
2020-12-30 19:33:16,828 - instabot version: 0.117.0 (api) - DEBUG - GET to endpoint: direct_v2/get_presence/ returned response: <Response [200]>
2020-12-30 19:33:17,579 - instabot version: 0.117.0 (api) - DEBUG - GET to endpoint: news/inbox/?limited_activity=true&show_su=true returned response: <Response [200]>
2020-12-30 19:33:18,028 - instabot version: 0.117.0 (api) - DEBUG - GET to endpoint: users/profile_notice/ returned response: <Response [200]>
2020-12-30 19:33:20,380 - instabot version: 0.117.0 (api) - DEBUG - POST to endpoint: discover/explore/ returned response: <Response [200]>
2020-12-30 19:33:20,439 - instabot version: 0.117.0 (api) - INFO - Logged-in successfully as 'randompy2020'!
2020-12-30 19:33:20,439 - instabot version: 0.117.0 (bot_checkpoint) - DEBUG - Loading Checkpoint file from: D:\Programming Languages\03. Projects\Instagram Scrapper/config/randompy2020.checkpoint
2020-12-30 19:33:24,071 - instabot version: 0.117.0 (api) - DEBUG - GET to endpoint: users/calcutta_bloggers/usernameinfo/ returned response: <Response [200]>
2020-12-30 19:33:24,890 - instabot version: 0.117.0 (api) - DEBUG - GET to endpoint: users/15041839142/info/ returned response: <Response [200]>
2020-12-30 19:33:25,669 - instabot version: 0.117.0 (api) - DEBUG - GET to endpoint: friendships/15041839142/followers/?rank_token=45169428424_22aee7b9-9b18-47c6-8ed3-a5513d63899c returned response: <Response [200]>
2020-12-30 19:33:26,279 - instabot version: 0.117.0 (api) - DEBUG - GET to endpoint: friendships/15041839142/followers/?rank_token=45169428424_22aee7b9-9b18-47c6-8ed3-a5513d63899c&max_id=QVFDeXQ1RmZDWmFoeDhtdXpVako2WkNROGFRVWVEanV3NVFPYUhHMUowNWxGZ1JBUFRCajc0QUNYVEtGMXktRVJPWnBaZ0J4MUExUTAwa0hOMjZ5QjYtcg== returned response: <Response [200]>
2020-12-30 19:33:26,809 - instabot version: 0.117.0 (api) - DEBUG - GET to endpoint: friendships/15041839142/followers/?rank_token=45169428424_22aee7b9-9b18-47c6-8ed3-a5513d63899c&max_id=QVFEZ1oyaGdFeGctb244SmxwQ1p1VjZuNDFRem10TXN2WERWRVBJRWdwcVAtSkpRVl94bTlZV0hjVHRfbjdYZzNJNlo0NUUtaU1xbFpMS3Jzd3FSa1VoMA== returned response: <Response [200]>
2020-12-30 19:33:27,397 - instabot version: 0.117.0 (api) - DEBUG - GET to endpoint: friendships/15041839142/followers/?rank_token=45169428424_22aee7b9-9b18-47c6-8ed3-a5513d63899c&max_id=QVFESGNwYkpoYmpueDJrSV9GNm85TEhCWHpwa04tV2x1SG9tYkltdlA5NFlIVFJJYi1wd0xGYnU4NDNoV2c5dUV4Y3pGU1hvaDRob3d2QW0ydnJBSFRyRA== returned response: <Response [200]>
2020-12-30 19:33:27,908 - instabot version: 0.117.0 (api) - DEBUG - GET to endpoint: friendships/15041839142/followers/?rank_token=45169428424_22aee7b9-9b18-47c6-8ed3-a5513d63899c&max_id=QVFCY3F2dG01ZzFqajBjM2MtcGIzaVlidTFpMEU3SXJiOVY2cEZ2M3A3bUpYM01QLW1IQnBBNUIzckFZZDl1MFVaWnpCNUtGZ2xhMXBUV005ZnpoUVM0aQ== returned response: <Response [200]>
2020-12-30 19:33:28,482 - instabot version: 0.117.0 (api) - DEBUG - GET to endpoint: friendships/15041839142/followers/?rank_token=45169428424_22aee7b9-9b18-47c6-8ed3-a5513d63899c&max_id=QVFBZHpzWGMzeXczR3FXWlVQMWlyRzh6Z0J0U2F2SXNQLUNWMnU0VF9VNFJiTV90cUUtVjZsbjc4RzZCRzEyRGJlM01QeS1STjl5RHU0aHlQR3J6WVA4aw== returned response: <Response [200]>
2020-12-30 19:33:29,270 - instabot version: 0.117.0 (api) - DEBUG - GET to endpoint: friendships/15041839142/followers/?rank_token=45169428424_22aee7b9-9b18-47c6-8ed3-a5513d63899c&max_id=QVFCZlZYblJrakdWc09qTEpKX0kxdkVLZzh0VlBRTnE1bWNtVmhVQ1R6LTZKSEtWVUY1UkdpUmRQQU9UanU4TlRLMk02cnB4ZTNsRkxCdWRMQVdqSUkyZg== returned response: <Response [200]>
2020-12-30 19:33:29,843 - instabot version: 0.117.0 (api) - DEBUG - GET to endpoint: friendships/15041839142/followers/?rank_token=45169428424_22aee7b9-9b18-47c6-8ed3-a5513d63899c&max_id=QVFESHZxanF6YTQzY1M4OEFhMEFNcXVrQXdMN2t4TUdLdHJDMjJRTG5ZU3RfdDdNaDRiX3lzTDNmT1lGTlB2dEJaLUd6N0lCZ2Q2enhyd0dmOVduTG9tMw== returned response: <Response [200]>
2020-12-30 19:33:30,501 - instabot version: 0.117.0 (api) - DEBUG - GET to endpoint: friendships/15041839142/followers/?rank_token=45169428424_22aee7b9-9b18-47c6-8ed3-a5513d63899c&max_id=QVFCQi1VLWJjaE4ySDdZSUxCUE5adm5pZDh1WjhCZk9ZemJ1bm1HUlpGZ0owaGJWcjRHWWtGSThSYjZIaGtYNFlpMU9JcmZBQndaaXdVazJEbXVHekhaLQ== returned response: <Response [200]>
2020-12-30 19:33:31,085 - instabot version: 0.117.0 (api) - DEBUG - GET to endpoint: friendships/15041839142/followers/?rank_token=45169428424_22aee7b9-9b18-47c6-8ed3-a5513d63899c&max_id=QVFCdy14SVdmNVlhZEhmVDBvU3JHNVN0NGFIYWMtTDNzVVNRdzMzeDlpSWh1THZVcldtZHFicndrLUVBUjVnTlU2aGFwRjlqWWRkUXNWZHhSUUt6RmgwbQ== returned response: <Response [200]>
2020-12-30 19:33:31,675 - instabot version: 0.117.0 (api) - DEBUG - GET to endpoint: friendships/15041839142/followers/?rank_token=45169428424_22aee7b9-9b18-47c6-8ed3-a5513d63899c&max_id=QVFDT2tXd2FJbDRGZmVwUld2MEVWa1hKZ24wV3B2aDYxSmFZN2N3WkZ5RC0xU1VnOGxIYmJmSEFhRENkWjl6anE2bkw3VDZkdElzTkhnNkJtN2JiS0JQWg== returned response: <Response [200]>
2020-12-30 19:33:32,222 - instabot version: 0.117.0 (api) - DEBUG - GET to endpoint: friendships/15041839142/followers/?rank_token=45169428424_22aee7b9-9b18-47c6-8ed3-a5513d63899c&max_id=QVFBN0RyS2tEd3ZRTVlvWExySDhTemtmQ3I4ODJ6Z0VsdE4xZlV2ZDNOVEtGaEI2RHRUcHdPUmFMMkdaNmNpSnhDaldzR09jUndQRlMyV3QtZ1kwOVFhRQ== returned response: <Response [200]>
2020-12-30 19:33:32,822 - instabot version: 0.117.0 (api) - DEBUG - GET to endpoint: friendships/15041839142/followers/?rank_token=45169428424_22aee7b9-9b18-47c6-8ed3-a5513d63899c&max_id=QVFBbnVMS2Q4OGFkdXliSXIyUW9GdW5sZUI0YzRiZm5KTkNSdmZNUUIzMzJCZHVHeDhqTVltSWJDbTQzakxxbDZlWjVuM1gxWEZGejZqNm14X3dOTEVCSQ== returned response: <Response [200]>
2020-12-30 19:33:33,373 - instabot version: 0.117.0 (api) - DEBUG - GET to endpoint: friendships/15041839142/followers/?rank_token=45169428424_22aee7b9-9b18-47c6-8ed3-a5513d63899c&max_id=QVFBNW1GZ2pNX1dQYU1EWjRUY1ZVYkRCb3NUZmZWV25sV2t5RkdhcFl4aFFZNGxiY1lkX3I4OS1MRkRWbWJGQTdpMjF5Z0xQX21tamxRMVVYYTM3dTVSRA== returned response: <Response [200]>
2020-12-30 19:33:34,617 - instabot version: 0.117.0 (api) - DEBUG - GET to endpoint: friendships/15041839142/followers/?rank_token=45169428424_22aee7b9-9b18-47c6-8ed3-a5513d63899c&max_id=QVFBbXhQUTNKRVNndThscUgzNDIybm9fQ2pCazBJZTVqcVhjbmU2Z0d0TTdNUF9sYzUzRnlyV2FHbFV6SGUxbTA4c014MXU1TXRPQ21wUjY2ck9DQ18tTw== returned response: <Response [200]>
2020-12-30 19:33:35,163 - instabot version: 0.117.0 (api) - DEBUG - GET to endpoint: friendships/15041839142/followers/?rank_token=45169428424_22aee7b9-9b18-47c6-8ed3-a5513d63899c&max_id=QVFDNkIzb240Tmp4M2lGZTVHSGhockpfcE9zcmZ0cEdPbE5vMUU1TVBITHJuTnctMVE3c3Nzdjc3d0dZZEVaQnRwcno3QTRPS0RwVUkzU1pPVHJmb0dPVw== returned response: <Response [200]>
2020-12-30 19:33:35,760 - instabot version: 0.117.0 (api) - DEBUG - GET to endpoint: friendships/15041839142/followers/?rank_token=45169428424_22aee7b9-9b18-47c6-8ed3-a5513d63899c&max_id=QVFCZ3E3elp3Rm1hbmxGNWNfUHZteVlPa2FLUzdzRWFXVDdYU1A3WV8tbXVEc0xyMWhkSUtDZ0FFSElOSF9GdERmekd4ejVWTnluOC1JNTN5c1o3LUp6Zw== returned response: <Response [200]>
2020-12-30 19:33:36,388 - instabot version: 0.117.0 (api) - DEBUG - GET to endpoint: friendships/15041839142/followers/?rank_token=45169428424_22aee7b9-9b18-47c6-8ed3-a5513d63899c&max_id=QVFDVDVoM1FaLWZocWhob3JSSTZtc3ZtQXFETC1hbmFzRHRraEZPY0RhYTNnbGw3dzVabWFESTlOUmg1Y0gyZW81bEJodGtkU2hXRHVRcDdSbGF4bGJrUQ== returned response: <Response [200]>
2020-12-30 19:33:36,957 - instabot version: 0.117.0 (api) - DEBUG - GET to endpoint: friendships/15041839142/followers/?rank_token=45169428424_22aee7b9-9b18-47c6-8ed3-a5513d63899c&max_id=QVFCZ1NVWDlMRnVTM1JzYU1hV2doQkRUbDVoVjZJRHJ0ZWpkazJRV0JiaFllUkFXM21qdkp5Ty1keVh0V1hzbkZYanJwYVBLOGJjVWxtVnRZNWNDUXdZcA== returned response: <Response [200]>
2020-12-30 19:33:37,514 - instabot version: 0.117.0 (api) - DEBUG - GET to endpoint: friendships/15041839142/followers/?rank_token=45169428424_22aee7b9-9b18-47c6-8ed3-a5513d63899c&max_id=QVFEQld6NGRvblNIMXZFaFBhbGZSaVNWa1dHVDlOcHhxYTE5UmFtbEdubjM2Z09KNGE5TXZiZFp1NzNmT19TVmM2RG5rUXl2TTE4bFV0Vk5TZ3RYV25LUA== returned response: <Response [200]>
2020-12-30 19:33:38,555 - instabot version: 0.117.0 (api) - DEBUG - GET to endpoint: friendships/15041839142/followers/?rank_token=45169428424_22aee7b9-9b18-47c6-8ed3-a5513d63899c&max_id=QVFCRy1ELWFBdWQ0dVZ3SkZtbHhONi11SnlNUVFxTWxKNFZHQmVEYmVQTXZYQUhzdFEzd09ma1dhMzVSb0xyZ0pCeFUtYXNlWFozUU5JMUFDcl9meEhWTQ== returned response: <Response [200]>
2020-12-30 19:33:39,122 - instabot version: 0.117.0 (api) - DEBUG - GET to endpoint: friendships/15041839142/followers/?rank_token=45169428424_22aee7b9-9b18-47c6-8ed3-a5513d63899c&max_id=QVFBamJwT1pER3JLRm9na3NEck9QQ1RuLTdwSlpLZVZHeGRpaXJxd19jVnJvXzhyS1FpZDk4TGZBMUFYNjJucWRQcDVRdGc3SXRXdmd1eDI0b2FtZzVfWA== returned response: <Response [200]>
2020-12-30 19:33:39,692 - instabot version: 0.117.0 (api) - DEBUG - GET to endpoint: friendships/15041839142/followers/?rank_token=45169428424_22aee7b9-9b18-47c6-8ed3-a5513d63899c&max_id=QVFDR2NOMUtjTjMta1R6eW1SZXU4M2plbEZNTmU2ZW5iZHcwbDJMS3ZPcmltTGF5RDlLU3ExQlJ1R1dENHBCdVpfZ1dyQlNkc21MZGJ3ZlJBcmxmMzJNZg== returned response: <Response [200]>
2020-12-30 19:33:40,228 - instabot version: 0.117.0 (api) - DEBUG - GET to endpoint: friendships/15041839142/followers/?rank_token=45169428424_22aee7b9-9b18-47c6-8ed3-a5513d63899c&max_id=QVFESnJmVXVGc0U5ckdtVjMzZG1KUXpfMmdlNU5FNVJadmtiZGhNV2JwWTFzZnhIUHBMTllmMTZKT1VGQ2JZeWlHYXZJY2kwMFRXQ29wZUJIajE1bkNkdg== returned response: <Response [200]>
2020-12-30 19:33:40,835 - instabot version: 0.117.0 (api) - DEBUG - GET to endpoint: friendships/15041839142/followers/?rank_token=45169428424_22aee7b9-9b18-47c6-8ed3-a5513d63899c&max_id=QVFEaVkyUmpEZklTUlNlTW92WjllazVybHdzY3RITzdqTHJDb3FkcDNPaG1xaERnenZKY1Q0eGJFNkNZdE9PY0pxdDJkX0pNWXpONGtkMjZKaThNd0NxdQ== returned response: <Response [200]>
2020-12-30 19:33:41,396 - instabot version: 0.117.0 (api) - DEBUG - GET to endpoint: friendships/15041839142/followers/?rank_token=45169428424_22aee7b9-9b18-47c6-8ed3-a5513d63899c&max_id=QVFEbk5XS09YZGk2TXk0R3RKLXpvb0hhR1FiTG5kOVcydWQyLXBmV1pmeFViQ2xRMUU0bjFTd3pZUmx4cHYycG5peGFORWdJME1ESThndHUyejNPcVFtVw== returned response: <Response [200]>
2020-12-30 19:33:41,973 - instabot version: 0.117.0 (api) - DEBUG - GET to endpoint: friendships/15041839142/followers/?rank_token=45169428424_22aee7b9-9b18-47c6-8ed3-a5513d63899c&max_id=QVFCMVZ5eU81VVRwOUlKTkY2dFlQcEdQVzY2LTlxSlRRaEgyRlpOUkZNcHh2UnVqajBKd0Q5NHJudTRucFdjeGVISGp5TVluODR0MUpkTmNZMlhrcUllag== returned response: <Response [200]>
2020-12-30 19:33:43,125 - instabot version: 0.117.0 (api) - DEBUG - GET to endpoint: friendships/15041839142/followers/?rank_token=45169428424_22aee7b9-9b18-47c6-8ed3-a5513d63899c&max_id=QVFBYjBBT3U2aVdWYzFZaFVJaE1fNFk1U1dldnRkRWFxeEVCcjNqS19XdFJNeXF2N1ZoUlNmZTV5U0tsQmlqcG15cEtZYjJ4ZEUzM0dESGRWSDgtTmc1bQ== returned response: <Response [200]>
2020-12-30 19:33:43,704 - instabot version: 0.117.0 (api) - DEBUG - GET to endpoint: friendships/15041839142/followers/?rank_token=45169428424_22aee7b9-9b18-47c6-8ed3-a5513d63899c&max_id=QVFCMXhfdjgxcnVTRTJXdm9zT2NaUUVKX0lUY0hpVG1RSmk2MzBXa2lfYnhNVlF3LXVURk93dW40dGRHWWlSZW1rUG1xcy1TVXJmMzIyT3JKcVlyV3l2Sw== returned response: <Response [200]>
2020-12-30 19:33:44,305 - instabot version: 0.117.0 (api) - DEBUG - GET to endpoint: friendships/15041839142/followers/?rank_token=45169428424_22aee7b9-9b18-47c6-8ed3-a5513d63899c&max_id=QVFDT3M4YXN6X05OdV8xME0tTjZFRVh5cDVURXRvSEhxRHdmRUZxei1yc1RYM250d21idWNIMkdUMzZZLTVrMUVZTW4wdlkwekh1VGFGY1NoelFZMF9LQQ== returned response: <Response [200]>
2020-12-30 19:33:44,842 - instabot version: 0.117.0 (api) - DEBUG - GET to endpoint: friendships/15041839142/followers/?rank_token=45169428424_22aee7b9-9b18-47c6-8ed3-a5513d63899c&max_id=QVFBc2tYbUR5SEx2M2JUOXAzbnA2OXRVY01IQ2dxUEk4aGVUYlZ0NjllUFhZRDU1M0VabG54bGZQRVhrWVREY0xKZ2o4cUlMcGVYUTdKTjRVRWdrU0J5Zg== returned response: <Response [200]>
2020-12-30 19:33:45,488 - instabot version: 0.117.0 (api) - DEBUG - GET to endpoint: friendships/15041839142/followers/?rank_token=45169428424_22aee7b9-9b18-47c6-8ed3-a5513d63899c&max_id=QVFEa043RWRBRGFGS3d1VG1LWVlUSmFka29IZF9GLVgwclVnVHpQSGFnUG11MG9aaGZFc18xS3RIcUVOcUQwM1dXb1d0b1hvMHJLbG9Gc2thX0ZOVXI1dg== returned response: <Response [200]>
2020-12-30 19:33:45,993 - instabot version: 0.117.0 (api) - DEBUG - GET to endpoint: friendships/15041839142/followers/?rank_token=45169428424_22aee7b9-9b18-47c6-8ed3-a5513d63899c&max_id=QVFELXY2dGVwci1iTlpSRGRkVnNYM1FJdTFmME9nWWwzazRHeVN2d2pWTkFVRmJ4aXdvU1R2WUtERHpURFJJQ01xbDQteVZwcklhZWV0aUFtbTkzRDRlYQ== returned response: <Response [200]>
2020-12-30 19:33:46,550 - instabot version: 0.117.0 (api) - DEBUG - GET to endpoint: friendships/15041839142/followers/?rank_token=45169428424_22aee7b9-9b18-47c6-8ed3-a5513d63899c&max_id=QVFDMVFUT3VvQ2F4NHZSSHlSRy1POUNYZ0RsbWFCUDV2QlVKaDVhMC05N3draV85bWFPUmJNVlNheDdVazc3V2FfcVpPWTF0QWI4RENaLUhHel9UY2lNYQ== returned response: <Response [200]>
2020-12-30 19:33:47,181 - instabot version: 0.117.0 (api) - DEBUG - GET to endpoint: friendships/15041839142/followers/?rank_token=45169428424_22aee7b9-9b18-47c6-8ed3-a5513d63899c&max_id=QVFBamxOeHlMMy1HWUpVMVh6MDctZUxJSjBENjVuZUt1cmIyM0xYRTBIT0h2SmY3dGZBekE2YkZxMERSdVBIc0JHOGtVS2FlbW01T0ZHWFNzTElLOVFWbA== returned response: <Response [200]>
2020-12-30 19:33:47,735 - instabot version: 0.117.0 (api) - DEBUG - GET to endpoint: friendships/15041839142/followers/?rank_token=45169428424_22aee7b9-9b18-47c6-8ed3-a5513d63899c&max_id=QVFBR0xZSXBwUVpPcWpsbzJwVUtxaklXWDRyeW51QXotWWszVWR4SFJuTHZvdzVmcURxTEJHRlpjYUVVMEF1Z204elFaUTR2UDZDMDVlQTlXX0lyTDl5RA== returned response: <Response [200]>
2020-12-30 19:33:48,547 - instabot version: 0.117.0 (api) - DEBUG - GET to endpoint: friendships/15041839142/followers/?rank_token=45169428424_22aee7b9-9b18-47c6-8ed3-a5513d63899c&max_id=QVFBcVV2dlZvZ214Mm05WW9mUG91VHFxQWFxY0p6T2Yyb2Fxa1BzWGgtc1c5cWhWbVdubTFmaENSbUQ5aXNZcnVqMHQ3TV9PRzM1ZE9BSjFhVHBDZlJ4aA== returned response: <Response [200]>
2020-12-30 19:33:49,162 - instabot version: 0.117.0 (api) - DEBUG - GET to endpoint: friendships/15041839142/followers/?rank_token=45169428424_22aee7b9-9b18-47c6-8ed3-a5513d63899c&max_id=QVFEeXZIS3JaX1ZwQTVvc0daLVEzQVpkX21tWDBfOWRpSlZBNzBtTVV4OUpNSUZDeVQxY2NoVlBWSmFHZGs5Y3E3UTk0Tkd2TG1CR3p4b0p4UlAyVkQ1Tg== returned response: <Response [200]>
2020-12-30 19:33:49,702 - instabot version: 0.117.0 (api) - DEBUG - GET to endpoint: friendships/15041839142/followers/?rank_token=45169428424_22aee7b9-9b18-47c6-8ed3-a5513d63899c&max_id=QVFBX2tnanZBWVNGUjFzaDdPUDNtSE04VjlPV241aEctOF91UFFWSVdtOVNVN296WGY1S3VvY2phaE1PNmtKUDVEal9LOEFqUHpqclhJU3I3eXFobVlKRg== returned response: <Response [200]>
2020-12-30 19:33:50,252 - instabot version: 0.117.0 (api) - DEBUG - GET to endpoint: friendships/15041839142/followers/?rank_token=45169428424_22aee7b9-9b18-47c6-8ed3-a5513d63899c&max_id=QVFCcV9OUHJTLXFzWTl4SDlucVFVZ0lDcEpjV1BRZHdLaUdOaVhoV09WSlloVzdPandPRUNEMlljYVJXdDkxbG5oSVA4amllNURodVJXakpLUmNrU2lHTQ== returned response: <Response [200]>
2020-12-30 19:33:50,892 - instabot version: 0.117.0 (api) - DEBUG - GET to endpoint: friendships/15041839142/followers/?rank_token=45169428424_22aee7b9-9b18-47c6-8ed3-a5513d63899c&max_id=QVFEWkx6X3VXRTBTZGd2V1R1Q21DZzI2S002U3VMLTJXYmM5QjduRjFSeTM1bUFXRG40NWM5eXVtSHRnV2RRX1lUcVMyTzFOcmNzcG0xa09lZUxWMkc3Vw== returned response: <Response [200]>
2020-12-30 19:33:51,464 - instabot version: 0.117.0 (api) - DEBUG - GET to endpoint: friendships/15041839142/followers/?rank_token=45169428424_22aee7b9-9b18-47c6-8ed3-a5513d63899c&max_id=QVFBc1BDc1BKaWJ3U2RIeElzdldRbHlNZXA4QlA2YTZTYktSRGxHX2M2RDNKWWg4WVJ5M0RVcjROVjBSWm1pSlZtb2x5STZxTUVfY2lSUUJkYW1zX2NPNQ== returned response: <Response [200]>
2020-12-30 19:33:52,074 - instabot version: 0.117.0 (api) - DEBUG - GET to endpoint: friendships/15041839142/followers/?rank_token=45169428424_22aee7b9-9b18-47c6-8ed3-a5513d63899c&max_id=QVFDemhiTWhxQmo4MkRqWUM0WHdoSVpsZHV6VlhDcUhieXk4YmpRTXdQSjNSTjlubU83X1poVGtRdmR3M1lySExUNk9uWjdXQjZyM2ZaOXFZZUxBNDdqZQ== returned response: <Response [200]>
2020-12-30 19:33:52,626 - instabot version: 0.117.0 (api) - DEBUG - GET to endpoint: friendships/15041839142/followers/?rank_token=45169428424_22aee7b9-9b18-47c6-8ed3-a5513d63899c&max_id=QVFBZ2pwTkNRUllFc3JrQ1NjY1FSNlZoVmRzNzVyM1pYVnVLb3VOaUxvMzJWSklyc0NGaTBVQng2MENma1FBSXF1cllmVkRTUXVEZDFaNkZ1QjZxS1RiSw== returned response: <Response [200]>
2020-12-30 19:33:53,203 - instabot version: 0.117.0 (api) - DEBUG - GET to endpoint: friendships/15041839142/followers/?rank_token=45169428424_22aee7b9-9b18-47c6-8ed3-a5513d63899c&max_id=QVFCVUlHYlJWRG02UU1sRUVKY2dZQWVvN2dBMG1mWGNBRGE4cWFlTUpmb0xrTlRVWFdoQjhiUFZ3Sy1weGxDbkVvZlBROHF0dy1rTzlZUDZRWVFuVl9INw== returned response: <Response [200]>
2020-12-30 19:33:53,792 - instabot version: 0.117.0 (api) - DEBUG - GET to endpoint: friendships/15041839142/followers/?rank_token=45169428424_22aee7b9-9b18-47c6-8ed3-a5513d63899c&max_id=QVFEYkZ6T2YzMWluNkJXS2ZUYl9nSWl3YzhMMjcxSlBSVUVJLXVab0lMMFJWaXJOcV90YURvVFZfcjY5QTIxZ1FVc3VBUWd1YlgtczZlQlJ0bi1ZNGdvYQ== returned response: <Response [200]>
2020-12-30 19:33:54,370 - instabot version: 0.117.0 (api) - DEBUG - GET to endpoint: friendships/15041839142/followers/?rank_token=45169428424_22aee7b9-9b18-47c6-8ed3-a5513d63899c&max_id=QVFBeFVZRllhOEN2WWFrOU9VbDU4M05oWlhaX0gyT3ZNaDZ5TzVveVptYUI1UF9vZmJISXZyU1JKMTN1cUhHLUQ0SmhzM0FmTjFCRlpTRGhCMzA4NkVWWA== returned response: <Response [200]>
2020-12-30 19:33:54,924 - instabot version: 0.117.0 (api) - DEBUG - GET to endpoint: friendships/15041839142/followers/?rank_token=45169428424_22aee7b9-9b18-47c6-8ed3-a5513d63899c&max_id=QVFBNWNJTWNlSXVuQmZVb0ZrUmJ1SV9DUG95QTJDbTBUekt3dEgwY3ByV2k2dXlFVnN3bU10T0JCZFRRWDZ1N00wbUtjOUxyWm1rMVFwWDlLY2pmRHQwXw== returned response: <Response [200]>
2020-12-30 19:33:55,634 - instabot version: 0.117.0 (api) - DEBUG - GET to endpoint: friendships/15041839142/followers/?rank_token=45169428424_22aee7b9-9b18-47c6-8ed3-a5513d63899c&max_id=QVFEYTlxQnRGSzR1Ynp1UXNDYUd6bXFWbTQybW41dWpWUkl3TXBad0JFaUxGN3pZZmZKLVdrY2NMNnhxbHJvcEdTMmJTWmtkNGxQQ2ZqUjZrdVlrSmhYdw== returned response: <Response [200]>
2020-12-30 19:33:56,206 - instabot version: 0.117.0 (api) - DEBUG - GET to endpoint: friendships/15041839142/followers/?rank_token=45169428424_22aee7b9-9b18-47c6-8ed3-a5513d63899c&max_id=QVFBM0p2NDZJeER6R2dUQlBfVmRiZjN5cFhBMWtwcDEyTi1ZV0NhRGpPSUdoOUhXVG5uWHJUalhCcU1FNnNPZTJ0ZV9LUVBSaWRaUWt4ZnVzS0V4bWttaQ== returned response: <Response [200]>
2020-12-30 19:33:56,744 - instabot version: 0.117.0 (api) - DEBUG - GET to endpoint: friendships/15041839142/followers/?rank_token=45169428424_22aee7b9-9b18-47c6-8ed3-a5513d63899c&max_id=QVFBbktKNlZiUkJ6V2U2TTlPTDBKNE5pOThJMFJZNTBrUTJ6ZlFiSGRiTi1idUowUndRRjlFTFVHUzdGbnNUTnFnNjVYa291OEoxZ3lIcXpGbllwdUxsdQ== returned response: <Response [200]>
2020-12-30 19:33:57,319 - instabot version: 0.117.0 (api) - DEBUG - GET to endpoint: friendships/15041839142/followers/?rank_token=45169428424_22aee7b9-9b18-47c6-8ed3-a5513d63899c&max_id=QVFDczY4a1BWSFl0VzdRci1xMWJudzJjSlFISTlZU1NZWjdVNUlyaVpsd3E4cWp3RmtSTC1Ea1gzNmpGcExybnYwZDRPZGhmeVAwTEpha2lNRzBaQUdsMA== returned response: <Response [200]>
2020-12-30 19:33:57,888 - instabot version: 0.117.0 (api) - DEBUG - GET to endpoint: friendships/15041839142/followers/?rank_token=45169428424_22aee7b9-9b18-47c6-8ed3-a5513d63899c&max_id=QVFCbjhUd3ZhYzBEQ1ZDdHNCWlgtZmRvQ21OZE8yZXl0VFN0NW1RcjhsUXdPYzdxRVdRMi15VFhrY1dQVEoyVjZIamJJalB0VGl3Qzg0cUtXc2JaMDJXVw== returned response: <Response [200]>
2020-12-30 19:33:58,504 - instabot version: 0.117.0 (api) - DEBUG - GET to endpoint: friendships/15041839142/followers/?rank_token=45169428424_22aee7b9-9b18-47c6-8ed3-a5513d63899c&max_id=QVFCSzI3ZURxWGdhSjVha3NhejJqb1N3WEx5UjIxcVFUUzRBUDVNU0Q4SjFkbGZIdUJRT08ydHRTMmNVOE5MTnE4aFp5cTFHMDRYeGFUOUszbGpWVUotTw== returned response: <Response [200]>
2020-12-30 19:33:59,125 - instabot version: 0.117.0 (api) - DEBUG - GET to endpoint: friendships/15041839142/followers/?rank_token=45169428424_22aee7b9-9b18-47c6-8ed3-a5513d63899c&max_id=QVFBQUFyTDMwY3FzcDNNV0VKek9uQzNhcE9MZ0I1WHpua3RHZUlXa2FhTlRSSENQX1NPd203d0tVaGp2UlE4TDhwWS1jUndFWkNqRWtzZHc2TVZtcUxxRg== returned response: <Response [200]>
2020-12-30 19:33:59,796 - instabot version: 0.117.0 (api) - DEBUG - GET to endpoint: friendships/15041839142/followers/?rank_token=45169428424_22aee7b9-9b18-47c6-8ed3-a5513d63899c&max_id=QVFBc3lvMUE0a2wtanhkT3FNLU55MHIxYlpWdkpZOTVtaEdneWxMVzRkWlpIRUJzeWlkNEVocFpLbExRMXVwX1AzTFdWYm4yd0NjVjFMS0JhVGpUX2FYRg== returned response: <Response [200]>
2020-12-30 19:34:00,459 - instabot version: 0.117.0 (api) - DEBUG - GET to endpoint: friendships/15041839142/followers/?rank_token=45169428424_22aee7b9-9b18-47c6-8ed3-a5513d63899c&max_id=QVFBYjFQdmN5dHJkQkx6ZVAtSkVraUpTRkRXNnFkSWpfN2RjN0F4cGdfMTlfRHUwbDJiNlYxSFlGbl9KSDMzbVNiRUZxT2swel93cmpLaHFQQUhRSXlBbg== returned response: <Response [200]>
2020-12-30 19:34:01,124 - instabot version: 0.117.0 (api) - DEBUG - GET to endpoint: friendships/15041839142/followers/?rank_token=45169428424_22aee7b9-9b18-47c6-8ed3-a5513d63899c&max_id=QVFBM19KZm42RXVITUw4ZThLOVoxOWVSd3hTTFE0TGZYNGE0QTRycEhiMTNEUnd4R3pYT0hwd3RGS3QwT1E2bmlOVXBQWEd6RzJPZC1VRGdQWTZFNXNrSQ== returned response: <Response [200]>
2020-12-30 19:34:01,823 - instabot version: 0.117.0 (api) - DEBUG - GET to endpoint: friendships/15041839142/followers/?rank_token=45169428424_22aee7b9-9b18-47c6-8ed3-a5513d63899c&max_id=QVFCdFliWUZMZlFRTkRrZ2FKT1VZS1Rta2dhRGFIQmVYU0JqMUlkVDNicUsyUC1HcTZzSmpobjJtZERzSkYySUxOWWVaVnk0aGFjMEFsaktWOUZUOHhDQQ== returned response: <Response [200]>
2020-12-30 19:34:02,454 - instabot version: 0.117.0 (api) - DEBUG - GET to endpoint: friendships/15041839142/followers/?rank_token=45169428424_22aee7b9-9b18-47c6-8ed3-a5513d63899c&max_id=QVFDMWZ6UHlnUnRaNjRvY2t5ODBqY1Q4N3JtQVpIODNwU1VySmhGUG1BS1l3cTBPbmxiVi0zU3JQMjNPZmR0YkhobGpFX2RaVmx5TXoxcE40NXRuSlRySQ== returned response: <Response [200]>
2020-12-30 19:34:03,193 - instabot version: 0.117.0 (api) - DEBUG - GET to endpoint: friendships/15041839142/followers/?rank_token=45169428424_22aee7b9-9b18-47c6-8ed3-a5513d63899c&max_id=QVFESnlpckJYakstbm54Z0xab0M1SVBPZGhLNVp1UVdmMWZTbUdKWnpMYmxaY1AtUDJhSUdRVnEwdjdjQzdnVUJnUThXcUtYZnNUdWJDY3Vsblh3eDQ4Sw== returned response: <Response [200]>
2020-12-30 19:34:03,824 - instabot version: 0.117.0 (api) - DEBUG - GET to endpoint: friendships/15041839142/followers/?rank_token=45169428424_22aee7b9-9b18-47c6-8ed3-a5513d63899c&max_id=QVFCUkl1OGVkV3o4ajVUTk84Qk4zLWZOYXBaWUNyb2hEVEJ3MnA5NldENUwxSWg5VDdyNm9oR1NYaWpLRkVvNUpKdlBqZVNFRU1qYnNibXRKdUR5SUx2Mg== returned response: <Response [200]>
2020-12-30 19:34:04,947 - instabot version: 0.117.0 (api) - DEBUG - GET to endpoint: friendships/15041839142/followers/?rank_token=45169428424_22aee7b9-9b18-47c6-8ed3-a5513d63899c&max_id=QVFDaWJFWFdSYWFlSWRmZ0cwMWQ0X3pvU3NYcmQtYk9DLXBKV2JSbDdkM3dNUEJHeFBoWHF6MWZEbDExZGFlN1lOSnFrcEViMFZOOHh4MkZIaXZqT2V0Rw== returned response: <Response [200]>
2020-12-30 19:34:05,537 - instabot version: 0.117.0 (api) - DEBUG - GET to endpoint: friendships/15041839142/followers/?rank_token=45169428424_22aee7b9-9b18-47c6-8ed3-a5513d63899c&max_id=QVFCdTh3NE1aWjhIRVRJQ3VPY1BGNlZTZkF0S2ExNFJfZVQ2Ym0xdmVsTkVHS01VZHdWeGFJaFZzSVlldXNya0R4eUhTRXA1YXhJcmtaVFBlMkZieFo2Ug== returned response: <Response [200]>
2020-12-30 19:34:06,068 - instabot version: 0.117.0 (api) - DEBUG - GET to endpoint: friendships/15041839142/followers/?rank_token=45169428424_22aee7b9-9b18-47c6-8ed3-a5513d63899c&max_id=QVFCOVlka1lWVUo4N3lqTC16TFh5bkM5UGEwcURIckhKMEFRbnVleE1EdWVILUdRekxsZ19HeGFyT0QzcVJfUVlHUmxVQUZBN083RmJKb3JYc3RBdEVUYg== returned response: <Response [200]>
2020-12-30 19:34:06,605 - instabot version: 0.117.0 (api) - DEBUG - GET to endpoint: friendships/15041839142/followers/?rank_token=45169428424_22aee7b9-9b18-47c6-8ed3-a5513d63899c&max_id=QVFDRmVqMHdpOHd6bGVqRllVR0hPejJaeWlnbm91dHFnX1NmZHlON2xmVFhndGNDRjZjVGtrRlhJbjlYcVQ1RE55R3BFazBUdEdaSVlRc1pNWWVsN3RSVg== returned response: <Response [200]>
2020-12-30 19:34:07,145 - instabot version: 0.117.0 (api) - DEBUG - GET to endpoint: friendships/15041839142/followers/?rank_token=45169428424_22aee7b9-9b18-47c6-8ed3-a5513d63899c&max_id=QVFETUhYS0lCTG9aRjNoQktFMkp2R2JiSVZJMWMzSk5WZkJtZWRyc2pab0pGTDZjcXJpQnZMeTV3MXpOU19jTVRFMEJnX1lxZEM1czF0ZDRVcV9NZGVudg== returned response: <Response [200]>
2020-12-30 19:34:07,688 - instabot version: 0.117.0 (api) - DEBUG - GET to endpoint: friendships/15041839142/followers/?rank_token=45169428424_22aee7b9-9b18-47c6-8ed3-a5513d63899c&max_id=QVFBb1oycXhzaWlvRFc3QnZMVU5fSDJvZmpCbE83azE4UXRHS1RBU0pMWEF3NFluSGNGbzBhRzFhY3FkWHhLLVNmbU1oSE5OMnUzSGtwbng1dllQeVpKdw== returned response: <Response [200]>
2020-12-30 19:34:07,698 - instabot version: 0.117.0 (bot_checkpoint) - DEBUG - Saving Checkpoint file to: D:\Programming Languages\03. Projects\Instagram Scrapper/config/randompy2020.checkpoint
2020-12-30 19:34:07,715 - instabot version: 0.117.0 (bot) - INFO - Total requests: 142
