2020-12-30 10:36:21,721 - instabot version: 0.117.0 (bot) - INFO - Instabot version: 0.117.0 Started
2020-12-30 10:36:21,721 - instabot version: 0.117.0 (bot) - DEBUG - Bot imported from C:\Users\LENOVO\AppData\Local\Programs\Python\Python38-32\lib\site-packages\instabot\bot\bot.py
2020-12-30 10:36:21,735 - instabot version: 0.117.0 (api_login) - DEBUG - Loading cookies
2020-12-30 10:36:21,735 - instabot version: 0.117.0 (api_login) - DEBUG - Loading uuids
2020-12-30 10:36:21,735 - instabot version: 0.117.0 (api_login) - INFO - Recovery from D:\Programming Languages\03. Projects\Instagram Scrapper/config/randompy2020_uuid_and_cookie.json: COOKIE True - UUIDs True - TIMING, DEVICE and ...
- user-agent=Instagram 117.0.0.28.123 Android (28/9.0; 420dpi; 1080x1920; OnePlus; ONEPLUS A3003; OnePlus3; qcom; en_US; 180322800)
- phone_id=6ec1115f-b830-409a-9e3a-b5fea365b8a0
- uuid=22aee7b9-9b18-47c6-8ed3-a5513d63899c
- client_session_id=c36d92c7-2b30-49c7-9156-2a3d2416fd9b
- device_id=android-e00652d37fc01327
2020-12-30 10:36:21,736 - instabot version: 0.117.0 (api_login) - INFO - LOGIN FLOW! Just logged-in: False
2020-12-30 10:36:24,075 - instabot version: 0.117.0 (api) - DEBUG - POST to endpoint: feed/timeline/ returned response: <Response [200]>
2020-12-30 10:36:24,764 - instabot version: 0.117.0 (api) - DEBUG - POST to endpoint: feed/reels_tray/ returned response: <Response [200]>
2020-12-30 10:36:24,811 - instabot version: 0.117.0 (api) - INFO - Logged-in successfully as 'randompy2020'!
2020-12-30 10:36:24,811 - instabot version: 0.117.0 (bot_checkpoint) - DEBUG - Loading Checkpoint file from: D:\Programming Languages\03. Projects\Instagram Scrapper/config/randompy2020.checkpoint
2020-12-30 10:36:28,452 - instabot version: 0.117.0 (api) - DEBUG - GET to endpoint: users/calcutta_bloggers/usernameinfo/ returned response: <Response [200]>
2020-12-30 10:36:29,812 - instabot version: 0.117.0 (api) - DEBUG - GET to endpoint: users/15041839142/info/ returned response: <Response [200]>
2020-12-30 10:36:30,497 - instabot version: 0.117.0 (api) - DEBUG - GET to endpoint: friendships/15041839142/followers/?rank_token=45169428424_22aee7b9-9b18-47c6-8ed3-a5513d63899c returned response: <Response [200]>
2020-12-30 10:36:31,105 - instabot version: 0.117.0 (api) - DEBUG - GET to endpoint: friendships/15041839142/followers/?rank_token=45169428424_22aee7b9-9b18-47c6-8ed3-a5513d63899c&max_id=QVFEWnc1VnA5OF92WXd6bGxyOE85cW1uMi11T1NzY1R3SXllN3RIRHhUMEt0dV9IdGllUEkzU0cwZWx6SDVNcG1NRFp0QnhoVnlXWldlQUtqay05LXZITA== returned response: <Response [200]>
2020-12-30 10:36:31,835 - instabot version: 0.117.0 (api) - DEBUG - GET to endpoint: friendships/15041839142/followers/?rank_token=45169428424_22aee7b9-9b18-47c6-8ed3-a5513d63899c&max_id=QVFBYXBoSllkVDJ2SnBKdU9sTVJXd1BwMWJIUzR0RFN0X1pLVkhNVjllSS1EVE9sRzFNR3JOeDZuM3Q3Q1NxVG0xa1BBd2pyWnhtWEdpbzh6QXFQX2xZdA== returned response: <Response [200]>
2020-12-30 10:36:32,513 - instabot version: 0.117.0 (api) - DEBUG - GET to endpoint: friendships/15041839142/followers/?rank_token=45169428424_22aee7b9-9b18-47c6-8ed3-a5513d63899c&max_id=QVFDenlQWEMxVVVzOVo5cHREd3VvYWxBam5PWXlPQ0FaRHVmWENmbHZhT2JSMTdjbEEtdU4zaGNKclBzSk5fT1ZFWVJBYWlhZ1pzVHAteGQ1WVlhRzMtVQ== returned response: <Response [200]>
2020-12-30 10:36:33,091 - instabot version: 0.117.0 (api) - DEBUG - GET to endpoint: friendships/15041839142/followers/?rank_token=45169428424_22aee7b9-9b18-47c6-8ed3-a5513d63899c&max_id=QVFBSWNxY3ZUV3FjUWFTWUlobFdoWjRxQ2ZDTFJ0VExyY1c4MFl1QUZwdEVJa0haY0JNeXV1RC1pTkZZb2IyaUVkcGJvb2dmSnJybDZyQjY4bU5Oa3d1Ng== returned response: <Response [200]>
2020-12-30 10:36:33,700 - instabot version: 0.117.0 (api) - DEBUG - GET to endpoint: friendships/15041839142/followers/?rank_token=45169428424_22aee7b9-9b18-47c6-8ed3-a5513d63899c&max_id=QVFDN041U1ZJVTNwNUkxMWxOd3VZNm1mYkhrRV9zUE1obndMckVYcW44YVViRXQ3dENFcmRQX2R5a3RvVGxBM0Z3RnFVMTFiVzRLLXJBajdUNEF2LXZFSg== returned response: <Response [200]>
2020-12-30 10:36:34,296 - instabot version: 0.117.0 (api) - DEBUG - GET to endpoint: friendships/15041839142/followers/?rank_token=45169428424_22aee7b9-9b18-47c6-8ed3-a5513d63899c&max_id=QVFBTFZPZlh0bVllZWFZenFjbEZSMi11UE1vRjZObFVWcExralROQWRLTUpmRV83VVd6TDZCT2hRdTktUnFaa1FsOEpBQ1A3ZjY3OENicFp5Um53bmw0MA== returned response: <Response [200]>
2020-12-30 10:36:34,939 - instabot version: 0.117.0 (api) - DEBUG - GET to endpoint: friendships/15041839142/followers/?rank_token=45169428424_22aee7b9-9b18-47c6-8ed3-a5513d63899c&max_id=QVFBakJZaXM3ZkU5YUNzdUVzVEoxV1g3OW8xWXZjdS04dGNfN3BoVURoTUVqOW5abVNjVHF3U2FmeHh2UTNOY1pxaWhmeXBGMzFfVTg4clgtU2lxdVh3VQ== returned response: <Response [200]>
2020-12-30 10:36:35,621 - instabot version: 0.117.0 (api) - DEBUG - GET to endpoint: friendships/15041839142/followers/?rank_token=45169428424_22aee7b9-9b18-47c6-8ed3-a5513d63899c&max_id=QVFEOHJoOVhwNnFEUnhWclJaaXl2dEcwc1plUlNuS3NCcEtMSDJzdGdPd1lNZkVyOUJfcjlINlpCb1hpNndtNm91NnRqd0h0NFpVNFlfelhLa0o2bVFZSA== returned response: <Response [200]>
2020-12-30 10:36:36,262 - instabot version: 0.117.0 (api) - DEBUG - GET to endpoint: friendships/15041839142/followers/?rank_token=45169428424_22aee7b9-9b18-47c6-8ed3-a5513d63899c&max_id=QVFBNC1sMDFKTWdtMURBTVVyYUtHYnNhNkNmSWNrSlFmZk9zRWFZZVVaSTZpWm16aWZPN3haZEhsNjU5b0xORGYySHpGc1Z3TExKS0xuRGFSQjF5UXpPOA== returned response: <Response [200]>
2020-12-30 10:36:36,904 - instabot version: 0.117.0 (api) - DEBUG - GET to endpoint: friendships/15041839142/followers/?rank_token=45169428424_22aee7b9-9b18-47c6-8ed3-a5513d63899c&max_id=QVFDaGxuQ1NicE9Na0hYOWNibDRTV3prYzdWR2xMWGhJY0hnT3FEdUxNbjhHV2FicHZLMXNEcENsVU10S0JhTkdycHBWVmtuTzZCTGxvXzc3TDIycjhzNg== returned response: <Response [200]>
2020-12-30 10:36:37,511 - instabot version: 0.117.0 (api) - DEBUG - GET to endpoint: friendships/15041839142/followers/?rank_token=45169428424_22aee7b9-9b18-47c6-8ed3-a5513d63899c&max_id=QVFDTHpXaFdneEk0Wks5dmdnOFZfNVJuTnlIN0VMYzNWQzdWQnRhYTdPQkpXeTV4c3FVZnB6UzZJRjFEeVBJYV9ZZVE0LUxGVWw1azVvcUpRMGItelBEaA== returned response: <Response [200]>
2020-12-30 10:36:38,197 - instabot version: 0.117.0 (api) - DEBUG - GET to endpoint: friendships/15041839142/followers/?rank_token=45169428424_22aee7b9-9b18-47c6-8ed3-a5513d63899c&max_id=QVFDMEp4Y3hWcU4tZW41MHdiR3ViZHFyRUpramhaTGh2dFUtVGlMeFBYTEE4N0VaY3ZEemRIVUZVZHRqTERHMXBjYzRleTZLR3E5c0Z2SlZZXy1NV0ExXw== returned response: <Response [200]>
2020-12-30 10:36:38,825 - instabot version: 0.117.0 (api) - DEBUG - GET to endpoint: friendships/15041839142/followers/?rank_token=45169428424_22aee7b9-9b18-47c6-8ed3-a5513d63899c&max_id=QVFCYkx3MHlHaGJCTnVnV0I4SzI0SVVtazlsQk4zYktfNjBHX3FuX2FUTjVER1FTZVV6ZWY0VjhnNEQ1NnJIUDdEMTBIc3pjSjFkYTZyMzlMVUxNSVdGdw== returned response: <Response [200]>
2020-12-30 10:36:39,454 - instabot version: 0.117.0 (api) - DEBUG - GET to endpoint: friendships/15041839142/followers/?rank_token=45169428424_22aee7b9-9b18-47c6-8ed3-a5513d63899c&max_id=QVFBeGI1anNXRTFscFlXR1lsX052QmhmTm9kZ05ydENqT21reVd3OWR4NGpRN2RiZ2liZldGb2NPSk5xcU8wN0EyV0F2bnB4ZzZQY05WZ3BaOEVOclVrbg== returned response: <Response [200]>
2020-12-30 10:36:40,195 - instabot version: 0.117.0 (api) - DEBUG - GET to endpoint: friendships/15041839142/followers/?rank_token=45169428424_22aee7b9-9b18-47c6-8ed3-a5513d63899c&max_id=QVFDM3E5UUluX2NQbWMzeGdnVGZtWEcydjhxbGpJQUhiREItZlZBemFRaDRxaEN1XzRzM0ZwNjQ5QzA0X2RlOVFJZWxiRENENmo4dkNZMUJGM1BOZDhNTA== returned response: <Response [200]>
2020-12-30 10:36:40,815 - instabot version: 0.117.0 (api) - DEBUG - GET to endpoint: friendships/15041839142/followers/?rank_token=45169428424_22aee7b9-9b18-47c6-8ed3-a5513d63899c&max_id=QVFBYWtadVBHN3NPMDlGUWdUUHpxLXZ6RW9DUW5lWFlXWmRTZXNTaEJoSVBUZk4tVGpDVUpvTElxOGllazc3YlA2TzRsRWN2RWluNmJHd3d5QVBRLUNrSA== returned response: <Response [200]>
2020-12-30 10:36:41,510 - instabot version: 0.117.0 (api) - DEBUG - GET to endpoint: friendships/15041839142/followers/?rank_token=45169428424_22aee7b9-9b18-47c6-8ed3-a5513d63899c&max_id=QVFCeFVsWXUzaGxFWFlBQVdFTlVpbEJidF90OXFpamRiZ1hMQ0w5OXFwRkVaTlBhUjRuYUtsX3ZHYnFUT3hTdE9SbnlYVnlMNmN0Nm1jSjBmTU9rdjFqOA== returned response: <Response [200]>
2020-12-30 10:36:42,168 - instabot version: 0.117.0 (api) - DEBUG - GET to endpoint: friendships/15041839142/followers/?rank_token=45169428424_22aee7b9-9b18-47c6-8ed3-a5513d63899c&max_id=QVFDODhQTkw0d0I3R0YwTU16X0hhOW00WGM2Q1V6U09fb1ZfMG9VNWV6Z2xUd1dCVlpBd1YtNUp4cHRVWUVrLXFKbkx3dnZFV0h2MkViMlZfUUFjc3Z0Wg== returned response: <Response [200]>
2020-12-30 10:36:42,826 - instabot version: 0.117.0 (api) - DEBUG - GET to endpoint: friendships/15041839142/followers/?rank_token=45169428424_22aee7b9-9b18-47c6-8ed3-a5513d63899c&max_id=QVFDVS0zRW91Z2hiRExfLVVZdTd3ajZ4dWJtMDFwWDBQeklackNHRVdIR2Q3cl94NTFsZjRNV1VkdWtzdDByZmk0T2ZXUW1lcWJKMUtIdUV3QV92dm5XVQ== returned response: <Response [200]>
2020-12-30 10:36:43,494 - instabot version: 0.117.0 (api) - DEBUG - GET to endpoint: friendships/15041839142/followers/?rank_token=45169428424_22aee7b9-9b18-47c6-8ed3-a5513d63899c&max_id=QVFDd0hrZlVRVlJ2djRZeVZKMF9mNGt1SXZvQmlUQlRoUzBsYi1pV3lqbHE5bVplVWZDRlV5LVRhSVZWMWlDRmkxVkJ3a0l0RHpMTFBFZWlvWlZSc2NCVw== returned response: <Response [200]>
2020-12-30 10:36:44,173 - instabot version: 0.117.0 (api) - DEBUG - GET to endpoint: friendships/15041839142/followers/?rank_token=45169428424_22aee7b9-9b18-47c6-8ed3-a5513d63899c&max_id=QVFEUmlWcmhjUGpjTFJLdGNHallGT0pldkdPSkdFMURLYUFqNHVEWHM5bHhlSEY5RU15bVlsdmFyUE1wWjcyRUY2dXNTd3NaN0ljNGJobURqM2VTVGNWNg== returned response: <Response [200]>
2020-12-30 10:36:44,821 - instabot version: 0.117.0 (api) - DEBUG - GET to endpoint: friendships/15041839142/followers/?rank_token=45169428424_22aee7b9-9b18-47c6-8ed3-a5513d63899c&max_id=QVFDMzBCajFsZVlQMExzMWNSQVZfZWljVzVyS3pMSEZ3anpiMldmbDViX3RKTTZrT2oyelJOUDlPM1ZNYTBhdElpdWpELVZjWUdlTVJGZTlJdXlzaXpxMQ== returned response: <Response [200]>
2020-12-30 10:36:45,445 - instabot version: 0.117.0 (api) - DEBUG - GET to endpoint: friendships/15041839142/followers/?rank_token=45169428424_22aee7b9-9b18-47c6-8ed3-a5513d63899c&max_id=QVFCWkVDaGgyMHotTXl3a1lGbjRGWHBLNjl2UFRFa21EQmxLUnc2Q1lWTWY0V0VEc0VMSmtRZjY3b201U184cXAtNkFvTkFUVldFWUN1aWVfZ1RMLXZxeQ== returned response: <Response [200]>
2020-12-30 10:36:46,105 - instabot version: 0.117.0 (api) - DEBUG - GET to endpoint: friendships/15041839142/followers/?rank_token=45169428424_22aee7b9-9b18-47c6-8ed3-a5513d63899c&max_id=QVFBRGpTa1Q2WE1ENkJjLXBZYk1DekdNRThfamR4b1NVdXdqM01mN21hMkFEMWZNMFRKY0RCc1I2LUpmNTQtSWQxVFRxUnZmM0ptWWJXSlVvN0Z1REVPSg== returned response: <Response [200]>
2020-12-30 10:36:46,749 - instabot version: 0.117.0 (api) - DEBUG - GET to endpoint: friendships/15041839142/followers/?rank_token=45169428424_22aee7b9-9b18-47c6-8ed3-a5513d63899c&max_id=QVFEb0c5UUdMclItOE9FRmVKbFRIclNBTTJUMmd2RUtZaW5HLWRBeUl3ejEzM3d5QnNaTHZhZC1PYjJQRkJMbXoyWlYtQ1hIZFFBdEVtWU14Zi1WT1dGWA== returned response: <Response [200]>
2020-12-30 10:36:47,497 - instabot version: 0.117.0 (api) - DEBUG - GET to endpoint: friendships/15041839142/followers/?rank_token=45169428424_22aee7b9-9b18-47c6-8ed3-a5513d63899c&max_id=QVFBTTNYcmt2UnFQcXpEVFJLTEhhSHBKRHhjenRDNkxJcDNweWlnc1pheHRtSWpFQTJBRlBYSlhKZWZsVDJuNVRPTC1zOUJZSUFPR2gzOXEyclBNaC0xTg== returned response: <Response [200]>
2020-12-30 10:36:48,189 - instabot version: 0.117.0 (api) - DEBUG - GET to endpoint: friendships/15041839142/followers/?rank_token=45169428424_22aee7b9-9b18-47c6-8ed3-a5513d63899c&max_id=QVFES2o2MlpwbWJlclYzd0Q2M2d5R3pHa1BNQU5VZlM1YzFVWlQ1SWNrRzlFdnJSUl9nRm9QNU40S1htTHp0S25OZVVHZFUwSHRaeUhOM0cwLUJHakJxZQ== returned response: <Response [200]>
2020-12-30 10:36:48,876 - instabot version: 0.117.0 (api) - DEBUG - GET to endpoint: friendships/15041839142/followers/?rank_token=45169428424_22aee7b9-9b18-47c6-8ed3-a5513d63899c&max_id=QVFEczBZa0RLWlBGNkc0VVBzRjR5Z1lUUlJrMU1SMTdBb0VsUW5BQTg3dElWbHcxVE91cjc5TVA2M0NGZE0xb05id0Y5b2tRRUQwb1Z0YTN1SzQ3X040bw== returned response: <Response [200]>
2020-12-30 10:36:49,619 - instabot version: 0.117.0 (api) - DEBUG - GET to endpoint: friendships/15041839142/followers/?rank_token=45169428424_22aee7b9-9b18-47c6-8ed3-a5513d63899c&max_id=QVFBdEJ3VkZJNHozX2RNc2pzbnZueHFwOTJjRE5Eb0NOSDFKMmZhbzFVS1BrZ2pmWFNnd05fcG5WeFZreVhvSFY3NVF6ZlFMNmxWdEJLa3dwN0hLRkE5ZA== returned response: <Response [200]>
2020-12-30 10:36:50,210 - instabot version: 0.117.0 (api) - DEBUG - GET to endpoint: friendships/15041839142/followers/?rank_token=45169428424_22aee7b9-9b18-47c6-8ed3-a5513d63899c&max_id=QVFERi1wZnAwcHhIdFBoeDZ1a1d2TEFOTXF1RnBIQmJsdVlISGhxeXlZR2Q3ak1uc1hibXcybjd2a3VzVm02RnBwbFBNaEVTR2ZsRFd2cDRBU2g3c1lFNg== returned response: <Response [200]>
2020-12-30 10:36:50,931 - instabot version: 0.117.0 (api) - DEBUG - GET to endpoint: friendships/15041839142/followers/?rank_token=45169428424_22aee7b9-9b18-47c6-8ed3-a5513d63899c&max_id=QVFEbktTRWZzdW1wODlzWVFxajRXMzR5Z3lldFk3aWZ1a1V2bm9rc3BtNE1tTWNpekU5WTBmSFE1clh1QWg5ZEdhT1dKY2prUkdBTThMSjRpMGwzWGRhcQ== returned response: <Response [200]>
2020-12-30 10:36:51,541 - instabot version: 0.117.0 (api) - DEBUG - GET to endpoint: friendships/15041839142/followers/?rank_token=45169428424_22aee7b9-9b18-47c6-8ed3-a5513d63899c&max_id=QVFCajRVVERTWUtzQWNicDZZbnJYdVo1X1RLb3NJbVpQcTJfUXF6UUR6ekFJejZBY1ZJMjhYa2F2NWdTWjQya2dhWEtkbFJqd0IyLTBfdl8zdmlUb2NOWg== returned response: <Response [200]>
2020-12-30 10:36:52,682 - instabot version: 0.117.0 (api) - DEBUG - GET to endpoint: friendships/15041839142/followers/?rank_token=45169428424_22aee7b9-9b18-47c6-8ed3-a5513d63899c&max_id=QVFBVGdwOFZ2WVV6Y2VFaHlxSFFCWl9ZSEZrVm5qbE5OaktTZnRzS0NLR3Jta2VPc3dUOUt5MnhqalgtWmFrSERHQ0YtUGtIZ1NpR2JZeVN2YlQ2TlVtRw== returned response: <Response [200]>
2020-12-30 10:36:53,439 - instabot version: 0.117.0 (api) - DEBUG - GET to endpoint: friendships/15041839142/followers/?rank_token=45169428424_22aee7b9-9b18-47c6-8ed3-a5513d63899c&max_id=QVFDeHNzdGNKLS12ajlobTlZbmVoMGFocnkwTmxsemthQ0dNTmZZMjhPS2ZNMV8xNnRaXzdYUjVMTjcwSHEtV3l4eV9BYnVINWpQQ3FYdnpQMlJubDVpSw== returned response: <Response [200]>
2020-12-30 10:36:54,120 - instabot version: 0.117.0 (api) - DEBUG - GET to endpoint: friendships/15041839142/followers/?rank_token=45169428424_22aee7b9-9b18-47c6-8ed3-a5513d63899c&max_id=QVFCRVY1RndYcUFIN0VJbEllVHdXS1M3N1pia2xBQ1FUaXhlTDlpU3dhMVl4S1BiVTNxZkdRaDczN2hucUY2eE5kdzNkNkNDU3E0RzMwc0llUTV5c2VwTw== returned response: <Response [200]>
2020-12-30 10:36:54,807 - instabot version: 0.117.0 (api) - DEBUG - GET to endpoint: friendships/15041839142/followers/?rank_token=45169428424_22aee7b9-9b18-47c6-8ed3-a5513d63899c&max_id=QVFEZk52SW1lZnM1X1o5UzBOQWNzRGNETDFvajFDNWNyOTNQYVE3NUR6dEpZZ1RhWC0xUklOSTduS0RxbDM1OC0ya2drQ1dyaGloeGRzMGstanIzN0NSQQ== returned response: <Response [200]>
2020-12-30 10:36:55,482 - instabot version: 0.117.0 (api) - DEBUG - GET to endpoint: friendships/15041839142/followers/?rank_token=45169428424_22aee7b9-9b18-47c6-8ed3-a5513d63899c&max_id=QVFBdm5qRUlJWTUtWUk5d0RwQjY4bUVuN2dCNmk1bWZreUxjaFhHSEZFWGd0S3hkdmh5Vlo3amJRMy05MTRnczZLX3FlZmV0Y0lsZlgtLUZXVmFIamtHSg== returned response: <Response [200]>
2020-12-30 10:36:56,073 - instabot version: 0.117.0 (api) - DEBUG - GET to endpoint: friendships/15041839142/followers/?rank_token=45169428424_22aee7b9-9b18-47c6-8ed3-a5513d63899c&max_id=QVFCZE91YUtUMTlITVBGcmhMQ093aW0tNko2TVVJekpreS1lWUZBSDJVX2xNVVdyWFYwZFJOaHJxTHhaR2pVMUNMRm9oRjBjZ3hvck1mdE0tUndaY0ZQNA== returned response: <Response [200]>
2020-12-30 10:36:56,955 - instabot version: 0.117.0 (api) - DEBUG - GET to endpoint: friendships/15041839142/followers/?rank_token=45169428424_22aee7b9-9b18-47c6-8ed3-a5513d63899c&max_id=QVFEOUZnempGbGlmam5uUWtVWnVhTjAzOTFtb0dkZGJIYmNEQnVZelZWLUdKWXNiZzM4S1VreHJfeFZxWm5jUzZuVTFndE9ZaHVBcndpc0x0Rld3ZjRxSA== returned response: <Response [200]>
2020-12-30 10:36:57,672 - instabot version: 0.117.0 (api) - DEBUG - GET to endpoint: friendships/15041839142/followers/?rank_token=45169428424_22aee7b9-9b18-47c6-8ed3-a5513d63899c&max_id=QVFCVFhXZkNPUnhiVm9iYzhVaHM2UzdUbERLR3hzUWdNQVh6LUpaQk9rUmZIVHZuQU1hZC1LdVZHWWVPdEpkZktQY3hQeEZMYVNra0U2X1M4VWVNZGRQMQ== returned response: <Response [200]>
2020-12-30 10:36:58,315 - instabot version: 0.117.0 (api) - DEBUG - GET to endpoint: friendships/15041839142/followers/?rank_token=45169428424_22aee7b9-9b18-47c6-8ed3-a5513d63899c&max_id=QVFDbHdfalNhbWpkWW5nWU45V3JhN3B4N3Y0cEo1ekVCM3BXSUgwdldFM1BxYVZJWXZveVhXc29NekpIOGFMZnBwOHhYbDZPeXRmVFVBSENZcm9vdFlySA== returned response: <Response [200]>
2020-12-30 10:36:58,992 - instabot version: 0.117.0 (api) - DEBUG - GET to endpoint: friendships/15041839142/followers/?rank_token=45169428424_22aee7b9-9b18-47c6-8ed3-a5513d63899c&max_id=QVFETUdDZm5ZSlpMc09OVlNXSkJoVVFjRnVucGdFTzI0dGI2ZVktVWM5QWNLTFV6WTRVWVBUZThWaU5jVFdpdWc2WXZVVnFFSUlNaGg3RC1seGlEaVlFbQ== returned response: <Response [200]>
2020-12-30 10:36:59,618 - instabot version: 0.117.0 (api) - DEBUG - GET to endpoint: friendships/15041839142/followers/?rank_token=45169428424_22aee7b9-9b18-47c6-8ed3-a5513d63899c&max_id=QVFBbzBDb3dPbWVIMmxwYVlrZjNvekpOQmRFdmE4ZDVNZlZ5S29Tb2IxUVZBNkVhNzJiSnNDZ29mOEpUY0tyTjRxNENDeEdINGN2UEFZZGgzMmgwX0xQZg== returned response: <Response [200]>
2020-12-30 10:37:00,244 - instabot version: 0.117.0 (api) - DEBUG - GET to endpoint: friendships/15041839142/followers/?rank_token=45169428424_22aee7b9-9b18-47c6-8ed3-a5513d63899c&max_id=QVFDbTVIT3RTMktKU3ZwNGptcXlyX0t2U1lfZjZKaVM5ekdaN2dhZ1otWkZpeE5CR1ZKbHo0TFh2dktJTnpaOFMzSWFKLTRiRFhxbGJnS24zZ2loNXdqOA== returned response: <Response [200]>
2020-12-30 10:37:01,056 - instabot version: 0.117.0 (api) - DEBUG - GET to endpoint: friendships/15041839142/followers/?rank_token=45169428424_22aee7b9-9b18-47c6-8ed3-a5513d63899c&max_id=QVFBS1QxWnphdk5vOVA0clFRb3ZjYkI4THFaOVpzTjhHdEo2bk5RaE4wZEp6QVJwcTl5QlF3WnduODY1NWlhTUJ0NS1VZFJrcFRqa1dmMVQ3R3pJbTJkNg== returned response: <Response [200]>
2020-12-30 10:37:01,775 - instabot version: 0.117.0 (api) - DEBUG - GET to endpoint: friendships/15041839142/followers/?rank_token=45169428424_22aee7b9-9b18-47c6-8ed3-a5513d63899c&max_id=QVFEVUtuREFzVU5WLVBZT1ZtWTlNV293cDNWaVBLSEtZUkFpM0hSN0JwX3F5QjFGYzI1RGpYTDY1aFEwcFVMWDF4UzVNczhFeE81YU9aTFNzXzFmYjhveg== returned response: <Response [200]>
2020-12-30 10:37:02,406 - instabot version: 0.117.0 (api) - DEBUG - GET to endpoint: friendships/15041839142/followers/?rank_token=45169428424_22aee7b9-9b18-47c6-8ed3-a5513d63899c&max_id=QVFDc2o2RUxhcEVQSmpGeHRESHJJWk83U1ZzNUlUclJ5TTdJdVl1VFdPUGRpbmtQSjYtc1pJbkN2RXppVnlEVUV6dTVhdXZqMXNPbUhaTXdkMEtSRXI0MQ== returned response: <Response [200]>
2020-12-30 10:37:03,167 - instabot version: 0.117.0 (api) - DEBUG - GET to endpoint: friendships/15041839142/followers/?rank_token=45169428424_22aee7b9-9b18-47c6-8ed3-a5513d63899c&max_id=QVFEclhsdEhDbUczM3Nna1JleGMtTUc1WlQ5c2pnV0hyeFE1QzJ5cnNXOEFOcDJKMnBpQVFQQXBKWWNHR1RhaFJ6UzBXMUp5M2pfVGZ6c3RMVkM4UWdkOQ== returned response: <Response [200]>
2020-12-30 10:37:03,821 - instabot version: 0.117.0 (api) - DEBUG - GET to endpoint: friendships/15041839142/followers/?rank_token=45169428424_22aee7b9-9b18-47c6-8ed3-a5513d63899c&max_id=QVFDLVNSdjFYM1F2X2J6aDBXSk5taDhmaFBaWG1oWjBLWkxzZVF0TTBROFVXZ0xYVk04V2dDc25JUjlmbnotN0VRWGtGVVlheW15d0NwbGVfRUk0Z2JURQ== returned response: <Response [200]>
2020-12-30 10:37:04,454 - instabot version: 0.117.0 (api) - DEBUG - GET to endpoint: friendships/15041839142/followers/?rank_token=45169428424_22aee7b9-9b18-47c6-8ed3-a5513d63899c&max_id=QVFDT3dMVjBSUWZCVUg4TDl0Q2JhcXJCZ3BWSFFpa3ZGT3ZHNXlmRVEtYUlBcHRYbFp2U3NjMGloSGt3cU50TkJZTFZTQUhpLTZzNGFDNkVseEFhUWFZVA== returned response: <Response [200]>
2020-12-30 10:37:05,043 - instabot version: 0.117.0 (api) - DEBUG - GET to endpoint: friendships/15041839142/followers/?rank_token=45169428424_22aee7b9-9b18-47c6-8ed3-a5513d63899c&max_id=QVFCM0V0YVlDMmhRRk1JeUtmV2hlOWlBazBDamdvYmI2T2loN2s2T2pNS1EtN1lfSDNQc0dZSXJ2eThXd3hZLUVoOGZ5Tkxibkx5dWZRYkRfUVBDWG83SA== returned response: <Response [200]>
2020-12-30 10:37:05,716 - instabot version: 0.117.0 (api) - DEBUG - GET to endpoint: friendships/15041839142/followers/?rank_token=45169428424_22aee7b9-9b18-47c6-8ed3-a5513d63899c&max_id=QVFBRFVGUERvV1BuNy1FVTBraHIySUExbzF6UVJKT0swZW9vdjhKZy1ibTJLb0lPcTBrR3BvYlBRblpTamNkNGpHZWJ1bk9tck9kcWR3cTEycWdtV3VEdw== returned response: <Response [200]>
2020-12-30 10:37:06,390 - instabot version: 0.117.0 (api) - DEBUG - GET to endpoint: friendships/15041839142/followers/?rank_token=45169428424_22aee7b9-9b18-47c6-8ed3-a5513d63899c&max_id=QVFEenJpYjRGZHJ4R3RZN1dZRC13a1o5X2tqSHp5OC14WFh0cG0tUWN6Wm1xWW5jVWk0eG5aakt0dnB3TlJBZjdpdWFxMTkxazk4TU0xM1piWmVoNVdlZA== returned response: <Response [200]>
2020-12-30 10:37:06,975 - instabot version: 0.117.0 (api) - DEBUG - GET to endpoint: friendships/15041839142/followers/?rank_token=45169428424_22aee7b9-9b18-47c6-8ed3-a5513d63899c&max_id=QVFEUFJ1bkdRS040YlBXOVZyZ09HQXQ3STVIRmFWZXhyWl80OFZoUHRPZ083UGVSTTFST2dBM2VrM2hiQ0RfYmtPdERnVWVxNDU1MDhaSVFmNEcxR2tyTw== returned response: <Response [200]>
2020-12-30 10:37:07,637 - instabot version: 0.117.0 (api) - DEBUG - GET to endpoint: friendships/15041839142/followers/?rank_token=45169428424_22aee7b9-9b18-47c6-8ed3-a5513d63899c&max_id=QVFCcHZHWnV3OTFTVEpnQ1kybkdKZXhsMU4xZEt3WU9FZFlJUGVDQ1pRUWlaS0VqOVhYdWJXOUFTWVp5eHJXU2hEZ2RYd1BTaXFzRGZ5d3J4Ym53WXh0QQ== returned response: <Response [200]>
2020-12-30 10:37:08,271 - instabot version: 0.117.0 (api) - DEBUG - GET to endpoint: friendships/15041839142/followers/?rank_token=45169428424_22aee7b9-9b18-47c6-8ed3-a5513d63899c&max_id=QVFEYmdkRDdaYldhRENscEhmN1d0QmNlanlaaXMxMUgteWZ1Yjh5c2RFSXBTdTZadkl2bkRRd1dSUldENkZ4b2RUb0NfRGY1ZUJYTlIyaXY2bEFldUlRMA== returned response: <Response [200]>
2020-12-30 10:37:08,882 - instabot version: 0.117.0 (api) - DEBUG - GET to endpoint: friendships/15041839142/followers/?rank_token=45169428424_22aee7b9-9b18-47c6-8ed3-a5513d63899c&max_id=QVFDaW9iMGYwSkxuODJZWngxaGpzWURmX0l3QUZ1QV9DajJQTFZkS0Q0Ul9CTy1oRTc4bVRiN2cteFFJMHQzbXVva2xUckNPQjdtMzMwNVRUeW05NDFuUw== returned response: <Response [200]>
2020-12-30 10:37:09,664 - instabot version: 0.117.0 (api) - DEBUG - GET to endpoint: friendships/15041839142/followers/?rank_token=45169428424_22aee7b9-9b18-47c6-8ed3-a5513d63899c&max_id=QVFDWUVhdXI5U1N4LXU4NG9IWHZ4YkNpd0ZfcG0wTjBMQlRJZ2lhcy13VGhYZy02Z3lkRTFNNUNXdU5nWDFFX2tlNG1XZXNWM2hpeTd2YVdRWS02bjFDdw== returned response: <Response [200]>
2020-12-30 10:37:10,301 - instabot version: 0.117.0 (api) - DEBUG - GET to endpoint: friendships/15041839142/followers/?rank_token=45169428424_22aee7b9-9b18-47c6-8ed3-a5513d63899c&max_id=QVFDOU5URjh6b2lDa2tMN0FzOTBGalBRUG5zeHVBb2NEQ0hDT0o4MUpNZjYydFdQRzVpLUlscDRNTFVZUnhhWUFxM1pCbG1zNWwxdkI0X1loSHRydF9iag== returned response: <Response [200]>
2020-12-30 10:37:10,833 - instabot version: 0.117.0 (api) - DEBUG - GET to endpoint: friendships/15041839142/followers/?rank_token=45169428424_22aee7b9-9b18-47c6-8ed3-a5513d63899c&max_id=QVFBS1B0X1ZxRzVwWlk4RmkzU2dMRHh5OVlLUk02cGZjRzZIRWFJWkhXVUpsa0VaX01ZX1p3TlV0emhQRGZnSVRkcVFldVpfOGNUNk1FcFllNUwzOVRVdQ== returned response: <Response [429]>
2020-12-30 10:37:10,833 - instabot version: 0.117.0 (api) - DEBUG - Responsecode indicates error; response content: b'{"message": "Please wait a few minutes before you try again.", "status": "fail"}'
2020-12-30 10:37:10,834 - instabot version: 0.117.0 (api) - ERROR - Request returns 429 error!
2020-12-30 10:37:10,834 - instabot version: 0.117.0 (api) - WARNING - That means 'too many requests'. I'll go to sleep for 5 minutes.
2020-12-30 10:42:11,585 - instabot version: 0.117.0 (api) - DEBUG - GET to endpoint: friendships/15041839142/followers/?rank_token=45169428424_22aee7b9-9b18-47c6-8ed3-a5513d63899c&max_id=QVFBS1B0X1ZxRzVwWlk4RmkzU2dMRHh5OVlLUk02cGZjRzZIRWFJWkhXVUpsa0VaX01ZX1p3TlV0emhQRGZnSVRkcVFldVpfOGNUNk1FcFllNUwzOVRVdQ== returned response: <Response [200]>
2020-12-30 10:42:12,195 - instabot version: 0.117.0 (api) - DEBUG - GET to endpoint: friendships/15041839142/followers/?rank_token=45169428424_22aee7b9-9b18-47c6-8ed3-a5513d63899c&max_id=QVFCRVN5T1pyUmpmOU5jU2htcFhETmxzOEJaSjM5TFFFXzc2U3ZSQlFwV2I1VjgyMTBULWZ3TUVPWURvNmFObS04VEhUVlhyT2hPUzQtVk1GRWdHRmVMUA== returned response: <Response [200]>
2020-12-30 10:42:12,836 - instabot version: 0.117.0 (api) - DEBUG - GET to endpoint: friendships/15041839142/followers/?rank_token=45169428424_22aee7b9-9b18-47c6-8ed3-a5513d63899c&max_id=QVFDdVFlZm5vTnlEcUpBT2Y3UXBnSFBzLXlxbHdVMGljbVZqXzRLcG5kTlpYdzdQUFF2S2FMQTk1aXI2Y085V3hDZS1ZOHZUcERvY1J6SzI2aFF3RElyTQ== returned response: <Response [200]>
2020-12-30 10:42:13,463 - instabot version: 0.117.0 (api) - DEBUG - GET to endpoint: friendships/15041839142/followers/?rank_token=45169428424_22aee7b9-9b18-47c6-8ed3-a5513d63899c&max_id=QVFCVnlDSkF4Mjhad05SWnZhT00xTFJULW93LTBJcWhHVTFuMmE5WEFNRXlwVlJ5bFZNZXFDaWxCQ2Vac016QmhVNkRpQkdNM01TTVdMSFh5MU1wSGZpTg== returned response: <Response [429]>
2020-12-30 10:42:13,463 - instabot version: 0.117.0 (api) - DEBUG - Responsecode indicates error; response content: b'{"message": "Please wait a few minutes before you try again.", "status": "fail"}'
2020-12-30 10:42:13,463 - instabot version: 0.117.0 (api) - ERROR - Request returns 429 error!
2020-12-30 10:42:13,465 - instabot version: 0.117.0 (api) - WARNING - That means 'too many requests'. I'll go to sleep for 5 minutes.
