2021-01-17 16:47:13,983 - instabot version: 0.117.0 (bot) - INFO - Instabot version: 0.117.0 Started
2021-01-17 16:47:13,984 - instabot version: 0.117.0 (bot) - DEBUG - Bot imported from C:\Users\LENOVO\AppData\Local\Programs\Python\Python38-32\lib\site-packages\instabot\bot\bot.py
2021-01-17 16:47:14,223 - instabot version: 0.117.0 (api_login) - DEBUG - Loading cookies
2021-01-17 16:47:14,223 - instabot version: 0.117.0 (api_login) - DEBUG - Loading uuids
2021-01-17 16:47:14,223 - instabot version: 0.117.0 (api_login) - INFO - Recovery from D:\Programming Languages\03. Projects\Instagram Scrapper/config/randompy2020_uuid_and_cookie.json: COOKIE True - UUIDs True - TIMING, DEVICE and ...
- user-agent=Instagram 117.0.0.28.123 Android (28/9.0; 420dpi; 1080x1920; OnePlus; ONEPLUS A3003; OnePlus3; qcom; en_US; 180322800)
- phone_id=6ec1115f-b830-409a-9e3a-b5fea365b8a0
- uuid=22aee7b9-9b18-47c6-8ed3-a5513d63899c
- client_session_id=871e9d1e-0839-4230-9422-d37b2c4dd0b2
- device_id=android-e00652d37fc01327
2021-01-17 16:47:14,239 - instabot version: 0.117.0 (api_login) - INFO - LOGIN FLOW! Just logged-in: False
2021-01-17 16:47:16,545 - instabot version: 0.117.0 (api) - DEBUG - POST to endpoint: feed/timeline/ returned response: <Response [200]>
2021-01-17 16:47:17,184 - instabot version: 0.117.0 (api) - DEBUG - POST to endpoint: feed/reels_tray/ returned response: <Response [200]>
2021-01-17 16:47:17,619 - instabot version: 0.117.0 (api) - DEBUG - POST to endpoint: direct_v2/ranked_recipients/ returned response: <Response [200]>
2021-01-17 16:47:18,032 - instabot version: 0.117.0 (api) - DEBUG - POST to endpoint: direct_v2/ranked_recipients/ returned response: <Response [200]>
2021-01-17 16:47:18,493 - instabot version: 0.117.0 (api) - DEBUG - POST to endpoint: direct_v2/inbox/ returned response: <Response [200]>
2021-01-17 16:47:18,881 - instabot version: 0.117.0 (api) - DEBUG - GET to endpoint: direct_v2/get_presence/ returned response: <Response [200]>
2021-01-17 16:47:19,557 - instabot version: 0.117.0 (api) - DEBUG - GET to endpoint: news/inbox/?limited_activity=true&show_su=true returned response: <Response [200]>
2021-01-17 16:47:20,012 - instabot version: 0.117.0 (api) - DEBUG - GET to endpoint: users/profile_notice/ returned response: <Response [200]>
2021-01-17 16:47:21,352 - instabot version: 0.117.0 (api) - DEBUG - POST to endpoint: discover/explore/ returned response: <Response [200]>
2021-01-17 16:47:21,355 - instabot version: 0.117.0 (api) - INFO - Logged-in successfully as 'randompy2020'!
2021-01-17 16:47:21,355 - instabot version: 0.117.0 (bot_checkpoint) - DEBUG - Loading Checkpoint file from: D:\Programming Languages\03. Projects\Instagram Scrapper/config/randompy2020.checkpoint
2021-01-17 16:47:25,395 - instabot version: 0.117.0 (api) - DEBUG - GET to endpoint: users/15170512377/info/ returned response: <Response [200]>
2021-01-17 16:47:26,316 - instabot version: 0.117.0 (api) - DEBUG - GET to endpoint: users/1192412068/info/ returned response: <Response [200]>
2021-01-17 16:47:28,038 - instabot version: 0.117.0 (api) - DEBUG - GET to endpoint: users/42656490429/info/ returned response: <Response [200]>
2021-01-17 16:47:30,884 - instabot version: 0.117.0 (api) - DEBUG - GET to endpoint: users/44531036248/info/ returned response: <Response [200]>
2021-01-17 16:47:32,613 - instabot version: 0.117.0 (api) - DEBUG - GET to endpoint: users/39181052636/info/ returned response: <Response [200]>
2021-01-17 16:47:36,270 - instabot version: 0.117.0 (api) - DEBUG - GET to endpoint: users/10495021072/info/ returned response: <Response [200]>
2021-01-17 16:47:37,907 - instabot version: 0.117.0 (api) - DEBUG - GET to endpoint: users/1399012156/info/ returned response: <Response [200]>
2021-01-17 16:47:38,605 - instabot version: 0.117.0 (api) - DEBUG - GET to endpoint: users/26457781612/info/ returned response: <Response [200]>
2021-01-17 16:47:41,450 - instabot version: 0.117.0 (api) - DEBUG - GET to endpoint: users/268330646/info/ returned response: <Response [200]>
2021-01-17 16:47:44,580 - instabot version: 0.117.0 (api) - DEBUG - GET to endpoint: users/35219087232/info/ returned response: <Response [200]>
2021-01-17 16:47:47,679 - instabot version: 0.117.0 (api) - DEBUG - GET to endpoint: users/7853849449/info/ returned response: <Response [200]>
2021-01-17 16:47:51,451 - instabot version: 0.117.0 (api) - DEBUG - GET to endpoint: users/1325664306/info/ returned response: <Response [200]>
2021-01-17 16:47:53,472 - instabot version: 0.117.0 (api) - DEBUG - GET to endpoint: users/10108144721/info/ returned response: <Response [200]>
2021-01-17 16:47:54,579 - instabot version: 0.117.0 (api) - DEBUG - GET to endpoint: users/3491493673/info/ returned response: <Response [200]>
2021-01-17 16:47:55,436 - instabot version: 0.117.0 (api) - DEBUG - GET to endpoint: users/39162791608/info/ returned response: <Response [200]>
2021-01-17 16:47:56,491 - instabot version: 0.117.0 (api) - DEBUG - GET to endpoint: users/3028179936/info/ returned response: <Response [200]>
2021-01-17 16:47:59,082 - instabot version: 0.117.0 (api) - DEBUG - GET to endpoint: users/6727000288/info/ returned response: <Response [200]>
2021-01-17 16:48:02,804 - instabot version: 0.117.0 (api) - DEBUG - GET to endpoint: users/29568549026/info/ returned response: <Response [200]>
2021-01-17 16:48:05,343 - instabot version: 0.117.0 (api) - DEBUG - GET to endpoint: users/45148935618/info/ returned response: <Response [200]>
2021-01-17 16:48:06,266 - instabot version: 0.117.0 (api) - DEBUG - GET to endpoint: users/1004170225/info/ returned response: <Response [200]>
2021-01-17 16:48:08,017 - instabot version: 0.117.0 (api) - DEBUG - GET to endpoint: users/12499488264/info/ returned response: <Response [200]>
2021-01-17 16:48:11,110 - instabot version: 0.117.0 (api) - DEBUG - GET to endpoint: users/43707263930/info/ returned response: <Response [200]>
2021-01-17 16:48:11,890 - instabot version: 0.117.0 (api) - DEBUG - GET to endpoint: users/1424811299/info/ returned response: <Response [200]>
2021-01-17 16:48:15,763 - instabot version: 0.117.0 (api) - DEBUG - GET to endpoint: users/8563137387/info/ returned response: <Response [200]>
2021-01-17 16:48:16,472 - instabot version: 0.117.0 (api) - DEBUG - GET to endpoint: users/204601566/info/ returned response: <Response [200]>
2021-01-17 16:48:20,239 - instabot version: 0.117.0 (api) - DEBUG - GET to endpoint: users/5559869677/info/ returned response: <Response [200]>
2021-01-17 16:48:24,370 - instabot version: 0.117.0 (api) - DEBUG - GET to endpoint: users/14513270056/info/ returned response: <Response [200]>
2021-01-17 16:48:26,420 - instabot version: 0.117.0 (api) - DEBUG - GET to endpoint: users/495670180/info/ returned response: <Response [200]>
2021-01-17 16:48:30,002 - instabot version: 0.117.0 (api) - DEBUG - GET to endpoint: users/2303579068/info/ returned response: <Response [200]>
2021-01-17 16:48:32,605 - instabot version: 0.117.0 (api) - DEBUG - GET to endpoint: users/17053136063/info/ returned response: <Response [200]>
2021-01-17 16:48:34,451 - instabot version: 0.117.0 (api) - DEBUG - GET to endpoint: users/2987477695/info/ returned response: <Response [200]>
2021-01-17 16:48:35,124 - instabot version: 0.117.0 (api) - DEBUG - GET to endpoint: users/10377917292/info/ returned response: <Response [200]>
2021-01-17 16:48:36,139 - instabot version: 0.117.0 (api) - DEBUG - GET to endpoint: users/24014914189/info/ returned response: <Response [200]>
2021-01-17 16:48:37,192 - instabot version: 0.117.0 (api) - DEBUG - GET to endpoint: users/1963108895/info/ returned response: <Response [200]>
2021-01-17 16:48:40,316 - instabot version: 0.117.0 (api) - DEBUG - GET to endpoint: users/2011605104/info/ returned response: <Response [200]>
2021-01-17 16:48:41,270 - instabot version: 0.117.0 (api) - DEBUG - GET to endpoint: users/6346206855/info/ returned response: <Response [200]>
2021-01-17 16:48:42,496 - instabot version: 0.117.0 (api) - DEBUG - GET to endpoint: users/19451285122/info/ returned response: <Response [200]>
2021-01-17 16:48:46,366 - instabot version: 0.117.0 (api) - DEBUG - GET to endpoint: users/7494313519/info/ returned response: <Response [200]>
2021-01-17 16:48:48,976 - instabot version: 0.117.0 (api) - DEBUG - GET to endpoint: users/8785906435/info/ returned response: <Response [200]>
2021-01-17 16:48:50,699 - instabot version: 0.117.0 (api) - DEBUG - GET to endpoint: users/3542816730/info/ returned response: <Response [200]>
2021-01-17 16:48:52,551 - instabot version: 0.117.0 (api) - DEBUG - GET to endpoint: users/30590920187/info/ returned response: <Response [200]>
2021-01-17 16:48:55,406 - instabot version: 0.117.0 (api) - DEBUG - GET to endpoint: users/35625064145/info/ returned response: <Response [200]>
2021-01-17 16:48:58,409 - instabot version: 0.117.0 (api) - DEBUG - GET to endpoint: users/2459189279/info/ returned response: <Response [200]>
2021-01-17 16:48:59,173 - instabot version: 0.117.0 (api) - DEBUG - GET to endpoint: users/6269389703/info/ returned response: <Response [200]>
2021-01-17 16:49:01,912 - instabot version: 0.117.0 (api) - DEBUG - GET to endpoint: users/17443370015/info/ returned response: <Response [200]>
2021-01-17 16:49:03,860 - instabot version: 0.117.0 (api) - DEBUG - GET to endpoint: users/44889662599/info/ returned response: <Response [200]>
2021-01-17 16:49:06,081 - instabot version: 0.117.0 (api) - DEBUG - GET to endpoint: users/8739899433/info/ returned response: <Response [200]>
2021-01-17 16:49:09,812 - instabot version: 0.117.0 (api) - DEBUG - GET to endpoint: users/5344655878/info/ returned response: <Response [200]>
2021-01-17 16:49:11,073 - instabot version: 0.117.0 (api) - DEBUG - GET to endpoint: users/34141652720/info/ returned response: <Response [200]>
2021-01-17 16:49:14,736 - instabot version: 0.117.0 (api) - DEBUG - GET to endpoint: users/24042022690/info/ returned response: <Response [200]>
2021-01-17 16:49:16,423 - instabot version: 0.117.0 (api) - DEBUG - GET to endpoint: users/2036601471/info/ returned response: <Response [200]>
2021-01-17 16:49:18,028 - instabot version: 0.117.0 (api) - DEBUG - GET to endpoint: users/13390166792/info/ returned response: <Response [200]>
2021-01-17 16:49:19,983 - instabot version: 0.117.0 (api) - DEBUG - GET to endpoint: users/34864301032/info/ returned response: <Response [200]>
2021-01-17 16:49:21,667 - instabot version: 0.117.0 (api) - DEBUG - GET to endpoint: users/27684788117/info/ returned response: <Response [200]>
2021-01-17 16:49:23,773 - instabot version: 0.117.0 (api) - DEBUG - GET to endpoint: users/36788246846/info/ returned response: <Response [200]>
2021-01-17 16:49:25,370 - instabot version: 0.117.0 (api) - DEBUG - GET to endpoint: users/2281357983/info/ returned response: <Response [200]>
2021-01-17 16:49:29,049 - instabot version: 0.117.0 (api) - DEBUG - GET to endpoint: users/4785579181/info/ returned response: <Response [200]>
2021-01-17 16:49:32,780 - instabot version: 0.117.0 (api) - DEBUG - GET to endpoint: users/31597808400/info/ returned response: <Response [200]>
2021-01-17 16:49:35,820 - instabot version: 0.117.0 (api) - DEBUG - GET to endpoint: users/4213651040/info/ returned response: <Response [200]>
2021-01-17 16:49:39,696 - instabot version: 0.117.0 (api) - DEBUG - GET to endpoint: users/36800537670/info/ returned response: <Response [200]>
2021-01-17 16:49:40,481 - instabot version: 0.117.0 (api) - DEBUG - GET to endpoint: users/31355073987/info/ returned response: <Response [200]>
2021-01-17 16:49:42,747 - instabot version: 0.117.0 (api) - DEBUG - GET to endpoint: users/31141809495/info/ returned response: <Response [200]>
2021-01-17 16:49:43,522 - instabot version: 0.117.0 (api) - DEBUG - GET to endpoint: users/7991614736/info/ returned response: <Response [200]>
2021-01-17 16:49:46,537 - instabot version: 0.117.0 (api) - DEBUG - GET to endpoint: users/32681952868/info/ returned response: <Response [200]>
2021-01-17 16:49:47,677 - instabot version: 0.117.0 (api) - DEBUG - GET to endpoint: users/7808970022/info/ returned response: <Response [200]>
2021-01-17 16:49:48,376 - instabot version: 0.117.0 (api) - DEBUG - GET to endpoint: users/3177709231/info/ returned response: <Response [200]>
2021-01-17 16:49:51,285 - instabot version: 0.117.0 (api) - DEBUG - GET to endpoint: users/31533529501/info/ returned response: <Response [200]>
2021-01-17 16:49:51,879 - instabot version: 0.117.0 (api) - DEBUG - GET to endpoint: users/7864606503/info/ returned response: <Response [200]>
2021-01-17 16:49:52,723 - instabot version: 0.117.0 (api) - DEBUG - GET to endpoint: users/1949011816/info/ returned response: <Response [200]>
2021-01-17 16:49:54,401 - instabot version: 0.117.0 (api) - DEBUG - GET to endpoint: users/2364576270/info/ returned response: <Response [200]>
2021-01-17 16:49:57,082 - instabot version: 0.117.0 (api) - DEBUG - GET to endpoint: users/35366049052/info/ returned response: <Response [200]>
2021-01-17 16:50:00,305 - instabot version: 0.117.0 (api) - DEBUG - GET to endpoint: users/12492973642/info/ returned response: <Response [200]>
2021-01-17 16:50:01,073 - instabot version: 0.117.0 (api) - DEBUG - GET to endpoint: users/33751172040/info/ returned response: <Response [200]>
2021-01-17 16:50:01,817 - instabot version: 0.117.0 (api) - DEBUG - GET to endpoint: users/840722887/info/ returned response: <Response [200]>
2021-01-17 16:50:03,609 - instabot version: 0.117.0 (api) - DEBUG - GET to endpoint: users/4784553643/info/ returned response: <Response [200]>
2021-01-17 16:50:06,380 - instabot version: 0.117.0 (api) - DEBUG - GET to endpoint: users/36874555957/info/ returned response: <Response [200]>
2021-01-17 16:50:08,120 - instabot version: 0.117.0 (api) - DEBUG - GET to endpoint: users/29330626410/info/ returned response: <Response [200]>
2021-01-17 16:50:09,052 - instabot version: 0.117.0 (api) - DEBUG - GET to endpoint: users/12084955529/info/ returned response: <Response [200]>
2021-01-17 16:50:11,715 - instabot version: 0.117.0 (api) - DEBUG - GET to endpoint: users/44887180387/info/ returned response: <Response [200]>
2021-01-17 16:50:12,839 - instabot version: 0.117.0 (api) - DEBUG - GET to endpoint: users/37211377704/info/ returned response: <Response [200]>
2021-01-17 16:50:13,598 - instabot version: 0.117.0 (api) - DEBUG - GET to endpoint: users/34131381432/info/ returned response: <Response [200]>
2021-01-17 16:50:17,525 - instabot version: 0.117.0 (api) - DEBUG - GET to endpoint: users/8159742038/info/ returned response: <Response [200]>
2021-01-17 16:50:21,485 - instabot version: 0.117.0 (api) - DEBUG - GET to endpoint: users/2265790414/info/ returned response: <Response [200]>
2021-01-17 16:50:22,652 - instabot version: 0.117.0 (api) - DEBUG - GET to endpoint: users/37526174991/info/ returned response: <Response [200]>
2021-01-17 16:50:24,480 - instabot version: 0.117.0 (api) - DEBUG - GET to endpoint: users/2176050337/info/ returned response: <Response [200]>
2021-01-17 16:50:28,276 - instabot version: 0.117.0 (api) - DEBUG - GET to endpoint: users/11099511752/info/ returned response: <Response [200]>
2021-01-17 16:50:28,890 - instabot version: 0.117.0 (api) - DEBUG - GET to endpoint: users/3218829133/info/ returned response: <Response [200]>
2021-01-17 16:50:32,550 - instabot version: 0.117.0 (api) - DEBUG - GET to endpoint: users/20272209855/info/ returned response: <Response [200]>
2021-01-17 16:50:33,466 - instabot version: 0.117.0 (api) - DEBUG - GET to endpoint: users/44260224871/info/ returned response: <Response [200]>
2021-01-17 16:50:37,358 - instabot version: 0.117.0 (api) - DEBUG - GET to endpoint: users/15964926506/info/ returned response: <Response [200]>
2021-01-17 16:50:40,181 - instabot version: 0.117.0 (api) - DEBUG - GET to endpoint: users/40866418865/info/ returned response: <Response [200]>
2021-01-17 16:50:43,924 - instabot version: 0.117.0 (api) - DEBUG - GET to endpoint: users/1492286274/info/ returned response: <Response [200]>
2021-01-17 16:50:46,692 - instabot version: 0.117.0 (api) - DEBUG - GET to endpoint: users/41385512131/info/ returned response: <Response [200]>
2021-01-17 16:50:47,504 - instabot version: 0.117.0 (api) - DEBUG - GET to endpoint: users/44769889460/info/ returned response: <Response [200]>
2021-01-17 16:50:48,234 - instabot version: 0.117.0 (api) - DEBUG - GET to endpoint: users/32721106889/info/ returned response: <Response [200]>
2021-01-17 16:50:49,911 - instabot version: 0.117.0 (api) - DEBUG - GET to endpoint: users/44788776485/info/ returned response: <Response [200]>
2021-01-17 16:50:51,708 - instabot version: 0.117.0 (api) - DEBUG - GET to endpoint: users/2126481670/info/ returned response: <Response [200]>
2021-01-17 16:50:54,407 - instabot version: 0.117.0 (api) - DEBUG - GET to endpoint: users/8473621116/info/ returned response: <Response [200]>
2021-01-17 16:50:55,151 - instabot version: 0.117.0 (api) - DEBUG - GET to endpoint: users/34235214776/info/ returned response: <Response [200]>
2021-01-17 16:50:57,656 - instabot version: 0.117.0 (api) - DEBUG - GET to endpoint: users/3145446594/info/ returned response: <Response [200]>
2021-01-17 16:50:58,649 - instabot version: 0.117.0 (api) - DEBUG - GET to endpoint: users/21435533970/info/ returned response: <Response [200]>
2021-01-17 16:51:00,475 - instabot version: 0.117.0 (api) - DEBUG - GET to endpoint: users/8487412192/info/ returned response: <Response [200]>
2021-01-17 16:51:01,215 - instabot version: 0.117.0 (api) - DEBUG - GET to endpoint: users/41808891810/info/ returned response: <Response [200]>
2021-01-17 16:51:02,199 - instabot version: 0.117.0 (api) - DEBUG - GET to endpoint: users/12349572520/info/ returned response: <Response [200]>
2021-01-17 16:51:04,961 - instabot version: 0.117.0 (api) - DEBUG - GET to endpoint: users/17356561656/info/ returned response: <Response [200]>
2021-01-17 16:51:06,874 - instabot version: 0.117.0 (api) - DEBUG - GET to endpoint: users/44940543457/info/ returned response: <Response [200]>
2021-01-17 16:51:10,650 - instabot version: 0.117.0 (api) - DEBUG - GET to endpoint: users/33948100816/info/ returned response: <Response [200]>
2021-01-17 16:51:14,756 - instabot version: 0.117.0 (api) - DEBUG - GET to endpoint: users/2541481879/info/ returned response: <Response [200]>
2021-01-17 16:51:17,595 - instabot version: 0.117.0 (api) - DEBUG - GET to endpoint: users/1989823177/info/ returned response: <Response [200]>
2021-01-17 16:51:20,524 - instabot version: 0.117.0 (api) - DEBUG - GET to endpoint: users/39788704607/info/ returned response: <Response [200]>
2021-01-17 16:51:22,175 - instabot version: 0.117.0 (api) - DEBUG - GET to endpoint: users/35678264524/info/ returned response: <Response [200]>
2021-01-17 16:51:23,805 - instabot version: 0.117.0 (api) - DEBUG - GET to endpoint: users/43947464460/info/ returned response: <Response [200]>
2021-01-17 16:51:26,458 - instabot version: 0.117.0 (api) - DEBUG - GET to endpoint: users/4778733724/info/ returned response: <Response [200]>
2021-01-17 16:51:30,097 - instabot version: 0.117.0 (api) - DEBUG - GET to endpoint: users/38018304740/info/ returned response: <Response [200]>
2021-01-17 16:51:32,731 - instabot version: 0.117.0 (api) - DEBUG - GET to endpoint: users/6723949944/info/ returned response: <Response [200]>
2021-01-17 16:51:36,772 - instabot version: 0.117.0 (api) - DEBUG - GET to endpoint: users/39558943465/info/ returned response: <Response [200]>
2021-01-17 16:51:39,736 - instabot version: 0.117.0 (api) - DEBUG - GET to endpoint: users/13089870608/info/ returned response: <Response [200]>
2021-01-17 16:51:42,505 - instabot version: 0.117.0 (api) - DEBUG - GET to endpoint: users/22510112316/info/ returned response: <Response [200]>
2021-01-17 16:51:43,168 - instabot version: 0.117.0 (api) - DEBUG - GET to endpoint: users/1360813354/info/ returned response: <Response [200]>
2021-01-17 16:51:45,035 - instabot version: 0.117.0 (api) - DEBUG - GET to endpoint: users/33746659178/info/ returned response: <Response [200]>
2021-01-17 16:51:46,784 - instabot version: 0.117.0 (api) - DEBUG - GET to endpoint: users/4355932374/info/ returned response: <Response [200]>
2021-01-17 16:51:50,439 - instabot version: 0.117.0 (api) - DEBUG - GET to endpoint: users/1834149533/info/ returned response: <Response [200]>
2021-01-17 16:51:53,036 - instabot version: 0.117.0 (api) - DEBUG - GET to endpoint: users/44966466921/info/ returned response: <Response [200]>
2021-01-17 16:51:54,686 - instabot version: 0.117.0 (api) - DEBUG - GET to endpoint: users/38310886423/info/ returned response: <Response [200]>
2021-01-17 16:51:56,375 - instabot version: 0.117.0 (api) - DEBUG - GET to endpoint: users/18254725135/info/ returned response: <Response [200]>
2021-01-17 16:51:59,351 - instabot version: 0.117.0 (api) - DEBUG - GET to endpoint: users/22982364049/info/ returned response: <Response [200]>
2021-01-17 16:52:01,136 - instabot version: 0.117.0 (api) - DEBUG - GET to endpoint: users/5885763721/info/ returned response: <Response [200]>
2021-01-17 16:52:03,961 - instabot version: 0.117.0 (api) - DEBUG - GET to endpoint: users/4249292647/info/ returned response: <Response [200]>
2021-01-17 16:52:04,795 - instabot version: 0.117.0 (api) - DEBUG - GET to endpoint: users/6352021729/info/ returned response: <Response [200]>
2021-01-17 16:52:05,443 - instabot version: 0.117.0 (api) - DEBUG - GET to endpoint: users/39455238522/info/ returned response: <Response [200]>
2021-01-17 16:52:05,978 - instabot version: 0.117.0 (api) - DEBUG - GET to endpoint: users/5586532945/info/ returned response: <Response [200]>
2021-01-17 16:52:07,694 - instabot version: 0.117.0 (api) - DEBUG - GET to endpoint: users/22132379477/info/ returned response: <Response [200]>
2021-01-17 16:52:11,434 - instabot version: 0.117.0 (api) - DEBUG - GET to endpoint: users/7417786490/info/ returned response: <Response [200]>
2021-01-17 16:52:15,122 - instabot version: 0.117.0 (api) - DEBUG - GET to endpoint: users/21795896447/info/ returned response: <Response [200]>
2021-01-17 16:52:15,859 - instabot version: 0.117.0 (api) - DEBUG - GET to endpoint: users/4574270739/info/ returned response: <Response [200]>
2021-01-17 16:52:16,539 - instabot version: 0.117.0 (api) - DEBUG - GET to endpoint: users/1605488253/info/ returned response: <Response [200]>
2021-01-17 16:52:17,891 - instabot version: 0.117.0 (api) - DEBUG - GET to endpoint: users/2244720619/info/ returned response: <Response [200]>
2021-01-17 16:52:21,918 - instabot version: 0.117.0 (api) - DEBUG - GET to endpoint: users/2955779671/info/ returned response: <Response [200]>
2021-01-17 16:52:23,955 - instabot version: 0.117.0 (api) - DEBUG - GET to endpoint: users/8908636211/info/ returned response: <Response [200]>
2021-01-17 16:52:26,016 - instabot version: 0.117.0 (api) - DEBUG - GET to endpoint: users/41312582827/info/ returned response: <Response [200]>
2021-01-17 16:52:26,660 - instabot version: 0.117.0 (api) - DEBUG - GET to endpoint: users/2344856244/info/ returned response: <Response [200]>
2021-01-17 16:52:29,702 - instabot version: 0.117.0 (api) - DEBUG - GET to endpoint: users/6087199114/info/ returned response: <Response [200]>
2021-01-17 16:52:33,309 - instabot version: 0.117.0 (api) - DEBUG - GET to endpoint: users/28458600455/info/ returned response: <Response [200]>
2021-01-17 16:52:36,151 - instabot version: 0.117.0 (api) - DEBUG - GET to endpoint: users/2017387994/info/ returned response: <Response [200]>
2021-01-17 16:52:39,978 - instabot version: 0.117.0 (api) - DEBUG - GET to endpoint: users/33544443712/info/ returned response: <Response [200]>
2021-01-17 16:52:42,591 - instabot version: 0.117.0 (api) - DEBUG - GET to endpoint: users/40501267384/info/ returned response: <Response [200]>
2021-01-17 16:52:45,610 - instabot version: 0.117.0 (api) - DEBUG - GET to endpoint: users/35912195894/info/ returned response: <Response [200]>
2021-01-17 16:52:48,350 - instabot version: 0.117.0 (api) - DEBUG - GET to endpoint: users/6761439225/info/ returned response: <Response [200]>
2021-01-17 16:52:52,299 - instabot version: 0.117.0 (api) - DEBUG - GET to endpoint: users/1216955503/info/ returned response: <Response [200]>
2021-01-17 16:52:55,904 - instabot version: 0.117.0 (api) - DEBUG - GET to endpoint: users/6274507755/info/ returned response: <Response [200]>
2021-01-17 16:52:58,731 - instabot version: 0.117.0 (api) - DEBUG - GET to endpoint: users/8988230942/info/ returned response: <Response [200]>
2021-01-17 16:53:00,376 - instabot version: 0.117.0 (api) - DEBUG - GET to endpoint: users/10984761422/info/ returned response: <Response [200]>
2021-01-17 16:53:03,121 - instabot version: 0.117.0 (api) - DEBUG - GET to endpoint: users/14327077372/info/ returned response: <Response [200]>
2021-01-17 16:53:04,744 - instabot version: 0.117.0 (api) - DEBUG - GET to endpoint: users/1336407553/info/ returned response: <Response [200]>
2021-01-17 16:53:07,435 - instabot version: 0.117.0 (api) - DEBUG - GET to endpoint: users/2020131682/info/ returned response: <Response [200]>
2021-01-17 16:53:10,028 - instabot version: 0.117.0 (api) - DEBUG - GET to endpoint: users/44565395822/info/ returned response: <Response [200]>
2021-01-17 16:53:11,926 - instabot version: 0.117.0 (api) - DEBUG - GET to endpoint: users/16879996412/info/ returned response: <Response [200]>
2021-01-17 16:53:13,707 - instabot version: 0.117.0 (api) - DEBUG - GET to endpoint: users/31206629907/info/ returned response: <Response [200]>
2021-01-17 16:53:14,338 - instabot version: 0.117.0 (api) - DEBUG - GET to endpoint: users/15503761936/info/ returned response: <Response [200]>
2021-01-17 16:53:17,985 - instabot version: 0.117.0 (api) - DEBUG - GET to endpoint: users/44441802076/info/ returned response: <Response [200]>
2021-01-17 16:53:21,685 - instabot version: 0.117.0 (api) - DEBUG - GET to endpoint: users/41185699797/info/ returned response: <Response [200]>
2021-01-17 16:53:24,563 - instabot version: 0.117.0 (api) - DEBUG - GET to endpoint: users/35589106387/info/ returned response: <Response [200]>
2021-01-17 16:53:26,921 - instabot version: 0.117.0 (api) - DEBUG - GET to endpoint: users/33787236679/info/ returned response: <Response [200]>
2021-01-17 16:53:27,517 - instabot version: 0.117.0 (api) - DEBUG - GET to endpoint: users/4043822422/info/ returned response: <Response [200]>
2021-01-17 16:53:29,243 - instabot version: 0.117.0 (api) - DEBUG - GET to endpoint: users/24912530305/info/ returned response: <Response [200]>
2021-01-17 16:53:29,913 - instabot version: 0.117.0 (api) - DEBUG - GET to endpoint: users/3974880809/info/ returned response: <Response [200]>
2021-01-17 16:53:31,680 - instabot version: 0.117.0 (api) - DEBUG - GET to endpoint: users/36817683668/info/ returned response: <Response [200]>
2021-01-17 16:53:33,493 - instabot version: 0.117.0 (api) - DEBUG - GET to endpoint: users/32282482721/info/ returned response: <Response [200]>
2021-01-17 16:53:35,251 - instabot version: 0.117.0 (api) - DEBUG - GET to endpoint: users/39424344063/info/ returned response: <Response [200]>
2021-01-17 16:53:37,117 - instabot version: 0.117.0 (api) - DEBUG - GET to endpoint: users/7331526398/info/ returned response: <Response [200]>
2021-01-17 16:53:37,945 - instabot version: 0.117.0 (api) - DEBUG - GET to endpoint: users/1691833952/info/ returned response: <Response [200]>
2021-01-17 16:53:40,998 - instabot version: 0.117.0 (api) - DEBUG - GET to endpoint: users/11890360468/info/ returned response: <Response [200]>
2021-01-17 16:53:41,665 - instabot version: 0.117.0 (api) - DEBUG - GET to endpoint: users/35182542936/info/ returned response: <Response [200]>
2021-01-17 16:53:44,299 - instabot version: 0.117.0 (api) - DEBUG - GET to endpoint: users/44367836794/info/ returned response: <Response [200]>
2021-01-17 16:53:44,934 - instabot version: 0.117.0 (api) - DEBUG - GET to endpoint: users/33924999509/info/ returned response: <Response [200]>
2021-01-17 16:53:46,042 - instabot version: 0.117.0 (api) - DEBUG - GET to endpoint: users/26799836803/info/ returned response: <Response [200]>
2021-01-17 16:53:46,877 - instabot version: 0.117.0 (api) - DEBUG - GET to endpoint: users/217730569/info/ returned response: <Response [200]>
2021-01-17 16:53:49,261 - instabot version: 0.117.0 (api) - DEBUG - GET to endpoint: users/43814462574/info/ returned response: <Response [200]>
2021-01-17 16:53:52,927 - instabot version: 0.117.0 (api) - DEBUG - GET to endpoint: users/10896527780/info/ returned response: <Response [200]>
2021-01-17 16:53:54,822 - instabot version: 0.117.0 (api) - DEBUG - GET to endpoint: users/22611386371/info/ returned response: <Response [200]>
2021-01-17 16:53:56,460 - instabot version: 0.117.0 (api) - DEBUG - GET to endpoint: users/3996729946/info/ returned response: <Response [200]>
2021-01-17 16:53:58,207 - instabot version: 0.117.0 (api) - DEBUG - GET to endpoint: users/6015433923/info/ returned response: <Response [200]>
2021-01-17 16:53:59,832 - instabot version: 0.117.0 (api) - DEBUG - GET to endpoint: users/13006389859/info/ returned response: <Response [200]>
2021-01-17 16:54:00,804 - instabot version: 0.117.0 (api) - DEBUG - GET to endpoint: users/44066642048/info/ returned response: <Response [200]>
2021-01-17 16:54:03,314 - instabot version: 0.117.0 (api) - DEBUG - GET to endpoint: users/4470637680/info/ returned response: <Response [200]>
2021-01-17 16:54:05,145 - instabot version: 0.117.0 (api) - DEBUG - GET to endpoint: users/27502580476/info/ returned response: <Response [200]>
2021-01-17 16:54:08,898 - instabot version: 0.117.0 (api) - DEBUG - GET to endpoint: users/38552407921/info/ returned response: <Response [200]>
2021-01-17 16:54:12,975 - instabot version: 0.117.0 (api) - DEBUG - GET to endpoint: users/32920389530/info/ returned response: <Response [200]>
2021-01-17 16:54:13,684 - instabot version: 0.117.0 (api) - DEBUG - GET to endpoint: users/14440401359/info/ returned response: <Response [200]>
2021-01-17 16:54:16,625 - instabot version: 0.117.0 (api) - DEBUG - GET to endpoint: users/362287149/info/ returned response: <Response [200]>
2021-01-17 16:54:20,360 - instabot version: 0.117.0 (api) - DEBUG - GET to endpoint: users/8623374956/info/ returned response: <Response [200]>
2021-01-17 16:54:22,211 - instabot version: 0.117.0 (api) - DEBUG - GET to endpoint: users/43962431775/info/ returned response: <Response [200]>
2021-01-17 16:54:25,250 - instabot version: 0.117.0 (api) - DEBUG - GET to endpoint: users/2109964224/info/ returned response: <Response [200]>
2021-01-17 16:54:28,079 - instabot version: 0.117.0 (api) - DEBUG - GET to endpoint: users/12657234323/info/ returned response: <Response [200]>
2021-01-17 16:54:29,881 - instabot version: 0.117.0 (api) - DEBUG - GET to endpoint: users/44576630747/info/ returned response: <Response [200]>
2021-01-17 16:54:32,811 - instabot version: 0.117.0 (api) - DEBUG - GET to endpoint: users/29685009423/info/ returned response: <Response [200]>
2021-01-17 16:54:33,951 - instabot version: 0.117.0 (api) - DEBUG - GET to endpoint: users/29593894954/info/ returned response: <Response [200]>
2021-01-17 16:54:34,590 - instabot version: 0.117.0 (api) - DEBUG - GET to endpoint: users/1251496799/info/ returned response: <Response [200]>
2021-01-17 16:54:37,513 - instabot version: 0.117.0 (api) - DEBUG - GET to endpoint: users/6266905891/info/ returned response: <Response [200]>
2021-01-17 16:54:38,458 - instabot version: 0.117.0 (api) - DEBUG - GET to endpoint: users/38809577720/info/ returned response: <Response [200]>
2021-01-17 16:54:39,176 - instabot version: 0.117.0 (api) - DEBUG - GET to endpoint: users/6960412400/info/ returned response: <Response [200]>
2021-01-17 16:54:40,963 - instabot version: 0.117.0 (api) - DEBUG - GET to endpoint: users/13807811035/info/ returned response: <Response [200]>
2021-01-17 16:54:44,853 - instabot version: 0.117.0 (api) - DEBUG - GET to endpoint: users/12247173738/info/ returned response: <Response [200]>
2021-01-17 16:54:46,675 - instabot version: 0.117.0 (api) - DEBUG - GET to endpoint: users/1684953578/info/ returned response: <Response [200]>
2021-01-17 16:54:47,720 - instabot version: 0.117.0 (api) - DEBUG - GET to endpoint: users/7792965443/info/ returned response: <Response [200]>
2021-01-17 16:54:50,381 - instabot version: 0.117.0 (api) - DEBUG - GET to endpoint: users/9144987468/info/ returned response: <Response [200]>
2021-01-17 16:54:51,955 - instabot version: 0.117.0 (api) - DEBUG - GET to endpoint: users/42418214840/info/ returned response: <Response [200]>
2021-01-17 16:54:52,807 - instabot version: 0.117.0 (api) - DEBUG - GET to endpoint: users/2319687836/info/ returned response: <Response [200]>
2021-01-17 16:54:55,590 - instabot version: 0.117.0 (api) - DEBUG - GET to endpoint: users/8162442517/info/ returned response: <Response [200]>
2021-01-17 16:54:58,627 - instabot version: 0.117.0 (api) - DEBUG - GET to endpoint: users/17567912790/info/ returned response: <Response [200]>
2021-01-17 16:55:02,527 - instabot version: 0.117.0 (api) - DEBUG - GET to endpoint: users/39367116926/info/ returned response: <Response [200]>
2021-01-17 16:55:06,239 - instabot version: 0.117.0 (api) - DEBUG - GET to endpoint: users/4094151802/info/ returned response: <Response [200]>
2021-01-17 16:55:07,715 - instabot version: 0.117.0 (api) - DEBUG - GET to endpoint: users/33497181862/info/ returned response: <Response [200]>
2021-01-17 16:55:09,509 - instabot version: 0.117.0 (api) - DEBUG - GET to endpoint: users/44237046999/info/ returned response: <Response [200]>
2021-01-17 16:55:10,381 - instabot version: 0.117.0 (api) - DEBUG - GET to endpoint: users/1439227534/info/ returned response: <Response [200]>
2021-01-17 16:55:13,211 - instabot version: 0.117.0 (api) - DEBUG - GET to endpoint: users/364203135/info/ returned response: <Response [200]>
2021-01-17 16:55:13,742 - instabot version: 0.117.0 (api) - DEBUG - GET to endpoint: users/35171358420/info/ returned response: <Response [200]>
2021-01-17 16:55:14,580 - instabot version: 0.117.0 (api) - DEBUG - GET to endpoint: users/34586838300/info/ returned response: <Response [200]>
2021-01-17 16:55:15,788 - instabot version: 0.117.0 (api) - DEBUG - GET to endpoint: users/22416069039/info/ returned response: <Response [200]>
2021-01-17 16:55:16,474 - instabot version: 0.117.0 (api) - DEBUG - GET to endpoint: users/9013005708/info/ returned response: <Response [200]>
2021-01-17 16:55:18,219 - instabot version: 0.117.0 (api) - DEBUG - GET to endpoint: users/4865338298/info/ returned response: <Response [200]>
2021-01-17 16:55:18,913 - instabot version: 0.117.0 (api) - DEBUG - GET to endpoint: users/36258036328/info/ returned response: <Response [200]>
2021-01-17 16:55:20,623 - instabot version: 0.117.0 (api) - DEBUG - GET to endpoint: users/37817111237/info/ returned response: <Response [200]>
2021-01-17 16:55:22,130 - instabot version: 0.117.0 (api) - DEBUG - GET to endpoint: users/13290331411/info/ returned response: <Response [200]>
2021-01-17 16:55:23,908 - instabot version: 0.117.0 (api) - DEBUG - GET to endpoint: users/19112639931/info/ returned response: <Response [200]>
2021-01-17 16:55:24,666 - instabot version: 0.117.0 (api) - DEBUG - GET to endpoint: users/4358507547/info/ returned response: <Response [200]>
2021-01-17 16:55:28,544 - instabot version: 0.117.0 (api) - DEBUG - GET to endpoint: users/38308895390/info/ returned response: <Response [200]>
2021-01-17 16:55:32,259 - instabot version: 0.117.0 (api) - DEBUG - GET to endpoint: users/1670673671/info/ returned response: <Response [200]>
2021-01-17 16:55:35,274 - instabot version: 0.117.0 (api) - DEBUG - GET to endpoint: users/26103595124/info/ returned response: <Response [200]>
2021-01-17 16:55:39,642 - instabot version: 0.117.0 (api) - DEBUG - GET to endpoint: users/32642484607/info/ returned response: <Response [200]>
2021-01-17 16:55:40,358 - instabot version: 0.117.0 (api) - DEBUG - GET to endpoint: users/10741509/info/ returned response: <Response [200]>
2021-01-17 16:55:43,109 - instabot version: 0.117.0 (api) - DEBUG - GET to endpoint: users/44494639828/info/ returned response: <Response [200]>
2021-01-17 16:55:45,009 - instabot version: 0.117.0 (api) - DEBUG - GET to endpoint: users/30769369591/info/ returned response: <Response [200]>
2021-01-17 16:55:48,560 - instabot version: 0.117.0 (api) - DEBUG - GET to endpoint: users/27723283608/info/ returned response: <Response [200]>
2021-01-17 16:55:51,211 - instabot version: 0.117.0 (api) - DEBUG - GET to endpoint: users/40950974443/info/ returned response: <Response [200]>
2021-01-17 16:55:51,915 - instabot version: 0.117.0 (api) - DEBUG - GET to endpoint: users/30126555029/info/ returned response: <Response [200]>
2021-01-17 16:55:54,697 - instabot version: 0.117.0 (api) - DEBUG - GET to endpoint: users/3690510718/info/ returned response: <Response [200]>
2021-01-17 16:55:57,629 - instabot version: 0.117.0 (api) - DEBUG - GET to endpoint: users/2229599825/info/ returned response: <Response [200]>
2021-01-17 16:56:01,630 - instabot version: 0.117.0 (api) - DEBUG - GET to endpoint: users/6069337684/info/ returned response: <Response [200]>
2021-01-17 16:56:03,326 - instabot version: 0.117.0 (api) - DEBUG - GET to endpoint: users/6844225699/info/ returned response: <Response [200]>
2021-01-17 16:56:04,267 - instabot version: 0.117.0 (api) - DEBUG - GET to endpoint: users/43377517706/info/ returned response: <Response [200]>
2021-01-17 16:56:07,880 - instabot version: 0.117.0 (api) - DEBUG - GET to endpoint: users/19612146276/info/ returned response: <Response [200]>
2021-01-17 16:56:10,788 - instabot version: 0.117.0 (api) - DEBUG - GET to endpoint: users/698735086/info/ returned response: <Response [200]>
2021-01-17 16:56:14,993 - instabot version: 0.117.0 (api) - DEBUG - GET to endpoint: users/32509351740/info/ returned response: <Response [200]>
2021-01-17 16:56:15,825 - instabot version: 0.117.0 (api) - DEBUG - GET to endpoint: users/14221094656/info/ returned response: <Response [200]>
2021-01-17 16:56:19,630 - instabot version: 0.117.0 (api) - DEBUG - GET to endpoint: users/5921805566/info/ returned response: <Response [200]>
2021-01-17 16:56:23,235 - instabot version: 0.117.0 (api) - DEBUG - GET to endpoint: users/38219222705/info/ returned response: <Response [200]>
2021-01-17 16:56:25,923 - instabot version: 0.117.0 (api) - DEBUG - GET to endpoint: users/1836107711/info/ returned response: <Response [200]>
2021-01-17 16:56:26,851 - instabot version: 0.117.0 (api) - DEBUG - GET to endpoint: users/4782007388/info/ returned response: <Response [200]>
2021-01-17 16:56:27,584 - instabot version: 0.117.0 (api) - DEBUG - GET to endpoint: users/37206234115/info/ returned response: <Response [200]>
2021-01-17 16:56:28,227 - instabot version: 0.117.0 (api) - DEBUG - GET to endpoint: users/5801760562/info/ returned response: <Response [200]>
2021-01-17 16:56:28,988 - instabot version: 0.117.0 (api) - DEBUG - GET to endpoint: users/39526862050/info/ returned response: <Response [200]>
2021-01-17 16:56:31,100 - instabot version: 0.117.0 (api) - DEBUG - GET to endpoint: users/6888280292/info/ returned response: <Response [200]>
2021-01-17 16:56:33,753 - instabot version: 0.117.0 (api) - DEBUG - GET to endpoint: users/3139811197/info/ returned response: <Response [200]>
2021-01-17 16:56:34,575 - instabot version: 0.117.0 (api) - DEBUG - GET to endpoint: users/41125194587/info/ returned response: <Response [200]>
2021-01-17 16:56:35,369 - instabot version: 0.117.0 (api) - DEBUG - GET to endpoint: users/12246774579/info/ returned response: <Response [200]>
2021-01-17 16:56:38,541 - instabot version: 0.117.0 (api) - DEBUG - GET to endpoint: users/8913525086/info/ returned response: <Response [200]>
2021-01-17 16:56:42,246 - instabot version: 0.117.0 (api) - DEBUG - GET to endpoint: users/2247828836/info/ returned response: <Response [200]>
2021-01-17 16:56:44,427 - instabot version: 0.117.0 (api) - DEBUG - GET to endpoint: users/33049693992/info/ returned response: <Response [200]>
2021-01-17 16:56:46,364 - instabot version: 0.117.0 (api) - DEBUG - GET to endpoint: users/3322041450/info/ returned response: <Response [200]>
2021-01-17 16:56:47,942 - instabot version: 0.117.0 (api) - DEBUG - GET to endpoint: users/9056702362/info/ returned response: <Response [200]>
2021-01-17 16:56:48,680 - instabot version: 0.117.0 (api) - DEBUG - GET to endpoint: users/4238368121/info/ returned response: <Response [200]>
2021-01-17 16:56:52,799 - instabot version: 0.117.0 (api) - DEBUG - GET to endpoint: users/42345042130/info/ returned response: <Response [200]>
2021-01-17 16:56:55,545 - instabot version: 0.117.0 (api) - DEBUG - GET to endpoint: users/43553950635/info/ returned response: <Response [200]>
2021-01-17 16:56:56,257 - instabot version: 0.117.0 (api) - DEBUG - GET to endpoint: users/4775975954/info/ returned response: <Response [200]>
2021-01-17 16:56:58,021 - instabot version: 0.117.0 (api) - DEBUG - GET to endpoint: users/33676435382/info/ returned response: <Response [200]>
2021-01-17 16:56:58,974 - instabot version: 0.117.0 (api) - DEBUG - GET to endpoint: users/40705543087/info/ returned response: <Response [200]>
2021-01-17 16:57:01,620 - instabot version: 0.117.0 (api) - DEBUG - GET to endpoint: users/4258896647/info/ returned response: <Response [200]>
2021-01-17 16:57:03,241 - instabot version: 0.117.0 (api) - DEBUG - GET to endpoint: users/27242718401/info/ returned response: <Response [200]>
2021-01-17 16:57:06,330 - instabot version: 0.117.0 (api) - DEBUG - GET to endpoint: users/4966497711/info/ returned response: <Response [200]>
2021-01-17 16:57:09,514 - instabot version: 0.117.0 (api) - DEBUG - GET to endpoint: users/44702299484/info/ returned response: <Response [200]>
2021-01-17 16:57:10,649 - instabot version: 0.117.0 (api) - DEBUG - GET to endpoint: users/414454841/info/ returned response: <Response [200]>
2021-01-17 16:57:14,440 - instabot version: 0.117.0 (api) - DEBUG - GET to endpoint: users/5442236447/info/ returned response: <Response [200]>
2021-01-17 16:57:17,231 - instabot version: 0.117.0 (api) - DEBUG - GET to endpoint: users/16389929441/info/ returned response: <Response [200]>
2021-01-17 16:57:19,021 - instabot version: 0.117.0 (api) - DEBUG - GET to endpoint: users/7740852673/info/ returned response: <Response [200]>
2021-01-17 16:57:21,949 - instabot version: 0.117.0 (api) - DEBUG - GET to endpoint: users/34716754476/info/ returned response: <Response [200]>
2021-01-17 16:57:26,118 - instabot version: 0.117.0 (api) - DEBUG - GET to endpoint: users/2118109737/info/ returned response: <Response [200]>
2021-01-17 16:57:26,659 - instabot version: 0.117.0 (api) - DEBUG - GET to endpoint: users/44068591314/info/ returned response: <Response [200]>
2021-01-17 16:57:29,456 - instabot version: 0.117.0 (api) - DEBUG - GET to endpoint: users/2285620053/info/ returned response: <Response [200]>
2021-01-17 16:57:30,111 - instabot version: 0.117.0 (api) - DEBUG - GET to endpoint: users/26944193596/info/ returned response: <Response [200]>
2021-01-17 16:57:32,938 - instabot version: 0.117.0 (api) - DEBUG - GET to endpoint: users/28217331937/info/ returned response: <Response [200]>
2021-01-17 16:57:36,683 - instabot version: 0.117.0 (api) - DEBUG - GET to endpoint: users/926281262/info/ returned response: <Response [200]>
2021-01-17 16:57:40,385 - instabot version: 0.117.0 (api) - DEBUG - GET to endpoint: users/19505352847/info/ returned response: <Response [200]>
2021-01-17 16:57:41,200 - instabot version: 0.117.0 (api) - DEBUG - GET to endpoint: users/3955241252/info/ returned response: <Response [200]>
2021-01-17 16:57:43,124 - instabot version: 0.117.0 (api) - DEBUG - GET to endpoint: users/7269693262/info/ returned response: <Response [200]>
2021-01-17 16:57:46,776 - instabot version: 0.117.0 (api) - DEBUG - GET to endpoint: users/2210984520/info/ returned response: <Response [200]>
2021-01-17 16:57:48,475 - instabot version: 0.117.0 (api) - DEBUG - GET to endpoint: users/5839979459/info/ returned response: <Response [200]>
2021-01-17 16:57:51,091 - instabot version: 0.117.0 (api) - DEBUG - GET to endpoint: users/37518056463/info/ returned response: <Response [200]>
2021-01-17 16:57:53,055 - instabot version: 0.117.0 (api) - DEBUG - GET to endpoint: users/518545205/info/ returned response: <Response [200]>
2021-01-17 16:57:54,774 - instabot version: 0.117.0 (api) - DEBUG - GET to endpoint: users/34681805128/info/ returned response: <Response [200]>
2021-01-17 16:57:56,532 - instabot version: 0.117.0 (api) - DEBUG - GET to endpoint: users/27748513121/info/ returned response: <Response [200]>
2021-01-17 16:57:57,276 - instabot version: 0.117.0 (api) - DEBUG - GET to endpoint: users/2291819056/info/ returned response: <Response [200]>
2021-01-17 16:57:58,987 - instabot version: 0.117.0 (api) - DEBUG - GET to endpoint: users/9218422700/info/ returned response: <Response [200]>
2021-01-17 16:58:01,690 - instabot version: 0.117.0 (api) - DEBUG - GET to endpoint: users/1416389088/info/ returned response: <Response [200]>
2021-01-17 16:58:04,631 - instabot version: 0.117.0 (api) - DEBUG - GET to endpoint: users/40399878059/info/ returned response: <Response [200]>
2021-01-17 16:58:05,365 - instabot version: 0.117.0 (api) - DEBUG - GET to endpoint: users/3859543389/info/ returned response: <Response [200]>
2021-01-17 16:58:09,296 - instabot version: 0.117.0 (api) - DEBUG - GET to endpoint: users/40684458620/info/ returned response: <Response [200]>
2021-01-17 16:58:10,003 - instabot version: 0.117.0 (api) - DEBUG - GET to endpoint: users/1723859250/info/ returned response: <Response [200]>
2021-01-17 16:58:11,727 - instabot version: 0.117.0 (api) - DEBUG - GET to endpoint: users/5522388077/info/ returned response: <Response [200]>
2021-01-17 16:58:15,719 - instabot version: 0.117.0 (api) - DEBUG - GET to endpoint: users/324243574/info/ returned response: <Response [200]>
2021-01-17 16:58:19,178 - instabot version: 0.117.0 (api) - DEBUG - GET to endpoint: users/40286288355/info/ returned response: <Response [200]>
2021-01-17 16:58:20,710 - instabot version: 0.117.0 (api) - DEBUG - GET to endpoint: users/13001950528/info/ returned response: <Response [200]>
2021-01-17 16:58:24,369 - instabot version: 0.117.0 (api) - DEBUG - GET to endpoint: users/6863117016/info/ returned response: <Response [200]>
2021-01-17 16:58:25,026 - instabot version: 0.117.0 (api) - DEBUG - GET to endpoint: users/18509195456/info/ returned response: <Response [200]>
2021-01-17 16:58:27,501 - instabot version: 0.117.0 (api) - DEBUG - GET to endpoint: users/7153628299/info/ returned response: <Response [400]>
2021-01-17 16:58:27,501 - instabot version: 0.117.0 (api) - DEBUG - Responsecode indicates error; response content: b'{"message": "challenge_required", "challenge": {"url": "https://i.instagram.com/challenge/?next=/api/v1/users/7153628299/info/", "api_path": "/challenge/", "hide_webview_header": true, "lock": true, "logout": false, "native_flow": true, "flow_render_type": 0}, "status": "fail"}'
2021-01-17 16:58:27,501 - instabot version: 0.117.0 (api) - ERROR - Request returns 400 error!
2021-01-17 16:58:27,502 - instabot version: 0.117.0 (api) - INFO - Instagram's error message: challenge_required
2021-01-17 16:58:27,502 - instabot version: 0.117.0 (api) - INFO - Instagram's error message: {}
2021-01-17 16:58:27,524 - instabot version: 0.117.0 (bot_checkpoint) - DEBUG - Saving Checkpoint file to: D:\Programming Languages\03. Projects\Instagram Scrapper/config/randompy2020.checkpoint
2021-01-17 16:58:27,525 - instabot version: 0.117.0 (bot) - INFO - Total requests: 772
