2020-12-31 11:32:46,316 - instabot version: 0.117.0 (bot) - INFO - Instabot version: 0.117.0 Started
2020-12-31 11:32:46,316 - instabot version: 0.117.0 (bot) - DEBUG - Bot imported from C:\Users\LENOVO\AppData\Local\Programs\Python\Python38-32\lib\site-packages\instabot\bot\bot.py
2020-12-31 11:32:46,326 - instabot version: 0.117.0 (api_login) - DEBUG - Loading cookies
2020-12-31 11:32:46,326 - instabot version: 0.117.0 (api_login) - DEBUG - Loading uuids
2020-12-31 11:32:46,326 - instabot version: 0.117.0 (api_login) - INFO - Recovery from D:\Programming Languages\03. Projects\Instagram Scrapper/config/randompy2020_uuid_and_cookie.json: COOKIE True - UUIDs True - TIMING, DEVICE and ...
- user-agent=Instagram 117.0.0.28.123 Android (28/9.0; 420dpi; 1080x1920; OnePlus; ONEPLUS A3003; OnePlus3; qcom; en_US; 180322800)
- phone_id=6ec1115f-b830-409a-9e3a-b5fea365b8a0
- uuid=22aee7b9-9b18-47c6-8ed3-a5513d63899c
- client_session_id=a156b255-6e96-45b2-8060-224462081bf1
- device_id=android-e00652d37fc01327
2020-12-31 11:32:46,327 - instabot version: 0.117.0 (api_login) - INFO - LOGIN FLOW! Just logged-in: False
2020-12-31 11:32:47,794 - instabot version: 0.117.0 (api) - DEBUG - POST to endpoint: feed/timeline/ returned response: <Response [200]>
2020-12-31 11:32:48,484 - instabot version: 0.117.0 (api) - DEBUG - POST to endpoint: feed/reels_tray/ returned response: <Response [200]>
2020-12-31 11:32:49,078 - instabot version: 0.117.0 (api) - DEBUG - POST to endpoint: direct_v2/ranked_recipients/ returned response: <Response [200]>
2020-12-31 11:32:49,484 - instabot version: 0.117.0 (api) - DEBUG - POST to endpoint: direct_v2/ranked_recipients/ returned response: <Response [200]>
2020-12-31 11:32:49,929 - instabot version: 0.117.0 (api) - DEBUG - POST to endpoint: direct_v2/inbox/ returned response: <Response [200]>
2020-12-31 11:32:50,299 - instabot version: 0.117.0 (api) - DEBUG - GET to endpoint: direct_v2/get_presence/ returned response: <Response [200]>
2020-12-31 11:32:50,848 - instabot version: 0.117.0 (api) - DEBUG - GET to endpoint: news/inbox/?limited_activity=true&show_su=true returned response: <Response [200]>
2020-12-31 11:32:51,250 - instabot version: 0.117.0 (api) - DEBUG - GET to endpoint: users/profile_notice/ returned response: <Response [200]>
2020-12-31 11:32:52,609 - instabot version: 0.117.0 (api) - DEBUG - POST to endpoint: discover/explore/ returned response: <Response [200]>
2020-12-31 11:32:52,609 - instabot version: 0.117.0 (api) - INFO - Logged-in successfully as 'randompy2020'!
2020-12-31 11:32:52,609 - instabot version: 0.117.0 (bot_checkpoint) - DEBUG - Loading Checkpoint file from: D:\Programming Languages\03. Projects\Instagram Scrapper/config/randompy2020.checkpoint
2020-12-31 11:32:56,258 - instabot version: 0.117.0 (api) - DEBUG - GET to endpoint: users/calcutta_bloggers/usernameinfo/ returned response: <Response [200]>
2020-12-31 11:32:57,700 - instabot version: 0.117.0 (api) - DEBUG - GET to endpoint: users/15041839142/info/ returned response: <Response [200]>
2020-12-31 11:32:58,515 - instabot version: 0.117.0 (api) - DEBUG - GET to endpoint: friendships/15041839142/followers/?rank_token=45169428424_22aee7b9-9b18-47c6-8ed3-a5513d63899c returned response: <Response [200]>
2020-12-31 11:32:59,012 - instabot version: 0.117.0 (api) - DEBUG - GET to endpoint: friendships/15041839142/followers/?rank_token=45169428424_22aee7b9-9b18-47c6-8ed3-a5513d63899c&max_id=QVFBd252Z3NGdFFrR3VXZkQzRW1oZi1WZDhMenBZQXptb2JGNWw2dmFwLWtZSU9RR1pDcXhMRXZuQ3NIU1AzQzZDUGNFOWRjcG1mc3AwekFPZXkzUVc0Yg== returned response: <Response [200]>
2020-12-31 11:32:59,949 - instabot version: 0.117.0 (api) - DEBUG - GET to endpoint: friendships/15041839142/followers/?rank_token=45169428424_22aee7b9-9b18-47c6-8ed3-a5513d63899c&max_id=QVFDTVhTa3VSZU9ScUJNel8tZEpiREtETHZsSXV0SlJ1OVBFeHJKR2xEY05JNVdYSG1JSENBZnBYS1J3cDZoaTd2cFpnMkJocC1FZ0ZZV3F2clBXd0dCQQ== returned response: <Response [200]>
2020-12-31 11:33:00,482 - instabot version: 0.117.0 (api) - DEBUG - GET to endpoint: friendships/15041839142/followers/?rank_token=45169428424_22aee7b9-9b18-47c6-8ed3-a5513d63899c&max_id=QVFDdUZMX2IzbERkSnppNHhEUGpVMkVESmgzM3R2TUdXNy1zbTI1Y3I1dWRQTFRyenlveXJzWTBvRExBMVJMZE5NRDhlYzlLRFlxRHFRendEVURNMlJRdQ== returned response: <Response [200]>
2020-12-31 11:33:01,155 - instabot version: 0.117.0 (api) - DEBUG - GET to endpoint: friendships/15041839142/followers/?rank_token=45169428424_22aee7b9-9b18-47c6-8ed3-a5513d63899c&max_id=QVFDNmJSTW8xYy03ZmJoa2lFazZHYWVGeUltbDVjaWlISVdQOUcyeXdaLTgtcDBwT1N3bTNRSkR2UTNhR29FTkUzY2t4TmtXRzhZamJrcEJKQjZPTTBRSQ== returned response: <Response [200]>
2020-12-31 11:33:01,700 - instabot version: 0.117.0 (api) - DEBUG - GET to endpoint: friendships/15041839142/followers/?rank_token=45169428424_22aee7b9-9b18-47c6-8ed3-a5513d63899c&max_id=QVFCcHJUU1NRQ0REQjZsX1YxeXZreTFHT2dDVHVvR21ibkhiTmpFallySkkzVThRZFN0c3I0T0pkTGNnWUNEN1lGb3Jzd0hZbkQyWnN2Q3FUM19oc0w3Zw== returned response: <Response [200]>
2020-12-31 11:33:02,170 - instabot version: 0.117.0 (api) - DEBUG - GET to endpoint: friendships/15041839142/followers/?rank_token=45169428424_22aee7b9-9b18-47c6-8ed3-a5513d63899c&max_id=QVFCUU5wWUxZR1dFcmVKQ2tHY3ItNW5ra2EyY3V1cGpKMEVrMnRMU0w2bElCM3JWWWlqaHhibDRsMDJfOXpZRDV3MS1URGRXQnFLZldwUjZzSHgzc1lTTA== returned response: <Response [200]>
2020-12-31 11:33:02,637 - instabot version: 0.117.0 (api) - DEBUG - GET to endpoint: friendships/15041839142/followers/?rank_token=45169428424_22aee7b9-9b18-47c6-8ed3-a5513d63899c&max_id=QVFCejRscDlCYXZrYjFINHNxT0U2Mmh4VllXcmdNU3ZETXJLTnpuMVc0cVFFeEVJZjNjLXh1XzJMUm1VZExiZnR5M0kwTFZIMTQyQWYtOHlrYVJUTnh1bQ== returned response: <Response [200]>
2020-12-31 11:33:03,674 - instabot version: 0.117.0 (api) - DEBUG - GET to endpoint: friendships/15041839142/followers/?rank_token=45169428424_22aee7b9-9b18-47c6-8ed3-a5513d63899c&max_id=QVFDcWduOFRZOENXdVZsek5mRFVxRlRsczcxb3BlNXpfRzB2V1JxWkhteWEyZlZRai1vSXlLNnFmLUNlNThnc193YmNNcHJnQWxxTkU1ME1Wb2Nyb1dqTQ== returned response: <Response [200]>
2020-12-31 11:33:04,190 - instabot version: 0.117.0 (api) - DEBUG - GET to endpoint: friendships/15041839142/followers/?rank_token=45169428424_22aee7b9-9b18-47c6-8ed3-a5513d63899c&max_id=QVFDN3p2WUpObTU1c1JiYms1UDdOaFZrbFdmOUlDSUZuMmMxZkdJZE9JdHUwLTNsVjFGLUxyNTVFWF9xUFpIOWg0dVRIMzFaYlBMSWRfbnluc2ZFN09KMg== returned response: <Response [200]>
2020-12-31 11:33:05,224 - instabot version: 0.117.0 (api) - DEBUG - GET to endpoint: friendships/15041839142/followers/?rank_token=45169428424_22aee7b9-9b18-47c6-8ed3-a5513d63899c&max_id=QVFDS0wyVEtJMEp4YjJpdzl5b25lWWJ6LURRVm10T1pCWkRtODRlNTJ0d2RLVnlxclU5eDZXcXN0OGhULVBZbTNTc20xLWgtejcwUWx1YnlnaWpyQWJjUQ== returned response: <Response [200]>
2020-12-31 11:33:05,758 - instabot version: 0.117.0 (api) - DEBUG - GET to endpoint: friendships/15041839142/followers/?rank_token=45169428424_22aee7b9-9b18-47c6-8ed3-a5513d63899c&max_id=QVFCTTNkM3I4eVpTVXlHcERBcl93RXJxVHJsVjg5TkN1OHdqUnVydHMyZlE1aWpHWGo2Uk1tbl9ZOUNhXzFHRUVoNnNhdUlXS0JaSjJ4TjBoRXZTdmVNaQ== returned response: <Response [200]>
2020-12-31 11:33:06,295 - instabot version: 0.117.0 (api) - DEBUG - GET to endpoint: friendships/15041839142/followers/?rank_token=45169428424_22aee7b9-9b18-47c6-8ed3-a5513d63899c&max_id=QVFDUlA4RDQyZy1TYnlwY1ZSSmJSUUVWWlF1RlBhZlZHVExvYjZXc1A5d3c0M0h1WTNZTFF5Qk5VTVVYaEQ5MFN3RnNkaFQteGc4dG9mVUJjUnRPNW1MMQ== returned response: <Response [200]>
2020-12-31 11:33:06,825 - instabot version: 0.117.0 (api) - DEBUG - GET to endpoint: friendships/15041839142/followers/?rank_token=45169428424_22aee7b9-9b18-47c6-8ed3-a5513d63899c&max_id=QVFCNTh3Qm9uTWo1aXNDNTZGOVF1WlV0VV9DZ016dllXVXNuS0NrWXFaR3Z6ZkxYbzdfYlQ4aHpGZmVic1VnNmJzRktXSW1HVy03R2d1T2s2bUtlT3IxLQ== returned response: <Response [200]>
2020-12-31 11:33:07,296 - instabot version: 0.117.0 (api) - DEBUG - GET to endpoint: friendships/15041839142/followers/?rank_token=45169428424_22aee7b9-9b18-47c6-8ed3-a5513d63899c&max_id=QVFBdWFJV0VvcllQTE5Ga0ZmTUF4VHU5bFN6bWlDNGdGbHVLNXJIUml2TGZZWFdydG93VmdRWUFnS3pleEM5QXhzOUd0ZWtXSkdBdUxnM2hEbVpWRGJQVg== returned response: <Response [200]>
2020-12-31 11:33:07,830 - instabot version: 0.117.0 (api) - DEBUG - GET to endpoint: friendships/15041839142/followers/?rank_token=45169428424_22aee7b9-9b18-47c6-8ed3-a5513d63899c&max_id=QVFDWlpGWWVhT3p6M1lNdUE5aWI1eXJPOTNvaWlmUDFDNE9tU0ZWWkU2RnZsbVItWGRHZTVKN05val9vQlNJTFRkbGVwV3h5aWEtU19WcEUzLVV3eWc1Zw== returned response: <Response [200]>
2020-12-31 11:33:08,607 - instabot version: 0.117.0 (api) - DEBUG - GET to endpoint: friendships/15041839142/followers/?rank_token=45169428424_22aee7b9-9b18-47c6-8ed3-a5513d63899c&max_id=QVFDbHQwYTN1ODgxY2NJVkZYdi1oTGs3b0I5QVd3NXRHbjBYeUZhUjZtbVJ4VXVuXzQ2X3JOOWtwTGQxWXNLcVctdFVON3NibXBRV3RpNWFoM04tNlRiNg== returned response: <Response [200]>
2020-12-31 11:33:09,166 - instabot version: 0.117.0 (api) - DEBUG - GET to endpoint: friendships/15041839142/followers/?rank_token=45169428424_22aee7b9-9b18-47c6-8ed3-a5513d63899c&max_id=QVFDM2s0RXdPUGNudm96XzNQOVFpXzV3ckczR2Z1Qk9JTzdCZF9ROW1XTkltbHVpWG1PNWVNSXMxZ3c2UzRuNjBvTnRDNVdjVFRmaVhVcE96bjN6al9vdQ== returned response: <Response [200]>
2020-12-31 11:33:09,701 - instabot version: 0.117.0 (api) - DEBUG - GET to endpoint: friendships/15041839142/followers/?rank_token=45169428424_22aee7b9-9b18-47c6-8ed3-a5513d63899c&max_id=QVFCMHdlTUU3cE04ckdwdG40ay1MbE5PbjNRQVZTRjZFLVczMUZnaFd0YXhoQnNjZ3RTc3otWmpZS2FhUjB2V3d5UzJiamZKbVBJVVhOZnJpcWxId0oxMg== returned response: <Response [200]>
2020-12-31 11:33:10,216 - instabot version: 0.117.0 (api) - DEBUG - GET to endpoint: friendships/15041839142/followers/?rank_token=45169428424_22aee7b9-9b18-47c6-8ed3-a5513d63899c&max_id=QVFBTl81UHFXRUhMUTgyNlVSWEpkSWlXWS13dzBPQ0VtQWpsSm1GY3dvZXZCbXFvREZDSHhZYVotM1lpNjZqUkxCUFRuVFJjRG01RlE1LXZxb3ptbXBEZg== returned response: <Response [200]>
2020-12-31 11:33:10,729 - instabot version: 0.117.0 (api) - DEBUG - GET to endpoint: friendships/15041839142/followers/?rank_token=45169428424_22aee7b9-9b18-47c6-8ed3-a5513d63899c&max_id=QVFEWlJFSFM4dXBaRGRCZllCR20ya2JtbkttMWZ2dlNCeFZUUFpJNmQzcE1haExSRERtYXJROGxUVktkTmNPTmo0Mmt5NkdMZnQybWZKcjNGc2VWbHdvQQ== returned response: <Response [200]>
2020-12-31 11:33:11,276 - instabot version: 0.117.0 (api) - DEBUG - GET to endpoint: friendships/15041839142/followers/?rank_token=45169428424_22aee7b9-9b18-47c6-8ed3-a5513d63899c&max_id=QVFBX1I3QnVjWUlETGZvVDJEUzJkWWtfMFZkZHFaWTZqWkhUb0J4OUJVNlhSZ2ZGQTRxdHEtem1KM1c3VDRxN285MjFibGNtTjdJMDB4eXhIV25TZXRzQg== returned response: <Response [200]>
2020-12-31 11:33:11,794 - instabot version: 0.117.0 (api) - DEBUG - GET to endpoint: friendships/15041839142/followers/?rank_token=45169428424_22aee7b9-9b18-47c6-8ed3-a5513d63899c&max_id=QVFBZ2Y0N0twSjNxQ2c1OG9UejZLeFByeVlXVzIxR2w4U3h2a1dlYlNwQU9BQ2ZfdE43VUpvNlphNlN0bE41TzVFMVQyWWYwdmVlb09mOHM0TFExa2Ixeg== returned response: <Response [200]>
2020-12-31 11:33:12,358 - instabot version: 0.117.0 (api) - DEBUG - GET to endpoint: friendships/15041839142/followers/?rank_token=45169428424_22aee7b9-9b18-47c6-8ed3-a5513d63899c&max_id=QVFEWE92bHl4ajkzSzkxaUtVVFh2bS0wYndsdEQ1R180bWQ5amNJSTJ6bENVbFRNSVBYVGlqTGRZcUdFRllqQXE5amZQOXEzNzdnclpYUG9qd2JHYkp0Zg== returned response: <Response [200]>
2020-12-31 11:33:12,876 - instabot version: 0.117.0 (api) - DEBUG - GET to endpoint: friendships/15041839142/followers/?rank_token=45169428424_22aee7b9-9b18-47c6-8ed3-a5513d63899c&max_id=QVFERVRVeVZfRVVPTXZhWTZEQkt3RnpDeTA2eWhqUHZNelNiOXNzX1NieWFjak40UHJIYzRhd09KOUpqZDdCZnlNYXBDMHcxU3RhbHN0OU9sX19CZHo0bQ== returned response: <Response [200]>
2020-12-31 11:33:13,377 - instabot version: 0.117.0 (api) - DEBUG - GET to endpoint: friendships/15041839142/followers/?rank_token=45169428424_22aee7b9-9b18-47c6-8ed3-a5513d63899c&max_id=QVFCYms3Y0thRjRsMUVyLS1ZVDJpSWMycnpkYnVpS3p3TmVyVEtkUjBMbkZXWXlrd3FQY3hSeVRaNWxCNVZFbWRtOW85WUFybXZ1d21UelpnZmEyRFJsag== returned response: <Response [200]>
2020-12-31 11:33:13,889 - instabot version: 0.117.0 (api) - DEBUG - GET to endpoint: friendships/15041839142/followers/?rank_token=45169428424_22aee7b9-9b18-47c6-8ed3-a5513d63899c&max_id=QVFEMFNpUVJkVGstbG1YVExHRXFrUndYb1RCYjFqN0V1X2dtZl9qUldHcDBuVFo0c2djajFaMEdUTGk4V3BFc29fZTVyT3NjT21mQmdEVDRYU0prRDdKYw== returned response: <Response [200]>
2020-12-31 11:33:14,366 - instabot version: 0.117.0 (api) - DEBUG - GET to endpoint: friendships/15041839142/followers/?rank_token=45169428424_22aee7b9-9b18-47c6-8ed3-a5513d63899c&max_id=QVFBc0dlZGJjRDdkUWxfTDNrcXkzYXdEMDcyUnV5LWF0QTBydkJVTUQwd1NseXgxUlBaeEtuamR5ZE02b3hVS09SSGVUQWxMWlVzYlNxZjl2enNIbjhITA== returned response: <Response [200]>
2020-12-31 11:33:14,883 - instabot version: 0.117.0 (api) - DEBUG - GET to endpoint: friendships/15041839142/followers/?rank_token=45169428424_22aee7b9-9b18-47c6-8ed3-a5513d63899c&max_id=QVFEMmZac3dGLXdNdHRsRUt6SGVud0pWQld3SmxNcmJwcm4xSDNHTWNkUHdWR0J6TUNFSUc3UE5CVkZ4b0FldXRpa3FxVktUUTlPeFhtUFktUWdjRnV6Sg== returned response: <Response [200]>
2020-12-31 11:33:15,463 - instabot version: 0.117.0 (api) - DEBUG - GET to endpoint: friendships/15041839142/followers/?rank_token=45169428424_22aee7b9-9b18-47c6-8ed3-a5513d63899c&max_id=QVFEUUpLSU9QeTVHYWo5RmJrRFFMbWgxbG5fc0NzaUpsMlcwUG1NZk4zbTFETUhLakNCNGJCMmQxNVJkejBvOWVPQXgzQ0tSdzBqYkl6SjRaaHpoM3NPSw== returned response: <Response [200]>
2020-12-31 11:33:15,981 - instabot version: 0.117.0 (api) - DEBUG - GET to endpoint: friendships/15041839142/followers/?rank_token=45169428424_22aee7b9-9b18-47c6-8ed3-a5513d63899c&max_id=QVFESVRwR2hWM2p5ODJxNnplSGw2TWI1b3FndnZrWTdYRkdfSk90cF9DeUY5OHdQVnp0OU1KZTI1WWREVHdnRjNUV0psYktYSTFjbUR1dGVoSkkwWXMxTg== returned response: <Response [200]>
2020-12-31 11:33:16,496 - instabot version: 0.117.0 (api) - DEBUG - GET to endpoint: friendships/15041839142/followers/?rank_token=45169428424_22aee7b9-9b18-47c6-8ed3-a5513d63899c&max_id=QVFCMks5anJtMmIxbV9FdGRyMUJxWW80dGNId2ZGTy1FMFNHYnB5dUtSZmR4MWVMMHFVMnBtVXNOZkZOVFAyeXFqNzJUemVPUXJpem52ZFJ5bG5SaFFkQg== returned response: <Response [200]>
2020-12-31 11:33:17,090 - instabot version: 0.117.0 (api) - DEBUG - GET to endpoint: friendships/15041839142/followers/?rank_token=45169428424_22aee7b9-9b18-47c6-8ed3-a5513d63899c&max_id=QVFCUFNIOGQ4V3dtTS16UXpuWm1SWW1RaW9zaXIxd09GX0tnWWpsd2gzb001YlBxZ1BnWFU1VUhBOFE2c3I1STN1SHFOd3BPSzRYc3IwTTRaSjNBc2ljUA== returned response: <Response [200]>
2020-12-31 11:33:17,668 - instabot version: 0.117.0 (api) - DEBUG - GET to endpoint: friendships/15041839142/followers/?rank_token=45169428424_22aee7b9-9b18-47c6-8ed3-a5513d63899c&max_id=QVFDOVJoUm5jYzN0VEZ0TEc1aVFUUl9ab2RkazR6ejFmNDA4MndzVDJMUDdrbFAtaXdjT1F6SWF2OFpTaHRLYnBPd21lSG54TzhuY0ppUjliMzkzMmdWdA== returned response: <Response [200]>
2020-12-31 11:33:18,181 - instabot version: 0.117.0 (api) - DEBUG - GET to endpoint: friendships/15041839142/followers/?rank_token=45169428424_22aee7b9-9b18-47c6-8ed3-a5513d63899c&max_id=QVFDYmFOOXpWNG42M0M0RTFCNXFaS3dTOVI4MVc1MWdRT2VnUHdPNkxzS1BoTEYzYmVHYU0tMEJzY2I5UmZNdi1VczJLS21GN2t1VWxJSHQ2OGc0TnhzSA== returned response: <Response [200]>
2020-12-31 11:33:18,748 - instabot version: 0.117.0 (api) - DEBUG - GET to endpoint: friendships/15041839142/followers/?rank_token=45169428424_22aee7b9-9b18-47c6-8ed3-a5513d63899c&max_id=QVFCRHhqeU92UUljUUdyLUZ1eDA2TWVuYjhWaWV0Zm85Zm00OWQ2NWZTS2dqS2lqbW5NY2ktYkh0WUt3UWJTQUlMSnZId21RMEl4YXFZODlMOVg5SjlBWA== returned response: <Response [200]>
2020-12-31 11:33:19,621 - instabot version: 0.117.0 (api) - DEBUG - GET to endpoint: friendships/15041839142/followers/?rank_token=45169428424_22aee7b9-9b18-47c6-8ed3-a5513d63899c&max_id=QVFDWjctNU5GVG44ZkJYY01hVEhnTThSM2lfZGhlWmZ1TTlvblhkVTgzQUktUnYyLWlOU0RFQ202VDFHR0p1WEVlTkQ1ampWTDMtU29vUHBqVDJpcFdKMw== returned response: <Response [200]>
2020-12-31 11:33:20,276 - instabot version: 0.117.0 (api) - DEBUG - GET to endpoint: friendships/15041839142/followers/?rank_token=45169428424_22aee7b9-9b18-47c6-8ed3-a5513d63899c&max_id=QVFBY3RGNjFnWDUyUGVoYjlGQjJCRVZ5dnZWVU8tVG9mVXhkS0c2TmhWVVFMeW01YUtJYjBnYkZTR01zZUJ6a0VEVzlnRlhvZ3lOaUJ3VUZPVVFDcnI0aw== returned response: <Response [200]>
2020-12-31 11:33:20,794 - instabot version: 0.117.0 (api) - DEBUG - GET to endpoint: friendships/15041839142/followers/?rank_token=45169428424_22aee7b9-9b18-47c6-8ed3-a5513d63899c&max_id=QVFCXzl2aDFvTkExTlhWbDlOTmF1bS1UeEM1aElvb3BfQnRfRFhnZGpxRy1TMUpfSUdicWxmd0NzTFZLX2EyVXdwTnRudFA1RzItRWhreGdYeEQ0aHRHWg== returned response: <Response [200]>
2020-12-31 11:33:21,390 - instabot version: 0.117.0 (api) - DEBUG - GET to endpoint: friendships/15041839142/followers/?rank_token=45169428424_22aee7b9-9b18-47c6-8ed3-a5513d63899c&max_id=QVFBNmR4YU1YUWU4a0J6NUZLQVF2bUNCQzNUUjJaXzYzeXl0WGNyVmNOYVlNY0hKRk5SOUlLLTVzT1ZEX1psTWF2eGM5bnpfaVE1QWRTOWliTUdnMy1hUw== returned response: <Response [200]>
2020-12-31 11:33:21,963 - instabot version: 0.117.0 (api) - DEBUG - GET to endpoint: friendships/15041839142/followers/?rank_token=45169428424_22aee7b9-9b18-47c6-8ed3-a5513d63899c&max_id=QVFCdG5xT2xDVloydmhwa1BBTW9KSUlPbEwzQ25EUDM1eFc4dHlxcmd3U09FTkxzdk9RMU1UaUR1RDZCanpOM2txOUNPYkZVc2h4QXhjbjFhRDE4MHNjcg== returned response: <Response [200]>
2020-12-31 11:33:22,542 - instabot version: 0.117.0 (api) - DEBUG - GET to endpoint: friendships/15041839142/followers/?rank_token=45169428424_22aee7b9-9b18-47c6-8ed3-a5513d63899c&max_id=QVFBSks0ZVZTNzE2eE1lR0pTWVY4YnJBZk5VaG5Bd0gzTmxsSzQ2Yl9DbTBuNHY5NGZST0R1aEVFVUI0cDYxc0NlUEZncDUtcDJIQ25mRC1NX3Rsa1Z0LQ== returned response: <Response [200]>
2020-12-31 11:33:22,957 - instabot version: 0.117.0 (api) - DEBUG - GET to endpoint: friendships/15041839142/followers/?rank_token=45169428424_22aee7b9-9b18-47c6-8ed3-a5513d63899c&max_id=QVFCMWlIb2NUQXBXZzMtLW5JcF9NZGFTTUExeDJVbXVPVEtxVllqMEZ5TGkxUVNPb2c3cWltRlNUN2drTXNDZmdvdkVsVURBeWp3THd4QkQzcmkydEMtQg== returned response: <Response [429]>
2020-12-31 11:33:22,957 - instabot version: 0.117.0 (api) - DEBUG - Responsecode indicates error; response content: b'{"message": "Please wait a few minutes before you try again.", "status": "fail"}'
2020-12-31 11:33:22,958 - instabot version: 0.117.0 (api) - ERROR - Request returns 429 error!
2020-12-31 11:33:22,958 - instabot version: 0.117.0 (api) - WARNING - That means 'too many requests'. I'll go to sleep for 5 minutes.
2020-12-31 11:38:23,797 - instabot version: 0.117.0 (api) - DEBUG - GET to endpoint: friendships/15041839142/followers/?rank_token=45169428424_22aee7b9-9b18-47c6-8ed3-a5513d63899c&max_id=QVFCMWlIb2NUQXBXZzMtLW5JcF9NZGFTTUExeDJVbXVPVEtxVllqMEZ5TGkxUVNPb2c3cWltRlNUN2drTXNDZmdvdkVsVURBeWp3THd4QkQzcmkydEMtQg== returned response: <Response [200]>
2020-12-31 11:38:24,699 - instabot version: 0.117.0 (api) - DEBUG - GET to endpoint: friendships/15041839142/followers/?rank_token=45169428424_22aee7b9-9b18-47c6-8ed3-a5513d63899c&max_id=QVFCbnZ4bzc3alliTXBmLXI0N0ZHYWRoemZqcW5iY0FVYWg3bGRXbk0xUUJTS2Rrc0JGS0l2Z0M3MXNBczU4YUNZZGYzNDBVN0NfanRwTXNUNm9HelVGYw== returned response: <Response [200]>
2020-12-31 11:38:25,665 - instabot version: 0.117.0 (api) - DEBUG - GET to endpoint: friendships/15041839142/followers/?rank_token=45169428424_22aee7b9-9b18-47c6-8ed3-a5513d63899c&max_id=QVFENi1BZUNnRlN4MlVaamlTaXh1ZV9ISTFZang4SnFNQ0dCVDUwT3B3Z1NqclFtQVdYQW15Q2RaRTJoNzFyNDJKaEM4b1JCcGp3ZXRvWUZ1b1hNb2hyRg== returned response: <Response [429]>
2020-12-31 11:38:25,665 - instabot version: 0.117.0 (api) - DEBUG - Responsecode indicates error; response content: b'{"message": "Please wait a few minutes before you try again.", "status": "fail"}'
2020-12-31 11:38:25,665 - instabot version: 0.117.0 (api) - ERROR - Request returns 429 error!
2020-12-31 11:38:25,666 - instabot version: 0.117.0 (api) - WARNING - That means 'too many requests'. I'll go to sleep for 5 minutes.
2020-12-31 11:43:26,281 - instabot version: 0.117.0 (api) - DEBUG - GET to endpoint: friendships/15041839142/followers/?rank_token=45169428424_22aee7b9-9b18-47c6-8ed3-a5513d63899c&max_id=QVFENi1BZUNnRlN4MlVaamlTaXh1ZV9ISTFZang4SnFNQ0dCVDUwT3B3Z1NqclFtQVdYQW15Q2RaRTJoNzFyNDJKaEM4b1JCcGp3ZXRvWUZ1b1hNb2hyRg== returned response: <Response [200]>
2020-12-31 11:43:26,831 - instabot version: 0.117.0 (api) - DEBUG - GET to endpoint: friendships/15041839142/followers/?rank_token=45169428424_22aee7b9-9b18-47c6-8ed3-a5513d63899c&max_id=QVFBeFZZUy1TeElHUGRGLVdYXzdFZHdYZWFmQm5HNDAxeEhHaEJCTEdYQ0hVblBRTWtEQWZTSGhsTjJsR0Ywa1Jsb3NpN1ZqOWw0X1RPcFRHNjhVck1sQg== returned response: <Response [200]>
2020-12-31 11:43:27,230 - instabot version: 0.117.0 (api) - DEBUG - GET to endpoint: friendships/15041839142/followers/?rank_token=45169428424_22aee7b9-9b18-47c6-8ed3-a5513d63899c&max_id=QVFDMDdkYkt0VUFNeFpFTzluWjBSckY5U0xVbzBnZDludy03ZjRGR3FrMWxjblRoaUw5Qkk3SmNXSlBLcUt0alJTbFUxQ2lMSU02ZF9NcTRQNnkzWnFIRA== returned response: <Response [429]>
2020-12-31 11:43:27,231 - instabot version: 0.117.0 (api) - DEBUG - Responsecode indicates error; response content: b'{"message": "Please wait a few minutes before you try again.", "status": "fail"}'
2020-12-31 11:43:27,231 - instabot version: 0.117.0 (api) - ERROR - Request returns 429 error!
2020-12-31 11:43:27,231 - instabot version: 0.117.0 (api) - WARNING - That means 'too many requests'. I'll go to sleep for 5 minutes.
2020-12-31 11:48:27,813 - instabot version: 0.117.0 (api) - DEBUG - GET to endpoint: friendships/15041839142/followers/?rank_token=45169428424_22aee7b9-9b18-47c6-8ed3-a5513d63899c&max_id=QVFDMDdkYkt0VUFNeFpFTzluWjBSckY5U0xVbzBnZDludy03ZjRGR3FrMWxjblRoaUw5Qkk3SmNXSlBLcUt0alJTbFUxQ2lMSU02ZF9NcTRQNnkzWnFIRA== returned response: <Response [200]>
2020-12-31 11:48:28,313 - instabot version: 0.117.0 (api) - DEBUG - GET to endpoint: friendships/15041839142/followers/?rank_token=45169428424_22aee7b9-9b18-47c6-8ed3-a5513d63899c&max_id=QVFCbVRMWVZaaEFzUEdTRmlVQnl2TG94UVFhODBSSy1SNWxUTFFnTUpaX2ZyZWtPN01EME43UjJyV1NZTVAwcXRQdVNERGZIeFZuTHdfMjVLMkpVM2RVRA== returned response: <Response [200]>
2020-12-31 11:48:29,020 - instabot version: 0.117.0 (api) - DEBUG - GET to endpoint: friendships/15041839142/followers/?rank_token=45169428424_22aee7b9-9b18-47c6-8ed3-a5513d63899c&max_id=QVFCZ2YtUDlOMm5jaXN3bE1jN0ZyU21sbzhRMmVuLUF4WXUyTlZwdk9uV3NwdzRwSFpxOHZSa0dmQVRFX2xLUHgzNUJPZjdsVkxKS01sRnBVamtUQzlNZQ== returned response: <Response [200]>
2020-12-31 11:48:29,424 - instabot version: 0.117.0 (api) - DEBUG - GET to endpoint: friendships/15041839142/followers/?rank_token=45169428424_22aee7b9-9b18-47c6-8ed3-a5513d63899c&max_id=QVFDOGFtZmxnWmw0TkV5OUJNU2dYc0lXdGZSRWFLaTNMUElxbjV3SFktQmtqNmpPZU9LajZ5ODZKTUVRa3ZYUWY5S01VekF5Z1dnMktieWxhcXJ3QmpacQ== returned response: <Response [429]>
2020-12-31 11:48:29,424 - instabot version: 0.117.0 (api) - DEBUG - Responsecode indicates error; response content: b'{"message": "Please wait a few minutes before you try again.", "status": "fail"}'
2020-12-31 11:48:29,425 - instabot version: 0.117.0 (api) - ERROR - Request returns 429 error!
2020-12-31 11:48:29,426 - instabot version: 0.117.0 (api) - WARNING - That means 'too many requests'. I'll go to sleep for 5 minutes.
2020-12-31 11:53:29,837 - instabot version: 0.117.0 (api) - DEBUG - GET to endpoint: friendships/15041839142/followers/?rank_token=45169428424_22aee7b9-9b18-47c6-8ed3-a5513d63899c&max_id=QVFDOGFtZmxnWmw0TkV5OUJNU2dYc0lXdGZSRWFLaTNMUElxbjV3SFktQmtqNmpPZU9LajZ5ODZKTUVRa3ZYUWY5S01VekF5Z1dnMktieWxhcXJ3QmpacQ== returned response: <Response [429]>
2020-12-31 11:53:29,838 - instabot version: 0.117.0 (api) - DEBUG - Responsecode indicates error; response content: b'{"message": "Please wait a few minutes before you try again.", "status": "fail"}'
2020-12-31 11:53:29,838 - instabot version: 0.117.0 (api) - ERROR - Request returns 429 error!
2020-12-31 11:53:29,839 - instabot version: 0.117.0 (api) - WARNING - That means 'too many requests'. I'll go to sleep for 10 minutes.
2020-12-31 12:03:30,487 - instabot version: 0.117.0 (api) - DEBUG - GET to endpoint: friendships/15041839142/followers/?rank_token=45169428424_22aee7b9-9b18-47c6-8ed3-a5513d63899c&max_id=QVFDOGFtZmxnWmw0TkV5OUJNU2dYc0lXdGZSRWFLaTNMUElxbjV3SFktQmtqNmpPZU9LajZ5ODZKTUVRa3ZYUWY5S01VekF5Z1dnMktieWxhcXJ3QmpacQ== returned response: <Response [200]>
2020-12-31 12:03:30,983 - instabot version: 0.117.0 (api) - DEBUG - GET to endpoint: friendships/15041839142/followers/?rank_token=45169428424_22aee7b9-9b18-47c6-8ed3-a5513d63899c&max_id=QVFENmpOdGd6X1dhWHRHd091ZGFHemFkWml1djJzUHVZOG52eXE1TXV0YTNGcm9wd3QtZVZ5cldGZ3c5M0ZVaWdIRWIxaEF2YVNUM3dZc2R0VDRtN3l0VQ== returned response: <Response [200]>
2020-12-31 12:03:31,470 - instabot version: 0.117.0 (api) - DEBUG - GET to endpoint: friendships/15041839142/followers/?rank_token=45169428424_22aee7b9-9b18-47c6-8ed3-a5513d63899c&max_id=QVFDci1ZMDBKWEJ3YnZOV3Z4cWFlR0hzb0dQQXZCWEtEVk5faHV6V1lzZDA0Sll4VnNidXlMeVBnYS1HRjJuTmY2VzZUUFpVWEhKVW40M05BNUx0QjlscA== returned response: <Response [200]>
2020-12-31 12:03:31,941 - instabot version: 0.117.0 (api) - DEBUG - GET to endpoint: friendships/15041839142/followers/?rank_token=45169428424_22aee7b9-9b18-47c6-8ed3-a5513d63899c&max_id=QVFDWlZVNUdBOFhmemJXSEJydUx1Uk9WUHdfN196OWt0aUNYd2Vha0VHQW9hTlVabXJUcXJlVXRudEZOS2V0TENaZE9nTnZGaG1DbE1NUWdFR0tWTEdkbg== returned response: <Response [200]>
2020-12-31 12:03:32,440 - instabot version: 0.117.0 (api) - DEBUG - GET to endpoint: friendships/15041839142/followers/?rank_token=45169428424_22aee7b9-9b18-47c6-8ed3-a5513d63899c&max_id=QVFBZGpHdTZxTTBJdkY4TDlXZ2NFS1ctdGpWXzBsOXFfekVVU056ZGRUSno4cWxpMV9saTJtTVRXWmhaMzg1QllaRHJPREV2Sy1EZmhIVVpfR1dVMk5LYg== returned response: <Response [200]>
2020-12-31 12:03:32,931 - instabot version: 0.117.0 (api) - DEBUG - GET to endpoint: friendships/15041839142/followers/?rank_token=45169428424_22aee7b9-9b18-47c6-8ed3-a5513d63899c&max_id=QVFEN0hHcFJBZ0pvX0ZENHQ3TUtLVF9Oc2huQzNIQ2lRaHFBX3U2OGpOSG1id3FnNjFxM0o4Zl9BcEpUcUI4cFlfX19tYmhXLXBEeWpvS0hDMVowSlp5cA== returned response: <Response [200]>
2020-12-31 12:03:33,316 - instabot version: 0.117.0 (api) - DEBUG - GET to endpoint: friendships/15041839142/followers/?rank_token=45169428424_22aee7b9-9b18-47c6-8ed3-a5513d63899c&max_id=QVFDQnZITVVIYXU5X1VaSkREOGNxdDhjNl9IN3J4Z1NlanZKZkpLN21PVHZhck13T2ctbjFwZFBZQlNRWjBGaTdJa1o1WWd4STZtTmdaTUwydDRHXzk4Mg== returned response: <Response [429]>
2020-12-31 12:03:33,316 - instabot version: 0.117.0 (api) - DEBUG - Responsecode indicates error; response content: b'{"message": "Please wait a few minutes before you try again.", "status": "fail"}'
2020-12-31 12:03:33,317 - instabot version: 0.117.0 (api) - ERROR - Request returns 429 error!
2020-12-31 12:03:33,318 - instabot version: 0.117.0 (api) - WARNING - That means 'too many requests'. I'll go to sleep for 5 minutes.
2020-12-31 12:08:33,798 - instabot version: 0.117.0 (api) - DEBUG - GET to endpoint: friendships/15041839142/followers/?rank_token=45169428424_22aee7b9-9b18-47c6-8ed3-a5513d63899c&max_id=QVFDQnZITVVIYXU5X1VaSkREOGNxdDhjNl9IN3J4Z1NlanZKZkpLN21PVHZhck13T2ctbjFwZFBZQlNRWjBGaTdJa1o1WWd4STZtTmdaTUwydDRHXzk4Mg== returned response: <Response [429]>
2020-12-31 12:08:33,798 - instabot version: 0.117.0 (api) - DEBUG - Responsecode indicates error; response content: b'{"message": "Please wait a few minutes before you try again.", "status": "fail"}'
2020-12-31 12:08:33,798 - instabot version: 0.117.0 (api) - ERROR - Request returns 429 error!
2020-12-31 12:08:33,802 - instabot version: 0.117.0 (api) - WARNING - That means 'too many requests'. I'll go to sleep for 10 minutes.
2020-12-31 12:18:34,515 - instabot version: 0.117.0 (api) - DEBUG - GET to endpoint: friendships/15041839142/followers/?rank_token=45169428424_22aee7b9-9b18-47c6-8ed3-a5513d63899c&max_id=QVFDQnZITVVIYXU5X1VaSkREOGNxdDhjNl9IN3J4Z1NlanZKZkpLN21PVHZhck13T2ctbjFwZFBZQlNRWjBGaTdJa1o1WWd4STZtTmdaTUwydDRHXzk4Mg== returned response: <Response [200]>
2020-12-31 12:18:35,178 - instabot version: 0.117.0 (api) - DEBUG - GET to endpoint: friendships/15041839142/followers/?rank_token=45169428424_22aee7b9-9b18-47c6-8ed3-a5513d63899c&max_id=QVFBeXVzZmFMYUpSOXNWMnlIZ3M0c0NaNUdiOHRuYnVSMGkwTjREOG1sSlktNVM5LTI4TE1NamZ5TDVMdWNkWGlnc2ZUdXo2eXdCZXdLMGtQNjhJbE0tLQ== returned response: <Response [200]>
2020-12-31 12:18:35,849 - instabot version: 0.117.0 (api) - DEBUG - GET to endpoint: friendships/15041839142/followers/?rank_token=45169428424_22aee7b9-9b18-47c6-8ed3-a5513d63899c&max_id=QVFEdVMtdXNoN1h4TVNWb3R5YmI3OTJCVG5TaE5JSWl6Z29HUjlDTnNkZ3NNeWFNbW5LX2dKbUR3aWgzSHFHaWZQU2ZCRUxMZ0VuT2t4WW5xWTdPWHdJUQ== returned response: <Response [200]>
2020-12-31 12:18:36,564 - instabot version: 0.117.0 (api) - DEBUG - GET to endpoint: friendships/15041839142/followers/?rank_token=45169428424_22aee7b9-9b18-47c6-8ed3-a5513d63899c&max_id=QVFET3RtM19zcEdCemtyZUphWVJjTFVXcHVrVExoN1NoV1BFMkNGako3R0JUOFJqTEYwUlc1SkJ6UkEwTGRqcDQ5Yk1wUHAtWlEtRTZsMHlva09kOHlEaA== returned response: <Response [200]>
2020-12-31 12:18:37,237 - instabot version: 0.117.0 (api) - DEBUG - GET to endpoint: friendships/15041839142/followers/?rank_token=45169428424_22aee7b9-9b18-47c6-8ed3-a5513d63899c&max_id=QVFBdUFESmxqUEhSY21iSFk0QUdqRVRwLXZxM2hYZklJbUZYQjU5SEFBUmFaOFVxMUtvT0I4UFNKYlo3QThqMUxfZVF6LWFYblQxMmhzLTczUVRfems2Zw== returned response: <Response [200]>
2020-12-31 12:18:37,933 - instabot version: 0.117.0 (api) - DEBUG - GET to endpoint: friendships/15041839142/followers/?rank_token=45169428424_22aee7b9-9b18-47c6-8ed3-a5513d63899c&max_id=QVFCTXBHc3NFeFFaaXN3UnhfZWowS0g1dnJwYkpDb0RvWEwxOXlzMl8zNE5PUlZSQ2Zhc1Qxci1Gd21WUnNkc2EyVFhqNGhiU0doNGRqYVlrYU5SOHhLcg== returned response: <Response [200]>
2020-12-31 12:18:38,494 - instabot version: 0.117.0 (api) - DEBUG - GET to endpoint: friendships/15041839142/followers/?rank_token=45169428424_22aee7b9-9b18-47c6-8ed3-a5513d63899c&max_id=QVFDeDdXUHFPOGVJeWJCLTdpQ2hFZlJQZzJiSjlPYzFBTVE0TmxjNm5TUW1NbnZiRC1oMHhhTHFlX1BsUHNmNlhiTW56cjVnN2x2OF96dUtqbmVmZEp2cw== returned response: <Response [429]>
2020-12-31 12:18:38,494 - instabot version: 0.117.0 (api) - DEBUG - Responsecode indicates error; response content: b'{"message": "Please wait a few minutes before you try again.", "status": "fail"}'
2020-12-31 12:18:38,495 - instabot version: 0.117.0 (api) - ERROR - Request returns 429 error!
2020-12-31 12:18:38,495 - instabot version: 0.117.0 (api) - WARNING - That means 'too many requests'. I'll go to sleep for 5 minutes.
2020-12-31 12:23:39,106 - instabot version: 0.117.0 (api) - DEBUG - GET to endpoint: friendships/15041839142/followers/?rank_token=45169428424_22aee7b9-9b18-47c6-8ed3-a5513d63899c&max_id=QVFDeDdXUHFPOGVJeWJCLTdpQ2hFZlJQZzJiSjlPYzFBTVE0TmxjNm5TUW1NbnZiRC1oMHhhTHFlX1BsUHNmNlhiTW56cjVnN2x2OF96dUtqbmVmZEp2cw== returned response: <Response [429]>
2020-12-31 12:23:39,107 - instabot version: 0.117.0 (api) - DEBUG - Responsecode indicates error; response content: b'{"message": "Please wait a few minutes before you try again.", "status": "fail"}'
2020-12-31 12:23:39,107 - instabot version: 0.117.0 (api) - ERROR - Request returns 429 error!
2020-12-31 12:23:39,108 - instabot version: 0.117.0 (api) - WARNING - That means 'too many requests'. I'll go to sleep for 10 minutes.
2020-12-31 12:33:39,829 - instabot version: 0.117.0 (api) - DEBUG - GET to endpoint: friendships/15041839142/followers/?rank_token=45169428424_22aee7b9-9b18-47c6-8ed3-a5513d63899c&max_id=QVFDeDdXUHFPOGVJeWJCLTdpQ2hFZlJQZzJiSjlPYzFBTVE0TmxjNm5TUW1NbnZiRC1oMHhhTHFlX1BsUHNmNlhiTW56cjVnN2x2OF96dUtqbmVmZEp2cw== returned response: <Response [200]>
2020-12-31 12:33:40,475 - instabot version: 0.117.0 (api) - DEBUG - GET to endpoint: friendships/15041839142/followers/?rank_token=45169428424_22aee7b9-9b18-47c6-8ed3-a5513d63899c&max_id=QVFDZjNDNElRNDhFLWp0dGhmb0FKSlU5cHFlWlZMRm1VYVZEZm85QlVFaDkyLWdDdHZETkhjdVkzSnVOUElXdF9NZnhHZm91SVpxUUVQZU5waUk5M3o1RA== returned response: <Response [200]>
2020-12-31 12:33:41,653 - instabot version: 0.117.0 (api) - DEBUG - GET to endpoint: friendships/15041839142/followers/?rank_token=45169428424_22aee7b9-9b18-47c6-8ed3-a5513d63899c&max_id=QVFCTzFBSThVaGE0UmI3UERYMGI3SWl3WFNfbHItNGpVMFVzbks2YmZ4clI2blgtbURKcGZCSU50WUlmbVlNa21wTUdiTTI0eDBTVGUzRVpwclZ5dTJJVQ== returned response: <Response [200]>
2020-12-31 12:33:42,268 - instabot version: 0.117.0 (api) - DEBUG - GET to endpoint: friendships/15041839142/followers/?rank_token=45169428424_22aee7b9-9b18-47c6-8ed3-a5513d63899c&max_id=QVFEYUM2Vk5RZVl0RVpDaTAwXzRLeDREbm9GY0xYZ0VPR1g1MGtad1kzVVpRUVgwajU5SlllZlVGOExQWFRTZ3E0ejV0aVdVSHZzajZSZllHNE9sOFducA== returned response: <Response [200]>
2020-12-31 12:33:42,876 - instabot version: 0.117.0 (api) - DEBUG - GET to endpoint: friendships/15041839142/followers/?rank_token=45169428424_22aee7b9-9b18-47c6-8ed3-a5513d63899c&max_id=QVFCVjlpNVVpRTB4bm5kSFhVcGN1Qndrc3hkcVczSXdyRWVFU25QRUVidDNWRmpvSExaOHVFNWZzX09uSG11UWxHMUNKQjJVZTAya0hSb1lhRE5VVFdMbA== returned response: <Response [200]>
2020-12-31 12:33:43,425 - instabot version: 0.117.0 (api) - DEBUG - GET to endpoint: friendships/15041839142/followers/?rank_token=45169428424_22aee7b9-9b18-47c6-8ed3-a5513d63899c&max_id=QVFEbTl4T3F4MHFXR2Nhbm1GV0p4S3drN0NCaTlidXVMQ3hUM0lzaWlHb3VDU3c3MTNlaFczR3A3cWNDWlpXZlNNUzBFaDhidGxnN2Nad0RvUWFVbHAzZQ== returned response: <Response [429]>
2020-12-31 12:33:43,425 - instabot version: 0.117.0 (api) - DEBUG - Responsecode indicates error; response content: b'{"message": "Please wait a few minutes before you try again.", "status": "fail"}'
2020-12-31 12:33:43,426 - instabot version: 0.117.0 (api) - ERROR - Request returns 429 error!
2020-12-31 12:33:43,426 - instabot version: 0.117.0 (api) - WARNING - That means 'too many requests'. I'll go to sleep for 5 minutes.
2020-12-31 12:38:44,107 - instabot version: 0.117.0 (api) - DEBUG - GET to endpoint: friendships/15041839142/followers/?rank_token=45169428424_22aee7b9-9b18-47c6-8ed3-a5513d63899c&max_id=QVFEbTl4T3F4MHFXR2Nhbm1GV0p4S3drN0NCaTlidXVMQ3hUM0lzaWlHb3VDU3c3MTNlaFczR3A3cWNDWlpXZlNNUzBFaDhidGxnN2Nad0RvUWFVbHAzZQ== returned response: <Response [200]>
2020-12-31 12:38:44,915 - instabot version: 0.117.0 (api) - DEBUG - GET to endpoint: friendships/15041839142/followers/?rank_token=45169428424_22aee7b9-9b18-47c6-8ed3-a5513d63899c&max_id=QVFBSWF3RXgydXpweFZhdzhyMnRhT0RNdGpGM0IyNVp5RnR5SnJOOW5BeWYxTzhBZU13LXJiRzk5WEZEVWtST2NURVNHWDRLNHJoRVVlclJDSjdsUko4MA== returned response: <Response [200]>
2020-12-31 12:38:45,335 - instabot version: 0.117.0 (api) - DEBUG - GET to endpoint: friendships/15041839142/followers/?rank_token=45169428424_22aee7b9-9b18-47c6-8ed3-a5513d63899c&max_id=QVFENGF3XzdmSHJIRkowc0xtUnk1QlVKT05WQmpWX3ZfVDFfUlRPUDV2YmVSajFWajR3QTRsNjFzNE1ubDlxR2hpLTRLckdhQ19QQndXWmFxM1pYaklZNA== returned response: <Response [429]>
2020-12-31 12:38:45,335 - instabot version: 0.117.0 (api) - DEBUG - Responsecode indicates error; response content: b'{"message": "Please wait a few minutes before you try again.", "status": "fail"}'
2020-12-31 12:38:45,335 - instabot version: 0.117.0 (api) - ERROR - Request returns 429 error!
2020-12-31 12:38:45,338 - instabot version: 0.117.0 (api) - WARNING - That means 'too many requests'. I'll go to sleep for 5 minutes.
2020-12-31 12:43:45,827 - instabot version: 0.117.0 (api) - DEBUG - GET to endpoint: friendships/15041839142/followers/?rank_token=45169428424_22aee7b9-9b18-47c6-8ed3-a5513d63899c&max_id=QVFENGF3XzdmSHJIRkowc0xtUnk1QlVKT05WQmpWX3ZfVDFfUlRPUDV2YmVSajFWajR3QTRsNjFzNE1ubDlxR2hpLTRLckdhQ19QQndXWmFxM1pYaklZNA== returned response: <Response [200]>
2020-12-31 12:43:46,509 - instabot version: 0.117.0 (api) - DEBUG - GET to endpoint: users/15041839142/info/ returned response: <Response [200]>
2020-12-31 12:43:49,372 - instabot version: 0.117.0 (api) - DEBUG - GET to endpoint: friendships/15041839142/following/?max_id=&ig_sig_key_version=4&rank_token=45169428424_22aee7b9-9b18-47c6-8ed3-a5513d63899c returned response: <Response [200]>
2020-12-31 12:43:50,185 - instabot version: 0.117.0 (api) - DEBUG - GET to endpoint: friendships/15041839142/following/?max_id=100&ig_sig_key_version=4&rank_token=45169428424_22aee7b9-9b18-47c6-8ed3-a5513d63899c returned response: <Response [200]>
2020-12-31 12:43:51,102 - instabot version: 0.117.0 (api) - DEBUG - GET to endpoint: friendships/15041839142/following/?max_id=200&ig_sig_key_version=4&rank_token=45169428424_22aee7b9-9b18-47c6-8ed3-a5513d63899c returned response: <Response [200]>
2020-12-31 12:43:52,141 - instabot version: 0.117.0 (api) - DEBUG - GET to endpoint: friendships/15041839142/following/?max_id=300&ig_sig_key_version=4&rank_token=45169428424_22aee7b9-9b18-47c6-8ed3-a5513d63899c returned response: <Response [200]>
2020-12-31 12:43:53,005 - instabot version: 0.117.0 (api) - DEBUG - GET to endpoint: friendships/15041839142/following/?max_id=400&ig_sig_key_version=4&rank_token=45169428424_22aee7b9-9b18-47c6-8ed3-a5513d63899c returned response: <Response [200]>
2020-12-31 12:43:53,931 - instabot version: 0.117.0 (api) - DEBUG - GET to endpoint: friendships/15041839142/following/?max_id=500&ig_sig_key_version=4&rank_token=45169428424_22aee7b9-9b18-47c6-8ed3-a5513d63899c returned response: <Response [200]>
2020-12-31 12:43:55,142 - instabot version: 0.117.0 (api) - DEBUG - GET to endpoint: friendships/15041839142/following/?max_id=600&ig_sig_key_version=4&rank_token=45169428424_22aee7b9-9b18-47c6-8ed3-a5513d63899c returned response: <Response [200]>
2020-12-31 12:43:56,611 - instabot version: 0.117.0 (api) - DEBUG - GET to endpoint: friendships/15041839142/following/?max_id=700&ig_sig_key_version=4&rank_token=45169428424_22aee7b9-9b18-47c6-8ed3-a5513d63899c returned response: <Response [200]>
2020-12-31 12:43:58,112 - instabot version: 0.117.0 (api) - DEBUG - GET to endpoint: friendships/15041839142/following/?max_id=800&ig_sig_key_version=4&rank_token=45169428424_22aee7b9-9b18-47c6-8ed3-a5513d63899c returned response: <Response [200]>
2020-12-31 12:43:59,192 - instabot version: 0.117.0 (api) - DEBUG - GET to endpoint: friendships/15041839142/following/?max_id=900&ig_sig_key_version=4&rank_token=45169428424_22aee7b9-9b18-47c6-8ed3-a5513d63899c returned response: <Response [200]>
2020-12-31 12:44:00,122 - instabot version: 0.117.0 (api) - DEBUG - GET to endpoint: friendships/15041839142/following/?max_id=1000&ig_sig_key_version=4&rank_token=45169428424_22aee7b9-9b18-47c6-8ed3-a5513d63899c returned response: <Response [200]>
2020-12-31 12:44:01,141 - instabot version: 0.117.0 (api) - DEBUG - GET to endpoint: friendships/15041839142/following/?max_id=1100&ig_sig_key_version=4&rank_token=45169428424_22aee7b9-9b18-47c6-8ed3-a5513d63899c returned response: <Response [200]>
2020-12-31 12:44:02,475 - instabot version: 0.117.0 (api) - DEBUG - GET to endpoint: friendships/15041839142/following/?max_id=1200&ig_sig_key_version=4&rank_token=45169428424_22aee7b9-9b18-47c6-8ed3-a5513d63899c returned response: <Response [200]>
2020-12-31 12:44:03,492 - instabot version: 0.117.0 (api) - DEBUG - GET to endpoint: friendships/15041839142/following/?max_id=1300&ig_sig_key_version=4&rank_token=45169428424_22aee7b9-9b18-47c6-8ed3-a5513d63899c returned response: <Response [200]>
2020-12-31 12:44:04,528 - instabot version: 0.117.0 (api) - DEBUG - GET to endpoint: friendships/15041839142/following/?max_id=1400&ig_sig_key_version=4&rank_token=45169428424_22aee7b9-9b18-47c6-8ed3-a5513d63899c returned response: <Response [200]>
2020-12-31 12:44:05,450 - instabot version: 0.117.0 (api) - DEBUG - GET to endpoint: friendships/15041839142/following/?max_id=1500&ig_sig_key_version=4&rank_token=45169428424_22aee7b9-9b18-47c6-8ed3-a5513d63899c returned response: <Response [200]>
2020-12-31 12:44:06,396 - instabot version: 0.117.0 (api) - DEBUG - GET to endpoint: friendships/15041839142/following/?max_id=1600&ig_sig_key_version=4&rank_token=45169428424_22aee7b9-9b18-47c6-8ed3-a5513d63899c returned response: <Response [200]>
2020-12-31 12:44:07,531 - instabot version: 0.117.0 (api) - DEBUG - GET to endpoint: friendships/15041839142/following/?max_id=1700&ig_sig_key_version=4&rank_token=45169428424_22aee7b9-9b18-47c6-8ed3-a5513d63899c returned response: <Response [200]>
2020-12-31 12:44:08,520 - instabot version: 0.117.0 (api) - DEBUG - GET to endpoint: friendships/15041839142/following/?max_id=1800&ig_sig_key_version=4&rank_token=45169428424_22aee7b9-9b18-47c6-8ed3-a5513d63899c returned response: <Response [200]>
2020-12-31 12:44:09,482 - instabot version: 0.117.0 (api) - DEBUG - GET to endpoint: friendships/15041839142/following/?max_id=1900&ig_sig_key_version=4&rank_token=45169428424_22aee7b9-9b18-47c6-8ed3-a5513d63899c returned response: <Response [200]>
2020-12-31 12:44:10,375 - instabot version: 0.117.0 (api) - DEBUG - GET to endpoint: friendships/15041839142/following/?max_id=2000&ig_sig_key_version=4&rank_token=45169428424_22aee7b9-9b18-47c6-8ed3-a5513d63899c returned response: <Response [200]>
2020-12-31 12:44:11,982 - instabot version: 0.117.0 (api) - DEBUG - GET to endpoint: friendships/15041839142/following/?max_id=2100&ig_sig_key_version=4&rank_token=45169428424_22aee7b9-9b18-47c6-8ed3-a5513d63899c returned response: <Response [200]>
2020-12-31 12:44:12,812 - instabot version: 0.117.0 (api) - DEBUG - GET to endpoint: friendships/15041839142/following/?max_id=2200&ig_sig_key_version=4&rank_token=45169428424_22aee7b9-9b18-47c6-8ed3-a5513d63899c returned response: <Response [200]>
2020-12-31 12:44:13,732 - instabot version: 0.117.0 (api) - DEBUG - GET to endpoint: friendships/15041839142/following/?max_id=2300&ig_sig_key_version=4&rank_token=45169428424_22aee7b9-9b18-47c6-8ed3-a5513d63899c returned response: <Response [200]>
2020-12-31 12:44:14,557 - instabot version: 0.117.0 (api) - DEBUG - GET to endpoint: friendships/15041839142/following/?max_id=2400&ig_sig_key_version=4&rank_token=45169428424_22aee7b9-9b18-47c6-8ed3-a5513d63899c returned response: <Response [200]>
2020-12-31 12:44:15,384 - instabot version: 0.117.0 (api) - DEBUG - GET to endpoint: friendships/15041839142/following/?max_id=2500&ig_sig_key_version=4&rank_token=45169428424_22aee7b9-9b18-47c6-8ed3-a5513d63899c returned response: <Response [200]>
2020-12-31 12:44:16,292 - instabot version: 0.117.0 (api) - DEBUG - GET to endpoint: friendships/15041839142/following/?max_id=2600&ig_sig_key_version=4&rank_token=45169428424_22aee7b9-9b18-47c6-8ed3-a5513d63899c returned response: <Response [200]>
2020-12-31 12:44:17,412 - instabot version: 0.117.0 (api) - DEBUG - GET to endpoint: friendships/15041839142/following/?max_id=2700&ig_sig_key_version=4&rank_token=45169428424_22aee7b9-9b18-47c6-8ed3-a5513d63899c returned response: <Response [200]>
2020-12-31 12:44:18,341 - instabot version: 0.117.0 (api) - DEBUG - GET to endpoint: friendships/15041839142/following/?max_id=2800&ig_sig_key_version=4&rank_token=45169428424_22aee7b9-9b18-47c6-8ed3-a5513d63899c returned response: <Response [200]>
2020-12-31 12:44:19,262 - instabot version: 0.117.0 (api) - DEBUG - GET to endpoint: friendships/15041839142/following/?max_id=2900&ig_sig_key_version=4&rank_token=45169428424_22aee7b9-9b18-47c6-8ed3-a5513d63899c returned response: <Response [200]>
2020-12-31 12:44:20,187 - instabot version: 0.117.0 (api) - DEBUG - GET to endpoint: friendships/15041839142/following/?max_id=3000&ig_sig_key_version=4&rank_token=45169428424_22aee7b9-9b18-47c6-8ed3-a5513d63899c returned response: <Response [200]>
2020-12-31 12:44:21,012 - instabot version: 0.117.0 (api) - DEBUG - GET to endpoint: friendships/15041839142/following/?max_id=3100&ig_sig_key_version=4&rank_token=45169428424_22aee7b9-9b18-47c6-8ed3-a5513d63899c returned response: <Response [200]>
2020-12-31 12:44:22,085 - instabot version: 0.117.0 (api) - DEBUG - GET to endpoint: friendships/15041839142/following/?max_id=3200&ig_sig_key_version=4&rank_token=45169428424_22aee7b9-9b18-47c6-8ed3-a5513d63899c returned response: <Response [200]>
2020-12-31 12:44:23,292 - instabot version: 0.117.0 (api) - DEBUG - GET to endpoint: friendships/15041839142/following/?max_id=3300&ig_sig_key_version=4&rank_token=45169428424_22aee7b9-9b18-47c6-8ed3-a5513d63899c returned response: <Response [200]>
2020-12-31 12:44:24,381 - instabot version: 0.117.0 (api) - DEBUG - GET to endpoint: friendships/15041839142/following/?max_id=3400&ig_sig_key_version=4&rank_token=45169428424_22aee7b9-9b18-47c6-8ed3-a5513d63899c returned response: <Response [200]>
2020-12-31 12:44:25,411 - instabot version: 0.117.0 (api) - DEBUG - GET to endpoint: friendships/15041839142/following/?max_id=3500&ig_sig_key_version=4&rank_token=45169428424_22aee7b9-9b18-47c6-8ed3-a5513d63899c returned response: <Response [200]>
2020-12-31 12:44:26,221 - instabot version: 0.117.0 (api) - DEBUG - GET to endpoint: friendships/15041839142/following/?max_id=3600&ig_sig_key_version=4&rank_token=45169428424_22aee7b9-9b18-47c6-8ed3-a5513d63899c returned response: <Response [200]>
2020-12-31 12:44:27,142 - instabot version: 0.117.0 (api) - DEBUG - GET to endpoint: friendships/15041839142/following/?max_id=3700&ig_sig_key_version=4&rank_token=45169428424_22aee7b9-9b18-47c6-8ed3-a5513d63899c returned response: <Response [200]>
2020-12-31 12:44:27,972 - instabot version: 0.117.0 (api) - DEBUG - GET to endpoint: friendships/15041839142/following/?max_id=3800&ig_sig_key_version=4&rank_token=45169428424_22aee7b9-9b18-47c6-8ed3-a5513d63899c returned response: <Response [200]>
2020-12-31 12:44:28,892 - instabot version: 0.117.0 (api) - DEBUG - GET to endpoint: friendships/15041839142/following/?max_id=3900&ig_sig_key_version=4&rank_token=45169428424_22aee7b9-9b18-47c6-8ed3-a5513d63899c returned response: <Response [200]>
2020-12-31 12:44:29,778 - instabot version: 0.117.0 (api) - DEBUG - GET to endpoint: friendships/15041839142/following/?max_id=4000&ig_sig_key_version=4&rank_token=45169428424_22aee7b9-9b18-47c6-8ed3-a5513d63899c returned response: <Response [200]>
2020-12-31 12:44:31,341 - instabot version: 0.117.0 (api) - DEBUG - GET to endpoint: friendships/15041839142/following/?max_id=4100&ig_sig_key_version=4&rank_token=45169428424_22aee7b9-9b18-47c6-8ed3-a5513d63899c returned response: <Response [200]>
2020-12-31 12:44:32,271 - instabot version: 0.117.0 (api) - DEBUG - GET to endpoint: friendships/15041839142/following/?max_id=4200&ig_sig_key_version=4&rank_token=45169428424_22aee7b9-9b18-47c6-8ed3-a5513d63899c returned response: <Response [200]>
2020-12-31 12:44:33,202 - instabot version: 0.117.0 (api) - DEBUG - GET to endpoint: friendships/15041839142/following/?max_id=4300&ig_sig_key_version=4&rank_token=45169428424_22aee7b9-9b18-47c6-8ed3-a5513d63899c returned response: <Response [200]>
2020-12-31 12:44:35,145 - instabot version: 0.117.0 (api) - DEBUG - GET to endpoint: friendships/15041839142/following/?max_id=4400&ig_sig_key_version=4&rank_token=45169428424_22aee7b9-9b18-47c6-8ed3-a5513d63899c returned response: <Response [200]>
2020-12-31 12:44:36,831 - instabot version: 0.117.0 (api) - DEBUG - GET to endpoint: friendships/15041839142/following/?max_id=4500&ig_sig_key_version=4&rank_token=45169428424_22aee7b9-9b18-47c6-8ed3-a5513d63899c returned response: <Response [200]>
2020-12-31 12:44:37,702 - instabot version: 0.117.0 (api) - DEBUG - GET to endpoint: friendships/15041839142/following/?max_id=4600&ig_sig_key_version=4&rank_token=45169428424_22aee7b9-9b18-47c6-8ed3-a5513d63899c returned response: <Response [200]>
2020-12-31 12:44:38,622 - instabot version: 0.117.0 (api) - DEBUG - GET to endpoint: friendships/15041839142/following/?max_id=4700&ig_sig_key_version=4&rank_token=45169428424_22aee7b9-9b18-47c6-8ed3-a5513d63899c returned response: <Response [200]>
2020-12-31 12:44:39,552 - instabot version: 0.117.0 (api) - DEBUG - GET to endpoint: friendships/15041839142/following/?max_id=4800&ig_sig_key_version=4&rank_token=45169428424_22aee7b9-9b18-47c6-8ed3-a5513d63899c returned response: <Response [200]>
2020-12-31 12:44:41,075 - instabot version: 0.117.0 (api) - DEBUG - GET to endpoint: friendships/15041839142/following/?max_id=4900&ig_sig_key_version=4&rank_token=45169428424_22aee7b9-9b18-47c6-8ed3-a5513d63899c returned response: <Response [200]>
2020-12-31 12:44:41,119 - instabot version: 0.117.0 (bot_checkpoint) - DEBUG - Saving Checkpoint file to: D:\Programming Languages\03. Projects\Instagram Scrapper/config/randompy2020.checkpoint
2020-12-31 12:44:41,135 - instabot version: 0.117.0 (bot) - INFO - Total requests: 275
