2020-12-30 10:28:17,148 - instabot version: 0.117.0 (bot) - INFO - Instabot version: 0.117.0 Started
2020-12-30 10:28:17,148 - instabot version: 0.117.0 (bot) - DEBUG - Bot imported from C:\Users\LENOVO\AppData\Local\Programs\Python\Python38-32\lib\site-packages\instabot\bot\bot.py
2020-12-30 10:28:17,160 - instabot version: 0.117.0 (api_login) - DEBUG - Loading cookies
2020-12-30 10:28:17,160 - instabot version: 0.117.0 (api_login) - DEBUG - Loading uuids
2020-12-30 10:28:17,160 - instabot version: 0.117.0 (api_login) - INFO - Recovery from D:\Programming Languages\03. Projects\Instagram Scrapper/config/randompy2020_uuid_and_cookie.json: COOKIE True - UUIDs True - TIMING, DEVICE and ...
- user-agent=Instagram 117.0.0.28.123 Android (28/9.0; 420dpi; 1080x1920; OnePlus; ONEPLUS A3003; OnePlus3; qcom; en_US; 180322800)
- phone_id=6ec1115f-b830-409a-9e3a-b5fea365b8a0
- uuid=22aee7b9-9b18-47c6-8ed3-a5513d63899c
- client_session_id=c36d92c7-2b30-49c7-9156-2a3d2416fd9b
- device_id=android-e00652d37fc01327
2020-12-30 10:28:17,189 - instabot version: 0.117.0 (api_login) - INFO - LOGIN FLOW! Just logged-in: False
2020-12-30 10:28:18,436 - instabot version: 0.117.0 (api) - DEBUG - POST to endpoint: feed/timeline/ returned response: <Response [200]>
2020-12-30 10:28:19,112 - instabot version: 0.117.0 (api) - DEBUG - POST to endpoint: feed/reels_tray/ returned response: <Response [200]>
2020-12-30 10:28:19,290 - instabot version: 0.117.0 (api) - INFO - Logged-in successfully as 'randompy2020'!
2020-12-30 10:28:19,294 - instabot version: 0.117.0 (bot_checkpoint) - DEBUG - Loading Checkpoint file from: D:\Programming Languages\03. Projects\Instagram Scrapper/config/randompy2020.checkpoint
2020-12-30 10:28:23,494 - instabot version: 0.117.0 (api) - DEBUG - GET to endpoint: users/calcutta_bloggers/usernameinfo/ returned response: <Response [200]>
2020-12-30 10:28:25,045 - instabot version: 0.117.0 (api) - DEBUG - GET to endpoint: users/15041839142/info/ returned response: <Response [200]>
2020-12-30 10:28:25,611 - instabot version: 0.117.0 (api) - DEBUG - GET to endpoint: friendships/15041839142/followers/?rank_token=45169428424_22aee7b9-9b18-47c6-8ed3-a5513d63899c returned response: <Response [200]>
2020-12-30 10:28:26,181 - instabot version: 0.117.0 (api) - DEBUG - GET to endpoint: friendships/15041839142/followers/?rank_token=45169428424_22aee7b9-9b18-47c6-8ed3-a5513d63899c&max_id=QVFEWXl1Q0U3SFk2dDlvOG9YZTRqZHlEYzR0OEExeG1BV1NybTRlTTZ2QVF2RmdzX3lvRGpSemxsTlkyQ1ZWMjFGdGhqS2N5T0ZJM3dNVWRwMGZjc3BuQg== returned response: <Response [200]>
2020-12-30 10:28:26,709 - instabot version: 0.117.0 (api) - DEBUG - GET to endpoint: friendships/15041839142/followers/?rank_token=45169428424_22aee7b9-9b18-47c6-8ed3-a5513d63899c&max_id=QVFDYzZEOXg2RjJpQ19zX1ZYd3h6ajFtNE02NVdLU0xpakRQdWlLVG95aHoyb05mdXl6S0FUbi04ZjJGcy1NVzdVeWVTZS12VHE2LUZsbXZnOUthSHQ5ag== returned response: <Response [200]>
2020-12-30 10:28:27,267 - instabot version: 0.117.0 (api) - DEBUG - GET to endpoint: friendships/15041839142/followers/?rank_token=45169428424_22aee7b9-9b18-47c6-8ed3-a5513d63899c&max_id=QVFEdDEyTUs1QkMwazh1MUpVQ0ljaUdqQ1BnUGlDQl9aQUdFTlBQbEFrQWNjYktrYlM1M3NraTRmWG9aNVFrSUV3ZEh5TlMwNkwwU1BPU2prdHA3Yl9YVg== returned response: <Response [200]>
2020-12-30 10:28:27,743 - instabot version: 0.117.0 (api) - DEBUG - GET to endpoint: friendships/15041839142/followers/?rank_token=45169428424_22aee7b9-9b18-47c6-8ed3-a5513d63899c&max_id=QVFEb3JlOEhpdWtWZkRwQlJsXzJsU241T2Fad2pvbjM4aFZZVzlreWFvckRpb3VhZzJScnA1bzhmYWZCU00zeDcyczN2T2psSUthQ19udmlWLVJadWw2eQ== returned response: <Response [200]>
2020-12-30 10:28:28,213 - instabot version: 0.117.0 (api) - DEBUG - GET to endpoint: friendships/15041839142/followers/?rank_token=45169428424_22aee7b9-9b18-47c6-8ed3-a5513d63899c&max_id=QVFCQTQxejNkLVA3RkFrTlNteTZLeXdwaS1XS2U0VEZBY2lQTUtFRzR1YlVYVzJadnlEczQxMjVtR0ZoUVJ4Mi1MclZoMzdvR0ttalk3Wlo3T2pqU01hZA== returned response: <Response [200]>
2020-12-30 10:28:28,699 - instabot version: 0.117.0 (api) - DEBUG - GET to endpoint: friendships/15041839142/followers/?rank_token=45169428424_22aee7b9-9b18-47c6-8ed3-a5513d63899c&max_id=QVFDYU83YUlSUTl1MHRIaWc0Z2MxNUxUTmhCeE50dTgtcmk0RHFVbTk2ZnlGUDZUdHAwQXpmdEFhTUVPbUNqOGxYWHQ2X01iOGpaSHBTSVR3b1Y4UkdJVA== returned response: <Response [200]>
2020-12-30 10:28:29,217 - instabot version: 0.117.0 (api) - DEBUG - GET to endpoint: friendships/15041839142/followers/?rank_token=45169428424_22aee7b9-9b18-47c6-8ed3-a5513d63899c&max_id=QVFENmQ2WVd6Y3hVQUxodlBuQUtleUFCMU5rRXBNelNEY2RkQWdfaDJQOFhXa290MUlsdFZHUDNqQ3lhbXVmNUkwVVhiWVZ3SHh3el93RUlfLXNtemRXRw== returned response: <Response [200]>
2020-12-30 10:28:29,734 - instabot version: 0.117.0 (api) - DEBUG - GET to endpoint: friendships/15041839142/followers/?rank_token=45169428424_22aee7b9-9b18-47c6-8ed3-a5513d63899c&max_id=QVFBVVYweU5YVWo3eUx0TUZHUWRyNVhkY2pYcHhaRzRoNG5PcmgtZjhOVmZtaEFOUy1JQk0taUV4TGxXU3pONng3VzZmcEtBSkVNOGJSRlRPVTFubXp3ZA== returned response: <Response [200]>
2020-12-30 10:28:30,252 - instabot version: 0.117.0 (api) - DEBUG - GET to endpoint: friendships/15041839142/followers/?rank_token=45169428424_22aee7b9-9b18-47c6-8ed3-a5513d63899c&max_id=QVFBMUtWdzYtdTcwNTI3cGJLcHh5a3lwOEFFYWpiTmhGdjZmajh6NzVabnBjQ1lXQWtCSlJNcDFiZU9ab2lrMmxIMkhaXzB6d2Q0aUZMZmtucUtwdTEzNQ== returned response: <Response [200]>
2020-12-30 10:28:30,832 - instabot version: 0.117.0 (api) - DEBUG - GET to endpoint: friendships/15041839142/followers/?rank_token=45169428424_22aee7b9-9b18-47c6-8ed3-a5513d63899c&max_id=QVFEMGlNWmRRNUFTd0NpVmxDc1ZpQjlLOXUwbnVUSE1sOFVmTDVDNDFMaGthR1Q4OEFOTE90R3BUT3I5LWl2Q3duOEhGdGVLd0ZVOVBINkRBaTdYRUVMTQ== returned response: <Response [200]>
2020-12-30 10:28:31,333 - instabot version: 0.117.0 (api) - DEBUG - GET to endpoint: friendships/15041839142/followers/?rank_token=45169428424_22aee7b9-9b18-47c6-8ed3-a5513d63899c&max_id=QVFBaV9CLXpaWHlMdEhPb1Z2UFJYMDRkRjVZV3FHUXZiWXktcVFvZUFlVkZQblBBR3FqMWd1QnVtcU5UM3dnSktBMFRGblFidzVTU19UQndpaGhRcWl4eQ== returned response: <Response [200]>
2020-12-30 10:28:31,896 - instabot version: 0.117.0 (api) - DEBUG - GET to endpoint: friendships/15041839142/followers/?rank_token=45169428424_22aee7b9-9b18-47c6-8ed3-a5513d63899c&max_id=QVFBYmRnVzFsd3BSLVQ1Rlpfa1pfRkNOcGptOXRWUzNSb0NrZ0xaY1kxZW1jNzk0UU10QTVENi1pTEI5ZF82RXoybzlpaU5zMUg3cDJVMWZBSFlRdjZXbw== returned response: <Response [200]>
2020-12-30 10:28:32,541 - instabot version: 0.117.0 (api) - DEBUG - GET to endpoint: friendships/15041839142/followers/?rank_token=45169428424_22aee7b9-9b18-47c6-8ed3-a5513d63899c&max_id=QVFEczhfYU1TOWxHekZVZklJS0doUjRLTFpZQ3ZfaGxqT21oY09tY2FPMVgzSmxJblhuUDdMNnJjeThQM0Q3eXVqaEtyelJTdDh4RjBlWEhtbTIzQmJRMA== returned response: <Response [200]>
2020-12-30 10:28:33,142 - instabot version: 0.117.0 (api) - DEBUG - GET to endpoint: friendships/15041839142/followers/?rank_token=45169428424_22aee7b9-9b18-47c6-8ed3-a5513d63899c&max_id=QVFCQlA2SmtCZFJ3cmE3ZnNpWklURURlbW1pN1J5UExCVk03anhhQmhMVFg2eFE5bkRNM1FQX2M5Qm10b3RNSV9xTGtpMk5XRVcwU3lleno4Rk90YTYtZw== returned response: <Response [200]>
2020-12-30 10:28:33,960 - instabot version: 0.117.0 (api) - DEBUG - GET to endpoint: friendships/15041839142/followers/?rank_token=45169428424_22aee7b9-9b18-47c6-8ed3-a5513d63899c&max_id=QVFBZXJYUDRUQk9LVnNjLW0wNElxR3dWaS1HUDctOGVZczIwM0FrQm9yN2lsbTJEUjItLXk4OEU1cUdidlBQMlVZcnYtYkM2X21CdUFhZ3pBX01BWTNzcg== returned response: <Response [200]>
2020-12-30 10:28:34,468 - instabot version: 0.117.0 (api) - DEBUG - GET to endpoint: friendships/15041839142/followers/?rank_token=45169428424_22aee7b9-9b18-47c6-8ed3-a5513d63899c&max_id=QVFCQ18yVEdweDBMeXVBcjg1WTVLQXdfMVFRdUhkYldSdWNqdkdOcGVFNm1qZksyeGhuUjlvX2FKTmh0NDJjVGxESDlMSWw1am05cHhlTy1UcDRoX2pkWg== returned response: <Response [200]>
2020-12-30 10:28:35,045 - instabot version: 0.117.0 (api) - DEBUG - GET to endpoint: friendships/15041839142/followers/?rank_token=45169428424_22aee7b9-9b18-47c6-8ed3-a5513d63899c&max_id=QVFEaGhhUEpkd0k4akowclAtS0ZwY1R6ekZhc1JrX2NxXzM2U0hvbnU3Mzc2MFExaENaVlY5bHVZelZnZUN5czVWNkZ0ZTFPMkNNckVDeFpSTXBkNnZDeg== returned response: <Response [200]>
2020-12-30 10:28:35,566 - instabot version: 0.117.0 (api) - DEBUG - GET to endpoint: friendships/15041839142/followers/?rank_token=45169428424_22aee7b9-9b18-47c6-8ed3-a5513d63899c&max_id=QVFBY2pEMVVLT1d4dVZiMjNsVEdxd2RmYTgyMFE5VmVVeEZZNjhuQlN5RjJ0dEJZZ0hncGxnLW1GVk9sWFZNZklOSGlEejg0ZjJ3UEc4eFZFai1rSGY1Sg== returned response: <Response [200]>
2020-12-30 10:28:36,111 - instabot version: 0.117.0 (api) - DEBUG - GET to endpoint: friendships/15041839142/followers/?rank_token=45169428424_22aee7b9-9b18-47c6-8ed3-a5513d63899c&max_id=QVFDalVzVXR0ajZJMmpReGJjTndtX3FRMlAxeTVXcTFBQzVlS3RabXVJMzlRTFNpVkt0NzlUMzF1bzRpdkZmVG5rcFlUTDdtUENnZXhJYl9vZlJzMlJXYQ== returned response: <Response [200]>
2020-12-30 10:28:36,647 - instabot version: 0.117.0 (api) - DEBUG - GET to endpoint: friendships/15041839142/followers/?rank_token=45169428424_22aee7b9-9b18-47c6-8ed3-a5513d63899c&max_id=QVFBUERkM2lHS0hDM3djcFIzeUhSMlBmRFB5MUhOVEF5ZXhxYnd0STZaSENEZC1hX1dxR095NVZyUFlQQmxqM2FxRS1FNnZEV25BelkwT0pManZxTDI0Nw== returned response: <Response [200]>
2020-12-30 10:28:37,838 - instabot version: 0.117.0 (api) - DEBUG - GET to endpoint: friendships/15041839142/followers/?rank_token=45169428424_22aee7b9-9b18-47c6-8ed3-a5513d63899c&max_id=QVFDa1poUHBNY0RXc0RGZjE1YnNSSWhxakxWcy1CN2FkZldYdXNrdHRpbHYzYnFCbkg2NlVPSHVYdXBUMWQ1V1pGZG5zM2cyV3FtS0tkd3RsU0xkWUtpNA== returned response: <Response [200]>
2020-12-30 10:28:38,387 - instabot version: 0.117.0 (api) - DEBUG - GET to endpoint: friendships/15041839142/followers/?rank_token=45169428424_22aee7b9-9b18-47c6-8ed3-a5513d63899c&max_id=QVFBY2xZLXRveENOTU94MkNocHRoWHd2Z21oNXh6Sk1CRGxwVUhoNlVOSUhaNjdSaUJZNEJXb0lXaGhQLWhYOXpRUjFxanJlaWRReEZabHl0bVpJeXJHaQ== returned response: <Response [200]>
2020-12-30 10:28:38,890 - instabot version: 0.117.0 (api) - DEBUG - GET to endpoint: friendships/15041839142/followers/?rank_token=45169428424_22aee7b9-9b18-47c6-8ed3-a5513d63899c&max_id=QVFBSV8tWERhVldYSEw4SjNnejRKY0w2THBWUVFXaE10d3VXWUd1UkZNQ01nWHVWVUtmSWNNQllxMXV0bUFoc0VDdDJfNVhGc3dNT21YcnVDaEVPNDJOMw== returned response: <Response [200]>
2020-12-30 10:28:39,486 - instabot version: 0.117.0 (api) - DEBUG - GET to endpoint: friendships/15041839142/followers/?rank_token=45169428424_22aee7b9-9b18-47c6-8ed3-a5513d63899c&max_id=QVFCMDQ2ZlJCZ21TQ2U3YU9EZDU2ajgyM2p1UlJ4cXBUdlI0QmE0b2JoVDNfT1hfclN5Z2Fidkc3eFc5UzBsRy11SGxZMmxEcy1LQUllc3pXdHNwTkRQcA== returned response: <Response [200]>
2020-12-30 10:28:40,016 - instabot version: 0.117.0 (api) - DEBUG - GET to endpoint: friendships/15041839142/followers/?rank_token=45169428424_22aee7b9-9b18-47c6-8ed3-a5513d63899c&max_id=QVFEaGRjWFRtVzItWVpPU0xsQWVoOU5Ob1g5V0ttMWVWRUpDUlN4d3lHNmpVSzlLR2ZYNE5fSzVPT3pDUkJ2MGU2OUVlZUY3UDFrWXRoODk1VVgtNVV3OA== returned response: <Response [200]>
2020-12-30 10:28:40,521 - instabot version: 0.117.0 (api) - DEBUG - GET to endpoint: friendships/15041839142/followers/?rank_token=45169428424_22aee7b9-9b18-47c6-8ed3-a5513d63899c&max_id=QVFCRlNCdmdmYXJjRzBTdTZtRVlfLU1yTTduaFI5LVRSQXBLQng0OVdiRUJXM19yd21OSVhWM1dqS2tvYi1hNUhtS3hlbTlDeEsxR2FxZmVHQ0x6VnFYcw== returned response: <Response [200]>
2020-12-30 10:28:41,000 - instabot version: 0.117.0 (api) - DEBUG - GET to endpoint: friendships/15041839142/followers/?rank_token=45169428424_22aee7b9-9b18-47c6-8ed3-a5513d63899c&max_id=QVFDTTRFcDMxNXZXc1JrUm1HTlFIN2NsWkxnMEh1ZkY4RG4xY3M3Q09JT0Q4MWxpLWxCRlpqem1jcTVRWC1OWVRyYWJBNUtxWDl0TmxsMVhvZjJWR0lDUg== returned response: <Response [200]>
2020-12-30 10:28:41,586 - instabot version: 0.117.0 (api) - DEBUG - GET to endpoint: friendships/15041839142/followers/?rank_token=45169428424_22aee7b9-9b18-47c6-8ed3-a5513d63899c&max_id=QVFCcUVQeVNxM1JpX1VSSzh4TUtyZkIwX01reExud3hVUTVVWUc5RktEamhoWTQ1WDlSVHlBUG9KVkxGc0ZTOG8wWnloX3AtNkNjMmFjX0RWZDhfTldkRw== returned response: <Response [200]>
2020-12-30 10:28:42,171 - instabot version: 0.117.0 (api) - DEBUG - GET to endpoint: friendships/15041839142/followers/?rank_token=45169428424_22aee7b9-9b18-47c6-8ed3-a5513d63899c&max_id=QVFBS19fR3VqNVAyT1ZkMmxWWTRYUEd4STB5RjktZUk3SnpBRWFaWFdWSTdyX2NfazlUd2owUjVRQkpYaG0zcjVlMnpPVHEyY0xMdlNUYzJPWjBRR0xZUA== returned response: <Response [200]>
2020-12-30 10:28:42,714 - instabot version: 0.117.0 (api) - DEBUG - GET to endpoint: friendships/15041839142/followers/?rank_token=45169428424_22aee7b9-9b18-47c6-8ed3-a5513d63899c&max_id=QVFCb3FnSVdqTkMwak9ibndzVzR3NGl4bmJFaDZLZVhsZ0hkWmQxQzRTNDVidVlnbzcxY0FOZlI2b015UUNYSFp3U0F0UmxadlBuNHRxMkRzQkZtc3JGOA== returned response: <Response [200]>
2020-12-30 10:28:43,329 - instabot version: 0.117.0 (api) - DEBUG - GET to endpoint: friendships/15041839142/followers/?rank_token=45169428424_22aee7b9-9b18-47c6-8ed3-a5513d63899c&max_id=QVFBUS03NjRYQXQ0eTNiWThuaXEzb19hNWo3OTR2YUVyQ2cwOWNtWUZCTGZCNzk4UENjVjlpUmY2Z3E4WHNXWC1VdnJmMnAxdWFfZFN5a1NCWFhvRW5WSA== returned response: <Response [200]>
2020-12-30 10:28:43,876 - instabot version: 0.117.0 (api) - DEBUG - GET to endpoint: friendships/15041839142/followers/?rank_token=45169428424_22aee7b9-9b18-47c6-8ed3-a5513d63899c&max_id=QVFBb3pvX1NWcEhaRm5aeVZ2Ui04eTR1Ui11Ni0wdjFRaFFWT0VRLUE5bzF4MlJPTnBjQi05Z2Rnd1gyWFQxOFBzRzFDaWpJSE53eUR6ZkxmYWRtTUdSYg== returned response: <Response [200]>
2020-12-30 10:28:44,364 - instabot version: 0.117.0 (api) - DEBUG - GET to endpoint: friendships/15041839142/followers/?rank_token=45169428424_22aee7b9-9b18-47c6-8ed3-a5513d63899c&max_id=QVFBYy1Ob0dIX1lGTmdVdFlHNmx6OVMwTU15ZjZQV25CSFVpNDlERUR4QmZ0cHAwVnhGVE1ZOV9VTnJJMmhhbkZPdTFHWDI1dUNQOGJLMVN1dVIzbEI3Ng== returned response: <Response [200]>
2020-12-30 10:28:45,021 - instabot version: 0.117.0 (api) - DEBUG - GET to endpoint: friendships/15041839142/followers/?rank_token=45169428424_22aee7b9-9b18-47c6-8ed3-a5513d63899c&max_id=QVFBemVjZFEydFNUc0V6R1dxM3VzNzExNnFzdWFPT2hfNFRLTk5WTFNNcVp0bHY3V2I2ZkxEa0wyeWJMR3NERFZUTEV2dmtURGZXUXNTd0hqRlFiV201ZQ== returned response: <Response [200]>
2020-12-30 10:28:45,527 - instabot version: 0.117.0 (api) - DEBUG - GET to endpoint: friendships/15041839142/followers/?rank_token=45169428424_22aee7b9-9b18-47c6-8ed3-a5513d63899c&max_id=QVFDQzlFYi13b3RIUjFtUldwUENJREhNX01tRkNHR2lZNnBDMDlNMmEzdkphYjU4c3h2MDI3OVZkY05QdFJfc0RRd1Y0UnRsd1BNVW9MOEFwQktnc1psVA== returned response: <Response [200]>
2020-12-30 10:28:46,077 - instabot version: 0.117.0 (api) - DEBUG - GET to endpoint: friendships/15041839142/followers/?rank_token=45169428424_22aee7b9-9b18-47c6-8ed3-a5513d63899c&max_id=QVFBeXVMNF9GM3FER1lwMl84aThNdGhiZWhZY1ZySnhPaUVTSzRFNXJOaDVVcGFXUXBzX1FvUURSMUJYQTZiMmhyYW9ZbDRrOE5udnlSaTVqem01ZWtXag== returned response: <Response [200]>
2020-12-30 10:28:46,605 - instabot version: 0.117.0 (api) - DEBUG - GET to endpoint: friendships/15041839142/followers/?rank_token=45169428424_22aee7b9-9b18-47c6-8ed3-a5513d63899c&max_id=QVFEMTZ1ZG03alkyQXBpQTVIUzVKS054NTBXOUQ4YVk1OGNtamRfcWJwS2tLRmhUMlZBQ3hTUExPZHpwRXNHdVlORFlMRTlBbFpuSmxzdVE4TUNxdUcydQ== returned response: <Response [200]>
2020-12-30 10:28:47,125 - instabot version: 0.117.0 (api) - DEBUG - GET to endpoint: friendships/15041839142/followers/?rank_token=45169428424_22aee7b9-9b18-47c6-8ed3-a5513d63899c&max_id=QVFBSGRnYWVkdHM5bzEyYXg4clZuMk1JWXhSdmFqTGJBVUk1UDUwMGQxQnp0Y3hoNWw0VGNNN3BBbC1PclJTRkRTel93SVVtZ1dpWWZ4VExYc3ozcEkxcA== returned response: <Response [200]>
2020-12-30 10:28:47,655 - instabot version: 0.117.0 (api) - DEBUG - GET to endpoint: friendships/15041839142/followers/?rank_token=45169428424_22aee7b9-9b18-47c6-8ed3-a5513d63899c&max_id=QVFBMWNpTTJYSzRBaEhJc2p5eTJEMnl4dFVvRHR4X2pJbGVrd3d6QTE1ZnlYS2E5RDBuZ0I3M3I3aEpNd2t3RzFuUE1YQmpJa0pBbEdiYVJ2OWI2dlozYw== returned response: <Response [200]>
2020-12-30 10:28:48,249 - instabot version: 0.117.0 (api) - DEBUG - GET to endpoint: friendships/15041839142/followers/?rank_token=45169428424_22aee7b9-9b18-47c6-8ed3-a5513d63899c&max_id=QVFCd1M3UTZaOVlOd0wzdmEtUFVROWJSaC02OEs2bWxmZ1R6TW1IS0Q2cE9WUTJDVEx6TlpPbkw0WG5KUzJ4eUZOZzRuOHpsRlczTEpuZVFOWldRek8zZw== returned response: <Response [200]>
2020-12-30 10:28:48,738 - instabot version: 0.117.0 (api) - DEBUG - GET to endpoint: friendships/15041839142/followers/?rank_token=45169428424_22aee7b9-9b18-47c6-8ed3-a5513d63899c&max_id=QVFDR2V0YkRkT19xeXp5YUlzb213UWlZLVUtLWcxMHM3TjgyQjZrdC1RRk5CdnB6RGpFYjdVejJSNy1XVFpua09lQjlpNTdyN3M5RXlkVnNZOHFEbDM0aQ== returned response: <Response [200]>
2020-12-30 10:28:49,472 - instabot version: 0.117.0 (api) - DEBUG - GET to endpoint: friendships/15041839142/followers/?rank_token=45169428424_22aee7b9-9b18-47c6-8ed3-a5513d63899c&max_id=QVFCaXc0TmhSUkhmRWUxTUR3bHMtSDl0am9UX3pHTTl3aW9JRmxTS3RseV9JNVZMdmdHZTlDMmtkY2c0N09jcUtNZW1VN19vRjRYS29mMUNPbTBweVZmaw== returned response: <Response [200]>
2020-12-30 10:28:50,000 - instabot version: 0.117.0 (api) - DEBUG - GET to endpoint: friendships/15041839142/followers/?rank_token=45169428424_22aee7b9-9b18-47c6-8ed3-a5513d63899c&max_id=QVFDNVJwdTFkN3laVXVPQ0M2QWgwYlpHVzdnUVNhOHR1NWtiZl9ESFJvVEdSV0ZBNEZVM1hycFI4TEVuc3QyZkhyYjRzN1NDSl9LcmtCV3RuYWJDVHBRSA== returned response: <Response [200]>
2020-12-30 10:28:50,586 - instabot version: 0.117.0 (api) - DEBUG - GET to endpoint: friendships/15041839142/followers/?rank_token=45169428424_22aee7b9-9b18-47c6-8ed3-a5513d63899c&max_id=QVFEdTNFbDVMUzlaX3pBdlJQdWJtRTFwZ1R4R1h5al9kaHBVd2ZnSGw4ZFhhU2FpSTF0cUpxdlRkTTVzb3hobzJ1cVdnYW1uYzFiYlhUNXBrTDlqNXY5Ng== returned response: <Response [200]>
2020-12-30 10:28:51,228 - instabot version: 0.117.0 (api) - DEBUG - GET to endpoint: friendships/15041839142/followers/?rank_token=45169428424_22aee7b9-9b18-47c6-8ed3-a5513d63899c&max_id=QVFBRlE1YUFiVXJBQ0JYV3Q3TWxjeWU0TGJFc3JraUJSMGhGRk56T0JlZ2haVmV4YnlacUZaWHVJcENTaHZZVnJueTlTSHp5Q3hEWXh2dXpUTEdaUkpxdw== returned response: <Response [200]>
2020-12-30 10:28:51,715 - instabot version: 0.117.0 (api) - DEBUG - GET to endpoint: friendships/15041839142/followers/?rank_token=45169428424_22aee7b9-9b18-47c6-8ed3-a5513d63899c&max_id=QVFCaWdETzJpWDRMQTBLUlBwUDNXb1ZLS3dzM2lsRi1fUExFUW04a3V1ZGRvWnJLUEYwdTZraUtMRmZ6dzVFcEdmWkEzSXVBZ00zT3NUb21yZVJLOTE4YQ== returned response: <Response [200]>
2020-12-30 10:28:52,227 - instabot version: 0.117.0 (api) - DEBUG - GET to endpoint: friendships/15041839142/followers/?rank_token=45169428424_22aee7b9-9b18-47c6-8ed3-a5513d63899c&max_id=QVFBU2tnSW05U08tZ2RUZDAwejQyNW9pUzlyRkN2dzBnellGTExCT2pRa0g4SDZGQ1I2bW95dzFjcWhmZVNRNXZJWEhLZU5OUVBlYm90TVVuMEFibDRQTA== returned response: <Response [200]>
2020-12-30 10:28:52,827 - instabot version: 0.117.0 (api) - DEBUG - GET to endpoint: friendships/15041839142/followers/?rank_token=45169428424_22aee7b9-9b18-47c6-8ed3-a5513d63899c&max_id=QVFCdUhCLVFrbElyQUhsaW90VGJzS0U2MW1nekp5TUJ4YnVkS1QtUTM1RDczc2I1bGRndi1QZUl2QlBVM3FkY0Fra04xS2hpb2pNZVhvTmJmbHY2Q1Z3NA== returned response: <Response [200]>
2020-12-30 10:28:53,360 - instabot version: 0.117.0 (api) - DEBUG - GET to endpoint: friendships/15041839142/followers/?rank_token=45169428424_22aee7b9-9b18-47c6-8ed3-a5513d63899c&max_id=QVFDN0Z0eEFLOEw0RWJLRWJ1cjU5RGhBUjItY0xna0JJdHVGSkU5bkJXWWEtX3FKZWVuemlmSmZPMW5WRjJwbWdsZDJES25YVUtxMzVuMmNXd0loNmtFcA== returned response: <Response [200]>
2020-12-30 10:28:54,419 - instabot version: 0.117.0 (api) - DEBUG - GET to endpoint: friendships/15041839142/followers/?rank_token=45169428424_22aee7b9-9b18-47c6-8ed3-a5513d63899c&max_id=QVFEM1luN19kYzZCTzBLd1RSTUJGRThpN1pTbDMxSTdsdnUyMWNHZlBYUjZiTlpybHV6aVM3cVNwZHhPVGFxYmZZUjFiUjhrTmlhLTYzaUwwZmlVbFM3bw== returned response: <Response [200]>
2020-12-30 10:28:54,913 - instabot version: 0.117.0 (api) - DEBUG - GET to endpoint: friendships/15041839142/followers/?rank_token=45169428424_22aee7b9-9b18-47c6-8ed3-a5513d63899c&max_id=QVFBdlpibE1PS0tFOUJHMXk3bUk3bENpelRNOWpudjdUdk1rSmR2ekdCZUgzYVZBUk0xaFM0YjRZZXUzbFRoeXhObWFjX2xJZ1lsOTNXNGdGN01FbWdvdg== returned response: <Response [200]>
2020-12-30 10:28:55,428 - instabot version: 0.117.0 (api) - DEBUG - GET to endpoint: friendships/15041839142/followers/?rank_token=45169428424_22aee7b9-9b18-47c6-8ed3-a5513d63899c&max_id=QVFEbmxCT0c2WnEzTzZWWlc4Z0JXTGNHb25wV0xlUV81OWhFUGxSdEdGTDlwWnRSYWdVRnNkQXdLR3dSUVlveElRM190WDlBVEh3UHNURWVIRldVWnNsWQ== returned response: <Response [200]>
2020-12-30 10:28:55,936 - instabot version: 0.117.0 (api) - DEBUG - GET to endpoint: friendships/15041839142/followers/?rank_token=45169428424_22aee7b9-9b18-47c6-8ed3-a5513d63899c&max_id=QVFDamdBUEtheDMxU3I2YWtmaS11aV80V1RSTkRYNFdoWkQ3TFhETW9WVUZueUJuVW9zUUd6WmhZcDBLY0laZ2RSdFFTM3ZEaUFORGtqMFRMb0xvbDU0NA== returned response: <Response [200]>
2020-12-30 10:28:56,656 - instabot version: 0.117.0 (api) - DEBUG - GET to endpoint: friendships/15041839142/followers/?rank_token=45169428424_22aee7b9-9b18-47c6-8ed3-a5513d63899c&max_id=QVFBMVB1UnV1T3FrLTdtX3FKSGJ2YUxnOXd1b25FbUFPem0wem51N2VWV2tnQ2NlbHJtZ0lhS2ZzZjhhQkRRN1kwRFJ3bDVBenIxNzFiQmJUblZQUHF5Vw== returned response: <Response [200]>
2020-12-30 10:28:57,170 - instabot version: 0.117.0 (api) - DEBUG - GET to endpoint: friendships/15041839142/followers/?rank_token=45169428424_22aee7b9-9b18-47c6-8ed3-a5513d63899c&max_id=QVFCU0lvdUVHYVR4b1VOZlhGRFdMcVlxUUF1OWd2bnlfLUJJTDlZcGdaczYwZGFDTm04VnJmLW9HWWVFT3FSU0R3SVVUTlI5SmVnLWFTYktIbDBiU2pPYQ== returned response: <Response [200]>
2020-12-30 10:28:58,192 - instabot version: 0.117.0 (api) - DEBUG - GET to endpoint: friendships/15041839142/followers/?rank_token=45169428424_22aee7b9-9b18-47c6-8ed3-a5513d63899c&max_id=QVFBRTJncDhBN3F6U3ZLdW5iaXJkVDdXdHpaMEQyaFJRM1BWd21kMi1fRTAxOTgzWWNIb0k5OTBfVnRGRGlfU3E0T280aDhRcFdiWkRTT0tLeVdVemxZWA== returned response: <Response [200]>
2020-12-30 10:28:58,693 - instabot version: 0.117.0 (api) - DEBUG - GET to endpoint: friendships/15041839142/followers/?rank_token=45169428424_22aee7b9-9b18-47c6-8ed3-a5513d63899c&max_id=QVFBdVpHM2cwSG1aOFhSbW9HQmJrZHlockdzQjhKOVlaREE0d040OXRTdl9xRTEzT19qNlM2MTdJYUl4aHo0WmMtVkd6cDhnWDRHMjhHc1JaRHp4V1J2Zg== returned response: <Response [200]>
2020-12-30 10:28:59,320 - instabot version: 0.117.0 (api) - DEBUG - GET to endpoint: friendships/15041839142/followers/?rank_token=45169428424_22aee7b9-9b18-47c6-8ed3-a5513d63899c&max_id=QVFERk42amhCckRzdk1vc1lMMll4SEdybGhERF83a2ZyT0UwUVdEUFF1YWpMRGI3UmhieHN4TUJOUTV0cVk3Nng2VDFXYnFfTXZ1MjFHZEhjb1NCRjdEVA== returned response: <Response [200]>
2020-12-30 10:28:59,792 - instabot version: 0.117.0 (api) - DEBUG - GET to endpoint: friendships/15041839142/followers/?rank_token=45169428424_22aee7b9-9b18-47c6-8ed3-a5513d63899c&max_id=QVFDclJMdXFoWmtZR3ctNWJ3T0U4WDctWEpsMkgtcFVpT0ViU2ZpcG10WHh2cktEWVdyUTI2QlJLRjJMRHN1SFZDb1NpSDE5QUY2VDJKN0xfaV8zd0tnMA== returned response: <Response [200]>
2020-12-30 10:29:00,386 - instabot version: 0.117.0 (api) - DEBUG - GET to endpoint: friendships/15041839142/followers/?rank_token=45169428424_22aee7b9-9b18-47c6-8ed3-a5513d63899c&max_id=QVFCNlFlVjFoOVE1bkZNNk9zWHBJQ0hrZk1xYzhyS3ZicENrY0V3eFhKYy1WY0JvY3Zxc1VKVDZMSERLaVFYN3oyQzI0OUZiSlVZYnpYRFRhUWVqMmdXMA== returned response: <Response [200]>
2020-12-30 10:29:00,886 - instabot version: 0.117.0 (api) - DEBUG - GET to endpoint: friendships/15041839142/followers/?rank_token=45169428424_22aee7b9-9b18-47c6-8ed3-a5513d63899c&max_id=QVFDTV90dHMxMlphM1FxUjhPZFAzQmFHcVFTay00WWNKRzVGUVliOXRiVGNGZUtjNExodGg5YjBxNlgxZVJzUXc1d2N3azlWLU9hWWxxMmd2REhIaElkWQ== returned response: <Response [200]>
2020-12-30 10:29:01,500 - instabot version: 0.117.0 (api) - DEBUG - GET to endpoint: friendships/15041839142/followers/?rank_token=45169428424_22aee7b9-9b18-47c6-8ed3-a5513d63899c&max_id=QVFEcnZlTXUzN0ttQzIzY0JWLW9yM3Roc0tsNVZPYnpPYTVnSVpMc1BtNkhFeWc4NW00VWZmZE5abUcwdzkyNEhWOEJPSnRoZ3lOMFMxZzI5LUlKMGR1Mg== returned response: <Response [200]>
2020-12-30 10:29:02,043 - instabot version: 0.117.0 (api) - DEBUG - GET to endpoint: friendships/15041839142/followers/?rank_token=45169428424_22aee7b9-9b18-47c6-8ed3-a5513d63899c&max_id=QVFEMHdZdUpDbGlPRDVMd0tjWnZFWGNJQnE4bWhacVl4VWhRMVVTbW85Z2VjaWhQTHE2TF9EcG9GZ0Z6cWpSeVdvVDRGS0dENGpBYzA5SDlHYVBXcVpSQQ== returned response: <Response [200]>
2020-12-30 10:29:02,565 - instabot version: 0.117.0 (api) - DEBUG - GET to endpoint: friendships/15041839142/followers/?rank_token=45169428424_22aee7b9-9b18-47c6-8ed3-a5513d63899c&max_id=QVFETHdfSGZOOWUxdVhFYm4zOGpOSWN2cmhyUkNDS2t3NEZvbUZkMXh6bl9YY2E2bUVnbm15OFRjajI1ZHF2Q2NlaW9INTZIcDA2M2xweWhmNFhBcmh3Tg== returned response: <Response [200]>
2020-12-30 10:29:03,145 - instabot version: 0.117.0 (api) - DEBUG - GET to endpoint: friendships/15041839142/followers/?rank_token=45169428424_22aee7b9-9b18-47c6-8ed3-a5513d63899c&max_id=QVFDUE9RLU0zd3BveHotSTdxdjAtWWVic0toM2RkUWx6OTdMWElMZ0s1XzhZMjBpa0Jqa2VvMTIyTW5SU1VuT0RFTlpOeF9wdE1GTmw1aTB5U21GSGpxMg== returned response: <Response [200]>
2020-12-30 10:29:03,631 - instabot version: 0.117.0 (api) - DEBUG - GET to endpoint: friendships/15041839142/followers/?rank_token=45169428424_22aee7b9-9b18-47c6-8ed3-a5513d63899c&max_id=QVFDZTlDdGkzMk1NVk05TVRnQUZ5b1ZabWo4ZDZwSHNDYW94ZGFWcnZjVkdmYV9EOTFTeFZtNFBjRTM5cEg2RnFNUlVnWHRpbFNZS0laLXdDTktFVk0xbQ== returned response: <Response [200]>
2020-12-30 10:29:04,117 - instabot version: 0.117.0 (api) - DEBUG - GET to endpoint: friendships/15041839142/followers/?rank_token=45169428424_22aee7b9-9b18-47c6-8ed3-a5513d63899c&max_id=QVFEdkVXN2NXM2lfWVI5TEhsWWZndTdoTWk0eENCWXZxQjY1WXloMU1NUWU0QjlORjkzZUpNeWtVX1NIa3pMT1p2UDh2VUd1SDNnOXgwOHNnRi1xSmJrZQ== returned response: <Response [200]>
2020-12-30 10:29:05,388 - instabot version: 0.117.0 (api) - DEBUG - GET to endpoint: users/4793831117/info/ returned response: <Response [200]>
2020-12-30 10:29:06,100 - instabot version: 0.117.0 (api) - DEBUG - GET to endpoint: users/12258472834/info/ returned response: <Response [200]>
2020-12-30 10:29:06,892 - instabot version: 0.117.0 (api) - DEBUG - GET to endpoint: users/6292630425/info/ returned response: <Response [200]>
2020-12-30 10:29:07,753 - instabot version: 0.117.0 (api) - DEBUG - GET to endpoint: users/18312173385/info/ returned response: <Response [200]>
2020-12-30 10:29:08,798 - instabot version: 0.117.0 (api) - DEBUG - GET to endpoint: users/4000074936/info/ returned response: <Response [200]>
2020-12-30 10:29:09,622 - instabot version: 0.117.0 (api) - DEBUG - GET to endpoint: users/4264807513/info/ returned response: <Response [200]>
2020-12-30 10:29:12,022 - instabot version: 0.117.0 (api) - DEBUG - GET to endpoint: users/14070827268/info/ returned response: <Response [200]>
2020-12-30 10:29:12,725 - instabot version: 0.117.0 (api) - DEBUG - GET to endpoint: users/7051558080/info/ returned response: <Response [200]>
2020-12-30 10:29:13,337 - instabot version: 0.117.0 (api) - DEBUG - GET to endpoint: users/12007189273/info/ returned response: <Response [200]>
2020-12-30 10:29:14,167 - instabot version: 0.117.0 (api) - DEBUG - GET to endpoint: users/8524605728/info/ returned response: <Response [200]>
2020-12-30 10:29:15,201 - instabot version: 0.117.0 (api) - DEBUG - GET to endpoint: users/10882348746/info/ returned response: <Response [200]>
2020-12-30 10:29:16,017 - instabot version: 0.117.0 (api) - DEBUG - GET to endpoint: users/15173302970/info/ returned response: <Response [200]>
2020-12-30 10:29:16,912 - instabot version: 0.117.0 (api) - DEBUG - GET to endpoint: users/6987070290/info/ returned response: <Response [200]>
2020-12-30 10:29:17,461 - instabot version: 0.117.0 (api) - DEBUG - GET to endpoint: users/3744192291/info/ returned response: <Response [200]>
2020-12-30 10:29:18,158 - instabot version: 0.117.0 (api) - DEBUG - GET to endpoint: users/2160485873/info/ returned response: <Response [200]>
2020-12-30 10:29:35,797 - instabot version: 0.117.0 (api) - DEBUG - GET to endpoint: users/3144968560/info/ returned response: <Response [200]>
2020-12-30 10:29:36,459 - instabot version: 0.117.0 (api) - DEBUG - GET to endpoint: users/1394834371/info/ returned response: <Response [200]>
2020-12-30 10:29:37,216 - instabot version: 0.117.0 (api) - DEBUG - GET to endpoint: users/11843538698/info/ returned response: <Response [200]>
2020-12-30 10:29:38,207 - instabot version: 0.117.0 (api) - DEBUG - GET to endpoint: users/17374342065/info/ returned response: <Response [200]>
2020-12-30 10:29:38,909 - instabot version: 0.117.0 (api) - DEBUG - GET to endpoint: users/5670951480/info/ returned response: <Response [200]>
2020-12-30 10:29:41,427 - instabot version: 0.117.0 (api) - DEBUG - GET to endpoint: users/6771916591/info/ returned response: <Response [200]>
2020-12-30 10:29:42,785 - instabot version: 0.117.0 (api) - DEBUG - GET to endpoint: users/18281632289/info/ returned response: <Response [200]>
2020-12-30 10:29:43,413 - instabot version: 0.117.0 (api) - DEBUG - GET to endpoint: users/13707850706/info/ returned response: <Response [200]>
2020-12-30 10:29:44,269 - instabot version: 0.117.0 (api) - DEBUG - GET to endpoint: users/5577657145/info/ returned response: <Response [200]>
2020-12-30 10:29:45,617 - instabot version: 0.117.0 (api) - DEBUG - GET to endpoint: users/15720289011/info/ returned response: <Response [200]>
2020-12-30 10:29:46,260 - instabot version: 0.117.0 (api) - DEBUG - GET to endpoint: users/14317905203/info/ returned response: <Response [200]>
2020-12-30 10:29:46,857 - instabot version: 0.117.0 (api) - DEBUG - GET to endpoint: users/3280232874/info/ returned response: <Response [200]>
2020-12-30 10:29:47,686 - instabot version: 0.117.0 (api) - DEBUG - GET to endpoint: users/15874026969/info/ returned response: <Response [200]>
2020-12-30 10:29:48,346 - instabot version: 0.117.0 (api) - DEBUG - GET to endpoint: users/17218497510/info/ returned response: <Response [200]>
2020-12-30 10:29:49,413 - instabot version: 0.117.0 (api) - DEBUG - GET to endpoint: users/3693018738/info/ returned response: <Response [200]>
2020-12-30 10:29:50,636 - instabot version: 0.117.0 (api) - DEBUG - GET to endpoint: users/11698450234/info/ returned response: <Response [200]>
2020-12-30 10:29:51,245 - instabot version: 0.117.0 (api) - DEBUG - GET to endpoint: users/3472566718/info/ returned response: <Response [200]>
2020-12-30 10:29:51,853 - instabot version: 0.117.0 (api) - DEBUG - GET to endpoint: users/10604132111/info/ returned response: <Response [200]>
2020-12-30 10:29:52,500 - instabot version: 0.117.0 (api) - DEBUG - GET to endpoint: users/12764171997/info/ returned response: <Response [200]>
2020-12-30 10:29:53,410 - instabot version: 0.117.0 (api) - DEBUG - GET to endpoint: users/3079766351/info/ returned response: <Response [200]>
2020-12-30 10:29:53,953 - instabot version: 0.117.0 (api) - DEBUG - GET to endpoint: users/13538991576/info/ returned response: <Response [200]>
2020-12-30 10:29:54,821 - instabot version: 0.117.0 (api) - DEBUG - GET to endpoint: users/1565823171/info/ returned response: <Response [200]>
2020-12-30 10:29:55,572 - instabot version: 0.117.0 (api) - DEBUG - GET to endpoint: users/18405017353/info/ returned response: <Response [200]>
2020-12-30 10:29:56,177 - instabot version: 0.117.0 (api) - DEBUG - GET to endpoint: users/16807741923/info/ returned response: <Response [200]>
2020-12-30 10:29:56,749 - instabot version: 0.117.0 (api) - DEBUG - GET to endpoint: users/13362403980/info/ returned response: <Response [200]>
2020-12-30 10:29:57,705 - instabot version: 0.117.0 (api) - DEBUG - GET to endpoint: users/8767185480/info/ returned response: <Response [200]>
2020-12-30 10:29:58,362 - instabot version: 0.117.0 (api) - DEBUG - GET to endpoint: users/8437233274/info/ returned response: <Response [200]>
2020-12-30 10:29:59,139 - instabot version: 0.117.0 (api) - DEBUG - GET to endpoint: users/13461700801/info/ returned response: <Response [200]>
2020-12-30 10:30:00,110 - instabot version: 0.117.0 (api) - DEBUG - GET to endpoint: users/17095644556/info/ returned response: <Response [200]>
2020-12-30 10:30:00,622 - instabot version: 0.117.0 (api) - DEBUG - GET to endpoint: users/2248627899/info/ returned response: <Response [200]>
2020-12-30 10:30:01,426 - instabot version: 0.117.0 (api) - DEBUG - GET to endpoint: users/17086263158/info/ returned response: <Response [200]>
2020-12-30 10:30:02,444 - instabot version: 0.117.0 (api) - DEBUG - GET to endpoint: users/5326102124/info/ returned response: <Response [200]>
2020-12-30 10:30:03,080 - instabot version: 0.117.0 (api) - DEBUG - GET to endpoint: users/3972354680/info/ returned response: <Response [200]>
2020-12-30 10:30:03,935 - instabot version: 0.117.0 (api) - DEBUG - GET to endpoint: users/12770678150/info/ returned response: <Response [200]>
2020-12-30 10:30:04,889 - instabot version: 0.117.0 (api) - DEBUG - GET to endpoint: users/4181609855/info/ returned response: <Response [200]>
2020-12-30 10:30:05,451 - instabot version: 0.117.0 (api) - DEBUG - GET to endpoint: users/12989082199/info/ returned response: <Response [200]>
2020-12-30 10:30:06,424 - instabot version: 0.117.0 (api) - DEBUG - GET to endpoint: users/16397156742/info/ returned response: <Response [200]>
2020-12-30 10:30:07,252 - instabot version: 0.117.0 (api) - DEBUG - GET to endpoint: users/8026872951/info/ returned response: <Response [200]>
2020-12-30 10:30:07,979 - instabot version: 0.117.0 (api) - DEBUG - GET to endpoint: users/17865974816/info/ returned response: <Response [200]>
2020-12-30 10:30:08,911 - instabot version: 0.117.0 (api) - DEBUG - GET to endpoint: users/9508105303/info/ returned response: <Response [200]>
2020-12-30 10:30:09,652 - instabot version: 0.117.0 (api) - DEBUG - GET to endpoint: users/6652482722/info/ returned response: <Response [200]>
2020-12-30 10:30:10,448 - instabot version: 0.117.0 (api) - DEBUG - GET to endpoint: users/13690018274/info/ returned response: <Response [200]>
2020-12-30 10:30:11,483 - instabot version: 0.117.0 (api) - DEBUG - GET to endpoint: users/1335121141/info/ returned response: <Response [200]>
2020-12-30 10:30:12,245 - instabot version: 0.117.0 (api) - DEBUG - GET to endpoint: users/10920331927/info/ returned response: <Response [200]>
2020-12-30 10:30:12,992 - instabot version: 0.117.0 (api) - DEBUG - GET to endpoint: users/285134348/info/ returned response: <Response [200]>
2020-12-30 10:30:14,173 - instabot version: 0.117.0 (api) - DEBUG - GET to endpoint: users/9422045010/info/ returned response: <Response [200]>
2020-12-30 10:30:15,051 - instabot version: 0.117.0 (api) - DEBUG - GET to endpoint: users/2125156042/info/ returned response: <Response [200]>
2020-12-30 10:30:15,988 - instabot version: 0.117.0 (api) - DEBUG - GET to endpoint: users/18166906302/info/ returned response: <Response [200]>
2020-12-30 10:30:16,725 - instabot version: 0.117.0 (api) - DEBUG - GET to endpoint: users/12581863947/info/ returned response: <Response [200]>
2020-12-30 10:30:17,432 - instabot version: 0.117.0 (api) - DEBUG - GET to endpoint: users/589523557/info/ returned response: <Response [200]>
2020-12-30 10:30:18,217 - instabot version: 0.117.0 (api) - DEBUG - GET to endpoint: users/18533220330/info/ returned response: <Response [200]>
2020-12-30 10:30:18,840 - instabot version: 0.117.0 (api) - DEBUG - GET to endpoint: users/2910075546/info/ returned response: <Response [200]>
2020-12-30 10:30:19,813 - instabot version: 0.117.0 (api) - DEBUG - GET to endpoint: users/4119547417/info/ returned response: <Response [200]>
2020-12-30 10:30:20,676 - instabot version: 0.117.0 (api) - DEBUG - GET to endpoint: users/7760327137/info/ returned response: <Response [200]>
2020-12-30 10:30:21,505 - instabot version: 0.117.0 (api) - DEBUG - GET to endpoint: users/1580869430/info/ returned response: <Response [200]>
2020-12-30 10:30:22,130 - instabot version: 0.117.0 (api) - DEBUG - GET to endpoint: users/7852425313/info/ returned response: <Response [200]>
2020-12-30 10:30:22,934 - instabot version: 0.117.0 (api) - DEBUG - GET to endpoint: users/1600881017/info/ returned response: <Response [200]>
2020-12-30 10:30:23,836 - instabot version: 0.117.0 (api) - DEBUG - GET to endpoint: users/8151358971/info/ returned response: <Response [200]>
2020-12-30 10:30:24,877 - instabot version: 0.117.0 (api) - DEBUG - GET to endpoint: users/4428509705/info/ returned response: <Response [200]>
2020-12-30 10:30:25,409 - instabot version: 0.117.0 (api) - DEBUG - GET to endpoint: users/4066714972/info/ returned response: <Response [200]>
2020-12-30 10:30:26,273 - instabot version: 0.117.0 (api) - DEBUG - GET to endpoint: users/1585419268/info/ returned response: <Response [200]>
2020-12-30 10:30:27,353 - instabot version: 0.117.0 (api) - DEBUG - GET to endpoint: users/3257487119/info/ returned response: <Response [200]>
2020-12-30 10:30:28,017 - instabot version: 0.117.0 (api) - DEBUG - GET to endpoint: users/3218523686/info/ returned response: <Response [200]>
2020-12-30 10:30:29,004 - instabot version: 0.117.0 (api) - DEBUG - GET to endpoint: users/5670717105/info/ returned response: <Response [200]>
2020-12-30 10:30:29,691 - instabot version: 0.117.0 (api) - DEBUG - GET to endpoint: users/3253035731/info/ returned response: <Response [200]>
2020-12-30 10:30:30,255 - instabot version: 0.117.0 (api) - DEBUG - GET to endpoint: users/17459534713/info/ returned response: <Response [200]>
2020-12-30 10:30:31,322 - instabot version: 0.117.0 (api) - DEBUG - GET to endpoint: users/13266724566/info/ returned response: <Response [200]>
2020-12-30 10:30:32,035 - instabot version: 0.117.0 (api) - DEBUG - GET to endpoint: users/14446382510/info/ returned response: <Response [200]>
2020-12-30 10:30:32,731 - instabot version: 0.117.0 (api) - DEBUG - GET to endpoint: users/11852084660/info/ returned response: <Response [200]>
2020-12-30 10:30:33,453 - instabot version: 0.117.0 (api) - DEBUG - GET to endpoint: users/17790146547/info/ returned response: <Response [200]>
2020-12-30 10:30:34,092 - instabot version: 0.117.0 (api) - DEBUG - GET to endpoint: users/17059997750/info/ returned response: <Response [200]>
2020-12-30 10:30:34,916 - instabot version: 0.117.0 (api) - DEBUG - GET to endpoint: users/17622738357/info/ returned response: <Response [200]>
2020-12-30 10:30:36,223 - instabot version: 0.117.0 (api) - DEBUG - GET to endpoint: users/14350633401/info/ returned response: <Response [200]>
2020-12-30 10:30:36,799 - instabot version: 0.117.0 (api) - DEBUG - GET to endpoint: users/6992718090/info/ returned response: <Response [200]>
2020-12-30 10:30:37,733 - instabot version: 0.117.0 (api) - DEBUG - GET to endpoint: users/8096777006/info/ returned response: <Response [200]>
2020-12-30 10:30:38,517 - instabot version: 0.117.0 (api) - DEBUG - GET to endpoint: users/7696235303/info/ returned response: <Response [200]>
2020-12-30 10:30:39,211 - instabot version: 0.117.0 (api) - DEBUG - GET to endpoint: users/17865063838/info/ returned response: <Response [200]>
2020-12-30 10:30:39,965 - instabot version: 0.117.0 (api) - DEBUG - GET to endpoint: users/4006250962/info/ returned response: <Response [200]>
2020-12-30 10:30:41,002 - instabot version: 0.117.0 (api) - DEBUG - GET to endpoint: users/2073697060/info/ returned response: <Response [200]>
2020-12-30 10:30:41,569 - instabot version: 0.117.0 (api) - DEBUG - GET to endpoint: users/8441709320/info/ returned response: <Response [200]>
2020-12-30 10:30:42,676 - instabot version: 0.117.0 (api) - DEBUG - GET to endpoint: users/18061627296/info/ returned response: <Response [200]>
2020-12-30 10:30:43,412 - instabot version: 0.117.0 (api) - DEBUG - GET to endpoint: users/5463711619/info/ returned response: <Response [200]>
2020-12-30 10:30:44,667 - instabot version: 0.117.0 (api) - DEBUG - GET to endpoint: users/17521742331/info/ returned response: <Response [200]>
2020-12-30 10:30:45,581 - instabot version: 0.117.0 (api) - DEBUG - GET to endpoint: users/7908178094/info/ returned response: <Response [200]>
2020-12-30 10:30:46,352 - instabot version: 0.117.0 (api) - DEBUG - GET to endpoint: users/9072644509/info/ returned response: <Response [200]>
2020-12-30 10:30:47,236 - instabot version: 0.117.0 (api) - DEBUG - GET to endpoint: users/3625786822/info/ returned response: <Response [200]>
2020-12-30 10:30:48,007 - instabot version: 0.117.0 (api) - DEBUG - GET to endpoint: users/18610731531/info/ returned response: <Response [200]>
2020-12-30 10:30:49,749 - instabot version: 0.117.0 (api) - DEBUG - GET to endpoint: users/1414395538/info/ returned response: <Response [200]>
2020-12-30 10:30:50,677 - instabot version: 0.117.0 (api) - DEBUG - GET to endpoint: users/10865708189/info/ returned response: <Response [200]>
2020-12-30 10:30:51,457 - instabot version: 0.117.0 (api) - DEBUG - GET to endpoint: users/12280594244/info/ returned response: <Response [200]>
2020-12-30 10:30:52,337 - instabot version: 0.117.0 (api) - DEBUG - GET to endpoint: users/8636745792/info/ returned response: <Response [200]>
2020-12-30 10:30:53,105 - instabot version: 0.117.0 (api) - DEBUG - GET to endpoint: users/12771292004/info/ returned response: <Response [200]>
2020-12-30 10:30:53,739 - instabot version: 0.117.0 (api) - DEBUG - GET to endpoint: users/7453209336/info/ returned response: <Response [200]>
2020-12-30 10:30:54,500 - instabot version: 0.117.0 (api) - DEBUG - GET to endpoint: users/17379703577/info/ returned response: <Response [200]>
2020-12-30 10:30:55,185 - instabot version: 0.117.0 (api) - DEBUG - GET to endpoint: users/18648783217/info/ returned response: <Response [200]>
2020-12-30 10:30:55,970 - instabot version: 0.117.0 (api) - DEBUG - GET to endpoint: users/8468846430/info/ returned response: <Response [200]>
2020-12-30 10:30:56,804 - instabot version: 0.117.0 (api) - DEBUG - GET to endpoint: users/9661373888/info/ returned response: <Response [200]>
2020-12-30 10:30:57,683 - instabot version: 0.117.0 (api) - DEBUG - GET to endpoint: users/2312047628/info/ returned response: <Response [200]>
2020-12-30 10:30:58,767 - instabot version: 0.117.0 (api) - DEBUG - GET to endpoint: users/16106664599/info/ returned response: <Response [200]>
2020-12-30 10:30:59,518 - instabot version: 0.117.0 (api) - DEBUG - GET to endpoint: users/19087964099/info/ returned response: <Response [200]>
2020-12-30 10:31:00,270 - instabot version: 0.117.0 (api) - DEBUG - GET to endpoint: users/15497774600/info/ returned response: <Response [200]>
2020-12-30 10:31:00,850 - instabot version: 0.117.0 (api) - DEBUG - GET to endpoint: users/17611848292/info/ returned response: <Response [200]>
2020-12-30 10:31:01,615 - instabot version: 0.117.0 (api) - DEBUG - GET to endpoint: users/18903328409/info/ returned response: <Response [200]>
2020-12-30 10:31:02,385 - instabot version: 0.117.0 (api) - DEBUG - GET to endpoint: users/13313404120/info/ returned response: <Response [200]>
2020-12-30 10:31:03,153 - instabot version: 0.117.0 (api) - DEBUG - GET to endpoint: users/5961052382/info/ returned response: <Response [200]>
2020-12-30 10:31:03,811 - instabot version: 0.117.0 (api) - DEBUG - GET to endpoint: users/10970414761/info/ returned response: <Response [200]>
2020-12-30 10:31:04,588 - instabot version: 0.117.0 (api) - DEBUG - GET to endpoint: users/18058669618/info/ returned response: <Response [200]>
2020-12-30 10:31:05,359 - instabot version: 0.117.0 (api) - DEBUG - GET to endpoint: users/7338859735/info/ returned response: <Response [200]>
2020-12-30 10:31:06,489 - instabot version: 0.117.0 (api) - DEBUG - GET to endpoint: users/16167828831/info/ returned response: <Response [200]>
2020-12-30 10:31:07,116 - instabot version: 0.117.0 (api) - DEBUG - GET to endpoint: users/18555294259/info/ returned response: <Response [200]>
2020-12-30 10:31:07,834 - instabot version: 0.117.0 (api) - DEBUG - GET to endpoint: users/18379247271/info/ returned response: <Response [200]>
2020-12-30 10:31:08,615 - instabot version: 0.117.0 (api) - DEBUG - GET to endpoint: users/18061881246/info/ returned response: <Response [200]>
2020-12-30 10:31:09,498 - instabot version: 0.117.0 (api) - DEBUG - GET to endpoint: users/16425247173/info/ returned response: <Response [200]>
2020-12-30 10:31:10,031 - instabot version: 0.117.0 (api) - DEBUG - GET to endpoint: users/19126248902/info/ returned response: <Response [200]>
2020-12-30 10:31:10,973 - instabot version: 0.117.0 (api) - DEBUG - GET to endpoint: users/5368862118/info/ returned response: <Response [200]>
2020-12-30 10:31:11,956 - instabot version: 0.117.0 (api) - DEBUG - GET to endpoint: users/14546994579/info/ returned response: <Response [200]>
2020-12-30 10:31:12,752 - instabot version: 0.117.0 (api) - DEBUG - GET to endpoint: users/18337771701/info/ returned response: <Response [200]>
2020-12-30 10:31:13,561 - instabot version: 0.117.0 (api) - DEBUG - GET to endpoint: users/16254567267/info/ returned response: <Response [200]>
2020-12-30 10:31:14,361 - instabot version: 0.117.0 (api) - DEBUG - GET to endpoint: users/15737766976/info/ returned response: <Response [200]>
2020-12-30 10:31:15,891 - instabot version: 0.117.0 (api) - DEBUG - GET to endpoint: users/8689477857/info/ returned response: <Response [200]>
2020-12-30 10:31:16,737 - instabot version: 0.117.0 (api) - DEBUG - GET to endpoint: users/7422628186/info/ returned response: <Response [200]>
2020-12-30 10:31:17,549 - instabot version: 0.117.0 (api) - DEBUG - GET to endpoint: users/14995848956/info/ returned response: <Response [200]>
2020-12-30 10:31:18,502 - instabot version: 0.117.0 (api) - DEBUG - GET to endpoint: users/13042296098/info/ returned response: <Response [200]>
2020-12-30 10:31:19,847 - instabot version: 0.117.0 (api) - DEBUG - GET to endpoint: users/1820156253/info/ returned response: <Response [200]>
2020-12-30 10:31:20,784 - instabot version: 0.117.0 (api) - DEBUG - GET to endpoint: users/12396042708/info/ returned response: <Response [200]>
2020-12-30 10:31:21,679 - instabot version: 0.117.0 (api) - DEBUG - GET to endpoint: users/10025110036/info/ returned response: <Response [200]>
2020-12-30 10:31:22,524 - instabot version: 0.117.0 (api) - DEBUG - GET to endpoint: users/18822128135/info/ returned response: <Response [200]>
2020-12-30 10:31:23,290 - instabot version: 0.117.0 (api) - DEBUG - GET to endpoint: users/18739444746/info/ returned response: <Response [200]>
2020-12-30 10:31:24,376 - instabot version: 0.117.0 (api) - DEBUG - GET to endpoint: users/18560087942/info/ returned response: <Response [200]>
2020-12-30 10:31:25,111 - instabot version: 0.117.0 (api) - DEBUG - GET to endpoint: users/5596006363/info/ returned response: <Response [200]>
2020-12-30 10:31:26,063 - instabot version: 0.117.0 (api) - DEBUG - GET to endpoint: users/7610816358/info/ returned response: <Response [200]>
2020-12-30 10:31:26,971 - instabot version: 0.117.0 (api) - DEBUG - GET to endpoint: users/7860129873/info/ returned response: <Response [200]>
2020-12-30 10:31:27,770 - instabot version: 0.117.0 (api) - DEBUG - GET to endpoint: users/13377781690/info/ returned response: <Response [200]>
2020-12-30 10:31:28,598 - instabot version: 0.117.0 (api) - DEBUG - GET to endpoint: users/15698905260/info/ returned response: <Response [200]>
2020-12-30 10:31:29,472 - instabot version: 0.117.0 (api) - DEBUG - GET to endpoint: users/9224055797/info/ returned response: <Response [200]>
2020-12-30 10:31:30,144 - instabot version: 0.117.0 (api) - DEBUG - GET to endpoint: users/17948562955/info/ returned response: <Response [200]>
2020-12-30 10:31:31,148 - instabot version: 0.117.0 (api) - DEBUG - GET to endpoint: users/4707985885/info/ returned response: <Response [200]>
2020-12-30 10:31:31,901 - instabot version: 0.117.0 (api) - DEBUG - GET to endpoint: users/18481170195/info/ returned response: <Response [200]>
2020-12-30 10:31:32,644 - instabot version: 0.117.0 (api) - DEBUG - GET to endpoint: users/18728668623/info/ returned response: <Response [200]>
2020-12-30 10:31:33,563 - instabot version: 0.117.0 (api) - DEBUG - GET to endpoint: users/13325072675/info/ returned response: <Response [200]>
2020-12-30 10:31:34,696 - instabot version: 0.117.0 (api) - DEBUG - GET to endpoint: users/18309631365/info/ returned response: <Response [200]>
2020-12-30 10:31:35,555 - instabot version: 0.117.0 (api) - DEBUG - GET to endpoint: users/18433359405/info/ returned response: <Response [200]>
2020-12-30 10:31:36,352 - instabot version: 0.117.0 (api) - DEBUG - GET to endpoint: users/18786922757/info/ returned response: <Response [200]>
2020-12-30 10:31:37,664 - instabot version: 0.117.0 (api) - DEBUG - GET to endpoint: users/4626518135/info/ returned response: <Response [200]>
2020-12-30 10:31:38,507 - instabot version: 0.117.0 (api) - DEBUG - GET to endpoint: users/18834426877/info/ returned response: <Response [200]>
2020-12-30 10:31:39,413 - instabot version: 0.117.0 (api) - DEBUG - GET to endpoint: users/18430789215/info/ returned response: <Response [200]>
2020-12-30 10:31:40,273 - instabot version: 0.117.0 (api) - DEBUG - GET to endpoint: users/8471730712/info/ returned response: <Response [200]>
2020-12-30 10:31:41,194 - instabot version: 0.117.0 (api) - DEBUG - GET to endpoint: users/19231521996/info/ returned response: <Response [200]>
2020-12-30 10:31:42,119 - instabot version: 0.117.0 (api) - DEBUG - GET to endpoint: users/17057833589/info/ returned response: <Response [200]>
2020-12-30 10:31:43,135 - instabot version: 0.117.0 (api) - DEBUG - GET to endpoint: users/18529322363/info/ returned response: <Response [200]>
2020-12-30 10:31:44,041 - instabot version: 0.117.0 (api) - DEBUG - GET to endpoint: users/18966166297/info/ returned response: <Response [200]>
2020-12-30 10:31:44,869 - instabot version: 0.117.0 (api) - DEBUG - GET to endpoint: users/17680897781/info/ returned response: <Response [200]>
2020-12-30 10:31:45,634 - instabot version: 0.117.0 (api) - DEBUG - GET to endpoint: users/12074204608/info/ returned response: <Response [200]>
2020-12-30 10:31:46,431 - instabot version: 0.117.0 (api) - DEBUG - GET to endpoint: users/18731840598/info/ returned response: <Response [200]>
2020-12-30 10:31:47,259 - instabot version: 0.117.0 (api) - DEBUG - GET to endpoint: users/18410652893/info/ returned response: <Response [200]>
2020-12-30 10:31:47,853 - instabot version: 0.117.0 (api) - DEBUG - GET to endpoint: users/18963292103/info/ returned response: <Response [200]>
2020-12-30 10:31:48,731 - instabot version: 0.117.0 (api) - DEBUG - GET to endpoint: users/18014909690/info/ returned response: <Response [200]>
2020-12-30 10:31:49,387 - instabot version: 0.117.0 (api) - DEBUG - GET to endpoint: users/18980970263/info/ returned response: <Response [200]>
2020-12-30 10:31:50,355 - instabot version: 0.117.0 (api) - DEBUG - GET to endpoint: users/19518424513/info/ returned response: <Response [200]>
2020-12-30 10:31:51,199 - instabot version: 0.117.0 (api) - DEBUG - GET to endpoint: users/18584484215/info/ returned response: <Response [200]>
2020-12-30 10:31:52,280 - instabot version: 0.117.0 (api) - DEBUG - GET to endpoint: users/18063690072/info/ returned response: <Response [200]>
2020-12-30 10:31:53,065 - instabot version: 0.117.0 (api) - DEBUG - GET to endpoint: users/8461104946/info/ returned response: <Response [200]>
2020-12-30 10:31:53,995 - instabot version: 0.117.0 (api) - DEBUG - GET to endpoint: users/18277371760/info/ returned response: <Response [200]>
2020-12-30 10:31:54,678 - instabot version: 0.117.0 (api) - DEBUG - GET to endpoint: users/228198502/info/ returned response: <Response [200]>
2020-12-30 10:31:55,407 - instabot version: 0.117.0 (api) - DEBUG - GET to endpoint: users/18882477583/info/ returned response: <Response [200]>
2020-12-30 10:31:56,379 - instabot version: 0.117.0 (api) - DEBUG - GET to endpoint: users/19125882189/info/ returned response: <Response [200]>
2020-12-30 10:31:57,045 - instabot version: 0.117.0 (api) - DEBUG - GET to endpoint: users/14442591739/info/ returned response: <Response [200]>
2020-12-30 10:31:57,867 - instabot version: 0.117.0 (api) - DEBUG - GET to endpoint: users/8932461669/info/ returned response: <Response [200]>
2020-12-30 10:31:58,694 - instabot version: 0.117.0 (api) - DEBUG - GET to endpoint: users/17657580286/info/ returned response: <Response [200]>
2020-12-30 10:31:59,445 - instabot version: 0.117.0 (api) - DEBUG - GET to endpoint: users/4094299925/info/ returned response: <Response [200]>
2020-12-30 10:32:00,077 - instabot version: 0.117.0 (api) - DEBUG - GET to endpoint: users/18727034801/info/ returned response: <Response [200]>
2020-12-30 10:32:00,880 - instabot version: 0.117.0 (api) - DEBUG - GET to endpoint: users/14670541293/info/ returned response: <Response [200]>
2020-12-30 10:32:01,849 - instabot version: 0.117.0 (api) - DEBUG - GET to endpoint: users/19020323717/info/ returned response: <Response [200]>
2020-12-30 10:32:02,583 - instabot version: 0.117.0 (api) - DEBUG - GET to endpoint: users/6982782651/info/ returned response: <Response [200]>
2020-12-30 10:32:03,573 - instabot version: 0.117.0 (api) - DEBUG - GET to endpoint: users/17378807972/info/ returned response: <Response [200]>
2020-12-30 10:32:04,418 - instabot version: 0.117.0 (api) - DEBUG - GET to endpoint: users/18042225018/info/ returned response: <Response [200]>
2020-12-30 10:32:05,254 - instabot version: 0.117.0 (api) - DEBUG - GET to endpoint: users/18247147918/info/ returned response: <Response [200]>
2020-12-30 10:32:06,013 - instabot version: 0.117.0 (api) - DEBUG - GET to endpoint: users/17801219865/info/ returned response: <Response [200]>
2020-12-30 10:32:06,890 - instabot version: 0.117.0 (api) - DEBUG - GET to endpoint: users/5660245900/info/ returned response: <Response [200]>
2020-12-30 10:32:08,208 - instabot version: 0.117.0 (api) - DEBUG - GET to endpoint: users/12777082760/info/ returned response: <Response [200]>
2020-12-30 10:32:09,227 - instabot version: 0.117.0 (api) - DEBUG - GET to endpoint: users/18004616560/info/ returned response: <Response [200]>
2020-12-30 10:32:10,574 - instabot version: 0.117.0 (api) - DEBUG - GET to endpoint: users/15047477766/info/ returned response: <Response [200]>
2020-12-30 10:32:11,209 - instabot version: 0.117.0 (api) - DEBUG - GET to endpoint: users/18032080809/info/ returned response: <Response [200]>
2020-12-30 10:32:12,120 - instabot version: 0.117.0 (api) - DEBUG - GET to endpoint: users/16586827143/info/ returned response: <Response [200]>
2020-12-30 10:32:13,224 - instabot version: 0.117.0 (api) - DEBUG - GET to endpoint: users/18341465777/info/ returned response: <Response [200]>
2020-12-30 10:32:14,087 - instabot version: 0.117.0 (api) - DEBUG - GET to endpoint: users/13591897828/info/ returned response: <Response [200]>
2020-12-30 10:32:14,911 - instabot version: 0.117.0 (api) - DEBUG - GET to endpoint: users/18266284347/info/ returned response: <Response [200]>
2020-12-30 10:32:15,819 - instabot version: 0.117.0 (api) - DEBUG - GET to endpoint: users/12362877245/info/ returned response: <Response [200]>
2020-12-30 10:32:16,595 - instabot version: 0.117.0 (api) - DEBUG - GET to endpoint: users/18060134844/info/ returned response: <Response [200]>
2020-12-30 10:32:17,364 - instabot version: 0.117.0 (api) - DEBUG - GET to endpoint: users/3504022803/info/ returned response: <Response [200]>
2020-12-30 10:32:18,242 - instabot version: 0.117.0 (api) - DEBUG - GET to endpoint: users/19032835021/info/ returned response: <Response [200]>
2020-12-30 10:32:19,027 - instabot version: 0.117.0 (api) - DEBUG - GET to endpoint: users/18519153372/info/ returned response: <Response [200]>
2020-12-30 10:32:19,872 - instabot version: 0.117.0 (api) - DEBUG - GET to endpoint: users/18144929398/info/ returned response: <Response [200]>
2020-12-30 10:32:20,595 - instabot version: 0.117.0 (api) - DEBUG - GET to endpoint: users/14931819355/info/ returned response: <Response [200]>
2020-12-30 10:32:21,487 - instabot version: 0.117.0 (api) - DEBUG - GET to endpoint: users/13717451908/info/ returned response: <Response [200]>
2020-12-30 10:32:23,772 - instabot version: 0.117.0 (api) - DEBUG - GET to endpoint: users/19202552042/info/ returned response: <Response [200]>
2020-12-30 10:32:24,692 - instabot version: 0.117.0 (api) - DEBUG - GET to endpoint: users/8508074286/info/ returned response: <Response [200]>
2020-12-30 10:32:25,618 - instabot version: 0.117.0 (api) - DEBUG - GET to endpoint: users/11366140863/info/ returned response: <Response [200]>
2020-12-30 10:32:26,881 - instabot version: 0.117.0 (api) - DEBUG - GET to endpoint: users/18898412850/info/ returned response: <Response [200]>
2020-12-30 10:32:27,727 - instabot version: 0.117.0 (api) - DEBUG - GET to endpoint: users/17201007771/info/ returned response: <Response [200]>
2020-12-30 10:32:28,754 - instabot version: 0.117.0 (api) - DEBUG - GET to endpoint: users/7001958569/info/ returned response: <Response [200]>
2020-12-30 10:32:29,691 - instabot version: 0.117.0 (api) - DEBUG - GET to endpoint: users/3468247018/info/ returned response: <Response [200]>
2020-12-30 10:32:30,958 - instabot version: 0.117.0 (api) - DEBUG - GET to endpoint: users/6977560572/info/ returned response: <Response [200]>
2020-12-30 10:32:32,470 - instabot version: 0.117.0 (api) - DEBUG - GET to endpoint: users/19453218206/info/ returned response: <Response [200]>
2020-12-30 10:32:33,660 - instabot version: 0.117.0 (api) - DEBUG - GET to endpoint: users/4458815721/info/ returned response: <Response [200]>
2020-12-30 10:32:34,440 - instabot version: 0.117.0 (api) - DEBUG - GET to endpoint: users/8328003455/info/ returned response: <Response [200]>
2020-12-30 10:32:35,410 - instabot version: 0.117.0 (api) - DEBUG - GET to endpoint: users/11711895094/info/ returned response: <Response [200]>
2020-12-30 10:32:36,608 - instabot version: 0.117.0 (api) - DEBUG - GET to endpoint: users/8412850281/info/ returned response: <Response [200]>
2020-12-30 10:32:37,798 - instabot version: 0.117.0 (api) - DEBUG - GET to endpoint: users/9845142570/info/ returned response: <Response [200]>
2020-12-30 10:32:39,001 - instabot version: 0.117.0 (api) - DEBUG - GET to endpoint: users/12252056929/info/ returned response: <Response [200]>
2020-12-30 10:32:39,941 - instabot version: 0.117.0 (api) - DEBUG - GET to endpoint: users/13339934385/info/ returned response: <Response [200]>
2020-12-30 10:32:40,991 - instabot version: 0.117.0 (api) - DEBUG - GET to endpoint: users/12422679038/info/ returned response: <Response [200]>
2020-12-30 10:32:42,007 - instabot version: 0.117.0 (api) - DEBUG - GET to endpoint: users/6997799122/info/ returned response: <Response [200]>
2020-12-30 10:32:43,688 - instabot version: 0.117.0 (api) - DEBUG - GET to endpoint: users/19543016070/info/ returned response: <Response [200]>
2020-12-30 10:32:44,626 - instabot version: 0.117.0 (api) - DEBUG - GET to endpoint: users/1573019020/info/ returned response: <Response [200]>
2020-12-30 10:32:45,523 - instabot version: 0.117.0 (api) - DEBUG - GET to endpoint: users/8505211383/info/ returned response: <Response [200]>
2020-12-30 10:32:46,448 - instabot version: 0.117.0 (api) - DEBUG - GET to endpoint: users/8478090952/info/ returned response: <Response [200]>
2020-12-30 10:32:47,560 - instabot version: 0.117.0 (api) - DEBUG - GET to endpoint: users/13267585995/info/ returned response: <Response [200]>
2020-12-30 10:32:48,549 - instabot version: 0.117.0 (api) - DEBUG - GET to endpoint: users/17152868981/info/ returned response: <Response [200]>
2020-12-30 10:32:49,313 - instabot version: 0.117.0 (api) - DEBUG - GET to endpoint: users/13503512328/info/ returned response: <Response [200]>
2020-12-30 10:32:50,436 - instabot version: 0.117.0 (api) - DEBUG - GET to endpoint: users/12085703563/info/ returned response: <Response [200]>
2020-12-30 10:32:51,236 - instabot version: 0.117.0 (api) - DEBUG - GET to endpoint: users/6193348848/info/ returned response: <Response [200]>
2020-12-30 10:32:52,549 - instabot version: 0.117.0 (api) - DEBUG - GET to endpoint: users/1304574423/info/ returned response: <Response [200]>
2020-12-30 10:32:53,801 - instabot version: 0.117.0 (api) - DEBUG - GET to endpoint: users/18752747654/info/ returned response: <Response [200]>
2020-12-30 10:32:55,129 - instabot version: 0.117.0 (api) - DEBUG - GET to endpoint: users/19047196367/info/ returned response: <Response [200]>
2020-12-30 10:32:56,055 - instabot version: 0.117.0 (api) - DEBUG - GET to endpoint: users/17072049504/info/ returned response: <Response [200]>
2020-12-30 10:32:57,156 - instabot version: 0.117.0 (api) - DEBUG - GET to endpoint: users/19732328127/info/ returned response: <Response [200]>
2020-12-30 10:32:58,065 - instabot version: 0.117.0 (api) - DEBUG - GET to endpoint: users/18391572430/info/ returned response: <Response [200]>
2020-12-30 10:32:59,451 - instabot version: 0.117.0 (api) - DEBUG - GET to endpoint: users/542494329/info/ returned response: <Response [200]>
2020-12-30 10:33:00,508 - instabot version: 0.117.0 (api) - DEBUG - GET to endpoint: users/16672484590/info/ returned response: <Response [200]>
