2021-01-17 01:25:58,125 - instabot version: 0.117.0 (bot) - INFO - Instabot version: 0.117.0 Started
2021-01-17 01:25:58,126 - instabot version: 0.117.0 (bot) - DEBUG - Bot imported from C:\Users\LENOVO\AppData\Local\Programs\Python\Python38-32\lib\site-packages\instabot\bot\bot.py
2021-01-17 01:25:58,126 - instabot version: 0.117.0 (api_login) - DEBUG - Loading cookies
2021-01-17 01:25:58,127 - instabot version: 0.117.0 (api_login) - DEBUG - Loading uuids
2021-01-17 01:25:58,127 - instabot version: 0.117.0 (api_login) - INFO - Recovery from D:\Programming Languages\03. Projects\Instagram Scrapper/config/randompy2020_uuid_and_cookie.json: COOKIE True - UUIDs True - TIMING, DEVICE and ...
- user-agent=Instagram 117.0.0.28.123 Android (28/9.0; 420dpi; 1080x1920; OnePlus; ONEPLUS A3003; OnePlus3; qcom; en_US; 180322800)
- phone_id=6ec1115f-b830-409a-9e3a-b5fea365b8a0
- uuid=22aee7b9-9b18-47c6-8ed3-a5513d63899c
- client_session_id=871e9d1e-0839-4230-9422-d37b2c4dd0b2
- device_id=android-e00652d37fc01327
2021-01-17 01:25:59,336 - instabot version: 0.117.0 (api_login) - INFO - LOGIN FLOW! Just logged-in: False
2021-01-17 01:26:00,912 - instabot version: 0.117.0 (api) - DEBUG - POST to endpoint: feed/timeline/ returned response: <Response [200]>
2021-01-17 01:26:01,803 - instabot version: 0.117.0 (api) - DEBUG - POST to endpoint: feed/reels_tray/ returned response: <Response [200]>
2021-01-17 01:26:01,818 - instabot version: 0.117.0 (api) - INFO - Logged-in successfully as 'randompy2020'!
2021-01-17 01:26:01,821 - instabot version: 0.117.0 (bot_checkpoint) - DEBUG - Loading Checkpoint file from: D:\Programming Languages\03. Projects\Instagram Scrapper/config/randompy2020.checkpoint
2021-01-17 01:26:04,363 - instabot version: 0.117.0 (api) - DEBUG - GET to endpoint: users/calcutta_bloggers/usernameinfo/ returned response: <Response [200]>
2021-01-17 01:26:05,821 - instabot version: 0.117.0 (api) - DEBUG - GET to endpoint: users/15041839142/info/ returned response: <Response [200]>
2021-01-17 01:26:06,307 - instabot version: 0.117.0 (api) - DEBUG - GET to endpoint: friendships/15041839142/followers/?rank_token=45169428424_22aee7b9-9b18-47c6-8ed3-a5513d63899c returned response: <Response [200]>
2021-01-17 01:26:06,807 - instabot version: 0.117.0 (api) - DEBUG - GET to endpoint: friendships/15041839142/followers/?rank_token=45169428424_22aee7b9-9b18-47c6-8ed3-a5513d63899c&max_id=QVFDakp2b3ZEX1NnLTZoU1dDQWxuVlR4Vlgwd0xNMG5pNl9SUGpZWHF4c0Q4TlNaOWFYbUM1cGRYRzMweHU4Q2lxa2luS2k5Q2FhZkVBd0xjR0x1bDZZdw== returned response: <Response [200]>
2021-01-17 01:26:07,311 - instabot version: 0.117.0 (api) - DEBUG - GET to endpoint: friendships/15041839142/followers/?rank_token=45169428424_22aee7b9-9b18-47c6-8ed3-a5513d63899c&max_id=QVFEeFVLZm43YlluLTRBQnp0bHh5eFlWZTd2MzBWZ3kxcEFVSHZJak1MZHg4b2xHTFlWSlIzSXlWUWpYYl80UkZLQkJpVmQ0NnRNcWdkNWxlS2dORzdUZQ== returned response: <Response [200]>
2021-01-17 01:26:07,764 - instabot version: 0.117.0 (api) - DEBUG - GET to endpoint: friendships/15041839142/followers/?rank_token=45169428424_22aee7b9-9b18-47c6-8ed3-a5513d63899c&max_id=QVFEcnFuZlI5Z0k0LVBiQXpnSkpUdThqb2wzRWJacUxRRTZQdzNsZDQtYjd0TFF4WmhNUWJqai1fSlNzdS1QOWtxYnZwNkFTc0RaOVFLU1pwa1hfaHp2dw== returned response: <Response [200]>
2021-01-17 01:26:08,284 - instabot version: 0.117.0 (api) - DEBUG - GET to endpoint: friendships/15041839142/followers/?rank_token=45169428424_22aee7b9-9b18-47c6-8ed3-a5513d63899c&max_id=QVFDMHNubC1jQzhKTGg4SW5CMDNGSE42ZGJXbC03cHk0MmpJNU9fazhvbzNFS2syVEQ4bmdQekhrMG11c3NoaGFFNGNaUi1vVGpvY2FHX191V3pnWHZQSw== returned response: <Response [200]>
2021-01-17 01:26:09,270 - instabot version: 0.117.0 (api) - DEBUG - GET to endpoint: friendships/15041839142/followers/?rank_token=45169428424_22aee7b9-9b18-47c6-8ed3-a5513d63899c&max_id=QVFBRFNSUGcydzNEMmhCNDAzWjBUU3BUZk1ZRlJfZlk0Sk9PSldmLXNGb29VczVaRnZURDNSTjlvZ1VPalNmdzlXSVlzaDV0QWRRamZhcVlrbFZtZFl2Ug== returned response: <Response [200]>
2021-01-17 01:26:09,749 - instabot version: 0.117.0 (api) - DEBUG - GET to endpoint: friendships/15041839142/followers/?rank_token=45169428424_22aee7b9-9b18-47c6-8ed3-a5513d63899c&max_id=QVFBMXJpc210VG14ZkRWbEx4aFJZWU5oTW5hMkZ1QWF6by0tbUN6b3ZVT2RZNzB4eGJRWE8tUDJwaVp6UFJJRFJrWnJhbFZ1eWk5ZDROZEpnSkJMWnk1OQ== returned response: <Response [200]>
2021-01-17 01:26:10,273 - instabot version: 0.117.0 (api) - DEBUG - GET to endpoint: friendships/15041839142/followers/?rank_token=45169428424_22aee7b9-9b18-47c6-8ed3-a5513d63899c&max_id=QVFESTkyaW5mYmpxS3BzbTR2NzdtRHJ2QWhGVHk0b3Q5WFBWSVdKaU1nWnhvZ0d3QVRSYnVmRHdGaVpvSlRLMUg4V1RDQ29KY3dmaGM3TVNfZC1QN092Tg== returned response: <Response [200]>
2021-01-17 01:26:10,806 - instabot version: 0.117.0 (api) - DEBUG - GET to endpoint: friendships/15041839142/followers/?rank_token=45169428424_22aee7b9-9b18-47c6-8ed3-a5513d63899c&max_id=QVFEMklaMlB3WkY5TUV1aW9tREQwZFJuS2RIU3N6N1E4d3pMSEtoYnJ3enZyalFKSE9wRHVab2xSdV81MXRoODdHYVZGc3VHLWlqRGpzeVZZUUN4eERlUQ== returned response: <Response [200]>
2021-01-17 01:26:11,308 - instabot version: 0.117.0 (api) - DEBUG - GET to endpoint: friendships/15041839142/followers/?rank_token=45169428424_22aee7b9-9b18-47c6-8ed3-a5513d63899c&max_id=QVFBLWcxc0tXQUN6cDBjRE1fUjFUZXRSSVg0ZVBVYTM5ZVktcXdvQklnSTJob3BxdDBGdjRYZ25sYVByb0hIOVp4dXZHUm42RWwzemloSGVsd1AydFBvWA== returned response: <Response [200]>
2021-01-17 01:26:11,806 - instabot version: 0.117.0 (api) - DEBUG - GET to endpoint: friendships/15041839142/followers/?rank_token=45169428424_22aee7b9-9b18-47c6-8ed3-a5513d63899c&max_id=QVFDbVFMeWR5VG44alVFSG5aU3Y5b1FCX2psNXJySksxb0ItNUlMWGwzQkZWM1VjazUwYU5Gc2hBTmp6TER3X2JaN281S2oydzlYWHNLTExQSjFhc05Ceg== returned response: <Response [200]>
2021-01-17 01:26:12,405 - instabot version: 0.117.0 (api) - DEBUG - GET to endpoint: friendships/15041839142/followers/?rank_token=45169428424_22aee7b9-9b18-47c6-8ed3-a5513d63899c&max_id=QVFBRHhRSThJb1BXOFpzeFlOenZrSnNGOVRnMHhYM25teThYdGNRajd6RWhmbkkzdFcwUXB0ZmtORXdfVG95U3Q5clM3dTN2cjFVNXZvd3ZHSDdLZnI2Qw== returned response: <Response [200]>
2021-01-17 01:26:12,970 - instabot version: 0.117.0 (api) - DEBUG - GET to endpoint: friendships/15041839142/followers/?rank_token=45169428424_22aee7b9-9b18-47c6-8ed3-a5513d63899c&max_id=QVFERlBGNWZoQXJyOFJCa2dhZ3FSeGN6dklYdzFxMXh4M3pPTHpab0FJaXBWNmVVMkxCeGNaSDBCMkJIWjZwanJEOU0zUlVqRkRyQ2ZuemplVDZPNnY0SA== returned response: <Response [200]>
2021-01-17 01:26:14,020 - instabot version: 0.117.0 (api) - DEBUG - GET to endpoint: friendships/15041839142/followers/?rank_token=45169428424_22aee7b9-9b18-47c6-8ed3-a5513d63899c&max_id=QVFBamR6NGsxS2hGS09qSXJzRTU0eGsxTHF2VExLa2FiMUY2dFU0bmY2RUtQTkdCbV92TjNndVJnZjY2SzhjWmNwUDg5Qk5wS0lxVnFRdHdpRkQzUTFvNg== returned response: <Response [200]>
2021-01-17 01:26:15,149 - instabot version: 0.117.0 (api) - DEBUG - GET to endpoint: friendships/15041839142/followers/?rank_token=45169428424_22aee7b9-9b18-47c6-8ed3-a5513d63899c&max_id=QVFDWUZMcjBOQ0FoRFM3X0QwQURLcWx5MHpCYU9WN01hSnE2YTgyYkZSbExWR0xOak1vZ2N5UFk5STRBeVZqZ01WNEJRYVozMGhVdEVURlJ6d2FLeFpoWA== returned response: <Response [200]>
2021-01-17 01:26:16,012 - instabot version: 0.117.0 (api) - DEBUG - GET to endpoint: friendships/15041839142/followers/?rank_token=45169428424_22aee7b9-9b18-47c6-8ed3-a5513d63899c&max_id=QVFCLU9YZVNiVmRZMkVUdXAyaW9NcVJGUi1ERk5vbjRLejMyU1M0a1VLWlg4UGlHRklTWVpzVW5aOTlqNFVxSVFza1NnOXgzYnJtelhDSTJtSkFvcjdNUw== returned response: <Response [200]>
2021-01-17 01:26:16,639 - instabot version: 0.117.0 (api) - DEBUG - GET to endpoint: friendships/15041839142/followers/?rank_token=45169428424_22aee7b9-9b18-47c6-8ed3-a5513d63899c&max_id=QVFDSm1XVGtVWHVVVWgySHotQUtseE9XS2FUTFJkamRJYVFpemo2OUtMZUZRQ2Z2RWNabjFPSGtZSmdKcHJSNDRYRmxHVHVoVUVCeEctSlVUVzRPVEozRQ== returned response: <Response [200]>
2021-01-17 01:26:17,140 - instabot version: 0.117.0 (api) - DEBUG - GET to endpoint: friendships/15041839142/followers/?rank_token=45169428424_22aee7b9-9b18-47c6-8ed3-a5513d63899c&max_id=QVFCRTZPRjllTGVhMW1EYUdUYlM2bzN1OTYwamctWkgza1FRRUxVR1M0LVJKQ3F5bmYzeUpJN1UzRG1Ja0piN0FzWjI4djhQT2pDdHJMaWNIeTZyYmwwOA== returned response: <Response [200]>
2021-01-17 01:26:18,134 - instabot version: 0.117.0 (api) - DEBUG - GET to endpoint: friendships/15041839142/followers/?rank_token=45169428424_22aee7b9-9b18-47c6-8ed3-a5513d63899c&max_id=QVFDS3dxTDhKdW5wOUFsaTNXNkhDUzZQVzRKR2hRMl90dHBqNGRBdmswNnBlek5wa3VYY19YZ0FGcmdoNHNHaE81bUR0V0UtQXVTRkhKb0lPNUFFdXV4Qg== returned response: <Response [200]>
2021-01-17 01:26:18,927 - instabot version: 0.117.0 (api) - DEBUG - GET to endpoint: friendships/15041839142/followers/?rank_token=45169428424_22aee7b9-9b18-47c6-8ed3-a5513d63899c&max_id=QVFBNVpyeGVMMWJrMzBhNV9memt2bGJXdTNBcE9tb2hneEsxYUVDWEhRLXRtRDhERk9jUmlJc2lkQjM1dEVmaVRVYkJBTy1kcllUOGJSQ1E1MUEyZlBvQw== returned response: <Response [200]>
2021-01-17 01:26:19,429 - instabot version: 0.117.0 (api) - DEBUG - GET to endpoint: friendships/15041839142/followers/?rank_token=45169428424_22aee7b9-9b18-47c6-8ed3-a5513d63899c&max_id=QVFDZ25iVndYbUVvZUNiQXlGcGlqVS1PaGtqa2VRRE40YzhTTngyXzVJV1lkRGxBbmF0bzFtdk9sOG44OUFrZnAydXZSWXJfcVhGOE4wQllXUTBHX1RuUQ== returned response: <Response [200]>
2021-01-17 01:26:19,886 - instabot version: 0.117.0 (api) - DEBUG - GET to endpoint: friendships/15041839142/followers/?rank_token=45169428424_22aee7b9-9b18-47c6-8ed3-a5513d63899c&max_id=QVFDWnU4SGFUU0NSYTdqMndNX0M4UThZMTdSa0QwblREMU5uOWJlZ1JDOXFUZHlZZVNISVZEME44aUJBQkcyWmx3X0g2ZFhaVEJMUHlGbnpMRmJEQk90YQ== returned response: <Response [200]>
2021-01-17 01:26:20,391 - instabot version: 0.117.0 (api) - DEBUG - GET to endpoint: friendships/15041839142/followers/?rank_token=45169428424_22aee7b9-9b18-47c6-8ed3-a5513d63899c&max_id=QVFBVmZwV0JhUWU3dUttaDEzRkR4TXdpZUhQeG1kZHU0d01WVi1vRVBsOHByRUx3X0RxbXhtVlVFTV9GSG5lVk9uSERXUG5hTlpUQTNielBkMTFmRUdPUw== returned response: <Response [200]>
2021-01-17 01:26:20,902 - instabot version: 0.117.0 (api) - DEBUG - GET to endpoint: friendships/15041839142/followers/?rank_token=45169428424_22aee7b9-9b18-47c6-8ed3-a5513d63899c&max_id=QVFBRjBRdG5QY1NlWU0zOWtCYk1PcG1GOXJhR0pxVXhJN2NCUG9TRUY0cXRaM2N0ZGg5YXc5Y3VZbWtjNTlBVkctSEQtVF9hYTJrd1JobWFiTjBveXNZeA== returned response: <Response [200]>
2021-01-17 01:26:21,467 - instabot version: 0.117.0 (api) - DEBUG - GET to endpoint: friendships/15041839142/followers/?rank_token=45169428424_22aee7b9-9b18-47c6-8ed3-a5513d63899c&max_id=QVFDalpXYUFyMTd0ak9IbktqRWJlNmtsQjhTN3A2N3BQU2w4eHdkZndRaTJvWTd3UzZWc281LWRxUVZSbGRMTExMNTNjOGd0cjUzZkttYlJiaDZZZm51VA== returned response: <Response [200]>
2021-01-17 01:26:22,000 - instabot version: 0.117.0 (api) - DEBUG - GET to endpoint: friendships/15041839142/followers/?rank_token=45169428424_22aee7b9-9b18-47c6-8ed3-a5513d63899c&max_id=QVFESWNMaDVzWlVxd1ZsUzNhZTNYZEMwNGlfWWZRY3hINHlzcHZ5NEVvSi13UWtxclJVU2JrRVduMmVXU3BEWjNHRW1Qa2tCLVYyTHdPVDFyakZkNmRJSA== returned response: <Response [200]>
2021-01-17 01:26:22,471 - instabot version: 0.117.0 (api) - DEBUG - GET to endpoint: friendships/15041839142/followers/?rank_token=45169428424_22aee7b9-9b18-47c6-8ed3-a5513d63899c&max_id=QVFBNWZMV0xsUWxTNEZSMzBkNDd3VGpoc1hMU082d2hybEpDNXYxMUpNc3F2YUJCYUlFdUJ1VGhhU0l1Y2gtQ3Y3NkhKdFo5anVaN3p4ZUczaTB6UVVwTQ== returned response: <Response [200]>
2021-01-17 01:26:23,191 - instabot version: 0.117.0 (api) - DEBUG - GET to endpoint: friendships/15041839142/followers/?rank_token=45169428424_22aee7b9-9b18-47c6-8ed3-a5513d63899c&max_id=QVFBYlJTVnhHYmZSbUh5eFRHU091MmVHSHBraFpNMFFwQzQ5R0FYS3d1Sk9HTjVVdTNPeFJJNlExV0V1YmRsSmM3U0JmM1k0U09DM1BtVjlNTmo2Z0RqTA== returned response: <Response [200]>
2021-01-17 01:26:23,677 - instabot version: 0.117.0 (api) - DEBUG - GET to endpoint: friendships/15041839142/followers/?rank_token=45169428424_22aee7b9-9b18-47c6-8ed3-a5513d63899c&max_id=QVFDU21WMnRIQ2p5akg3bjVlblZ2X09ua3RiZFhuZDVzT0JmLVlsakNwRmNWOGwxSXlEU00xX0NyR0QyOWVGcXRfTTlMMzhWNGJGV1pBUTNScjN1OG44Vg== returned response: <Response [200]>
2021-01-17 01:26:24,418 - instabot version: 0.117.0 (api) - DEBUG - GET to endpoint: friendships/15041839142/followers/?rank_token=45169428424_22aee7b9-9b18-47c6-8ed3-a5513d63899c&max_id=QVFCbnlvRk9zUUExSVJEdnJmMkxfY0FtNE03MG5rSW1TRjNKampyYlNFRTZXUnpTRmVPc1VjbS1fNkVaUFQ3dDhKWVo3b1RtZzN0anpldzZPX1RITzZXag== returned response: <Response [200]>
2021-01-17 01:26:24,949 - instabot version: 0.117.0 (api) - DEBUG - GET to endpoint: friendships/15041839142/followers/?rank_token=45169428424_22aee7b9-9b18-47c6-8ed3-a5513d63899c&max_id=QVFESUhrN2tBeURLV1BSRHBpZ21GUTlESF85aUpTeVRMSFhoVWNBWEVsYnVMbHlMWnpQTS1XMmVGV3NXdVluZzJPZVB5VHkzZzJnd0RUUWRuRlFVbXh2Zg== returned response: <Response [200]>
2021-01-17 01:26:25,451 - instabot version: 0.117.0 (api) - DEBUG - GET to endpoint: friendships/15041839142/followers/?rank_token=45169428424_22aee7b9-9b18-47c6-8ed3-a5513d63899c&max_id=QVFBRFpseG03RzZJNzVTeG5uN2xtVjctUDVscmFIb3dDVDRwNWt0ZDdMeC10bFFIZVpQajk3ZEk0SVI0LWZxQlVROXk2Mk80T0dvYUdfcGd6SXBDVkEyVw== returned response: <Response [200]>
2021-01-17 01:26:26,172 - instabot version: 0.117.0 (api) - DEBUG - GET to endpoint: friendships/15041839142/followers/?rank_token=45169428424_22aee7b9-9b18-47c6-8ed3-a5513d63899c&max_id=QVFBa1dmUHNWejFNWWJyelQ0STdMQzNmdmg4ZVpJdnFvVnp2V0JOQXBDLVhHZ2ZSTldqWHFqN0F1UGJVRE4wcW1CRW85V3RjNjdQZjdfVkFQUFdGdnNoNA== returned response: <Response [200]>
2021-01-17 01:26:26,658 - instabot version: 0.117.0 (api) - DEBUG - GET to endpoint: friendships/15041839142/followers/?rank_token=45169428424_22aee7b9-9b18-47c6-8ed3-a5513d63899c&max_id=QVFEOUU1RzdjdDd3UVJqQ2pXVkRtTFdqd2VGd1BfV1NWVDFfWXYxTWhHR21va092NXNwRTliSHF3bWN6SHZGQktJWTNwVmpEekhReFVoTV9LRThyUXd0Tg== returned response: <Response [200]>
2021-01-17 01:26:27,239 - instabot version: 0.117.0 (api) - DEBUG - GET to endpoint: friendships/15041839142/followers/?rank_token=45169428424_22aee7b9-9b18-47c6-8ed3-a5513d63899c&max_id=QVFDeEdISWxJVUl1d0tieWc5OUpqd0hvcHR0TzFIRVBPRU1EX3NQR05uMzhTdkRmTzZST09QYWNaRFNxNkFkUF9NVnhUQnQ2VDVVTHNMcW1RYXdzbXhjcg== returned response: <Response [200]>
2021-01-17 01:26:27,755 - instabot version: 0.117.0 (api) - DEBUG - GET to endpoint: friendships/15041839142/followers/?rank_token=45169428424_22aee7b9-9b18-47c6-8ed3-a5513d63899c&max_id=QVFEWXliYzdkbzBOQUVNQUd5NHJ6RVRWajBxUlFkeG1lVVNVNkh4VVhLY2JPUkMwQVZWbkV6bThpZkw2bnRCQ2pjZ1NJanBQcUdwakxDWkt4YklLMG9XUg== returned response: <Response [200]>
2021-01-17 01:26:28,304 - instabot version: 0.117.0 (api) - DEBUG - GET to endpoint: friendships/15041839142/followers/?rank_token=45169428424_22aee7b9-9b18-47c6-8ed3-a5513d63899c&max_id=QVFDSU13a3R0enM5LVlVdk9zT0FGbkJjVHFmaUt1WFc2MXpBQ2wyMVByOVl4MlNNWlNWMXoxREJMWjhjLW9SU2N4S2VDR1Nsald1cUZVcGpRNzhWYmtoTg== returned response: <Response [200]>
2021-01-17 01:26:28,884 - instabot version: 0.117.0 (api) - DEBUG - GET to endpoint: friendships/15041839142/followers/?rank_token=45169428424_22aee7b9-9b18-47c6-8ed3-a5513d63899c&max_id=QVFCR1FkV21wZ19hOTBpbm14LU9ZUHQ4ZDFjMTJoZ3VtWlFzVDFTXzI3d3JlTFZzZGpQQW9rczhkaG5NeXNjUlJkTG1fM3RzUnBoVEc3WDRVYm84VzR3QQ== returned response: <Response [200]>
2021-01-17 01:26:29,478 - instabot version: 0.117.0 (api) - DEBUG - GET to endpoint: friendships/15041839142/followers/?rank_token=45169428424_22aee7b9-9b18-47c6-8ed3-a5513d63899c&max_id=QVFDS3Zock9lR0taZVNZejdvdGtfTXdJLVQxS3gtQVZ5QjVJTG9BRHpteWJTa1hiZ0d1S29LTEluZUdaaEtEcWNPaU9DMnN5N3VaSTlpUWRUSEwxR2RJTw== returned response: <Response [200]>
2021-01-17 01:26:29,980 - instabot version: 0.117.0 (api) - DEBUG - GET to endpoint: friendships/15041839142/followers/?rank_token=45169428424_22aee7b9-9b18-47c6-8ed3-a5513d63899c&max_id=QVFCZVFzaUtORmh6WGZIQUpnUldkdFJxdFQ4NlFLRkZzX2x2ZndHSjNfN1V1c0ppRHRoNTBXM3c1dG9ZemVEMktNbjFFQ1NrZjVaVHZlOF9mbFRCZmU3dQ== returned response: <Response [200]>
2021-01-17 01:26:30,608 - instabot version: 0.117.0 (api) - DEBUG - GET to endpoint: friendships/15041839142/followers/?rank_token=45169428424_22aee7b9-9b18-47c6-8ed3-a5513d63899c&max_id=QVFEZzA3SWhQcFhSd3psOVpqc1pCOHBUZG5JQjFlenA0VkdUUUpYdlI4M2JsdnZ1SDNVcDdDSDU3dE5RNmlPUXhrYlA3WVVDSnlOdFkwdW5OVDN2ODFLQw== returned response: <Response [200]>
2021-01-17 01:26:31,236 - instabot version: 0.117.0 (api) - DEBUG - GET to endpoint: friendships/15041839142/followers/?rank_token=45169428424_22aee7b9-9b18-47c6-8ed3-a5513d63899c&max_id=QVFBUVlQOTlRamNRN0djMUJ0ZHNLeXhRekFyN2tOaFVXMGZ3OC00OERXZElwTzNsOFVoWjRYODFid0pfRHp1WnFKUEZucWtmaDFYTmRvQ1ZFRm4zODVUag== returned response: <Response [200]>
2021-01-17 01:26:31,941 - instabot version: 0.117.0 (api) - DEBUG - GET to endpoint: friendships/15041839142/followers/?rank_token=45169428424_22aee7b9-9b18-47c6-8ed3-a5513d63899c&max_id=QVFCT0dVWWlrZzBFRTdTcTBxMEtNRDlRdWpybWpSeVg1QTF0c0t5N2U4NGdjbnJwVWhDRl81ajhzNWk1WFhaRHl6emxta3ZXLXUtZWlsak9wTVhxeEpSbg== returned response: <Response [200]>
2021-01-17 01:26:32,584 - instabot version: 0.117.0 (api) - DEBUG - GET to endpoint: friendships/15041839142/followers/?rank_token=45169428424_22aee7b9-9b18-47c6-8ed3-a5513d63899c&max_id=QVFEWWMxT0xqZHYtUUdzMzlvNXJROTZ3WVl2X3VuYzJ4T1BVeWs4dExuODZtOUQ2Q1I4c3BQeU53dElkTU01QkpzVDBHWHVmNjhSUXhqaXFOcWJiY2hnRw== returned response: <Response [200]>
2021-01-17 01:26:33,194 - instabot version: 0.117.0 (api) - DEBUG - GET to endpoint: friendships/15041839142/followers/?rank_token=45169428424_22aee7b9-9b18-47c6-8ed3-a5513d63899c&max_id=QVFBQ1NpOEpVOERXeW5IUHRjV0NHTUpGTFlBbXRMaFFvcDl4bUFyaXY2OVJIWW05b2U0UVIyampVMzRNQ3czd1NRVHFvUXVPUDJDMHNiVW0wVjR6Z2tyNQ== returned response: <Response [200]>
2021-01-17 01:26:33,821 - instabot version: 0.117.0 (api) - DEBUG - GET to endpoint: friendships/15041839142/followers/?rank_token=45169428424_22aee7b9-9b18-47c6-8ed3-a5513d63899c&max_id=QVFBcGtoOVctM2hoZ1ptNEdrRXQzYVFRUF92Mmtac0xTaC02TmIzZnB1ZVpCYmhRemlSOGhTcXVqdXpjc1dCSDRGYkluZ0RMM2VobGFpZ1RqVEpjaUc2bQ== returned response: <Response [200]>
2021-01-17 01:26:34,434 - instabot version: 0.117.0 (api) - DEBUG - GET to endpoint: friendships/15041839142/followers/?rank_token=45169428424_22aee7b9-9b18-47c6-8ed3-a5513d63899c&max_id=QVFCRlVnQ3Q0V2d4UkxHSjdPTlVvSy10V2NaaEdjNWdQNTZKLUV5bU5ySmNuZ21JeUUweHFSZUdmNWRFbTh5Vk5uYkpJODRINmFTVmZOWkRrc1dORmtpMg== returned response: <Response [200]>
2021-01-17 01:26:35,093 - instabot version: 0.117.0 (api) - DEBUG - GET to endpoint: friendships/15041839142/followers/?rank_token=45169428424_22aee7b9-9b18-47c6-8ed3-a5513d63899c&max_id=QVFCUHRUaDduZm5kOXlVdGhXX3BYeHZrcGowX3IxZ1Q5dlFTRV9VbFFnZ1BKWnM2SUJpSUdHTFREV29kZ29fQWJFeFlycnRHbFJabWR3OFZieG1NZ1Z2TQ== returned response: <Response [200]>
2021-01-17 01:26:35,704 - instabot version: 0.117.0 (api) - DEBUG - GET to endpoint: friendships/15041839142/followers/?rank_token=45169428424_22aee7b9-9b18-47c6-8ed3-a5513d63899c&max_id=QVFDQy1NbXZWYTh5clhpVncwRC0zXy1VYnRtblFHbUtHQW9ua2JaazlSZk1XRFdZWU1wVDZSRHBkTlF3UEozNXpjRkRScnFBZFNNX3VrLW8tUzBjOVY2Tg== returned response: <Response [200]>
2021-01-17 01:26:36,393 - instabot version: 0.117.0 (api) - DEBUG - GET to endpoint: friendships/15041839142/followers/?rank_token=45169428424_22aee7b9-9b18-47c6-8ed3-a5513d63899c&max_id=QVFDV1owN0o1d2t4U2ZocTZsUWduaUF6eEg3akI2Mmx5Ni1XWDBxcllqT0NmZ2tLUEVaOWcxcnRVWHB5VGhBY09MWDl0MUVWTnV1RmhJRWdyTDFia2JaSg== returned response: <Response [200]>
2021-01-17 01:26:36,977 - instabot version: 0.117.0 (api) - DEBUG - GET to endpoint: friendships/15041839142/followers/?rank_token=45169428424_22aee7b9-9b18-47c6-8ed3-a5513d63899c&max_id=QVFDNXhUbzE3OGhKb01BdEt5MlBnWkQySkRzYmFvLUZveE1PRldYSjFwRXJyMUxMVFE5UlJ0dXctalE3MTVfdTR4YVk4bjJKVVROVnJGdXZtVHhYVFFiZw== returned response: <Response [200]>
2021-01-17 01:26:37,602 - instabot version: 0.117.0 (api) - DEBUG - GET to endpoint: friendships/15041839142/followers/?rank_token=45169428424_22aee7b9-9b18-47c6-8ed3-a5513d63899c&max_id=QVFBZ29ST1Z5MDZrblgwWUdPTE05R2t6UzRmUlg5ZkRrY3poY3oydXBFSlZBQ0drbFhBX29RSDQyTFh5M05URGRoYnp4U1JkMG1qd092ei1mTDQwMkVHYQ== returned response: <Response [200]>
2021-01-17 01:26:38,229 - instabot version: 0.117.0 (api) - DEBUG - GET to endpoint: friendships/15041839142/followers/?rank_token=45169428424_22aee7b9-9b18-47c6-8ed3-a5513d63899c&max_id=QVFDTS1ydm42bHVTWmd5VmpjbzJFdW5kQjZCMzlSWVBjbFh1VmFFaUtSb2l0S2tCa3dqZDh6a2djTlRBWDktZFBQSDE2S0dnU1V4Z0tPTE4zbXN4aWlNdw== returned response: <Response [200]>
2021-01-17 01:26:38,824 - instabot version: 0.117.0 (api) - DEBUG - GET to endpoint: friendships/15041839142/followers/?rank_token=45169428424_22aee7b9-9b18-47c6-8ed3-a5513d63899c&max_id=QVFET2xPaDROYl85VE1iRFltTTdfUDNIZ2tvVFNSN2kyVGprSTVad0NfaVczQUFFU0JYNGN6ZTQ2ZEtINEQ1S1NlQXJPVGk3ZGUxajdSNnJ4ejdHNjFmbQ== returned response: <Response [200]>
2021-01-17 01:26:39,421 - instabot version: 0.117.0 (api) - DEBUG - GET to endpoint: friendships/15041839142/followers/?rank_token=45169428424_22aee7b9-9b18-47c6-8ed3-a5513d63899c&max_id=QVFBbzdCVjJvaFplRVFMczQ1MjNWSWRhZ0wwSHV5WnlvUEJiZjctVVhjaTUyRzJxX1lJOS00bDhPSTB0OHhzVmFrWEF0ZVQwMVRUUEJ6YnR4UW95RDNVMQ== returned response: <Response [200]>
2021-01-17 01:26:40,016 - instabot version: 0.117.0 (api) - DEBUG - GET to endpoint: friendships/15041839142/followers/?rank_token=45169428424_22aee7b9-9b18-47c6-8ed3-a5513d63899c&max_id=QVFCenVnRzh0X3dJX0tzVTc2MWRWalVyLU0tWmJhdHQzVDhOS0dXaTREWnZCLUpoUUNIU21fakhrenVmT2p1VzBESzJSbnFRaE41NVRjaVIteDJYVFlKNg== returned response: <Response [200]>
2021-01-17 01:26:40,564 - instabot version: 0.117.0 (api) - DEBUG - GET to endpoint: friendships/15041839142/followers/?rank_token=45169428424_22aee7b9-9b18-47c6-8ed3-a5513d63899c&max_id=QVFDVHlUTFQyRktsVFpZc2F3Z2gxTXZ1NTBMc0ZzWlpCdWxiVEJVRTFzaG1XdnVXanRrSWVZeWxOTWh1U2Nic2ZITTZ0djhrNS1Nd3NqTXdOWEtGclRFcg== returned response: <Response [200]>
2021-01-17 01:26:41,050 - instabot version: 0.117.0 (api) - DEBUG - GET to endpoint: friendships/15041839142/followers/?rank_token=45169428424_22aee7b9-9b18-47c6-8ed3-a5513d63899c&max_id=QVFEanhtdXpUMkxSd3VXMk9TYW9GdVVKbHZLR2VwNjEtb1M1REJzYlFldFg2LS0zbjJPYmRPRU5EcWQ2ajNPRkpQdzJpZG9VS2VkZHQzaDZPWTJMdk5QZA== returned response: <Response [200]>
2021-01-17 01:26:41,568 - instabot version: 0.117.0 (api) - DEBUG - GET to endpoint: friendships/15041839142/followers/?rank_token=45169428424_22aee7b9-9b18-47c6-8ed3-a5513d63899c&max_id=QVFENXEwQ3YxX19lMmZYeHc1ZVVVbEJqZ2hyWlRBOFJCZkpDeUhXVl9WaThQdkRXcER5eTBsZFhJakp4M2NJQzN1Vm5kZVFNLWRXZVdQY2xOYk93SU1NYw== returned response: <Response [200]>
2021-01-17 01:26:42,101 - instabot version: 0.117.0 (api) - DEBUG - GET to endpoint: friendships/15041839142/followers/?rank_token=45169428424_22aee7b9-9b18-47c6-8ed3-a5513d63899c&max_id=QVFDWGJVaUEwTGZHLUpMSUFJVW51WkdUb3BSX09wRlNrSjFlYXRLYXloUzZrWFFWZmZBUkJOcUNBakUxUlN1RkpVdGZEcXF6b3pzOTlRU1dnOWJId3Zvbg== returned response: <Response [200]>
2021-01-17 01:26:42,681 - instabot version: 0.117.0 (api) - DEBUG - GET to endpoint: friendships/15041839142/followers/?rank_token=45169428424_22aee7b9-9b18-47c6-8ed3-a5513d63899c&max_id=QVFENnRpQUJOVVZoeHkwZTFrODd0Q2dyemVlQ0FTdU9YMUdYV0FwYVBYVjBJRHI4a0FpVVZseWpQNHRpbWl2N3VLWGx3X2FKcVNEOTByWHl0X3NlcVN4cw== returned response: <Response [200]>
2021-01-17 01:26:43,275 - instabot version: 0.117.0 (api) - DEBUG - GET to endpoint: friendships/15041839142/followers/?rank_token=45169428424_22aee7b9-9b18-47c6-8ed3-a5513d63899c&max_id=QVFETGR5REFvWUtJWDJiYm1mU3AwYVBIMmdSbXFWbWpMa1Q2VVdJcGRvYnd5S1dJbDdSR2VKd0JyN0M5bEFMUHVPVnlhQUZxSGREQVdGSF9xRkF2N3ZoVQ== returned response: <Response [200]>
2021-01-17 01:26:43,778 - instabot version: 0.117.0 (api) - DEBUG - GET to endpoint: friendships/15041839142/followers/?rank_token=45169428424_22aee7b9-9b18-47c6-8ed3-a5513d63899c&max_id=QVFEUVZMcVRIb2RDdld0aXVUeGNnaC1kN2RSdFlOOF84MW5lUHZTWUoxaTZvdUtjMlJ0eVNteUE2RUZicHQwenJ4MTVnYzcwNUJGa0ZRUTFXWlZQNDBseA== returned response: <Response [200]>
2021-01-17 01:26:44,444 - instabot version: 0.117.0 (api) - DEBUG - GET to endpoint: friendships/15041839142/followers/?rank_token=45169428424_22aee7b9-9b18-47c6-8ed3-a5513d63899c&max_id=QVFCTXpMRjRRLWs3WjJFYXFnTzdqcFhvMHpsZ0xWXzBVRXBiTFkydXZiOEdEOVZ2bnlBYTJFRFVwbnVuWFZGMDBNUEdhYmI2RmZWSFlqVWlKeUxiSnE3dw== returned response: <Response [200]>
2021-01-17 01:26:45,128 - instabot version: 0.117.0 (api) - DEBUG - GET to endpoint: friendships/15041839142/followers/?rank_token=45169428424_22aee7b9-9b18-47c6-8ed3-a5513d63899c&max_id=QVFBUDRySUwtY0hTRVdGSFpURnpxMXAtSDROb1pPeFYyQkIzVWRpNDNnMHRySzE2Nk1WZEF3U1ZtMVowejloTml6Z3JtUmNCazJlQkloTEhsTlZwN2N0bw== returned response: <Response [200]>
2021-01-17 01:26:45,613 - instabot version: 0.117.0 (api) - DEBUG - GET to endpoint: friendships/15041839142/followers/?rank_token=45169428424_22aee7b9-9b18-47c6-8ed3-a5513d63899c&max_id=QVFEdjlFUlEwWWRRWE9LdlR1ZUpKRjJiMktuc21kYnZoR0VoRDJLNWkwR2pPeVIzQWJ6TFJ1X3BvU2h1dGt1U3Q0RHhDOTBNUmlPdV9CS0x0YU16S0pEbg== returned response: <Response [200]>
2021-01-17 01:26:46,305 - instabot version: 0.117.0 (api) - DEBUG - GET to endpoint: friendships/15041839142/followers/?rank_token=45169428424_22aee7b9-9b18-47c6-8ed3-a5513d63899c&max_id=QVFEenRXVEJ1NXBkOUloUVZPZlNDUWhCM3cydEg1YWRBVHMyWEU1QkE4UW4xb0xKNkZNdTRNbDNwSVRBcDVKQktXSFpNem1aYjhRdGpQN2dMV3E3Y21fXw== returned response: <Response [200]>
2021-01-17 01:26:46,792 - instabot version: 0.117.0 (api) - DEBUG - GET to endpoint: friendships/15041839142/followers/?rank_token=45169428424_22aee7b9-9b18-47c6-8ed3-a5513d63899c&max_id=QVFEeDJmdXVfSXRZQzhKdndJNFNscm13aHpDNV9Za2d6ZnRSZXI1TXowWWl3QWdZS2loc0tVY1FtZ2RuSEQ3THROTXZTdWZ5TnpBN004dGlkYVk2MmltSQ== returned response: <Response [200]>
2021-01-17 01:26:47,353 - instabot version: 0.117.0 (api) - DEBUG - GET to endpoint: friendships/15041839142/followers/?rank_token=45169428424_22aee7b9-9b18-47c6-8ed3-a5513d63899c&max_id=QVFDNnR5Q29FSGl3eDJ6c2JyRWVxQmdxRWhKOEVPSFk0RVFZRWQzdVI0aDVudHVVbjZTSnBCR194aDdqYVZValNnaGhfazhUNE1fX1l1dzVNQ25pM1Bkdg== returned response: <Response [200]>
2021-01-17 01:26:47,368 - instabot version: 0.117.0 (bot_checkpoint) - DEBUG - Saving Checkpoint file to: D:\Programming Languages\03. Projects\Instagram Scrapper/config/randompy2020.checkpoint
2021-01-17 01:26:47,369 - instabot version: 0.117.0 (bot) - INFO - Total requests: 467
