2021-01-17 16:44:19,668 - instabot version: 0.117.0 (bot) - INFO - Instabot version: 0.117.0 Started
2021-01-17 16:44:19,668 - instabot version: 0.117.0 (bot) - DEBUG - Bot imported from C:\Users\LENOVO\AppData\Local\Programs\Python\Python38-32\lib\site-packages\instabot\bot\bot.py
2021-01-17 16:44:19,708 - instabot version: 0.117.0 (api_login) - DEBUG - Loading cookies
2021-01-17 16:44:19,708 - instabot version: 0.117.0 (api_login) - DEBUG - Loading uuids
2021-01-17 16:44:19,708 - instabot version: 0.117.0 (api_login) - INFO - Recovery from D:\Programming Languages\03. Projects\Instagram Scrapper/config/calcutta_blog_uuid_and_cookie.json: COOKIE True - UUIDs True - TIMING, DEVICE and ...
- user-agent=Instagram 117.0.0.28.123 Android (28/9.0; 420dpi; 1080x1920; OnePlus; ONEPLUS A3003; OnePlus3; qcom; en_US; 180322800)
- phone_id=97412465-4f7d-40dd-97b6-7623e1949caa
- uuid=0d12e5b1-04bc-48d3-b83a-812e9a723745
- client_session_id=07222d55-ff21-4112-9b63-841b0ea0536a
- device_id=android-f9547b82c549e8b9
2021-01-17 16:44:19,710 - instabot version: 0.117.0 (api_login) - INFO - LOGIN FLOW! Just logged-in: False
2021-01-17 16:44:24,846 - instabot version: 0.117.0 (api) - DEBUG - POST to endpoint: feed/timeline/ returned response: <Response [200]>
2021-01-17 16:44:26,698 - instabot version: 0.117.0 (api) - DEBUG - POST to endpoint: feed/reels_tray/ returned response: <Response [200]>
2021-01-17 16:44:28,218 - instabot version: 0.117.0 (api) - DEBUG - POST to endpoint: direct_v2/ranked_recipients/ returned response: <Response [200]>
2021-01-17 16:44:28,720 - instabot version: 0.117.0 (api) - DEBUG - POST to endpoint: direct_v2/ranked_recipients/ returned response: <Response [200]>
2021-01-17 16:44:30,772 - instabot version: 0.117.0 (api) - DEBUG - POST to endpoint: direct_v2/inbox/ returned response: <Response [200]>
2021-01-17 16:44:31,399 - instabot version: 0.117.0 (api) - DEBUG - GET to endpoint: direct_v2/get_presence/ returned response: <Response [200]>
2021-01-17 16:44:32,263 - instabot version: 0.117.0 (api) - DEBUG - GET to endpoint: news/inbox/?limited_activity=true&show_su=true returned response: <Response [200]>
2021-01-17 16:44:32,701 - instabot version: 0.117.0 (api) - DEBUG - GET to endpoint: users/profile_notice/ returned response: <Response [200]>
2021-01-17 16:44:34,732 - instabot version: 0.117.0 (api) - DEBUG - POST to endpoint: discover/explore/ returned response: <Response [200]>
2021-01-17 16:44:34,734 - instabot version: 0.117.0 (api) - INFO - Logged-in successfully as 'calcutta_blog'!
2021-01-17 16:44:34,735 - instabot version: 0.117.0 (bot_checkpoint) - DEBUG - Loading Checkpoint file from: D:\Programming Languages\03. Projects\Instagram Scrapper/config/calcutta_blog.checkpoint
2021-01-17 16:44:38,103 - instabot version: 0.117.0 (bot_checkpoint) - DEBUG - Saving Checkpoint file to: D:\Programming Languages\03. Projects\Instagram Scrapper/config/calcutta_blog.checkpoint
2021-01-17 16:44:38,104 - instabot version: 0.117.0 (bot) - INFO - Total requests: 900
