2021-01-17 01:21:54,045 - instabot version: 0.117.0 (bot) - INFO - Instabot version: 0.117.0 Started
2021-01-17 01:21:54,070 - instabot version: 0.117.0 (bot) - DEBUG - Bot imported from C:\Users\LENOVO\AppData\Local\Programs\Python\Python38-32\lib\site-packages\instabot\bot\bot.py
2021-01-17 01:21:54,092 - instabot version: 0.117.0 (api_login) - DEBUG - Loading cookies
2021-01-17 01:21:54,092 - instabot version: 0.117.0 (api_login) - DEBUG - Loading uuids
2021-01-17 01:21:54,092 - instabot version: 0.117.0 (api_login) - INFO - Recovery from D:\Programming Languages\03. Projects\Instagram Scrapper/config/randompy2020_uuid_and_cookie.json: COOKIE True - UUIDs True - TIMING, DEVICE and ...
- user-agent=Instagram 117.0.0.28.123 Android (28/9.0; 420dpi; 1080x1920; OnePlus; ONEPLUS A3003; OnePlus3; qcom; en_US; 180322800)
- phone_id=6ec1115f-b830-409a-9e3a-b5fea365b8a0
- uuid=22aee7b9-9b18-47c6-8ed3-a5513d63899c
- client_session_id=4ad0d215-0c6e-490b-8556-13e353643869
- device_id=android-e00652d37fc01327
2021-01-17 01:21:54,134 - instabot version: 0.117.0 (api_login) - INFO - LOGIN FLOW! Just logged-in: False
2021-01-17 01:21:57,362 - instabot version: 0.117.0 (api) - DEBUG - POST to endpoint: feed/timeline/ returned response: <Response [200]>
2021-01-17 01:21:58,425 - instabot version: 0.117.0 (api) - DEBUG - POST to endpoint: feed/reels_tray/ returned response: <Response [200]>
2021-01-17 01:21:59,053 - instabot version: 0.117.0 (api) - DEBUG - POST to endpoint: direct_v2/ranked_recipients/ returned response: <Response [200]>
2021-01-17 01:21:59,431 - instabot version: 0.117.0 (api) - DEBUG - POST to endpoint: direct_v2/ranked_recipients/ returned response: <Response [200]>
2021-01-17 01:21:59,886 - instabot version: 0.117.0 (api) - DEBUG - POST to endpoint: direct_v2/inbox/ returned response: <Response [200]>
2021-01-17 01:22:00,252 - instabot version: 0.117.0 (api) - DEBUG - GET to endpoint: direct_v2/get_presence/ returned response: <Response [200]>
2021-01-17 01:22:00,885 - instabot version: 0.117.0 (api) - DEBUG - GET to endpoint: news/inbox/?limited_activity=true&show_su=true returned response: <Response [200]>
2021-01-17 01:22:01,263 - instabot version: 0.117.0 (api) - DEBUG - GET to endpoint: users/profile_notice/ returned response: <Response [200]>
2021-01-17 01:22:02,517 - instabot version: 0.117.0 (api) - DEBUG - POST to endpoint: discover/explore/ returned response: <Response [200]>
2021-01-17 01:22:02,549 - instabot version: 0.117.0 (api) - INFO - Logged-in successfully as 'randompy2020'!
2021-01-17 01:22:02,549 - instabot version: 0.117.0 (bot_checkpoint) - DEBUG - Loading Checkpoint file from: D:\Programming Languages\03. Projects\Instagram Scrapper/config/randompy2020.checkpoint
2021-01-17 01:22:05,279 - instabot version: 0.117.0 (api) - DEBUG - GET to endpoint: users/calcutta_bloggers/usernameinfo/ returned response: <Response [200]>
2021-01-17 01:22:06,235 - instabot version: 0.117.0 (api) - DEBUG - GET to endpoint: users/15041839142/info/ returned response: <Response [200]>
2021-01-17 01:22:07,034 - instabot version: 0.117.0 (api) - DEBUG - GET to endpoint: friendships/15041839142/followers/?rank_token=45169428424_22aee7b9-9b18-47c6-8ed3-a5513d63899c returned response: <Response [200]>
2021-01-17 01:22:07,681 - instabot version: 0.117.0 (api) - DEBUG - GET to endpoint: friendships/15041839142/followers/?rank_token=45169428424_22aee7b9-9b18-47c6-8ed3-a5513d63899c&max_id=QVFCU25kS0pRX1IyZFc1bUtPS0JsTWNNUTNGSFhhdFFqanNLRng3MkJZSVBhdVhLOU16YTRLUS1XN1YtOHlzWWhFMmRzUkZudDlrWThQZlZVMk53Wk94Sw== returned response: <Response [200]>
2021-01-17 01:22:08,201 - instabot version: 0.117.0 (api) - DEBUG - GET to endpoint: friendships/15041839142/followers/?rank_token=45169428424_22aee7b9-9b18-47c6-8ed3-a5513d63899c&max_id=QVFDZGI3UTEwNzQxRzAtR3k5TEdzZXBaazNUTmszODRIN3VvT2c0bExtd0hoekNzNjhJVlNlNlVXYXNTajBEVlVpeURNY01QQW91Q3lOY2ZaR012b1Vlbg== returned response: <Response [200]>
2021-01-17 01:22:08,668 - instabot version: 0.117.0 (api) - DEBUG - GET to endpoint: friendships/15041839142/followers/?rank_token=45169428424_22aee7b9-9b18-47c6-8ed3-a5513d63899c&max_id=QVFCRFZjMW93SmtlU2RKMnFhNGJRUUdSSnMzRThRNnIyRzY0QVBxMjdsOE9TZ0MtTkFuMk11alZ6eC1naF84aXEtaUtfdzlHWUs1ZjJtajdMaUF4Zk1OaQ== returned response: <Response [200]>
2021-01-17 01:22:09,153 - instabot version: 0.117.0 (api) - DEBUG - GET to endpoint: friendships/15041839142/followers/?rank_token=45169428424_22aee7b9-9b18-47c6-8ed3-a5513d63899c&max_id=QVFCeXl1bTNyLXFDRjRxTDFyT0pjY2hIQ1BoT0M2a3RmZHppWXdKdFN1R2NvTXVRSGFMSUVtV24wT3dBM0h4MDBZcGpiNHBlWGxicXZjQ2hEZkx2bjcwMg== returned response: <Response [200]>
2021-01-17 01:22:09,619 - instabot version: 0.117.0 (api) - DEBUG - GET to endpoint: friendships/15041839142/followers/?rank_token=45169428424_22aee7b9-9b18-47c6-8ed3-a5513d63899c&max_id=QVFEVWx4ZGxTOHo0eHFLNGpSSTAxTWZVMllNczJFQjZPdlhlVVFyREtUVzg1cE9OYVVoVU9RekF6SUhIRjg1eDF6VmlMNXo1M0tyeVJ5SEplOHYyMUJ0eg== returned response: <Response [200]>
2021-01-17 01:22:10,636 - instabot version: 0.117.0 (api) - DEBUG - GET to endpoint: friendships/15041839142/followers/?rank_token=45169428424_22aee7b9-9b18-47c6-8ed3-a5513d63899c&max_id=QVFBbWp5QmRQMkZHZWFiS2Z2azB3cVpjUGNNVnQwWElaa19YZ0ZjeTJfVE9DUFhFeGwtLXNTU0M1MVRaY0lacGxMMzNNMGdEcjdsUGJXTG45UVh3ZjR1Uw== returned response: <Response [200]>
2021-01-17 01:22:11,166 - instabot version: 0.117.0 (api) - DEBUG - GET to endpoint: friendships/15041839142/followers/?rank_token=45169428424_22aee7b9-9b18-47c6-8ed3-a5513d63899c&max_id=QVFBbDZPeWRfM2NkcVhpMTFLQktzODhaV3BnMXBWb1JmbVN3MEh6aWluZlNuMUh2enZETzAyaXhvN1lmcDdkN2xXbnBGVzFXRFBxbW5Wb3c3NHo1Y0M5WQ== returned response: <Response [200]>
2021-01-17 01:22:12,181 - instabot version: 0.117.0 (api) - DEBUG - GET to endpoint: friendships/15041839142/followers/?rank_token=45169428424_22aee7b9-9b18-47c6-8ed3-a5513d63899c&max_id=QVFCbEI2MWJiTE9lRlhxdnBNajU5TnZMQURYZ0w5MTBzM2JCcWg5UEt6Vzl1cHRhU2VIUkpQdXRfNFk5MW5oR28yLU9nSXVnYlM2dUhLczJDR2tQN1MzOQ== returned response: <Response [200]>
2021-01-17 01:22:12,671 - instabot version: 0.117.0 (api) - DEBUG - GET to endpoint: friendships/15041839142/followers/?rank_token=45169428424_22aee7b9-9b18-47c6-8ed3-a5513d63899c&max_id=QVFBVVRnOFZrR1FxUlJJYlpwcjV5T1lVbFlEOXdlQlF3dnhxcjNuYkltTTlIWEJ3N0w0NzZQZjlBWnRlMG5MV0JGV2R2dFQ3M1k1SUFNWnRHVEhwVkVmbQ== returned response: <Response [200]>
2021-01-17 01:22:13,161 - instabot version: 0.117.0 (api) - DEBUG - GET to endpoint: friendships/15041839142/followers/?rank_token=45169428424_22aee7b9-9b18-47c6-8ed3-a5513d63899c&max_id=QVFDVjJWTHV4amF2dWYzSmhITFA3U2RrTTZ5Q0lpNDhlMXA4UDhacDVmdThWLWpHOE4yWTNlY3daSFdKT2p2VVhRcWEzNnFWdmZfeXRqeFUtUzFWZ1docQ== returned response: <Response [200]>
2021-01-17 01:22:13,691 - instabot version: 0.117.0 (api) - DEBUG - GET to endpoint: friendships/15041839142/followers/?rank_token=45169428424_22aee7b9-9b18-47c6-8ed3-a5513d63899c&max_id=QVFCUVI1T0hXTHlvRkJWbVNraE9Fa2JJd2VsTThLNFM5VlRKNDcyellLRWVZQ244dEFsUG14d1BEMnNsbmdWNlNNUTNkTGdGaHIyeld3Y3VqZGRXcm9OUw== returned response: <Response [200]>
2021-01-17 01:22:14,264 - instabot version: 0.117.0 (api) - DEBUG - GET to endpoint: friendships/15041839142/followers/?rank_token=45169428424_22aee7b9-9b18-47c6-8ed3-a5513d63899c&max_id=QVFDTHNRa3ZaNlhOSklIMkFlYVdZMG9iSElWV1ozSEhralVGaVhTRzhhT1VuMTRpRnBDbTd2ZzI1c2VXV3E5OUhSNm14eVV0VmFObjZLMl9IbUtyYVJTbw== returned response: <Response [200]>
2021-01-17 01:22:14,814 - instabot version: 0.117.0 (api) - DEBUG - GET to endpoint: friendships/15041839142/followers/?rank_token=45169428424_22aee7b9-9b18-47c6-8ed3-a5513d63899c&max_id=QVFDUENfNHFSV0hxMlYxVDc0SHNLOVNrMXpJbk8zZWM5U2I4UkE1OWdINjlnNGEyY2RtRElHT1B0LU9YcFAtRklxWDRmaGs1WXJuSE9nREpGUDVWN2k2Mg== returned response: <Response [200]>
2021-01-17 01:22:15,311 - instabot version: 0.117.0 (api) - DEBUG - GET to endpoint: friendships/15041839142/followers/?rank_token=45169428424_22aee7b9-9b18-47c6-8ed3-a5513d63899c&max_id=QVFDTjhiVG1DZXN5ZWNhbzNLZk5HZnlzZHU4Qmd4UGd0WUFUTC1aV1ZRem5laG1CMmJpYi1ycEVLM1V5Umh2andZeVFJa1E3NmpSU29DTDViTnhBSlJELQ== returned response: <Response [200]>
2021-01-17 01:22:16,144 - instabot version: 0.117.0 (api) - DEBUG - GET to endpoint: friendships/15041839142/followers/?rank_token=45169428424_22aee7b9-9b18-47c6-8ed3-a5513d63899c&max_id=QVFDdGFKMjdjU25LQVRoNllMQ21lbTlPV0JrQzFlY3k0MG0wbk16VENuS0ZZOFdld2V4WHlwZDB3U1lkc0UtcWUydUlCcHpCSFExNnJCYzdXeVFUSUx5MQ== returned response: <Response [200]>
2021-01-17 01:22:16,650 - instabot version: 0.117.0 (api) - DEBUG - GET to endpoint: friendships/15041839142/followers/?rank_token=45169428424_22aee7b9-9b18-47c6-8ed3-a5513d63899c&max_id=QVFDVFh3RFE2MDZDWncwNEE2Z1RMODRKWFlhNDY1M3BQd05TMmNhTHZDcXBXNFlGeVZZNHNkOGtFYUNfd0V4UnJxQVdyMTJ3dVJ3TFlqdERaZ2dBSm5rVw== returned response: <Response [200]>
2021-01-17 01:22:17,139 - instabot version: 0.117.0 (api) - DEBUG - GET to endpoint: friendships/15041839142/followers/?rank_token=45169428424_22aee7b9-9b18-47c6-8ed3-a5513d63899c&max_id=QVFDLWJ3UzdVei11bm5SNXphZk1adXYyUGIxRUE0eDNSS29NU190b25jcTNpc1ViOVJUc0NrQl9lNW1nRHpab2owOERtWTJqSWhsRzFzaFh1NmM1Y29rMg== returned response: <Response [200]>
2021-01-17 01:22:17,626 - instabot version: 0.117.0 (api) - DEBUG - GET to endpoint: friendships/15041839142/followers/?rank_token=45169428424_22aee7b9-9b18-47c6-8ed3-a5513d63899c&max_id=QVFBaHNEaTJNMWhFZ3NSS29sU1hIeDIwcUpob1c5WDVrX091Z0Fjay1KV1l6b3RzQnpZQ3dTMXB1ZmpKQ19DZFYwclBFb2FJRXNQNE1RUDNnQzhLNTFrOQ== returned response: <Response [200]>
2021-01-17 01:22:18,125 - instabot version: 0.117.0 (api) - DEBUG - GET to endpoint: friendships/15041839142/followers/?rank_token=45169428424_22aee7b9-9b18-47c6-8ed3-a5513d63899c&max_id=QVFCYlNxNE5QbFd4cnhIamlYdnNTbDhxOVRhXzBMZHVQa0Y4UWJHMUR1NHpCQm9VQ3VTNmRxZTZQSkcwNzhCTGtwNkVrcm52ZGJ3czhVeHA4UHhtZFQ3Qg== returned response: <Response [200]>
2021-01-17 01:22:18,639 - instabot version: 0.117.0 (api) - DEBUG - GET to endpoint: friendships/15041839142/followers/?rank_token=45169428424_22aee7b9-9b18-47c6-8ed3-a5513d63899c&max_id=QVFDSFFNNmx1ckRXQk56MVhRQTNlSUhIWjI4MTRwLU0xYkxJZGdQWnc2OXhKbldKRFUzOS1aSlBRcFdpYU1mMTJYVXFIUEFqbGVDYTRrbUJ6alZCYnJlWQ== returned response: <Response [200]>
2021-01-17 01:22:19,140 - instabot version: 0.117.0 (api) - DEBUG - GET to endpoint: friendships/15041839142/followers/?rank_token=45169428424_22aee7b9-9b18-47c6-8ed3-a5513d63899c&max_id=QVFDcDhjRVdQWjBvbTZwX1BNcmVwN0JHTjhZMkoxSWthM0RGSnVHcmhVTkctcTdFZXJQdkxENzl1M1VSeGlKdE9ESG9ZekhMRnBEd0o4UXBqblRVZ1lWeg== returned response: <Response [200]>
2021-01-17 01:22:19,638 - instabot version: 0.117.0 (api) - DEBUG - GET to endpoint: friendships/15041839142/followers/?rank_token=45169428424_22aee7b9-9b18-47c6-8ed3-a5513d63899c&max_id=QVFBR0dHR0UyTlVXRkh0RFBEdm50cldscndIR2ZxMEU3Q290bWtTM21IUl81U2tTLWpxWk5PUC1fU01YS01MVldQRjVqUzFNNFNxLURSRmtzSVZNXzdEbQ== returned response: <Response [200]>
2021-01-17 01:22:20,109 - instabot version: 0.117.0 (api) - DEBUG - GET to endpoint: friendships/15041839142/followers/?rank_token=45169428424_22aee7b9-9b18-47c6-8ed3-a5513d63899c&max_id=QVFBZnNTNkxpaTBVaWw1RkZEMmFzeERaNmhwRmJJR0JsRWg0LW1zR3JhYWRaekhneDFZempCbW4zN3pLekZtb3BZeTA2NzJSdnFwdWZReHBFc1p2N0RjRA== returned response: <Response [200]>
2021-01-17 01:22:20,717 - instabot version: 0.117.0 (api) - DEBUG - GET to endpoint: friendships/15041839142/followers/?rank_token=45169428424_22aee7b9-9b18-47c6-8ed3-a5513d63899c&max_id=QVFER2pQbXRub2dTNlZJOUxPUnAzYnlXYmpQTTU2dnlvOENTNTlyQzVHYzM0b1ExbE1FTnl3LWVTUXlEcnJrSExOX3JNZjJTN1M5TUthS19JaE4ydUxWTg== returned response: <Response [200]>
2021-01-17 01:22:21,247 - instabot version: 0.117.0 (api) - DEBUG - GET to endpoint: friendships/15041839142/followers/?rank_token=45169428424_22aee7b9-9b18-47c6-8ed3-a5513d63899c&max_id=QVFET0FTZEMyYzI3Mkt3NHJtTU5FZ1dyWnZucVFyZGxvNFRZZDRZZGdJUzdCUVk1UFBvRlNPNnF2S0NBa0s0Zjd6cUprc0hhNUZiX3JUOEk0QkZyN0RYdA== returned response: <Response [200]>
2021-01-17 01:22:21,776 - instabot version: 0.117.0 (api) - DEBUG - GET to endpoint: friendships/15041839142/followers/?rank_token=45169428424_22aee7b9-9b18-47c6-8ed3-a5513d63899c&max_id=QVFCaDFTT21CTGo3X2V4Q2ZNTDc2eGlMQ3ZpMkt6M3VoR180VFhpVXN5MHhmLXA0QjU1MU13NmlPQlhHTGxhb3dfOFRBRzNmTHZMQk9zZENZV1U2NkQ1bQ== returned response: <Response [200]>
2021-01-17 01:22:22,602 - instabot version: 0.117.0 (api) - DEBUG - GET to endpoint: friendships/15041839142/followers/?rank_token=45169428424_22aee7b9-9b18-47c6-8ed3-a5513d63899c&max_id=QVFCRmVxUVJ6TkhCZFdUU1hDLXVtUlV4VnhmXzFCV3dZSmh5ZTZDS09yT3dLSVNKNkRLRzA5Nmx5THpnR3ItSUJiWVdfWElEbnMzemhBVjYybDVxTEtEdw== returned response: <Response [200]>
2021-01-17 01:22:23,122 - instabot version: 0.117.0 (api) - DEBUG - GET to endpoint: friendships/15041839142/followers/?rank_token=45169428424_22aee7b9-9b18-47c6-8ed3-a5513d63899c&max_id=QVFDUk1CVEpaQWJXcFlmN1Z2RHVCa1NTa3c3cWg1VDJJcC1zOHlCS01pQWdQUTdHRmljS2djeHpmSC1XYzNLVmZDQ1FDdHJmcWZVSF9sTjdTUThwQmpuTg== returned response: <Response [200]>
2021-01-17 01:22:23,733 - instabot version: 0.117.0 (api) - DEBUG - GET to endpoint: friendships/15041839142/followers/?rank_token=45169428424_22aee7b9-9b18-47c6-8ed3-a5513d63899c&max_id=QVFBTjNSVFBaZENnOEctbHZNTlc4LUx6Z3FvYjc5ckdtdDcwclo3SkYyZ3R5QXpmSFRQbnpneXdLcVpWamttbkhzZE5QbHFFc1VuQWNPSFllUzM2ejhxdQ== returned response: <Response [200]>
2021-01-17 01:22:24,303 - instabot version: 0.117.0 (api) - DEBUG - GET to endpoint: friendships/15041839142/followers/?rank_token=45169428424_22aee7b9-9b18-47c6-8ed3-a5513d63899c&max_id=QVFDNUwtbkpHNjUzQkZ2WjNnX2lSRmhWYTNzSHBTWGw2c0xOMDQyT1YzbWoyZ1pFRC1JTTdVTU1vVU5XVnRtVXJqejB0d2puNjFCYWxadXJQZmZZcEJvcg== returned response: <Response [200]>
2021-01-17 01:22:24,855 - instabot version: 0.117.0 (api) - DEBUG - GET to endpoint: friendships/15041839142/followers/?rank_token=45169428424_22aee7b9-9b18-47c6-8ed3-a5513d63899c&max_id=QVFCMVpfRTVzTE4tNlMyMkxXTmhlb19NTmEzOEhTNHk5M3lqa19xLTAxLXFKRzRGT0dROFZrUmxXOGZnNnJUdEdYSlUyTXhIeU5HVzFXRHdsWFNNQkdyMg== returned response: <Response [200]>
2021-01-17 01:22:25,848 - instabot version: 0.117.0 (api) - DEBUG - GET to endpoint: friendships/15041839142/followers/?rank_token=45169428424_22aee7b9-9b18-47c6-8ed3-a5513d63899c&max_id=QVFDOGNjVEQ3YTVaYXoyLUx3a0lDR0p0a1p3TjNMd2pMODdlVjhxLU9Rb2taeEo3b0IzX194TFEyekZvUXhjdzI3bm8tZWgxVmFmU2tVT1VIOHM2SFJUTA== returned response: <Response [200]>
2021-01-17 01:22:26,341 - instabot version: 0.117.0 (api) - DEBUG - GET to endpoint: friendships/15041839142/followers/?rank_token=45169428424_22aee7b9-9b18-47c6-8ed3-a5513d63899c&max_id=QVFDVEd4VzNsbHdHUzdpMlVqNGU2cTNMVlNuZ0xUZXJSMkdTUllHOWNFSmJndWdkN1U3dlUySUYxRGdvSTVidVdPeUQxT0hEYjF4WWpNTXNuQlBkNmN4Qw== returned response: <Response [200]>
2021-01-17 01:22:26,845 - instabot version: 0.117.0 (api) - DEBUG - GET to endpoint: friendships/15041839142/followers/?rank_token=45169428424_22aee7b9-9b18-47c6-8ed3-a5513d63899c&max_id=QVFCbFNJY3pLVTBmMnRMS0xHdG1mZ012MUdhdnFQWnd4UkdfbTJENm5OeS1tdWVsM2JYaEMyWHZucVEzSFFQQWJfNWhWd050Q0dvdWlzNUVIaVRDVDZvNw== returned response: <Response [200]>
2021-01-17 01:22:27,356 - instabot version: 0.117.0 (api) - DEBUG - GET to endpoint: friendships/15041839142/followers/?rank_token=45169428424_22aee7b9-9b18-47c6-8ed3-a5513d63899c&max_id=QVFEOTU4M1FkTk5rSGNfUUlHUmlqVVd6U1dIZE1HbUNHbVdWcmxIdjNWYmhDQXVsWnVIMEdHY21Ibmx6bGxMYXFvU0xyWDBDVVZjNklsMERiZzVSN1NQZA== returned response: <Response [200]>
2021-01-17 01:22:27,872 - instabot version: 0.117.0 (api) - DEBUG - GET to endpoint: friendships/15041839142/followers/?rank_token=45169428424_22aee7b9-9b18-47c6-8ed3-a5513d63899c&max_id=QVFDRTN4cGV6RWg4ZjlsNnpsa2ZkeVhnN2JROTJtSGwtWURNdDBMVXNwNnBRdndfQUtZWDJVc0xoc2NIYXFmVE9CcDZHNHVLZTA5R1N6VmMwNlZ5aktnZw== returned response: <Response [200]>
2021-01-17 01:22:28,514 - instabot version: 0.117.0 (api) - DEBUG - GET to endpoint: friendships/15041839142/followers/?rank_token=45169428424_22aee7b9-9b18-47c6-8ed3-a5513d63899c&max_id=QVFBLUFid1piZEd2c2ZhaHczVEN1TlNvY2NBUkxfbUp2ZlFnRnJBRTFEUTFjRk5Na3lnTFJvYnlDUTAydkJ5TnVZbGJUV0V6MngwcFJFTWw2MDludnM4Ug== returned response: <Response [200]>
2021-01-17 01:22:29,123 - instabot version: 0.117.0 (api) - DEBUG - GET to endpoint: friendships/15041839142/followers/?rank_token=45169428424_22aee7b9-9b18-47c6-8ed3-a5513d63899c&max_id=QVFBNXZsQ2RydWFPMnNfQUdJNUR6OVU1M2t2b0xXLWp1Q1MzakpWS0JiNVZrWHFZR19KaVBqZW9FeGZJa2VSeFFKQTBIUW9NZ1BaWERwV2otdnlFNzc2RQ== returned response: <Response [200]>
2021-01-17 01:22:29,636 - instabot version: 0.117.0 (api) - DEBUG - GET to endpoint: friendships/15041839142/followers/?rank_token=45169428424_22aee7b9-9b18-47c6-8ed3-a5513d63899c&max_id=QVFESFZwZE5uM2Zwc2JPZEFRTGFhd3cxYXlnM0VYY2NFX2NKcWU3eXk0WkNkQUJYdmRqRXcyM0JrOGVfYWwyLS1zbEowVDlROGJ1MVB0cUphZFl6cm5BaQ== returned response: <Response [200]>
2021-01-17 01:22:30,654 - instabot version: 0.117.0 (api) - DEBUG - GET to endpoint: friendships/15041839142/followers/?rank_token=45169428424_22aee7b9-9b18-47c6-8ed3-a5513d63899c&max_id=QVFEVTZFU2F0UTBKT0FQTDZzLWRQNzlZUjFncjlRX1pWUjhidEZqTG1hLWlKUFNyOG5LdkRvTXVCSTFpNWYxTEZrX2d4NDNQbXM4LU9TcEJ0S0lkS09GWA== returned response: <Response [200]>
2021-01-17 01:22:31,281 - instabot version: 0.117.0 (api) - DEBUG - GET to endpoint: friendships/15041839142/followers/?rank_token=45169428424_22aee7b9-9b18-47c6-8ed3-a5513d63899c&max_id=QVFCUktPNGNqMG1iUnhkRTZFX2F4d3lZM2t3cnVvWElZaHJEd3NpTWpPZ0NYX2FCTEZrd1JGZU94UzREelgySWYyU0NHRlVNa2VGTVZ1cndGeEJWVVh6TA== returned response: <Response [200]>
2021-01-17 01:22:31,804 - instabot version: 0.117.0 (api) - DEBUG - GET to endpoint: friendships/15041839142/followers/?rank_token=45169428424_22aee7b9-9b18-47c6-8ed3-a5513d63899c&max_id=QVFDaG9WNExaUENHZDVLZVRhazBCYmh2Mlk0Nk1tSE9YMXZiN3doSWNJSTV4TVdHODJmbndhU2VHOHJBQmg1QmxMaXlUNEwzOXJ1ZVJURWZpME5JVWpEMg== returned response: <Response [200]>
2021-01-17 01:22:32,400 - instabot version: 0.117.0 (api) - DEBUG - GET to endpoint: friendships/15041839142/followers/?rank_token=45169428424_22aee7b9-9b18-47c6-8ed3-a5513d63899c&max_id=QVFDTEw0bm4yVHZWU1hiWmNyM25GV2V4czJ0R3Bmdm93cm8wa2Zndk1Td0JZUDhrYjFKY3hCLU9DaVd4LVRSemJpVjRMbFFVWGdoLUJpVkF5UUQ5MVJ6Wg== returned response: <Response [200]>
2021-01-17 01:22:32,921 - instabot version: 0.117.0 (api) - DEBUG - GET to endpoint: friendships/15041839142/followers/?rank_token=45169428424_22aee7b9-9b18-47c6-8ed3-a5513d63899c&max_id=QVFEOWFGOGw0Vi00Y3RwaTYwWGpsTmcwV19zU254QVNxTGpuVW51LVFoLUpkNld4ZHhLemZ1TVJNVFdXZ3NlV05lUVAtX0RRaFBMZUE3SXlXbkJSa0s3Ug== returned response: <Response [200]>
2021-01-17 01:22:33,438 - instabot version: 0.117.0 (api) - DEBUG - GET to endpoint: friendships/15041839142/followers/?rank_token=45169428424_22aee7b9-9b18-47c6-8ed3-a5513d63899c&max_id=QVFDajJaTEsxaE1nTTkzaGl0TXRVelhIVnNZNDNhVndlc29VWlFaR3k2SEQ4SjBkN2VyQjdhUkNza3o5LWJVUzF3ZlBoc2lFYXdxR1pEQ19CRmRWaFA0QQ== returned response: <Response [200]>
2021-01-17 01:22:34,001 - instabot version: 0.117.0 (api) - DEBUG - GET to endpoint: friendships/15041839142/followers/?rank_token=45169428424_22aee7b9-9b18-47c6-8ed3-a5513d63899c&max_id=QVFBNm9kNUJxY2NpMFA3NF80dE5qdnp1Skd5T3QxaXdpSC13SGhvNmY1cGxXSDBvaHA1c0lxblNEdWtSVUMwcVVFUHpiTTlSSDhLV3p0QVZocUJGWkwtUQ== returned response: <Response [200]>
2021-01-17 01:22:34,537 - instabot version: 0.117.0 (api) - DEBUG - GET to endpoint: friendships/15041839142/followers/?rank_token=45169428424_22aee7b9-9b18-47c6-8ed3-a5513d63899c&max_id=QVFDSi1XMUppNmQ0SDJTZW51R215YjRqRnNLanVkdWFHTC0xbDVIVVZybS1rYkVZMjdqOVFtYmdTR1Z5NnE1LUdYbXo1OWxTWG5sNWZXTm9QYmNSWno0dg== returned response: <Response [200]>
2021-01-17 01:22:35,043 - instabot version: 0.117.0 (api) - DEBUG - GET to endpoint: friendships/15041839142/followers/?rank_token=45169428424_22aee7b9-9b18-47c6-8ed3-a5513d63899c&max_id=QVFBSEMtYjc3eGEtOHZnZ2NkZkN0UHB1dUY1ekE3aE0zLU9WX2Y2VDhtaTdybHpnM3B5MEFqMDk1RUtmR2Z3c2k1UDlWbTVuS0YtZnN5NDBLYm9FN3kxRw== returned response: <Response [200]>
2021-01-17 01:22:35,618 - instabot version: 0.117.0 (api) - DEBUG - GET to endpoint: friendships/15041839142/followers/?rank_token=45169428424_22aee7b9-9b18-47c6-8ed3-a5513d63899c&max_id=QVFCVVVkS255WVdILU1odTZDR3RXU1h5bDJFNl9kUTdNT213ZEZUd2dFU29fWjdHaTRtNm9CVml4SC1PNjVic3pJdUhsbFV0QjdGVWZvc1BORTlheEhBZA== returned response: <Response [200]>
2021-01-17 01:22:36,152 - instabot version: 0.117.0 (api) - DEBUG - GET to endpoint: friendships/15041839142/followers/?rank_token=45169428424_22aee7b9-9b18-47c6-8ed3-a5513d63899c&max_id=QVFDRzhrc3h2MjJGM2dlWHFQSWg5Y2VPYU5XemZ0V2VTVld5dDRvcGtpSVhxRms5MUI5SnMybURsbjMwUDF1MVlTbEdwQnFXeXZ6SkR1UHR4bF9BaGNCMA== returned response: <Response [200]>
2021-01-17 01:22:36,627 - instabot version: 0.117.0 (api) - DEBUG - GET to endpoint: friendships/15041839142/followers/?rank_token=45169428424_22aee7b9-9b18-47c6-8ed3-a5513d63899c&max_id=QVFBdF9CR0RxTEswSWl3eGl6TjVTcUxfZjZzTTROdm1pczZ4VWNNS1lxTTBNU21mUmxJbGJ4VWEzV1N2WmNVS3htYi1Fc3JwTGREN2hTbGhrNHhrMTZiaA== returned response: <Response [200]>
2021-01-17 01:22:37,138 - instabot version: 0.117.0 (api) - DEBUG - GET to endpoint: friendships/15041839142/followers/?rank_token=45169428424_22aee7b9-9b18-47c6-8ed3-a5513d63899c&max_id=QVFDS1d5bk5CTldzY05ySGZiUlVSdTZSQUR2TFZXOFBxZzROZzFWMzZzUDhZRUxRdVZjeDZGSEtBc1Z3eThGTl9ZRWN3YTk2V2puQ0NOVzFCRGh1eDd2Sg== returned response: <Response [200]>
2021-01-17 01:22:37,623 - instabot version: 0.117.0 (api) - DEBUG - GET to endpoint: friendships/15041839142/followers/?rank_token=45169428424_22aee7b9-9b18-47c6-8ed3-a5513d63899c&max_id=QVFBdVZfNkRwVnlJMjVDVS0xVktkcUJ2anp3ekxUSmpHSW5GRkFSSXJtTURRMTdvaTBGUmFjanNaWnBIMHVyeldhcWo1UGNLVmFOeWxLS09kTUFlSU1QLQ== returned response: <Response [200]>
2021-01-17 01:22:38,138 - instabot version: 0.117.0 (api) - DEBUG - GET to endpoint: friendships/15041839142/followers/?rank_token=45169428424_22aee7b9-9b18-47c6-8ed3-a5513d63899c&max_id=QVFBcnltUW5BdEtIcFNmNGFIWmFaVUcwS3JlUzFoaG1uYmgyd3R1MFF6MThHVmFNLUlHUGZKX3FFaUtnUTJoOGFuZUJ0R0t0Wl85R0RrclBsOWxYUFh5aw== returned response: <Response [200]>
2021-01-17 01:22:38,717 - instabot version: 0.117.0 (api) - DEBUG - GET to endpoint: friendships/15041839142/followers/?rank_token=45169428424_22aee7b9-9b18-47c6-8ed3-a5513d63899c&max_id=QVFCY29ULUVEODFUQ0pwNmpGb04tdTMyS1FjRXJDek51UTVpT05HMWRPb2t2QVdBZEdRTldCc3Y2MFJjN0Y1Vjg4eTZoczQxazdINlVWczZER1pmTzY5bQ== returned response: <Response [200]>
2021-01-17 01:22:39,237 - instabot version: 0.117.0 (api) - DEBUG - GET to endpoint: friendships/15041839142/followers/?rank_token=45169428424_22aee7b9-9b18-47c6-8ed3-a5513d63899c&max_id=QVFDdkVkYVc5QmZ3RVpFTUlYMDJkTlllUnNXY0ZRcHM3MlpiNjlSUnYwd0RKd0J2OWctS1gwbGRFSUwxMkdVWEN1ZDdEeVhCWjlCRkRaUWZuN0pHT3JmUw== returned response: <Response [200]>
2021-01-17 01:22:39,743 - instabot version: 0.117.0 (api) - DEBUG - GET to endpoint: friendships/15041839142/followers/?rank_token=45169428424_22aee7b9-9b18-47c6-8ed3-a5513d63899c&max_id=QVFBYWMzM1RUTW55aFI1R0hSOWFLQ1lLTHBSMDJqWDZKUno0TVR0TnZVWTlWRFltaGlqczlLZUlObWJGQ3BjbDl2UnhkazZCUGsyU00zRnoyMzhjTHFfYg== returned response: <Response [200]>
2021-01-17 01:22:40,271 - instabot version: 0.117.0 (api) - DEBUG - GET to endpoint: friendships/15041839142/followers/?rank_token=45169428424_22aee7b9-9b18-47c6-8ed3-a5513d63899c&max_id=QVFEVEtmMUVwY1ltellJYU1YVUczUTM4a3NkMVh3Q1hob25sYWVqTi1qUEx0eUYyb0hjbWY2b2llQzFUWTZnczRoT0lPU0kzVXlqZEtzWHR6MUp4UWFnRA== returned response: <Response [200]>
2021-01-17 01:22:41,675 - instabot version: 0.117.0 (api) - DEBUG - GET to endpoint: friendships/15041839142/followers/?rank_token=45169428424_22aee7b9-9b18-47c6-8ed3-a5513d63899c&max_id=QVFBSW9wR1MzdnpXQ3BkOWEzTHpQU1FYdTBBREhXOEpwT3ZVVUxCN0Y5cnA1UGxteGo2ay1lbGZNQlM3S3BEaWxWYVNuMDhzSU9PUlhWTHdsdVVWZDRFTQ== returned response: <Response [200]>
2021-01-17 01:22:42,203 - instabot version: 0.117.0 (api) - DEBUG - GET to endpoint: friendships/15041839142/followers/?rank_token=45169428424_22aee7b9-9b18-47c6-8ed3-a5513d63899c&max_id=QVFCQTZyYW54SGJjdjlmWmVvTkF5aGFxVDFuZDVGTVVjdlBqVUFmcGVwcG1jMEZnaFFCc1lnZERWVXIwVWhsWWFEMUNtNnROR1ZOYzQzSE9RZnprWlBZYw== returned response: <Response [200]>
2021-01-17 01:22:42,814 - instabot version: 0.117.0 (api) - DEBUG - GET to endpoint: friendships/15041839142/followers/?rank_token=45169428424_22aee7b9-9b18-47c6-8ed3-a5513d63899c&max_id=QVFCbDExV2VqUWJWZUxzaW5FdEZkLTRRRG9YaVV6YXFsTThQNEtLVXlPU1ZZMmQzM1FJVjRFWldqR0NEdXBJeDNxUVVLczhCek1PeHd2Y1lsMGdGYWZhTA== returned response: <Response [200]>
2021-01-17 01:22:43,277 - instabot version: 0.117.0 (api) - DEBUG - GET to endpoint: friendships/15041839142/followers/?rank_token=45169428424_22aee7b9-9b18-47c6-8ed3-a5513d63899c&max_id=QVFCek5RVzNZenFMOFNCMThMcVRZWWR5NHVIV3dxdVRvV05IaDJvWjhFTFNnX1lvaUROdHdCV1J3M2ZiLXkxNzZxa0J4NDhHVTdVdFZ4bUdZQm9MMU5wcg== returned response: <Response [200]>
2021-01-17 01:22:43,788 - instabot version: 0.117.0 (api) - DEBUG - GET to endpoint: friendships/15041839142/followers/?rank_token=45169428424_22aee7b9-9b18-47c6-8ed3-a5513d63899c&max_id=QVFCanlCaDZ6aVhBTE55TkYxX1d2MFRRRmptWDZFd2tjWklLX0hGekc1QWxvRFJOS2RCaVhKcTZqWnJuQlBZRjNDRnVQSE5vUDNxZVZSUi1YQzRFOGhkQw== returned response: <Response [200]>
2021-01-17 01:22:44,273 - instabot version: 0.117.0 (api) - DEBUG - GET to endpoint: friendships/15041839142/followers/?rank_token=45169428424_22aee7b9-9b18-47c6-8ed3-a5513d63899c&max_id=QVFCTzhzcWxhaktNaEFUcS1leEhMTXRXNnRHUnd2TzNCdU82X2h0WGxHT0JMcWpPcnRCRHBTMHJrS0NIT0N4cnVYY1Zya1lJOW9xelIycTh4R3VzTF9LVw== returned response: <Response [200]>
2021-01-17 01:22:44,787 - instabot version: 0.117.0 (api) - DEBUG - GET to endpoint: friendships/15041839142/followers/?rank_token=45169428424_22aee7b9-9b18-47c6-8ed3-a5513d63899c&max_id=QVFDNkp6UEN2WUJpSzRNMVlOV0VGbTMwTnFUcEF2bGNBZFZaZ2NFT20tUGJWNzg3Q1lWZDhUeXE1TlBuNzN6bEY4RV9QWnBQUTlia3pqRW9Vb1ViZE4tRA== returned response: <Response [200]>
2021-01-17 01:22:45,285 - instabot version: 0.117.0 (api) - DEBUG - GET to endpoint: friendships/15041839142/followers/?rank_token=45169428424_22aee7b9-9b18-47c6-8ed3-a5513d63899c&max_id=QVFBZUxqN213bkNza1VzbkxJckdEQnI3Zld5ZGNJdW05QUVoMHBiVllfWFlrSDlJUmkzcUR6NUdiM0V6a0dzVzBMSGptNlV1LUxCUTBiZV80VEdJVTAtRA== returned response: <Response [200]>
2021-01-17 01:22:45,801 - instabot version: 0.117.0 (api) - DEBUG - GET to endpoint: friendships/15041839142/followers/?rank_token=45169428424_22aee7b9-9b18-47c6-8ed3-a5513d63899c&max_id=QVFCQTYyalNLckIySUpOaWxmNFFGQ2dyUGs0Rm1oVTVqNE5iZVd6MWdyNmxrbTBfZWJ6YkkyWGR4NXlTX0ZleVdPdGtmU2FOZ2RJblZyemZKSi1MZ24wTA== returned response: <Response [200]>
2021-01-17 01:22:46,272 - instabot version: 0.117.0 (api) - DEBUG - GET to endpoint: friendships/15041839142/followers/?rank_token=45169428424_22aee7b9-9b18-47c6-8ed3-a5513d63899c&max_id=QVFESTJ6Y3Zqb2JPYVhfdXBSbk1vd3FaVlExb1pHSkhtSHpETVlhWjJWTURMREU2VUFPZHBDWEw2UzdGS2xDdzk5ajJyMENhWTdXMlFERTZRd0JZZDd4cQ== returned response: <Response [200]>
2021-01-17 01:22:48,006 - instabot version: 0.117.0 (api) - DEBUG - GET to endpoint: users/15041839142/info/ returned response: <Response [200]>
2021-01-17 01:22:50,799 - instabot version: 0.117.0 (api) - DEBUG - GET to endpoint: friendships/15041839142/following/?max_id=&ig_sig_key_version=4&rank_token=45169428424_22aee7b9-9b18-47c6-8ed3-a5513d63899c returned response: <Response [200]>
2021-01-17 01:22:51,649 - instabot version: 0.117.0 (api) - DEBUG - GET to endpoint: friendships/15041839142/following/?max_id=100&ig_sig_key_version=4&rank_token=45169428424_22aee7b9-9b18-47c6-8ed3-a5513d63899c returned response: <Response [200]>
2021-01-17 01:22:52,537 - instabot version: 0.117.0 (api) - DEBUG - GET to endpoint: friendships/15041839142/following/?max_id=200&ig_sig_key_version=4&rank_token=45169428424_22aee7b9-9b18-47c6-8ed3-a5513d63899c returned response: <Response [200]>
2021-01-17 01:22:53,802 - instabot version: 0.117.0 (api) - DEBUG - GET to endpoint: friendships/15041839142/following/?max_id=300&ig_sig_key_version=4&rank_token=45169428424_22aee7b9-9b18-47c6-8ed3-a5513d63899c returned response: <Response [200]>
2021-01-17 01:22:54,715 - instabot version: 0.117.0 (api) - DEBUG - GET to endpoint: friendships/15041839142/following/?max_id=400&ig_sig_key_version=4&rank_token=45169428424_22aee7b9-9b18-47c6-8ed3-a5513d63899c returned response: <Response [200]>
2021-01-17 01:22:55,646 - instabot version: 0.117.0 (api) - DEBUG - GET to endpoint: friendships/15041839142/following/?max_id=500&ig_sig_key_version=4&rank_token=45169428424_22aee7b9-9b18-47c6-8ed3-a5513d63899c returned response: <Response [200]>
2021-01-17 01:22:56,598 - instabot version: 0.117.0 (api) - DEBUG - GET to endpoint: friendships/15041839142/following/?max_id=600&ig_sig_key_version=4&rank_token=45169428424_22aee7b9-9b18-47c6-8ed3-a5513d63899c returned response: <Response [200]>
2021-01-17 01:22:57,775 - instabot version: 0.117.0 (api) - DEBUG - GET to endpoint: friendships/15041839142/following/?max_id=700&ig_sig_key_version=4&rank_token=45169428424_22aee7b9-9b18-47c6-8ed3-a5513d63899c returned response: <Response [200]>
2021-01-17 01:22:58,638 - instabot version: 0.117.0 (api) - DEBUG - GET to endpoint: friendships/15041839142/following/?max_id=800&ig_sig_key_version=4&rank_token=45169428424_22aee7b9-9b18-47c6-8ed3-a5513d63899c returned response: <Response [200]>
2021-01-17 01:22:59,529 - instabot version: 0.117.0 (api) - DEBUG - GET to endpoint: friendships/15041839142/following/?max_id=900&ig_sig_key_version=4&rank_token=45169428424_22aee7b9-9b18-47c6-8ed3-a5513d63899c returned response: <Response [200]>
2021-01-17 01:23:00,904 - instabot version: 0.117.0 (api) - DEBUG - GET to endpoint: friendships/15041839142/following/?max_id=1000&ig_sig_key_version=4&rank_token=45169428424_22aee7b9-9b18-47c6-8ed3-a5513d63899c returned response: <Response [200]>
2021-01-17 01:23:01,856 - instabot version: 0.117.0 (api) - DEBUG - GET to endpoint: friendships/15041839142/following/?max_id=1100&ig_sig_key_version=4&rank_token=45169428424_22aee7b9-9b18-47c6-8ed3-a5513d63899c returned response: <Response [200]>
2021-01-17 01:23:02,711 - instabot version: 0.117.0 (api) - DEBUG - GET to endpoint: friendships/15041839142/following/?max_id=1200&ig_sig_key_version=4&rank_token=45169428424_22aee7b9-9b18-47c6-8ed3-a5513d63899c returned response: <Response [200]>
2021-01-17 01:23:03,615 - instabot version: 0.117.0 (api) - DEBUG - GET to endpoint: friendships/15041839142/following/?max_id=1300&ig_sig_key_version=4&rank_token=45169428424_22aee7b9-9b18-47c6-8ed3-a5513d63899c returned response: <Response [200]>
2021-01-17 01:23:04,504 - instabot version: 0.117.0 (api) - DEBUG - GET to endpoint: friendships/15041839142/following/?max_id=1400&ig_sig_key_version=4&rank_token=45169428424_22aee7b9-9b18-47c6-8ed3-a5513d63899c returned response: <Response [200]>
2021-01-17 01:23:05,469 - instabot version: 0.117.0 (api) - DEBUG - GET to endpoint: friendships/15041839142/following/?max_id=1500&ig_sig_key_version=4&rank_token=45169428424_22aee7b9-9b18-47c6-8ed3-a5513d63899c returned response: <Response [200]>
2021-01-17 01:23:06,357 - instabot version: 0.117.0 (api) - DEBUG - GET to endpoint: friendships/15041839142/following/?max_id=1600&ig_sig_key_version=4&rank_token=45169428424_22aee7b9-9b18-47c6-8ed3-a5513d63899c returned response: <Response [200]>
2021-01-17 01:23:07,476 - instabot version: 0.117.0 (api) - DEBUG - GET to endpoint: friendships/15041839142/following/?max_id=1700&ig_sig_key_version=4&rank_token=45169428424_22aee7b9-9b18-47c6-8ed3-a5513d63899c returned response: <Response [200]>
2021-01-17 01:23:08,476 - instabot version: 0.117.0 (api) - DEBUG - GET to endpoint: friendships/15041839142/following/?max_id=1800&ig_sig_key_version=4&rank_token=45169428424_22aee7b9-9b18-47c6-8ed3-a5513d63899c returned response: <Response [200]>
2021-01-17 01:23:09,356 - instabot version: 0.117.0 (api) - DEBUG - GET to endpoint: friendships/15041839142/following/?max_id=1900&ig_sig_key_version=4&rank_token=45169428424_22aee7b9-9b18-47c6-8ed3-a5513d63899c returned response: <Response [200]>
2021-01-17 01:23:10,340 - instabot version: 0.117.0 (api) - DEBUG - GET to endpoint: friendships/15041839142/following/?max_id=2000&ig_sig_key_version=4&rank_token=45169428424_22aee7b9-9b18-47c6-8ed3-a5513d63899c returned response: <Response [200]>
2021-01-17 01:23:11,230 - instabot version: 0.117.0 (api) - DEBUG - GET to endpoint: friendships/15041839142/following/?max_id=2100&ig_sig_key_version=4&rank_token=45169428424_22aee7b9-9b18-47c6-8ed3-a5513d63899c returned response: <Response [200]>
2021-01-17 01:23:12,168 - instabot version: 0.117.0 (api) - DEBUG - GET to endpoint: friendships/15041839142/following/?max_id=2200&ig_sig_key_version=4&rank_token=45169428424_22aee7b9-9b18-47c6-8ed3-a5513d63899c returned response: <Response [200]>
2021-01-17 01:23:13,059 - instabot version: 0.117.0 (api) - DEBUG - GET to endpoint: friendships/15041839142/following/?max_id=2300&ig_sig_key_version=4&rank_token=45169428424_22aee7b9-9b18-47c6-8ed3-a5513d63899c returned response: <Response [200]>
2021-01-17 01:23:13,949 - instabot version: 0.117.0 (api) - DEBUG - GET to endpoint: friendships/15041839142/following/?max_id=2400&ig_sig_key_version=4&rank_token=45169428424_22aee7b9-9b18-47c6-8ed3-a5513d63899c returned response: <Response [200]>
2021-01-17 01:23:14,817 - instabot version: 0.117.0 (api) - DEBUG - GET to endpoint: friendships/15041839142/following/?max_id=2500&ig_sig_key_version=4&rank_token=45169428424_22aee7b9-9b18-47c6-8ed3-a5513d63899c returned response: <Response [200]>
2021-01-17 01:23:15,898 - instabot version: 0.117.0 (api) - DEBUG - GET to endpoint: friendships/15041839142/following/?max_id=2600&ig_sig_key_version=4&rank_token=45169428424_22aee7b9-9b18-47c6-8ed3-a5513d63899c returned response: <Response [200]>
2021-01-17 01:23:16,731 - instabot version: 0.117.0 (api) - DEBUG - GET to endpoint: friendships/15041839142/following/?max_id=2700&ig_sig_key_version=4&rank_token=45169428424_22aee7b9-9b18-47c6-8ed3-a5513d63899c returned response: <Response [200]>
2021-01-17 01:23:17,624 - instabot version: 0.117.0 (api) - DEBUG - GET to endpoint: friendships/15041839142/following/?max_id=2800&ig_sig_key_version=4&rank_token=45169428424_22aee7b9-9b18-47c6-8ed3-a5513d63899c returned response: <Response [200]>
2021-01-17 01:23:18,824 - instabot version: 0.117.0 (api) - DEBUG - GET to endpoint: friendships/15041839142/following/?max_id=2900&ig_sig_key_version=4&rank_token=45169428424_22aee7b9-9b18-47c6-8ed3-a5513d63899c returned response: <Response [200]>
2021-01-17 01:23:19,829 - instabot version: 0.117.0 (api) - DEBUG - GET to endpoint: friendships/15041839142/following/?max_id=3000&ig_sig_key_version=4&rank_token=45169428424_22aee7b9-9b18-47c6-8ed3-a5513d63899c returned response: <Response [200]>
2021-01-17 01:23:20,742 - instabot version: 0.117.0 (api) - DEBUG - GET to endpoint: friendships/15041839142/following/?max_id=3100&ig_sig_key_version=4&rank_token=45169428424_22aee7b9-9b18-47c6-8ed3-a5513d63899c returned response: <Response [200]>
2021-01-17 01:23:21,711 - instabot version: 0.117.0 (api) - DEBUG - GET to endpoint: friendships/15041839142/following/?max_id=3200&ig_sig_key_version=4&rank_token=45169428424_22aee7b9-9b18-47c6-8ed3-a5513d63899c returned response: <Response [200]>
2021-01-17 01:23:22,542 - instabot version: 0.117.0 (api) - DEBUG - GET to endpoint: friendships/15041839142/following/?max_id=3300&ig_sig_key_version=4&rank_token=45169428424_22aee7b9-9b18-47c6-8ed3-a5513d63899c returned response: <Response [200]>
2021-01-17 01:23:23,512 - instabot version: 0.117.0 (api) - DEBUG - GET to endpoint: friendships/15041839142/following/?max_id=3400&ig_sig_key_version=4&rank_token=45169428424_22aee7b9-9b18-47c6-8ed3-a5513d63899c returned response: <Response [200]>
2021-01-17 01:23:24,309 - instabot version: 0.117.0 (api) - DEBUG - GET to endpoint: friendships/15041839142/following/?max_id=3500&ig_sig_key_version=4&rank_token=45169428424_22aee7b9-9b18-47c6-8ed3-a5513d63899c returned response: <Response [200]>
2021-01-17 01:23:25,199 - instabot version: 0.117.0 (api) - DEBUG - GET to endpoint: friendships/15041839142/following/?max_id=3600&ig_sig_key_version=4&rank_token=45169428424_22aee7b9-9b18-47c6-8ed3-a5513d63899c returned response: <Response [200]>
2021-01-17 01:23:26,124 - instabot version: 0.117.0 (api) - DEBUG - GET to endpoint: friendships/15041839142/following/?max_id=3700&ig_sig_key_version=4&rank_token=45169428424_22aee7b9-9b18-47c6-8ed3-a5513d63899c returned response: <Response [200]>
2021-01-17 01:23:26,980 - instabot version: 0.117.0 (api) - DEBUG - GET to endpoint: friendships/15041839142/following/?max_id=3800&ig_sig_key_version=4&rank_token=45169428424_22aee7b9-9b18-47c6-8ed3-a5513d63899c returned response: <Response [200]>
2021-01-17 01:23:27,824 - instabot version: 0.117.0 (api) - DEBUG - GET to endpoint: friendships/15041839142/following/?max_id=3900&ig_sig_key_version=4&rank_token=45169428424_22aee7b9-9b18-47c6-8ed3-a5513d63899c returned response: <Response [200]>
2021-01-17 01:23:28,690 - instabot version: 0.117.0 (api) - DEBUG - GET to endpoint: friendships/15041839142/following/?max_id=4000&ig_sig_key_version=4&rank_token=45169428424_22aee7b9-9b18-47c6-8ed3-a5513d63899c returned response: <Response [200]>
2021-01-17 01:23:29,504 - instabot version: 0.117.0 (api) - DEBUG - GET to endpoint: friendships/15041839142/following/?max_id=4100&ig_sig_key_version=4&rank_token=45169428424_22aee7b9-9b18-47c6-8ed3-a5513d63899c returned response: <Response [200]>
2021-01-17 01:23:30,373 - instabot version: 0.117.0 (api) - DEBUG - GET to endpoint: friendships/15041839142/following/?max_id=4200&ig_sig_key_version=4&rank_token=45169428424_22aee7b9-9b18-47c6-8ed3-a5513d63899c returned response: <Response [200]>
2021-01-17 01:23:31,255 - instabot version: 0.117.0 (api) - DEBUG - GET to endpoint: friendships/15041839142/following/?max_id=4300&ig_sig_key_version=4&rank_token=45169428424_22aee7b9-9b18-47c6-8ed3-a5513d63899c returned response: <Response [200]>
2021-01-17 01:23:32,105 - instabot version: 0.117.0 (api) - DEBUG - GET to endpoint: friendships/15041839142/following/?max_id=4400&ig_sig_key_version=4&rank_token=45169428424_22aee7b9-9b18-47c6-8ed3-a5513d63899c returned response: <Response [200]>
2021-01-17 01:23:32,949 - instabot version: 0.117.0 (api) - DEBUG - GET to endpoint: friendships/15041839142/following/?max_id=4500&ig_sig_key_version=4&rank_token=45169428424_22aee7b9-9b18-47c6-8ed3-a5513d63899c returned response: <Response [200]>
2021-01-17 01:23:33,817 - instabot version: 0.117.0 (api) - DEBUG - GET to endpoint: friendships/15041839142/following/?max_id=4600&ig_sig_key_version=4&rank_token=45169428424_22aee7b9-9b18-47c6-8ed3-a5513d63899c returned response: <Response [200]>
2021-01-17 01:23:34,664 - instabot version: 0.117.0 (api) - DEBUG - GET to endpoint: friendships/15041839142/following/?max_id=4700&ig_sig_key_version=4&rank_token=45169428424_22aee7b9-9b18-47c6-8ed3-a5513d63899c returned response: <Response [200]>
2021-01-17 01:23:35,590 - instabot version: 0.117.0 (api) - DEBUG - GET to endpoint: friendships/15041839142/following/?max_id=4800&ig_sig_key_version=4&rank_token=45169428424_22aee7b9-9b18-47c6-8ed3-a5513d63899c returned response: <Response [200]>
2021-01-17 01:23:36,063 - instabot version: 0.117.0 (bot_checkpoint) - DEBUG - Saving Checkpoint file to: D:\Programming Languages\03. Projects\Instagram Scrapper/config/randompy2020.checkpoint
2021-01-17 01:23:36,064 - instabot version: 0.117.0 (bot) - INFO - Total requests: 396
