2020-12-31 22:34:27,980 - instabot version: 0.117.0 (bot) - INFO - Instabot version: 0.117.0 Started
2020-12-31 22:34:27,981 - instabot version: 0.117.0 (bot) - DEBUG - Bot imported from C:\Users\LENOVO\AppData\Local\Programs\Python\Python38-32\lib\site-packages\instabot\bot\bot.py
2020-12-31 22:34:31,189 - instabot version: 0.117.0 (api_login) - DEBUG - Loading cookies
2020-12-31 22:34:31,189 - instabot version: 0.117.0 (api_login) - DEBUG - Loading uuids
2020-12-31 22:34:31,189 - instabot version: 0.117.0 (api_login) - INFO - Recovery from D:\Programming Languages\03. Projects\Instagram Scrapper/config/calcutta_blog_uuid_and_cookie.json: COOKIE True - UUIDs True - TIMING, DEVICE and ...
- user-agent=Instagram 117.0.0.28.123 Android (28/9.0; 420dpi; 1080x1920; OnePlus; ONEPLUS A3003; OnePlus3; qcom; en_US; 180322800)
- phone_id=97412465-4f7d-40dd-97b6-7623e1949caa
- uuid=0d12e5b1-04bc-48d3-b83a-812e9a723745
- client_session_id=6d8db5db-9eec-44b8-9bd6-71d7842114a6
- device_id=android-f9547b82c549e8b9
2020-12-31 22:34:31,649 - instabot version: 0.117.0 (api_login) - INFO - LOGIN FLOW! Just logged-in: False
2020-12-31 22:34:34,782 - instabot version: 0.117.0 (api) - DEBUG - POST to endpoint: feed/timeline/ returned response: <Response [200]>
2020-12-31 22:34:36,782 - instabot version: 0.117.0 (api) - DEBUG - POST to endpoint: feed/reels_tray/ returned response: <Response [200]>
2020-12-31 22:34:36,787 - instabot version: 0.117.0 (api) - INFO - Logged-in successfully as 'calcutta_blog'!
2020-12-31 22:34:36,787 - instabot version: 0.117.0 (bot_checkpoint) - DEBUG - Loading Checkpoint file from: D:\Programming Languages\03. Projects\Instagram Scrapper/config/calcutta_blog.checkpoint
2020-12-31 22:34:37,387 - instabot version: 0.117.0 (api) - DEBUG - GET to endpoint: users/39996319181/info/ returned response: <Response [200]>
2020-12-31 22:34:41,544 - instabot version: 0.117.0 (api) - DEBUG - GET to endpoint: friendships/39996319181/following/?max_id=&ig_sig_key_version=4&rank_token=39996319181_0d12e5b1-04bc-48d3-b83a-812e9a723745 returned response: <Response [200]>
2020-12-31 22:34:41,583 - instabot version: 0.117.0 (bot_unfollow) - INFO - Going to unfollow 4546 users.
2020-12-31 22:34:42,563 - instabot version: 0.117.0 (api) - DEBUG - GET to endpoint: users/1129746945/info/ returned response: <Response [200]>
2020-12-31 22:34:42,565 - instabot version: 0.117.0 (bot_unfollow) - INFO - Going to unfollow `user_id` 1129746945 with username vishaltheshooter.
2020-12-31 22:34:44,921 - instabot version: 0.117.0 (api) - DEBUG - POST to endpoint: friendships/destroy/1129746945/ returned response: <Response [200]>
2020-12-31 22:34:44,921 - instabot version: 0.117.0 (bot_unfollow) - INFO - Unfollowed `user_id` 1129746945 with username vishaltheshooter
2020-12-31 22:34:45,580 - instabot version: 0.117.0 (api) - DEBUG - GET to endpoint: users/42501175610/info/ returned response: <Response [200]>
2020-12-31 22:34:45,580 - instabot version: 0.117.0 (bot_unfollow) - INFO - Going to unfollow `user_id` 42501175610 with username tiger_group_4.0.
