2020-12-30 10:13:33,241 - instabot version: 0.117.0 (bot) - INFO - Instabot version: 0.117.0 Started
2020-12-30 10:13:33,241 - instabot version: 0.117.0 (bot) - DEBUG - Bot imported from C:\Users\LENOVO\AppData\Local\Programs\Python\Python38-32\lib\site-packages\instabot\bot\bot.py
2020-12-30 10:13:33,255 - instabot version: 0.117.0 (api_login) - DEBUG - Loading cookies
2020-12-30 10:13:33,255 - instabot version: 0.117.0 (api_login) - DEBUG - Loading uuids
2020-12-30 10:13:33,255 - instabot version: 0.117.0 (api_login) - INFO - Recovery from D:\Programming Languages\03. Projects\Instagram Scrapper/config/randompy2020_uuid_and_cookie.json: COOKIE True - UUIDs True - TIMING, DEVICE and ...
- user-agent=Instagram 117.0.0.28.123 Android (28/9.0; 420dpi; 1080x1920; OnePlus; ONEPLUS A3003; OnePlus3; qcom; en_US; 180322800)
- phone_id=6ec1115f-b830-409a-9e3a-b5fea365b8a0
- uuid=22aee7b9-9b18-47c6-8ed3-a5513d63899c
- client_session_id=c36d92c7-2b30-49c7-9156-2a3d2416fd9b
- device_id=android-e00652d37fc01327
2020-12-30 10:13:33,898 - instabot version: 0.117.0 (api_login) - INFO - LOGIN FLOW! Just logged-in: False
2020-12-30 10:13:35,138 - instabot version: 0.117.0 (api) - DEBUG - POST to endpoint: feed/timeline/ returned response: <Response [200]>
2020-12-30 10:13:35,716 - instabot version: 0.117.0 (api) - DEBUG - POST to endpoint: feed/reels_tray/ returned response: <Response [200]>
2020-12-30 10:13:35,716 - instabot version: 0.117.0 (api) - INFO - Logged-in successfully as 'randompy2020'!
2020-12-30 10:13:35,716 - instabot version: 0.117.0 (bot_checkpoint) - DEBUG - Loading Checkpoint file from: D:\Programming Languages\03. Projects\Instagram Scrapper/config/randompy2020.checkpoint
2020-12-30 10:13:39,388 - instabot version: 0.117.0 (api) - DEBUG - GET to endpoint: users/calcutta_bloggers/usernameinfo/ returned response: <Response [200]>
2020-12-30 10:13:40,258 - instabot version: 0.117.0 (api) - DEBUG - GET to endpoint: users/15041839142/info/ returned response: <Response [200]>
2020-12-30 10:13:40,831 - instabot version: 0.117.0 (api) - DEBUG - GET to endpoint: friendships/15041839142/followers/?rank_token=45169428424_22aee7b9-9b18-47c6-8ed3-a5513d63899c returned response: <Response [200]>
2020-12-30 10:13:41,270 - instabot version: 0.117.0 (api) - DEBUG - GET to endpoint: friendships/15041839142/followers/?rank_token=45169428424_22aee7b9-9b18-47c6-8ed3-a5513d63899c&max_id=QVFCMkdzd0dtazJZM1ZXcnBwM1F1LVhCQ09NX0FfTTRTaDhxekZCeWlYblB0S2pvUnhFeTVWc282LThGbllFTkZ3MTgyWUlWb2xkeFJpMDM3NkNwNEluYQ== returned response: <Response [200]>
2020-12-30 10:13:41,786 - instabot version: 0.117.0 (api) - DEBUG - GET to endpoint: friendships/15041839142/followers/?rank_token=45169428424_22aee7b9-9b18-47c6-8ed3-a5513d63899c&max_id=QVFCLVczMjRGSFpSbzhBVW96YnNtNjR4NnhEQnpiSWx3S3hjNVRoV3hqbFJXNnVhazVWdTVxNjY3ZzdyenlZemJGdmE3UXUtT192VFQzZzltS2tTWmZ0aQ== returned response: <Response [200]>
2020-12-30 10:13:42,286 - instabot version: 0.117.0 (api) - DEBUG - GET to endpoint: friendships/15041839142/followers/?rank_token=45169428424_22aee7b9-9b18-47c6-8ed3-a5513d63899c&max_id=QVFBZE5ua3RFX1VtS2M3aU03aWZ6MGFoY2hPbkNYX2oxNlRmcUVlZU5DX05rZXRsdV9TMEJPeWdTNUtJZktOYnl1cmdrZFdqZVBmMnFoV01QTW1hSFFLTg== returned response: <Response [200]>
2020-12-30 10:13:42,777 - instabot version: 0.117.0 (api) - DEBUG - GET to endpoint: friendships/15041839142/followers/?rank_token=45169428424_22aee7b9-9b18-47c6-8ed3-a5513d63899c&max_id=QVFBWUIxekItS2JGUU1ISVhhRUR1TjBpeHNvMlRzZ0RmYU14TDNhMXlPVjc1azloSVNWYlZPa2lvWk5DR0swNmV0aWZiYmxER3NvSU5xTlE0Uk0xX2I5ag== returned response: <Response [200]>
2020-12-30 10:13:43,220 - instabot version: 0.117.0 (api) - DEBUG - GET to endpoint: friendships/15041839142/followers/?rank_token=45169428424_22aee7b9-9b18-47c6-8ed3-a5513d63899c&max_id=QVFESXNna3N5ZTRVZTRob0tWd3gzbkRFRXUwemVXY3ZlNGg3UkFCUGpnd3NQZXYxUXdTRDNxZWtSWHdORlpfdVZNdzc1VnB4d2NobHFWcVdzVFhWMFB6Ng== returned response: <Response [200]>
2020-12-30 10:13:43,716 - instabot version: 0.117.0 (api) - DEBUG - GET to endpoint: friendships/15041839142/followers/?rank_token=45169428424_22aee7b9-9b18-47c6-8ed3-a5513d63899c&max_id=QVFBby1VNnZGZkpUN2M2eFdMem1xSktQNnJrbFBIWHJlTFhhR2Y2UldCQXNTQWtNRzU0dUlieFJDVEtTNC1tUGNscHNrMTB1NU5jOHFFZXJlODRQNzhxRQ== returned response: <Response [200]>
2020-12-30 10:13:44,173 - instabot version: 0.117.0 (api) - DEBUG - GET to endpoint: friendships/15041839142/followers/?rank_token=45169428424_22aee7b9-9b18-47c6-8ed3-a5513d63899c&max_id=QVFCcVFtY09iRVN6SU5ZamlrTUgyTngwanI2RkpjZllpZV9jdXhuTkh4Nmp6TU0yOE5HTzQxMWxIS3NMa0x0ei03OWl2VXlnZzRIMG4taE90WTRjY1BiOA== returned response: <Response [200]>
2020-12-30 10:13:44,752 - instabot version: 0.117.0 (api) - DEBUG - GET to endpoint: friendships/15041839142/followers/?rank_token=45169428424_22aee7b9-9b18-47c6-8ed3-a5513d63899c&max_id=QVFCY1Y5Z0M0REtXWUROYVpFbzZIb0FUOFpzX01lSlZyY1Z2Z3NFUXR6RE92TndiSUtSSlBKa0Fnc0Y5SjBoN1huUThxd05Ob2lLenJUd242azIyZzZlcA== returned response: <Response [200]>
2020-12-30 10:13:45,260 - instabot version: 0.117.0 (api) - DEBUG - GET to endpoint: friendships/15041839142/followers/?rank_token=45169428424_22aee7b9-9b18-47c6-8ed3-a5513d63899c&max_id=QVFDUUlMN3lYV0ZoeUs3STFjRkdvOFFiSExwZzBPeDRlVmR2SWtoakh4eFhac2Q0NlZPeUhvbVphM1QzcWFPVVY4aUpUQ1QtTmRZVzBVTE9sUzZpRmhDMw== returned response: <Response [200]>
2020-12-30 10:13:46,134 - instabot version: 0.117.0 (api) - DEBUG - GET to endpoint: friendships/15041839142/followers/?rank_token=45169428424_22aee7b9-9b18-47c6-8ed3-a5513d63899c&max_id=QVFDMmJ2RXFVeXlGR0RVX3gtOURTbG9fMTJ3ZVpmWmhNZjFTN1VBOWt5SjRqWm10aHdLanJ2em5vRVlHTldoZE1iQ1BSZy0tT2tNVnRYSWkybDdBSzVpQg== returned response: <Response [200]>
2020-12-30 10:13:47,040 - instabot version: 0.117.0 (api) - DEBUG - GET to endpoint: friendships/15041839142/followers/?rank_token=45169428424_22aee7b9-9b18-47c6-8ed3-a5513d63899c&max_id=QVFETG9rTnZPQ2gzY3hqQWhNaTBGS3piVmdpaVZ4WDVXOE1lVWUydkVXTUJfeWtyMFFJeHlBcTJKLVhxUkRBdm5RVmQ1NXpROUJJQ1VTOGhHbFZCMy0yUQ== returned response: <Response [200]>
2020-12-30 10:13:47,586 - instabot version: 0.117.0 (api) - DEBUG - GET to endpoint: friendships/15041839142/followers/?rank_token=45169428424_22aee7b9-9b18-47c6-8ed3-a5513d63899c&max_id=QVFESDk1TXdzRVZMOFBpTXQxSWFyeURSeE9wV3ZFdEFWQ05xQlpPLTBsMEZSYzNKQnp5cXUweFVGb3V4S1JNb1ZYWmFLWE1PYWFQeUxpM25KUWVoVVZBbg== returned response: <Response [200]>
2020-12-30 10:13:48,119 - instabot version: 0.117.0 (api) - DEBUG - GET to endpoint: friendships/15041839142/followers/?rank_token=45169428424_22aee7b9-9b18-47c6-8ed3-a5513d63899c&max_id=QVFCdU8xTk5DVTV2dmtlX0FfWDJBYTRmLVh0N0tWdTZyTURpR2lvX0dwS3ZqaU9VZjJ5ZGdyNk9SZ0NzSk1Cd3dneFFfaE9MMWZneEU1WkdMbXJmbHpzQw== returned response: <Response [200]>
2020-12-30 10:13:48,664 - instabot version: 0.117.0 (api) - DEBUG - GET to endpoint: friendships/15041839142/followers/?rank_token=45169428424_22aee7b9-9b18-47c6-8ed3-a5513d63899c&max_id=QVFDWFl3SGhyazVVUmVLb3RJNkwzdTlfektfZzI5Qng4bHhrWUZIdWZDUEY1Sk1HRXVKYy1EY1hleGZ2bUxsSGV0Uzc1Tzk1Zy02QXpSa3gxMXBzUlg2Rw== returned response: <Response [200]>
2020-12-30 10:13:49,232 - instabot version: 0.117.0 (api) - DEBUG - GET to endpoint: friendships/15041839142/followers/?rank_token=45169428424_22aee7b9-9b18-47c6-8ed3-a5513d63899c&max_id=QVFEV0VvaWtpTTNLRnFrUlkzRE11bWJKaHNpc09IUmJTSEs0ZzA2aktDV1I3UHdZQVY4czFCQzlhd25yWFpNT3ZRQXhJZ29aUlZVZ0NoTHF1c1p4OW9RaQ== returned response: <Response [200]>
2020-12-30 10:13:49,735 - instabot version: 0.117.0 (api) - DEBUG - GET to endpoint: friendships/15041839142/followers/?rank_token=45169428424_22aee7b9-9b18-47c6-8ed3-a5513d63899c&max_id=QVFDcmZ5YlZIWEtOZmthSzVpMjNTV1l6bXBGTEs5bF8wV3QxMnVfdl9DaUk4cUhselNqLWVlQ2hxeWRESzBNVGZFOFd6ZFBYVFJLYzE0cWZscjVkMWhYeg== returned response: <Response [200]>
2020-12-30 10:13:50,304 - instabot version: 0.117.0 (api) - DEBUG - GET to endpoint: friendships/15041839142/followers/?rank_token=45169428424_22aee7b9-9b18-47c6-8ed3-a5513d63899c&max_id=QVFEdHdEcVhKbXlJYUM2MExXWVlGcE9iZzBXYjhDRXFqcGlTVlk2dDRMQW4wLUpYZ2ZvazUtbktpSnhlNlZpbTNBNW9CbWctVzlUcTJTdHJfdE1RaGI0bA== returned response: <Response [200]>
2020-12-30 10:13:50,835 - instabot version: 0.117.0 (api) - DEBUG - GET to endpoint: friendships/15041839142/followers/?rank_token=45169428424_22aee7b9-9b18-47c6-8ed3-a5513d63899c&max_id=QVFCSGVWQUlqUGs3Z0REWHZ5UWpUZ3dsUkVfRHdfdUNmX2xOQndMM0pTVk56VWdZa0ExX2EzZ3VJaDJKeXZxZk5tb1k0Nl9QZ0lsUVl2amxnQThPUzlhNQ== returned response: <Response [200]>
2020-12-30 10:13:51,382 - instabot version: 0.117.0 (api) - DEBUG - GET to endpoint: friendships/15041839142/followers/?rank_token=45169428424_22aee7b9-9b18-47c6-8ed3-a5513d63899c&max_id=QVFDS1NBdnVlYzJhVmxmWE1WTnZZbHlMRDFLSXg1TmpJaU5wel9fT2pFUVA3aVFmakxreXFJTjktZnBDd0hicnVpSTZ6aFQtWUFiTWtybGNDMTRGNzZzag== returned response: <Response [200]>
2020-12-30 10:13:51,892 - instabot version: 0.117.0 (api) - DEBUG - GET to endpoint: friendships/15041839142/followers/?rank_token=45169428424_22aee7b9-9b18-47c6-8ed3-a5513d63899c&max_id=QVFDeTJiYzd0SWRjX21NN1BLQk5mRDNfLURPRUUydmRqTHc0b3ZrcERVQWJKckZWQ3NOREdnTUFXQ25jdnlnY1k4d0x0Ty0zbEFnQzJFeHZnNjZKY3d0aA== returned response: <Response [200]>
2020-12-30 10:13:52,467 - instabot version: 0.117.0 (api) - DEBUG - GET to endpoint: friendships/15041839142/followers/?rank_token=45169428424_22aee7b9-9b18-47c6-8ed3-a5513d63899c&max_id=QVFCc0EwQkh1dlkxejJQRHJrRmEtSTEzeU1oeXpNNDNjLU5RRVZUdmZCQnZTR2hxSFFIUmhKN2taMVFQckd1RGVzU0Z1MkNFTmlXRFdzSjFKazdsN3hiRw== returned response: <Response [200]>
2020-12-30 10:13:53,135 - instabot version: 0.117.0 (api) - DEBUG - GET to endpoint: friendships/15041839142/followers/?rank_token=45169428424_22aee7b9-9b18-47c6-8ed3-a5513d63899c&max_id=QVFEVkFiRGdqajZpWTV0ODBsaGdGUVlLUU0xUHkwdE9WQmhSNGRxUHdDNC1pN3lzcEZQVlNad29jX1Q0OGFrcVplRDBralhIUWxTb3VPZkpIeXFibjgxbg== returned response: <Response [200]>
2020-12-30 10:13:53,656 - instabot version: 0.117.0 (api) - DEBUG - GET to endpoint: friendships/15041839142/followers/?rank_token=45169428424_22aee7b9-9b18-47c6-8ed3-a5513d63899c&max_id=QVFBeTFkWHBXXzV1U3FZN3BUemhSSjd5VlFCZmdCdlh5eTNRMWZEUzY3MENwVXctd1d6UVRhT2VxNGdMd3F3SGh6OTVLU0EwLW5pQ1dkeWVObTJkeFZPUw== returned response: <Response [200]>
2020-12-30 10:13:54,335 - instabot version: 0.117.0 (api) - DEBUG - GET to endpoint: friendships/15041839142/followers/?rank_token=45169428424_22aee7b9-9b18-47c6-8ed3-a5513d63899c&max_id=QVFCUVNpT0tDZ2pDVnE1ZmxndWlXaFVuelpMNkxnaDQ1bE5BcnQ3cFlFT2JHT2t4WFM3YXliMElDSEpXcmlXSjZOcV96SlM0clJSQ29nZU85cEVRZWFZYg== returned response: <Response [200]>
2020-12-30 10:13:54,859 - instabot version: 0.117.0 (api) - DEBUG - GET to endpoint: friendships/15041839142/followers/?rank_token=45169428424_22aee7b9-9b18-47c6-8ed3-a5513d63899c&max_id=QVFDQ0lTdEdKNHNTdEJlWGNTa0lPV05qMl92T2lheFk1RFBXV1plcnBudGs0cVptbUE4ZUFsV2VUYVRzQnpZQV9sOFVXNVA2MFhuNGl3QkpwRk5wWDh0aw== returned response: <Response [200]>
2020-12-30 10:13:55,429 - instabot version: 0.117.0 (api) - DEBUG - GET to endpoint: friendships/15041839142/followers/?rank_token=45169428424_22aee7b9-9b18-47c6-8ed3-a5513d63899c&max_id=QVFES3JraUlXcFNUT08xNl83VTFVZ3NBamFmZ1hKdUE5TWpxTWNxWTJBRVlDSEZIRUp0QjFLVGwySDZfTTNJUFN5ejhZb2RnT1JITV9ialdwM24zUndsUg== returned response: <Response [200]>
2020-12-30 10:13:55,910 - instabot version: 0.117.0 (api) - DEBUG - GET to endpoint: friendships/15041839142/followers/?rank_token=45169428424_22aee7b9-9b18-47c6-8ed3-a5513d63899c&max_id=QVFCS1AtRG5pNGFxNTBZZ2NWSEFNZWhPQjRvSkNNWThiTWZCQk9FamZCOFBOVHdaaFRvOFZlRkkzWWNOa2NmRXZ2SDZnYVYtTGVqT2o4dnJoNXFjaUJPUQ== returned response: <Response [200]>
2020-12-30 10:13:56,459 - instabot version: 0.117.0 (api) - DEBUG - GET to endpoint: friendships/15041839142/followers/?rank_token=45169428424_22aee7b9-9b18-47c6-8ed3-a5513d63899c&max_id=QVFETkdGNUQwZlk4anRfX1g1dFo1dzJ4Tl9wUHdVRnhYTnVFazQ4NHQ3XzlDelE1N2pJRC0xMEVyMzVnVjkyd2s2RzJoS1g0ZnFlazZSYVkxdmpPbEx6NQ== returned response: <Response [200]>
2020-12-30 10:13:57,134 - instabot version: 0.117.0 (api) - DEBUG - GET to endpoint: friendships/15041839142/followers/?rank_token=45169428424_22aee7b9-9b18-47c6-8ed3-a5513d63899c&max_id=QVFBVWtBMUU0LXNDSWlESlI2MUJFU09Jclo3R1FSOHNiZENtcjFtbVh4a0NLeF9DWjc3aEljdHFvM3JybmY3QlR5cWJEYWkyQ0ZCeTVvRWdZcWF2UmZHeA== returned response: <Response [200]>
2020-12-30 10:13:57,701 - instabot version: 0.117.0 (api) - DEBUG - GET to endpoint: friendships/15041839142/followers/?rank_token=45169428424_22aee7b9-9b18-47c6-8ed3-a5513d63899c&max_id=QVFDOVVoTXBVdmgzSjgwUFh2SDgwRDNMWFBmS3VKNjN1cGo5VlVVd0ltdk5Wc0g1V0E5dl85ZlRONm1pdi15d1ByRlQ2SDlzcEZUYzJtN1VWdlY4bHVjQQ== returned response: <Response [200]>
2020-12-30 10:13:58,284 - instabot version: 0.117.0 (api) - DEBUG - GET to endpoint: friendships/15041839142/followers/?rank_token=45169428424_22aee7b9-9b18-47c6-8ed3-a5513d63899c&max_id=QVFDeWJqazZocG1KdHYxN2xvUzFqcmhrMFpiTDQ3Z1FjVGpIbXNiNlpQVmVDM2RJRXQ5WTlsenlSU2FGZTVZQlE2cC1JR2pMdmVKS2UwbzB4TTVhT1BEQg== returned response: <Response [200]>
2020-12-30 10:13:58,834 - instabot version: 0.117.0 (api) - DEBUG - GET to endpoint: friendships/15041839142/followers/?rank_token=45169428424_22aee7b9-9b18-47c6-8ed3-a5513d63899c&max_id=QVFDaEhqMFNlTzZOdFJYU1R2RHdDTHZWdzNPd3d3cV9JbFBmcUdqdGNnNnNIQnhfQXZNMFp6UnZEZUdWVTFKNF9LcC02T1J6WGhBNzRkakRudno4T0NpaA== returned response: <Response [200]>
2020-12-30 10:13:59,468 - instabot version: 0.117.0 (api) - DEBUG - GET to endpoint: friendships/15041839142/followers/?rank_token=45169428424_22aee7b9-9b18-47c6-8ed3-a5513d63899c&max_id=QVFEMERzVXBiWENxNzZ5NmRBeDBLRmxrWEJlREJBcDdMdmdkOWhENU42aVZSNWhKcmxhMnR0OFFJTUVFTGtVM3c4NkxmVWhpSU9HVWdMU1FHcUE4MVQtZw== returned response: <Response [200]>
2020-12-30 10:14:00,048 - instabot version: 0.117.0 (api) - DEBUG - GET to endpoint: friendships/15041839142/followers/?rank_token=45169428424_22aee7b9-9b18-47c6-8ed3-a5513d63899c&max_id=QVFCVVQwN0F2MW96c0FWM19ZZ2QxZ1JYWWdyVkQ5YTZhSFlWYTlUZmhfclRvMmtnNDFiS1MxYlJ5aDVYQkpzTjB6a1BaM0ZHSzNBWHRGNnJyRlEySjljRw== returned response: <Response [200]>
2020-12-30 10:14:00,620 - instabot version: 0.117.0 (api) - DEBUG - GET to endpoint: friendships/15041839142/followers/?rank_token=45169428424_22aee7b9-9b18-47c6-8ed3-a5513d63899c&max_id=QVFCYncwQ3JRU05zSGRrZW40ZS1mN0luaUNOaExIb2RHLTBrclItUEpvT1dUeWw1b19fZVJzSmtqTkFkLW80dXVId2M0dXB6dmtzWlRabC1id1V2LW8yWQ== returned response: <Response [200]>
2020-12-30 10:14:01,234 - instabot version: 0.117.0 (api) - DEBUG - GET to endpoint: friendships/15041839142/followers/?rank_token=45169428424_22aee7b9-9b18-47c6-8ed3-a5513d63899c&max_id=QVFBMTZ6bzZkajVFMlFReWdla2JhdlJsR2VKX1BpUkFpM19wN1Q1MGoxbUdNb0Z5U0gwc1MzQURkcEhxMTE4UkFPY0RNLUVXMzlmd2l4dW5aRXlacDJobA== returned response: <Response [200]>
2020-12-30 10:14:01,800 - instabot version: 0.117.0 (api) - DEBUG - GET to endpoint: friendships/15041839142/followers/?rank_token=45169428424_22aee7b9-9b18-47c6-8ed3-a5513d63899c&max_id=QVFEcWFkUHROUVhUYmVQNXlucUMwRHBvdVBhdzRMVk1qTzc5MzBDSk0tazhxV3RScFZBRkpQbVF2RXp4VWIxSVRIdlprRVZWYjBPd0E0MWxPZjNKWmh3eA== returned response: <Response [200]>
2020-12-30 10:14:02,306 - instabot version: 0.117.0 (api) - DEBUG - GET to endpoint: friendships/15041839142/followers/?rank_token=45169428424_22aee7b9-9b18-47c6-8ed3-a5513d63899c&max_id=QVFCQkl1dkUyTm5JeUc0N0lPUDVhSWJJbXBGRTl5ZllGaC1MUjN5S1BLVHI4SFZVZEozU3R1UGlHbVFVVVFtanhiWHR0RGZHeGVtakF2cVBFTmQ0WmpuOQ== returned response: <Response [200]>
2020-12-30 10:14:02,813 - instabot version: 0.117.0 (api) - DEBUG - GET to endpoint: friendships/15041839142/followers/?rank_token=45169428424_22aee7b9-9b18-47c6-8ed3-a5513d63899c&max_id=QVFETDVWd01UR0N5R2dGSnc2Y3lFUTM3dHJyWFFHYkJ3WnpxSjFoR29sbGlvNjA4S3Z4bmNLUFZIRXFiZmo1bnN0VDJsTnR1eWg0Z1RLM3FiVXdyVGs1eg== returned response: <Response [200]>
2020-12-30 10:14:03,419 - instabot version: 0.117.0 (api) - DEBUG - GET to endpoint: friendships/15041839142/followers/?rank_token=45169428424_22aee7b9-9b18-47c6-8ed3-a5513d63899c&max_id=QVFBOHAwVzhsZ0hqZEx5OFlGTFdzYTBXaTZHODNmSmppaFpoSlhVdmUtVnlmQ1RGMnhHbHlncmRtY0EzajM0SUxGb3VzOXNMZl9EOXR0SDRncE5ITDNpSA== returned response: <Response [200]>
2020-12-30 10:14:03,920 - instabot version: 0.117.0 (api) - DEBUG - GET to endpoint: friendships/15041839142/followers/?rank_token=45169428424_22aee7b9-9b18-47c6-8ed3-a5513d63899c&max_id=QVFEcVBDRlFHTG9ZVFA2QmZuZTlLbXVjT2o1QmZTUnN4d0c5dWl6RDJkQ29UM2FCNnV0dkpKR1ExNzFYRnZxUEJSZTU2X2lGdTBXSlJfYkNBYnZEUjk1bg== returned response: <Response [200]>
2020-12-30 10:14:04,838 - instabot version: 0.117.0 (api) - DEBUG - GET to endpoint: friendships/15041839142/followers/?rank_token=45169428424_22aee7b9-9b18-47c6-8ed3-a5513d63899c&max_id=QVFEcm9xUlpKVTVGNDd0SFBxVWJ6MkVsR2hKNFRLNklFbXFZS00zcmczVm1EYTM4b2laajVUNGY5Y0RVWGtsbHdXbTM4b1phY2xMaENLMkpTcHliY002cA== returned response: <Response [200]>
2020-12-30 10:14:05,370 - instabot version: 0.117.0 (api) - DEBUG - GET to endpoint: friendships/15041839142/followers/?rank_token=45169428424_22aee7b9-9b18-47c6-8ed3-a5513d63899c&max_id=QVFESDhrWHlHbEFzSENwdnBodVAzSmpBNFlfamFKbElXQTV4c2puUTI0dDF0ekZWYXZVT1FvOE5XeWNOZVNIeWJsX1hCMzh1cGJyTDNDZDF0eF9KWTEtNg== returned response: <Response [200]>
2020-12-30 10:14:06,012 - instabot version: 0.117.0 (api) - DEBUG - GET to endpoint: friendships/15041839142/followers/?rank_token=45169428424_22aee7b9-9b18-47c6-8ed3-a5513d63899c&max_id=QVFDZ0ZpU0ZCQnY4YVBHM240cEpPdndhUEozLXRYd2xJX0c5TVFwNndFUVZDbm0wUWtFMFg1VnNQR1pReDRsX3dUdHJKZjlQMXZRQ0c0dEJ5WGw2SkVsdA== returned response: <Response [200]>
2020-12-30 10:14:06,602 - instabot version: 0.117.0 (api) - DEBUG - GET to endpoint: friendships/15041839142/followers/?rank_token=45169428424_22aee7b9-9b18-47c6-8ed3-a5513d63899c&max_id=QVFCZWhBX18tZnBjOGk1dWlJbVdJUUVWV2E3OFZlZ0pIMTdWZE5fTi1YZklwb3BQWmthQXVUMzNVNzNlVGZRb1hyZmNPQThDM25Xck8tN3dhTFFRVmJ1MA== returned response: <Response [200]>
2020-12-30 10:14:07,131 - instabot version: 0.117.0 (api) - DEBUG - GET to endpoint: friendships/15041839142/followers/?rank_token=45169428424_22aee7b9-9b18-47c6-8ed3-a5513d63899c&max_id=QVFBVGZXYllGSnJkVTFYTnRFZzRLaVY0MjY5NTRsMkd0dXk5d0dXSWFJQ1ROXzBhbF9rRnhXUmNWT2FXQTljeUVWWkx2SHVQZEN6djFSNDl4aElBSWhFbg== returned response: <Response [200]>
2020-12-30 10:14:07,638 - instabot version: 0.117.0 (api) - DEBUG - GET to endpoint: friendships/15041839142/followers/?rank_token=45169428424_22aee7b9-9b18-47c6-8ed3-a5513d63899c&max_id=QVFEQl9XNnhmd3lDd0tkekV6eEZjS0xWNVp2TGozYVNXQTUteEhLeDhWZ05Ic2pnVU9kcWxKQjN2TVFDNzNPMkhrbk5VempLSTRXOEN5YzFoTE1tMkJnWA== returned response: <Response [200]>
2020-12-30 10:14:08,220 - instabot version: 0.117.0 (api) - DEBUG - GET to endpoint: friendships/15041839142/followers/?rank_token=45169428424_22aee7b9-9b18-47c6-8ed3-a5513d63899c&max_id=QVFBU0MzSEcxa2xhOFIxTjFFOG43WUJDUDZJa3VGZzhBY2xjbWw0dV9VMkNXMDJBcXZjc3I0UklGT05NNm5LaWZJYlhlQTBGMjNjdFZJVUFuVjBscU8xMw== returned response: <Response [200]>
2020-12-30 10:14:08,721 - instabot version: 0.117.0 (api) - DEBUG - GET to endpoint: friendships/15041839142/followers/?rank_token=45169428424_22aee7b9-9b18-47c6-8ed3-a5513d63899c&max_id=QVFEYk5fRG43aVhkYzhoa1dKY0FHaHlNUWF1RWszX2wya3p4bEd0Q19mSnU5Wk5Ydlk4enJTSUNoZHZ2Y0NtemIxTjNGLWdBN2RSTWFWSDB3dlVCX0Naaw== returned response: <Response [200]>
2020-12-30 10:14:09,233 - instabot version: 0.117.0 (api) - DEBUG - GET to endpoint: friendships/15041839142/followers/?rank_token=45169428424_22aee7b9-9b18-47c6-8ed3-a5513d63899c&max_id=QVFCMlNHb2llSldfaTVYaVpqNWdsVFgzX2JxUm1QdnNael9jeENKMy12Ui1qS3plLUxMei1SLWtaS2dPR1Nxdml2dXZxQVBGbFhBR0FUa0ZYTmRYcGkwTA== returned response: <Response [200]>
2020-12-30 10:14:09,782 - instabot version: 0.117.0 (api) - DEBUG - GET to endpoint: friendships/15041839142/followers/?rank_token=45169428424_22aee7b9-9b18-47c6-8ed3-a5513d63899c&max_id=QVFCYkNUZlhUblBEN1dkOWtvdzB5OE82Zmk4aWlUTFV1dlhldm50cGw3ckpKN3ZiMXlpUWE2R0Uzd1NGN3N5VEZ0RjZGeFhVODltc2t0Qkx6YlAybmRRaA== returned response: <Response [200]>
2020-12-30 10:14:10,298 - instabot version: 0.117.0 (api) - DEBUG - GET to endpoint: friendships/15041839142/followers/?rank_token=45169428424_22aee7b9-9b18-47c6-8ed3-a5513d63899c&max_id=QVFBb3JldVNmQzJra3l1ZEhKZFl5cXFKTFotWmZDZllVYi1uX0h2a2s5RTQtYi1YU04wSFVteHBWNDQzbld0TDVvcVRZeWdCTWx5STNEWmw1Z2ZMZi1oLQ== returned response: <Response [200]>
2020-12-30 10:14:10,872 - instabot version: 0.117.0 (api) - DEBUG - GET to endpoint: friendships/15041839142/followers/?rank_token=45169428424_22aee7b9-9b18-47c6-8ed3-a5513d63899c&max_id=QVFDYVFWUDNGNE5CTnhCYWp3UFRySEZMbnhsLVBpU01mVzI5RExyMTdHbDF2aVZkZ0VPTmlYOHJQc2NkM3JxclI0cW1Dd1VKalJ6Umw3TV9jZVhESTFOcg== returned response: <Response [200]>
2020-12-30 10:14:11,372 - instabot version: 0.117.0 (api) - DEBUG - GET to endpoint: friendships/15041839142/followers/?rank_token=45169428424_22aee7b9-9b18-47c6-8ed3-a5513d63899c&max_id=QVFCOWQ5a2NWVzRvRXkxU2JKc0NaRUxtTk1CbE1PMml4U0lnVXRON0NjUzV3U2MyUC1iTWZ2RUxCR2RkWDVDYll3Q3hMaEgyT1Rabzh5eU9yeWpjcVlrTA== returned response: <Response [200]>
2020-12-30 10:14:12,185 - instabot version: 0.117.0 (api) - DEBUG - GET to endpoint: friendships/15041839142/followers/?rank_token=45169428424_22aee7b9-9b18-47c6-8ed3-a5513d63899c&max_id=QVFCVlozRTRoTWtwZ19KellWNDduUTl5X3NBbkhWOS1fN1ktaE5VeGY5U3dtb05adHVuMlVOZmZQTHNuWmo0d2RyTnNSMjJySV83ckZnb2thX3dyMzNHbQ== returned response: <Response [200]>
2020-12-30 10:14:12,691 - instabot version: 0.117.0 (api) - DEBUG - GET to endpoint: friendships/15041839142/followers/?rank_token=45169428424_22aee7b9-9b18-47c6-8ed3-a5513d63899c&max_id=QVFDQXNMU2Nnbkw2TnNia2VJR1E2Yk9ObDFoME1hV1FvRE02V1lYR0NzT2pFWG5pTFVKOU8wUlltRzFsZEhuRnpzVDZMNEswYl9mOUc5eDVBZ211QWxWZA== returned response: <Response [200]>
2020-12-30 10:14:13,228 - instabot version: 0.117.0 (api) - DEBUG - GET to endpoint: friendships/15041839142/followers/?rank_token=45169428424_22aee7b9-9b18-47c6-8ed3-a5513d63899c&max_id=QVFEUVcyQXdCTFdWaHVjbjEyYXNQSE1KYnRGUW81QnlsRUhjQjE4UzdFaFhTeld6dVJYMC15WUlINmpVd2FmN2NySzNyYjZyMGQ4S3U2NUNyalExLVpKbw== returned response: <Response [200]>
2020-12-30 10:14:13,863 - instabot version: 0.117.0 (api) - DEBUG - GET to endpoint: friendships/15041839142/followers/?rank_token=45169428424_22aee7b9-9b18-47c6-8ed3-a5513d63899c&max_id=QVFELWFZVDE4UlRtckdlM1k4SUhJbWRZVFEwY0RqMk8xQ1JwaVBzSGJhSUNzRnN6RGIwWTdiN2F1amlqVHZtalVDTE1wODJQUDQ1c2hCc201bzR5ZV9YYw== returned response: <Response [200]>
2020-12-30 10:14:14,366 - instabot version: 0.117.0 (api) - DEBUG - GET to endpoint: friendships/15041839142/followers/?rank_token=45169428424_22aee7b9-9b18-47c6-8ed3-a5513d63899c&max_id=QVFDTnVHSGdmOHd0MHBvWnc2eU5xbDdISDZGNlNPVUxhT0p5TTZwc2ZoSTdBR2IxR1pyTWNZYVM2Y0hmMTZ0QktSbWR5QUlPZTRDeUpydVlubHRxOUFpWQ== returned response: <Response [200]>
2020-12-30 10:14:14,935 - instabot version: 0.117.0 (api) - DEBUG - GET to endpoint: friendships/15041839142/followers/?rank_token=45169428424_22aee7b9-9b18-47c6-8ed3-a5513d63899c&max_id=QVFBcGJ5Y0ZTd0dham5BdTdqTXliR2FyLVIyVGNKbXBRWU1RZmFtZ0lCUWx1aTlrX2dDZnFEWHpzZFRxYUFYUmxCOUZGaUpjaElVb3Zidk9TbEZKS2QyYg== returned response: <Response [200]>
2020-12-30 10:14:15,432 - instabot version: 0.117.0 (api) - DEBUG - GET to endpoint: friendships/15041839142/followers/?rank_token=45169428424_22aee7b9-9b18-47c6-8ed3-a5513d63899c&max_id=QVFEd2p0MFMtTGt3eDZfRUJtdlBDZjZHZWxTc2ZiUW9mMXptYmJVNEpQWEJObGJJTGxmSWlkOFNxUzI3Tkthc3RoS1hPVmtHV3dSX3Bmbm1iTFpzM0R3QQ== returned response: <Response [200]>
2020-12-30 10:14:15,989 - instabot version: 0.117.0 (api) - DEBUG - GET to endpoint: friendships/15041839142/followers/?rank_token=45169428424_22aee7b9-9b18-47c6-8ed3-a5513d63899c&max_id=QVFDVEZRalhJaEhoZ2JtUFhfMlZiZ2J4c1ZrZ3VKOHlFcHM0cEhhY19aQzF0LU0yZExJcFEtMG9YWnFKOFJ1aHBhSmNSMnh3OWFRQVYzV29PNXhMVWVzcA== returned response: <Response [200]>
2020-12-30 10:14:16,598 - instabot version: 0.117.0 (api) - DEBUG - GET to endpoint: friendships/15041839142/followers/?rank_token=45169428424_22aee7b9-9b18-47c6-8ed3-a5513d63899c&max_id=QVFCUGRaR044Q3NLdVNXM3M3ZUpiQjZaNTVOM2ladDFSSlF2eWdWaVA1RkloYTBROWc0TzFJeklrdUJLLXZqV28yeGhabFU0ckZJNkd2UWRrVDY1YlRzLQ== returned response: <Response [200]>
2020-12-30 10:14:17,211 - instabot version: 0.117.0 (api) - DEBUG - GET to endpoint: friendships/15041839142/followers/?rank_token=45169428424_22aee7b9-9b18-47c6-8ed3-a5513d63899c&max_id=QVFBTmhaeG5rLWNXbElmY0VHcWUzRkZ2cjJKWTFVbmMyc0ttYVdEUHJpMjhjLWRpdlQzckhMU3Vjank2Z2o5eFVvdWtyNDRId1hESEJ5TGI1akxOeUxpRw== returned response: <Response [200]>
2020-12-30 10:14:17,798 - instabot version: 0.117.0 (api) - DEBUG - GET to endpoint: friendships/15041839142/followers/?rank_token=45169428424_22aee7b9-9b18-47c6-8ed3-a5513d63899c&max_id=QVFEUHowMjZFZUhJcDkzbExoZ19sakVHNEZkRXFIYndlTzBsZ1Y1VEJRN2NRUkN6cGt5VHkway1pRXZncHN2RjVWR1luX2V1SGtxbnAtWFRtM1F0R3VfRA== returned response: <Response [200]>
2020-12-30 10:14:18,323 - instabot version: 0.117.0 (api) - DEBUG - GET to endpoint: friendships/15041839142/followers/?rank_token=45169428424_22aee7b9-9b18-47c6-8ed3-a5513d63899c&max_id=QVFBVllrcl8yRVRpeWpRZ2ZxUXhwTFQ2M3RFdDcyUHp0cDdjVUp5YnJNTHpwUDRpWm9PMXZTdUotb0kwNnpZbEl0TWY0M1QyX3Q5NkpVZHB0VEhRWUQ2VA== returned response: <Response [200]>
2020-12-30 10:14:18,880 - instabot version: 0.117.0 (api) - DEBUG - GET to endpoint: friendships/15041839142/followers/?rank_token=45169428424_22aee7b9-9b18-47c6-8ed3-a5513d63899c&max_id=QVFEWVRfTHlxU1dWRmZ3eGEzbzBUQlVJSl94VlFmUTdXM0ZTb2tPakNXZ25QVUhlbUVfdUZ1RVpfWmp3R1p4dTFodFkxeDdMYjJaY3hCdEt3MjNxLWI3VA== returned response: <Response [200]>
2020-12-30 10:14:18,989 - instabot version: 0.117.0 (bot_checkpoint) - DEBUG - Saving Checkpoint file to: D:\Programming Languages\03. Projects\Instagram Scrapper/config/randompy2020.checkpoint
2020-12-30 10:14:19,009 - instabot version: 0.117.0 (bot) - INFO - Total requests: 72
