2020-12-30 19:37:39,360 - instabot version: 0.117.0 (bot) - INFO - Instabot version: 0.117.0 Started
2020-12-30 19:37:39,361 - instabot version: 0.117.0 (bot) - DEBUG - Bot imported from C:\Users\LENOVO\AppData\Local\Programs\Python\Python38-32\lib\site-packages\instabot\bot\bot.py
2020-12-30 19:37:39,361 - instabot version: 0.117.0 (api_login) - DEBUG - Loading cookies
2020-12-30 19:37:39,362 - instabot version: 0.117.0 (api_login) - DEBUG - Loading uuids
2020-12-30 19:37:39,362 - instabot version: 0.117.0 (api_login) - INFO - Recovery from D:\Programming Languages\03. Projects\Instagram Scrapper/config/randompy2020_uuid_and_cookie.json: COOKIE True - UUIDs True - TIMING, DEVICE and ...
- user-agent=Instagram 117.0.0.28.123 Android (28/9.0; 420dpi; 1080x1920; OnePlus; ONEPLUS A3003; OnePlus3; qcom; en_US; 180322800)
- phone_id=6ec1115f-b830-409a-9e3a-b5fea365b8a0
- uuid=22aee7b9-9b18-47c6-8ed3-a5513d63899c
- client_session_id=55b376e9-1b1e-4d00-a66a-49501ba1655f
- device_id=android-e00652d37fc01327
2020-12-30 19:37:39,378 - instabot version: 0.117.0 (api_login) - INFO - LOGIN FLOW! Just logged-in: False
2020-12-30 19:37:40,598 - instabot version: 0.117.0 (api) - DEBUG - POST to endpoint: feed/timeline/ returned response: <Response [200]>
2020-12-30 19:37:41,209 - instabot version: 0.117.0 (api) - DEBUG - POST to endpoint: feed/reels_tray/ returned response: <Response [200]>
2020-12-30 19:37:41,212 - instabot version: 0.117.0 (api) - INFO - Logged-in successfully as 'randompy2020'!
2020-12-30 19:37:41,212 - instabot version: 0.117.0 (bot_checkpoint) - DEBUG - Loading Checkpoint file from: D:\Programming Languages\03. Projects\Instagram Scrapper/config/randompy2020.checkpoint
2020-12-30 19:37:44,830 - instabot version: 0.117.0 (api) - DEBUG - GET to endpoint: users/calcutta_bloggers/usernameinfo/ returned response: <Response [200]>
2020-12-30 19:37:45,888 - instabot version: 0.117.0 (api) - DEBUG - GET to endpoint: users/15041839142/info/ returned response: <Response [200]>
2020-12-30 19:37:46,519 - instabot version: 0.117.0 (api) - DEBUG - GET to endpoint: friendships/15041839142/followers/?rank_token=45169428424_22aee7b9-9b18-47c6-8ed3-a5513d63899c returned response: <Response [200]>
2020-12-30 19:37:47,033 - instabot version: 0.117.0 (api) - DEBUG - GET to endpoint: friendships/15041839142/followers/?rank_token=45169428424_22aee7b9-9b18-47c6-8ed3-a5513d63899c&max_id=QVFBMHlJUTNVeThQYWNvWlVZUm55dmlyNnRNak9Mc2lKTHNBTVBrVkRjZWpZbzhxampaMkVvd0FfVE81RjV3VmRrNVZFSEtjcXh4TEw5c09hbTg1SGRpbQ== returned response: <Response [200]>
2020-12-30 19:37:47,736 - instabot version: 0.117.0 (api) - DEBUG - GET to endpoint: friendships/15041839142/followers/?rank_token=45169428424_22aee7b9-9b18-47c6-8ed3-a5513d63899c&max_id=QVFBcnhVN0VxMG1aVTNKaXdSZVdRWUpiVlJZVXBPWVkwMUZvN2hlNnVZU3lXTGJYQzRJbUN2NUZuNzZFUGpFckRjUlNDOU9kTklyOUhrdkFVeDcxN3p4Uw== returned response: <Response [200]>
2020-12-30 19:37:48,289 - instabot version: 0.117.0 (api) - DEBUG - GET to endpoint: friendships/15041839142/followers/?rank_token=45169428424_22aee7b9-9b18-47c6-8ed3-a5513d63899c&max_id=QVFDeTVnT2FucnB5VV9VSUU3cmpPY08tUmhhNGhCWG1LNWMyVlgxeS1XajI0T3FmRVhLclk0bmh2d2hzY2s4V1RLWUVmbVdzd3g0MHZZaVRTY3NWSEl1dQ== returned response: <Response [200]>
2020-12-30 19:37:48,883 - instabot version: 0.117.0 (api) - DEBUG - GET to endpoint: friendships/15041839142/followers/?rank_token=45169428424_22aee7b9-9b18-47c6-8ed3-a5513d63899c&max_id=QVFCU1BKUE02SWlScF9aTzFOSGNoQ0hhTFJENTlIRk5SazQwOWp0anlVajkyM1hEbUJsVFptQnFfcjJZaHpjT19FMHRKdU56Z3BuZWo0ZVZETmM0YXo4QQ== returned response: <Response [200]>
2020-12-30 19:37:49,464 - instabot version: 0.117.0 (api) - DEBUG - GET to endpoint: friendships/15041839142/followers/?rank_token=45169428424_22aee7b9-9b18-47c6-8ed3-a5513d63899c&max_id=QVFCMVFOM19udzFvWXBITkNkZ1B3eVF3Q3VlbXJEM05fbHpmX21aQk5zS2VlMk5QeWhpNUVEV19pUjZZTkhvb2NCRmJlQjFNUktVYjFvOXY4TFc1RGNQdg== returned response: <Response [200]>
2020-12-30 19:37:50,214 - instabot version: 0.117.0 (api) - DEBUG - GET to endpoint: friendships/15041839142/followers/?rank_token=45169428424_22aee7b9-9b18-47c6-8ed3-a5513d63899c&max_id=QVFDbFBzeE9WRW4xd19COE9TMmxGbEZpRVV6aWJuSGpuNXRQN25sdlp1c3BIanlmY1hzdWZWQ3FvNFhTbjg4b3ZPNFhNRlNIOXM1M2liSy1JR2M0VncyTQ== returned response: <Response [200]>
2020-12-30 19:37:50,921 - instabot version: 0.117.0 (api) - DEBUG - GET to endpoint: friendships/15041839142/followers/?rank_token=45169428424_22aee7b9-9b18-47c6-8ed3-a5513d63899c&max_id=QVFBeU9JaUtuT2NVbm4zREJtbUtyZmlDYjVSdmd3NTl2RlBCRldoeXZYMGlmSUhTaFhOeU0tLTBvWjRmVHJqM1h1c3U3X0FRekFxSUxjdkxZMUlKRE90Sg== returned response: <Response [200]>
2020-12-30 19:37:51,825 - instabot version: 0.117.0 (api) - DEBUG - GET to endpoint: friendships/15041839142/followers/?rank_token=45169428424_22aee7b9-9b18-47c6-8ed3-a5513d63899c&max_id=QVFBeHd1WDZEQkJNUkNsNWUzcUhiNndHLXBqQ09QcTVkb3pPM3E3V1dqNzVCX0JkQXZVanNRSkZSZmVTLVJnU3VXazF6YXRRS0FTT1lvYUpEUEpZRlpNUw== returned response: <Response [200]>
2020-12-30 19:37:52,347 - instabot version: 0.117.0 (api) - DEBUG - GET to endpoint: friendships/15041839142/followers/?rank_token=45169428424_22aee7b9-9b18-47c6-8ed3-a5513d63899c&max_id=QVFBY0hxUjJBWDBWMkZ0TWswWWtucnZocDE3VEZ3ZDBiN0ZPRlM3UjY1Yy1Eb24tVFFfOWtFV0dIWGg2b2FaQTA0WlVMN1lScFBQOEc3SGdwaHdGYnBsbA== returned response: <Response [200]>
2020-12-30 19:37:52,886 - instabot version: 0.117.0 (api) - DEBUG - GET to endpoint: friendships/15041839142/followers/?rank_token=45169428424_22aee7b9-9b18-47c6-8ed3-a5513d63899c&max_id=QVFEZ0s3RjdWa2lIdzMxM3JwcktYeXl4VmMtTXRRcjVGZ1ZELW9yQkZIa21rYWZ5VTdoeEtEZzU1NGRFaE1XeGpkUTV2X0QtTVhuTlYtVFFlcE0zUGdwOA== returned response: <Response [200]>
2020-12-30 19:37:53,406 - instabot version: 0.117.0 (api) - DEBUG - GET to endpoint: friendships/15041839142/followers/?rank_token=45169428424_22aee7b9-9b18-47c6-8ed3-a5513d63899c&max_id=QVFCQnltNWg0NVh1N25XWDZSRDUxcUtNYnJlWnJ0WWowVkNZbHotblRVYVhKRzhLWEZQSXJEczRPN0wyTGZDQnhlX09LUC1XZUp1UGQwczRnbUJLa3Nsdw== returned response: <Response [200]>
2020-12-30 19:37:54,043 - instabot version: 0.117.0 (api) - DEBUG - GET to endpoint: friendships/15041839142/followers/?rank_token=45169428424_22aee7b9-9b18-47c6-8ed3-a5513d63899c&max_id=QVFCY3ltZlo2TzFaM0xadHh5T2hIaF9qSlVTZXVkR0ZHaTlvWS03cUM4NzZYb0xyV3k2M1pNZ1NydUE2WUtmZDlGeGlGcE9Wb20wWmY5bWQtY2ZONlJrRg== returned response: <Response [200]>
2020-12-30 19:37:54,624 - instabot version: 0.117.0 (api) - DEBUG - GET to endpoint: friendships/15041839142/followers/?rank_token=45169428424_22aee7b9-9b18-47c6-8ed3-a5513d63899c&max_id=QVFDNWJ1dkQ3dzl2eUswR2VjNWppdG91b29OZEF6Mlp4NXJsSGtZaXd4YzdieXZRYk4xS1lsVHdaSlY4clJvZ2lDb3BUWGpJaXN0T09WNzRkR1dELVEwdQ== returned response: <Response [200]>
2020-12-30 19:37:55,660 - instabot version: 0.117.0 (api) - DEBUG - GET to endpoint: friendships/15041839142/followers/?rank_token=45169428424_22aee7b9-9b18-47c6-8ed3-a5513d63899c&max_id=QVFEUXhtdF92SERfdzJZNGx2WEpqam5kNktsRmtkRW9ZQXFFWUhJUVl4SWkyQTljeFJvdy1QSEJZanNZNnU1R1Zvd3hnOHFtRWhYMmNycktBS0c4OExKSw== returned response: <Response [200]>
2020-12-30 19:37:56,112 - instabot version: 0.117.0 (api) - DEBUG - GET to endpoint: friendships/15041839142/followers/?rank_token=45169428424_22aee7b9-9b18-47c6-8ed3-a5513d63899c&max_id=QVFCa0lUR0ltelhjYXI1OEtUTWJpT29FanRwdlpzVVAyQnNSLXF3cGs2c3FYVlVWYjhLNl9UT095WmNNVHhxaURlYVBDa1pEandzRmZUNkpESk1iTThQYw== returned response: <Response [429]>
2020-12-30 19:37:56,113 - instabot version: 0.117.0 (api) - DEBUG - Responsecode indicates error; response content: b'{"message": "Please wait a few minutes before you try again.", "status": "fail"}'
2020-12-30 19:37:56,113 - instabot version: 0.117.0 (api) - ERROR - Request returns 429 error!
2020-12-30 19:37:56,114 - instabot version: 0.117.0 (api) - WARNING - That means 'too many requests'. I'll go to sleep for 5 minutes.
