2020-12-31 22:24:42,881 - instabot version: 0.117.0 (bot) - INFO - Instabot version: 0.117.0 Started
2020-12-31 22:24:42,895 - instabot version: 0.117.0 (bot) - DEBUG - Bot imported from C:\Users\LENOVO\AppData\Local\Programs\Python\Python38-32\lib\site-packages\instabot\bot\bot.py
2020-12-31 22:25:31,773 - instabot version: 0.117.0 (api_login) - INFO - Not yet logged in starting: PRE-LOGIN FLOW!
2020-12-31 22:25:32,435 - instabot version: 0.117.0 (api) - DEBUG - POST to endpoint: accounts/get_prefill_candidates/ returned response: <Response [200]>
2020-12-31 22:25:33,100 - instabot version: 0.117.0 (api) - DEBUG - POST to endpoint: qe/sync/ returned response: <Response [200]>
2020-12-31 22:25:33,507 - instabot version: 0.117.0 (api) - DEBUG - POST to endpoint: launcher/sync/ returned response: <Response [200]>
2020-12-31 22:25:33,923 - instabot version: 0.117.0 (api) - DEBUG - POST to endpoint: accounts/contact_point_prefill/ returned response: <Response [200]>
2020-12-31 22:25:38,630 - instabot version: 0.117.0 (api) - DEBUG - POST to endpoint: accounts/login/ returned response: <Response [200]>
2020-12-31 22:25:38,630 - instabot version: 0.117.0 (api) - INFO - Logged-in successfully as 'calcutta_blog'!
2020-12-31 22:25:38,631 - instabot version: 0.117.0 (api_login) - INFO - LOGIN FLOW! Just logged-in: True
2020-12-31 22:25:39,087 - instabot version: 0.117.0 (api) - DEBUG - POST to endpoint: qe/sync/ returned response: <Response [200]>
2020-12-31 22:25:39,557 - instabot version: 0.117.0 (api) - DEBUG - POST to endpoint: launcher/sync/ returned response: <Response [200]>
2020-12-31 22:25:40,049 - instabot version: 0.117.0 (api) - DEBUG - GET to endpoint: zr/token/result/?device_id=android-f9547b82c549e8b9&token_hash=&custom_device_id=android-f9547b82c549e8b9&fetch_reason=token_expired returned response: <Response [200]>
2020-12-31 22:25:40,540 - instabot version: 0.117.0 (api) - DEBUG - GET to endpoint: multiple_accounts/get_account_family/ returned response: <Response [200]>
2020-12-31 22:25:40,990 - instabot version: 0.117.0 (api) - DEBUG - POST to endpoint: qe/sync/ returned response: <Response [200]>
2020-12-31 22:25:42,508 - instabot version: 0.117.0 (api) - DEBUG - GET to endpoint: igtv/browse_feed/?prefetch=1 returned response: <Response [200]>
2020-12-31 22:25:44,210 - instabot version: 0.117.0 (api) - DEBUG - POST to endpoint: creatives/ar_class/ returned response: <Response [200]>
2020-12-31 22:25:46,167 - instabot version: 0.117.0 (api) - DEBUG - POST to endpoint: feed/reels_tray/ returned response: <Response [200]>
2020-12-31 22:25:50,903 - instabot version: 0.117.0 (api) - DEBUG - POST to endpoint: feed/timeline/ returned response: <Response [200]>
2020-12-31 22:25:51,335 - instabot version: 0.117.0 (api) - DEBUG - GET to endpoint: media/blocked/ returned response: <Response [200]>
2020-12-31 22:25:52,344 - instabot version: 0.117.0 (api) - DEBUG - GET to endpoint: news/inbox/ returned response: <Response [200]>
2020-12-31 22:25:52,811 - instabot version: 0.117.0 (api) - DEBUG - GET to endpoint: loom/fetch_config/ returned response: <Response [200]>
2020-12-31 22:26:08,204 - instabot version: 0.117.0 (api) - DEBUG - GET to endpoint: scores/bootstrap/users/?surfaces=["autocomplete_user_list","coefficient_besties_list_ranking","coefficient_rank_recipient_user_suggestion","coefficient_ios_section_test_bootstrap_ranking","coefficient_direct_recipients_ranking_variant_2"] returned response: <Response [500]>
2020-12-31 22:26:08,205 - instabot version: 0.117.0 (api) - DEBUG - Responsecode indicates error; response content: b''
2020-12-31 22:26:08,205 - instabot version: 0.117.0 (api) - ERROR - Request returns 500 error!
2020-12-31 22:26:08,206 - instabot version: 0.117.0 (api) - ERROR - Error checking for `feedback_required`, response text is not JSON
2020-12-31 22:26:08,207 - instabot version: 0.117.0 (api) - INFO - Full Response: <Response [500]>
2020-12-31 22:26:08,208 - instabot version: 0.117.0 (api) - INFO - Response Text: 
2020-12-31 22:26:08,221 - instabot version: 0.117.0 (api) - ERROR - Error unknown send request
2020-12-31 22:26:08,692 - instabot version: 0.117.0 (api) - DEBUG - GET to endpoint: business/eligibility/get_monetization_products_eligibility_data/?product_types=branded_content returned response: <Response [200]>
2020-12-31 22:26:09,211 - instabot version: 0.117.0 (api) - DEBUG - GET to endpoint: business/branded_content/should_require_professional_account/ returned response: <Response [200]>
2020-12-31 22:26:09,659 - instabot version: 0.117.0 (api) - DEBUG - GET to endpoint: linked_accounts/get_linkage_status/ returned response: <Response [200]>
2020-12-31 22:26:10,110 - instabot version: 0.117.0 (api) - DEBUG - GET to endpoint: locations/request_country/ returned response: <Response [200]>
2020-12-31 22:26:10,558 - instabot version: 0.117.0 (api) - DEBUG - GET to endpoint: qp/get_cooldowns/?signed_body=signed_body=4b9c516a5410a3bc128e09c6104a7f042146b9c2023870560c63a43a7f66781c.4&ig_sig_key_version=4&ig_sig_key_version=4 returned response: <Response [200]>
2020-12-31 22:26:11,180 - instabot version: 0.117.0 (api) - DEBUG - GET to endpoint: users/arlink_download_info/?version_override=2.2.1 returned response: <Response [200]>
2020-12-31 22:26:11,761 - instabot version: 0.117.0 (api) - DEBUG - GET to endpoint: users/39996319181/info/ returned response: <Response [200]>
2020-12-31 22:26:13,067 - instabot version: 0.117.0 (api) - DEBUG - GET to endpoint: direct_v2/get_presence/ returned response: <Response [200]>
2020-12-31 22:26:18,284 - instabot version: 0.117.0 (api) - DEBUG - GET to endpoint: direct_v2/inbox/?visual_message_return_type=unseen&thread_message_limit=10&persistentBadging=true&limit=20 returned response: <Response [200]>
2020-12-31 22:26:18,949 - instabot version: 0.117.0 (api) - DEBUG - GET to endpoint: direct_v2/inbox/?visual_message_return_type=unseen&persistentBadging=true&limit=0 returned response: <Response [200]>
2020-12-31 22:26:23,817 - instabot version: 0.117.0 (api) - DEBUG - GET to endpoint: discover/topical_explore/?is_prefetch=true&omit_cover_media=true&use_sectional_payload=true&timezone_offset=0&session_id=6d8db5db-9eec-44b8-9bd6-71d7842114a6&include_fixed_destinations=true returned response: <Response [200]>
2020-12-31 22:26:24,323 - instabot version: 0.117.0 (api) - DEBUG - POST to endpoint: notifications/badge/ returned response: <Response [200]>
2020-12-31 22:26:24,887 - instabot version: 0.117.0 (api) - DEBUG - POST to endpoint: qp/batch_fetch/ returned response: <Response [200]>
2020-12-31 22:26:24,932 - instabot version: 0.117.0 (bot_checkpoint) - DEBUG - Loading Checkpoint file from: D:\Programming Languages\03. Projects\Instagram Scrapper/config/calcutta_blog.checkpoint
2020-12-31 22:26:25,716 - instabot version: 0.117.0 (api) - DEBUG - GET to endpoint: users/39996319181/info/ returned response: <Response [200]>
2020-12-31 22:26:33,278 - instabot version: 0.117.0 (api) - DEBUG - GET to endpoint: friendships/39996319181/following/?max_id=&ig_sig_key_version=4&rank_token=39996319181_0d12e5b1-04bc-48d3-b83a-812e9a723745 returned response: <Response [200]>
2020-12-31 22:26:58,406 - instabot version: 0.117.0 (bot_unfollow) - INFO - Going to unfollow 0 users.
2020-12-31 22:26:58,407 - instabot version: 0.117.0 (bot_unfollow) - INFO - DONE: Total unfollowed 0 users.
2020-12-31 22:27:10,181 - instabot version: 0.117.0 (bot_unfollow) - INFO - Going to unfollow 0 users.
2020-12-31 22:27:10,191 - instabot version: 0.117.0 (bot_unfollow) - INFO - DONE: Total unfollowed 0 users.
2020-12-31 22:27:13,179 - instabot version: 0.117.0 (bot_checkpoint) - DEBUG - Saving Checkpoint file to: D:\Programming Languages\03. Projects\Instagram Scrapper/config/calcutta_blog.checkpoint
2020-12-31 22:27:13,209 - instabot version: 0.117.0 (bot) - INFO - Total requests: 33
