2021-04-26 21:28:05,764 - instabot version: 0.117.0 (bot) - INFO - Instabot version: 0.117.0 Started
2021-04-26 21:28:05,765 - instabot version: 0.117.0 (bot) - DEBUG - Bot imported from C:\Users\LENOVO\anaconda3\lib\site-packages\instabot\bot\bot.py
2021-04-26 21:28:08,801 - instabot version: 0.117.0 (api_login) - INFO - Not yet logged in starting: PRE-LOGIN FLOW!
2021-04-26 21:28:10,622 - instabot version: 0.117.0 (api) - DEBUG - POST to endpoint: accounts/get_prefill_candidates/ returned response: <Response [200]>
2021-04-26 21:28:11,249 - instabot version: 0.117.0 (api) - DEBUG - POST to endpoint: qe/sync/ returned response: <Response [200]>
2021-04-26 21:28:11,840 - instabot version: 0.117.0 (api) - DEBUG - POST to endpoint: launcher/sync/ returned response: <Response [200]>
2021-04-26 21:28:12,503 - instabot version: 0.117.0 (api) - DEBUG - POST to endpoint: accounts/contact_point_prefill/ returned response: <Response [200]>
2021-04-26 21:28:14,621 - instabot version: 0.117.0 (api) - DEBUG - POST to endpoint: accounts/login/ returned response: <Response [200]>
2021-04-26 21:28:14,621 - instabot version: 0.117.0 (api) - INFO - Logged-in successfully as 'surya_cool_guy12'!
2021-04-26 21:28:14,621 - instabot version: 0.117.0 (api_login) - INFO - LOGIN FLOW! Just logged-in: True
2021-04-26 21:28:15,194 - instabot version: 0.117.0 (api) - DEBUG - POST to endpoint: qe/sync/ returned response: <Response [200]>
2021-04-26 21:28:15,819 - instabot version: 0.117.0 (api) - DEBUG - POST to endpoint: launcher/sync/ returned response: <Response [200]>
2021-04-26 21:28:16,302 - instabot version: 0.117.0 (api) - DEBUG - GET to endpoint: zr/token/result/?device_id=android-bf59626c51ce2cc3&token_hash=&custom_device_id=android-bf59626c51ce2cc3&fetch_reason=token_expired returned response: <Response [200]>
2021-04-26 21:28:16,741 - instabot version: 0.117.0 (api) - DEBUG - GET to endpoint: multiple_accounts/get_account_family/ returned response: <Response [200]>
2021-04-26 21:28:17,159 - instabot version: 0.117.0 (api) - DEBUG - POST to endpoint: qe/sync/ returned response: <Response [200]>
2021-04-26 21:28:18,221 - instabot version: 0.117.0 (api) - DEBUG - GET to endpoint: igtv/browse_feed/?prefetch=1 returned response: <Response [200]>
2021-04-26 21:28:18,738 - instabot version: 0.117.0 (api) - DEBUG - POST to endpoint: creatives/ar_class/ returned response: <Response [200]>
2021-04-26 21:28:19,701 - instabot version: 0.117.0 (api) - DEBUG - POST to endpoint: feed/reels_tray/ returned response: <Response [200]>
2021-04-26 21:28:27,240 - instabot version: 0.117.0 (api) - DEBUG - POST to endpoint: feed/timeline/ returned response: <Response [200]>
2021-04-26 21:28:27,709 - instabot version: 0.117.0 (api) - DEBUG - GET to endpoint: media/blocked/ returned response: <Response [200]>
2021-04-26 21:28:28,677 - instabot version: 0.117.0 (api) - DEBUG - GET to endpoint: news/inbox/ returned response: <Response [200]>
2021-04-26 21:28:29,096 - instabot version: 0.117.0 (api) - DEBUG - GET to endpoint: loom/fetch_config/ returned response: <Response [200]>
2021-04-26 21:28:30,844 - instabot version: 0.117.0 (api) - DEBUG - GET to endpoint: scores/bootstrap/users/?surfaces=["autocomplete_user_list","coefficient_besties_list_ranking","coefficient_rank_recipient_user_suggestion","coefficient_ios_section_test_bootstrap_ranking","coefficient_direct_recipients_ranking_variant_2"] returned response: <Response [200]>
2021-04-26 21:28:31,292 - instabot version: 0.117.0 (api) - DEBUG - GET to endpoint: business/eligibility/get_monetization_products_eligibility_data/?product_types=branded_content returned response: <Response [200]>
2021-04-26 21:28:31,721 - instabot version: 0.117.0 (api) - DEBUG - GET to endpoint: business/branded_content/should_require_professional_account/ returned response: <Response [200]>
2021-04-26 21:28:32,158 - instabot version: 0.117.0 (api) - DEBUG - GET to endpoint: linked_accounts/get_linkage_status/ returned response: <Response [200]>
2021-04-26 21:28:32,576 - instabot version: 0.117.0 (api) - DEBUG - GET to endpoint: locations/request_country/ returned response: <Response [200]>
2021-04-26 21:28:33,024 - instabot version: 0.117.0 (api) - DEBUG - GET to endpoint: qp/get_cooldowns/?signed_body=signed_body=4b9c516a5410a3bc128e09c6104a7f042146b9c2023870560c63a43a7f66781c.4&ig_sig_key_version=4&ig_sig_key_version=4 returned response: <Response [200]>
2021-04-26 21:28:33,436 - instabot version: 0.117.0 (api) - DEBUG - GET to endpoint: users/arlink_download_info/?version_override=2.2.1 returned response: <Response [200]>
2021-04-26 21:28:34,193 - instabot version: 0.117.0 (api) - DEBUG - GET to endpoint: users/45169428424/info/ returned response: <Response [200]>
2021-04-26 21:28:35,128 - instabot version: 0.117.0 (api) - DEBUG - GET to endpoint: direct_v2/get_presence/ returned response: <Response [200]>
2021-04-26 21:28:36,304 - instabot version: 0.117.0 (api) - DEBUG - GET to endpoint: direct_v2/inbox/?visual_message_return_type=unseen&thread_message_limit=10&persistentBadging=true&limit=20 returned response: <Response [200]>
2021-04-26 21:28:36,737 - instabot version: 0.117.0 (api) - DEBUG - GET to endpoint: direct_v2/inbox/?visual_message_return_type=unseen&persistentBadging=true&limit=0 returned response: <Response [200]>
2021-04-26 21:28:39,631 - instabot version: 0.117.0 (api) - DEBUG - GET to endpoint: discover/topical_explore/?is_prefetch=true&omit_cover_media=true&use_sectional_payload=true&timezone_offset=0&session_id=8cb0c5af-582e-4494-93a7-0d08bc9f8915&include_fixed_destinations=true returned response: <Response [200]>
2021-04-26 21:28:40,044 - instabot version: 0.117.0 (api) - DEBUG - POST to endpoint: notifications/badge/ returned response: <Response [200]>
2021-04-26 21:28:40,733 - instabot version: 0.117.0 (api) - DEBUG - POST to endpoint: qp/batch_fetch/ returned response: <Response [200]>
2021-04-26 21:28:40,837 - instabot version: 0.117.0 (bot_checkpoint) - DEBUG - Loading Checkpoint file from: d:\Programming Languages\03. Projects\Instagram Scrapper\Ver_3.0/config/surya_cool_guy12.checkpoint
2021-04-26 21:28:43,515 - instabot version: 0.117.0 (api) - DEBUG - GET to endpoint: users/calcutta_bloggers/usernameinfo/ returned response: <Response [200]>
2021-04-26 21:28:44,972 - instabot version: 0.117.0 (api) - DEBUG - GET to endpoint: users/15041839142/info/ returned response: <Response [200]>
2021-04-26 21:28:45,717 - instabot version: 0.117.0 (api) - DEBUG - GET to endpoint: friendships/15041839142/followers/?rank_token=45169428424_c6cae3cd-cc41-462f-8679-e67cbaf96db6 returned response: <Response [200]>
2021-04-26 21:28:46,239 - instabot version: 0.117.0 (api) - DEBUG - GET to endpoint: friendships/15041839142/followers/?rank_token=45169428424_c6cae3cd-cc41-462f-8679-e67cbaf96db6&max_id=QVFELUlYMDNWMUkwZ0xFdXphRWg0Vll4UFdQYUdPSzVxb21jV29DNDMzcUpUZlVaR0hZd2JaS1V4ZVRLMnJEU2VoYVZYb0xIN1ZTbVlxdk9PMUtPdjA1dg== returned response: <Response [200]>
2021-04-26 21:28:47,118 - instabot version: 0.117.0 (api) - DEBUG - GET to endpoint: friendships/15041839142/followers/?rank_token=45169428424_c6cae3cd-cc41-462f-8679-e67cbaf96db6&max_id=QVFDUHhiSUtJRV82R3o1Y0xGeXhIcS1sRE5JNmw4bU80Um83WEhWZFBXVEgwQW1YUmt3dTdXVHk2MTFSaWRvbTM5VUpMdFRMTVQzZnVoem42Nk5WMDVsdg== returned response: <Response [200]>
2021-04-26 21:28:47,660 - instabot version: 0.117.0 (api) - DEBUG - GET to endpoint: friendships/15041839142/followers/?rank_token=45169428424_c6cae3cd-cc41-462f-8679-e67cbaf96db6&max_id=QVFBNzRtYkpoUXlyZ3NIQ291dHJSUFFGLVA4b3l3ZnBYVFdocm5pZjdsNjIzTENuanpkOTVZQWFGNkUxd1E5c2RONVRlRHhZVHNsVC1tMWxoc0dvV2dwWA== returned response: <Response [200]>
2021-04-26 21:28:48,330 - instabot version: 0.117.0 (api) - DEBUG - GET to endpoint: friendships/15041839142/followers/?rank_token=45169428424_c6cae3cd-cc41-462f-8679-e67cbaf96db6&max_id=QVFBeHp6X0ZMTXJKWndkcERqcWw4MVo1LTNBVTNrdFNuNnRPT1M2X2hUZ1hCQ1dKVUdablpvUVBpSElwSE9tM2VhaVhrLUU1NnN6YWlXY1pwUExTT2tabA== returned response: <Response [200]>
2021-04-26 21:28:48,892 - instabot version: 0.117.0 (api) - DEBUG - GET to endpoint: friendships/15041839142/followers/?rank_token=45169428424_c6cae3cd-cc41-462f-8679-e67cbaf96db6&max_id=QVFCVGhUWWxEX2Jtb2k5R0RYajdtZlJlWG1HdFNPaXRfNm1mQmpEMjJxOXF2UGZSV0lDdDY1ZEdUTXo3Q21ZSVJiYmpoaW1jOHhDdG0wN0lFaVZfSnlkZw== returned response: <Response [200]>
2021-04-26 21:28:49,462 - instabot version: 0.117.0 (api) - DEBUG - GET to endpoint: friendships/15041839142/followers/?rank_token=45169428424_c6cae3cd-cc41-462f-8679-e67cbaf96db6&max_id=QVFEVzEzTHFzR0hlSC13UWVmZTcyT25fbi1EZmNvTmZsVWRhZjgxenlPM1g0d3o2Y3ZBZkM4TlNLcWpUcERCMzA3bW9aT3llMHctZmhmRjVSN1FnX1BzZg== returned response: <Response [200]>
2021-04-26 21:28:50,019 - instabot version: 0.117.0 (api) - DEBUG - GET to endpoint: friendships/15041839142/followers/?rank_token=45169428424_c6cae3cd-cc41-462f-8679-e67cbaf96db6&max_id=QVFERV9xWFJ0UUdIckNUUktKN0JnQ0tJbmYzREJSUmMzZFdIclo0V1pualpjeTdFeWkySlhDZk4wWTE0cG5rajZzSjdxbWxhbU1WaDN1U0RIWDlvMVVmMg== returned response: <Response [200]>
2021-04-26 21:28:50,600 - instabot version: 0.117.0 (api) - DEBUG - GET to endpoint: friendships/15041839142/followers/?rank_token=45169428424_c6cae3cd-cc41-462f-8679-e67cbaf96db6&max_id=QVFBNTJac2hucndMeElWTVBMTHo3SXlyNVZSaUwwVVZFWWw2R0N6Nm1wZ2RReFE3OWxteTV1OHg5dmlhdnFncFlxaXg4SnJ1TENlZ3l2cjhFVFB4Zy1KcA== returned response: <Response [200]>
2021-04-26 21:28:51,155 - instabot version: 0.117.0 (api) - DEBUG - GET to endpoint: friendships/15041839142/followers/?rank_token=45169428424_c6cae3cd-cc41-462f-8679-e67cbaf96db6&max_id=QVFELWV0QVFiaDFvMU14dUZXLUxXTG1OVE1IVjhwaWlFQkYyZTMzRG03cTF3R2ZiTlktTi04ejJQbExGX3ktYld6bmNkU3JqS0xkMllwM1lZeklpby1xcw== returned response: <Response [200]>
2021-04-26 21:28:52,056 - instabot version: 0.117.0 (api) - DEBUG - GET to endpoint: friendships/15041839142/followers/?rank_token=45169428424_c6cae3cd-cc41-462f-8679-e67cbaf96db6&max_id=QVFEYTdRRmt0NE1oanZGTlV1dGs4dzlwckJOOHFTbmhHcXo0QWlFV3YwQUlPbGhrTG1IQjU5V2h0czdMSkhyWFR3cEVyN2hfSnhTVnFPVTc3X3lvY2ZWVA== returned response: <Response [200]>
2021-04-26 21:28:52,636 - instabot version: 0.117.0 (api) - DEBUG - GET to endpoint: friendships/15041839142/followers/?rank_token=45169428424_c6cae3cd-cc41-462f-8679-e67cbaf96db6&max_id=QVFERWVycDNrOWMwc2ZFTkFubzZjcUpRVXBUV05ERmtOM3A4NF81dzRkV2c2cC0wMXoxb0VXanBKT0VfMDhUV0pJQlpteE9wQXFjX2Z5M2x2XzNVcFRtcg== returned response: <Response [200]>
2021-04-26 21:28:53,207 - instabot version: 0.117.0 (api) - DEBUG - GET to endpoint: friendships/15041839142/followers/?rank_token=45169428424_c6cae3cd-cc41-462f-8679-e67cbaf96db6&max_id=QVFEYm9DYTEyd3FvOFNsSGgwanBaVGo3c1hFbzc3V09Ob2MzTHZpMUVLQ1k5UVU2ZERJbDY2WW5wWjVTbUZ4b2tHNGxtWlBGX21STEdoZGlBME8wTFNaYQ== returned response: <Response [200]>
2021-04-26 21:28:53,904 - instabot version: 0.117.0 (api) - DEBUG - GET to endpoint: friendships/15041839142/followers/?rank_token=45169428424_c6cae3cd-cc41-462f-8679-e67cbaf96db6&max_id=QVFDV2p0cHZQWmh5bkN0SEJ1N1BZVy1Gc3N0cjFrV0g0amYzNzE0YlJiZkg4YmM0dFNFeXJud3JhUmpWWGlVdG9yVDR4Z2NrMWZqU1ZWY2RfVkNXSjc3Yg== returned response: <Response [200]>
2021-04-26 21:28:55,264 - instabot version: 0.117.0 (api) - DEBUG - GET to endpoint: friendships/15041839142/followers/?rank_token=45169428424_c6cae3cd-cc41-462f-8679-e67cbaf96db6&max_id=QVFER25ERWtQRnkxS3d3QXZxb0ZOaDN5NzE1UXlFRWMwaEZhVjdYTS1aejJ0T2tDU2pfcVp5MTRfdWpKZkFLSDVVeXRORWxEcjB6aHZ6TExXbGNReE1udA== returned response: <Response [200]>
2021-04-26 21:28:55,868 - instabot version: 0.117.0 (api) - DEBUG - GET to endpoint: friendships/15041839142/followers/?rank_token=45169428424_c6cae3cd-cc41-462f-8679-e67cbaf96db6&max_id=QVFEVlNIOHNQd2dQMXRjc2JEVnYxLWpqaWl5OHc5VVE0X1hZT3c5OWQ0MlZmUnp1bDZ4OXU0MkNXRWFKUUJXbVdUTG1JVkM3Uk9sZ1BHUjRYZlA0RjFlRQ== returned response: <Response [200]>
2021-04-26 21:28:56,477 - instabot version: 0.117.0 (api) - DEBUG - GET to endpoint: friendships/15041839142/followers/?rank_token=45169428424_c6cae3cd-cc41-462f-8679-e67cbaf96db6&max_id=QVFBTjhvbklfOVE3cjYwOGxBOV9VUE8zMmNnUlo0RDdLOEtkMVpfNVdFSGpWMS1EWVNUbWp4M2VTVUhrYWJzTXoteENZZDd1bjJCMnE1MkQwSEV0MHV5Vw== returned response: <Response [200]>
2021-04-26 21:28:57,032 - instabot version: 0.117.0 (api) - DEBUG - GET to endpoint: friendships/15041839142/followers/?rank_token=45169428424_c6cae3cd-cc41-462f-8679-e67cbaf96db6&max_id=QVFBVG1VSk5VWTBPcnBFNVlKYUZIaERyTklNUk5GTW0teTNaOThqTk9MMVl0ZnBZLU5sX0NIM3JseG5fYXN0dERvTkxWVjZmQjJLNlF5SlNmT0NYYlppOA== returned response: <Response [200]>
2021-04-26 21:28:57,590 - instabot version: 0.117.0 (api) - DEBUG - GET to endpoint: friendships/15041839142/followers/?rank_token=45169428424_c6cae3cd-cc41-462f-8679-e67cbaf96db6&max_id=QVFBTTkxald1cnVKdUlqbFJ4N2tFRXhTbW9QaXVaSEpOMTVRTDcwazRNUHJfTXZmS3pXSTBOR1JRVmVHOFZjZlI0NDBfaFVXNjJjbWdKR3ViQ1Y2TjV2TA== returned response: <Response [200]>
2021-04-26 21:28:58,302 - instabot version: 0.117.0 (api) - DEBUG - GET to endpoint: friendships/15041839142/followers/?rank_token=45169428424_c6cae3cd-cc41-462f-8679-e67cbaf96db6&max_id=QVFDbWRKaXNTemt3R0dKaG45NkxZSHc2cS1YWHZlTTd4RWptSlNzYXRTUnZ1QW1JUWNUc0xHdkJsYUhzT3J6WEo5aFpSVzNJTHQxY0pad0JiZklFcmxDcQ== returned response: <Response [200]>
2021-04-26 21:28:58,887 - instabot version: 0.117.0 (api) - DEBUG - GET to endpoint: friendships/15041839142/followers/?rank_token=45169428424_c6cae3cd-cc41-462f-8679-e67cbaf96db6&max_id=QVFEX0NHTlFMa0pNS2hOSXNPRXBZSC12U2o3em1oSWZ1QlktQXJfUnYweDVxOV9OWFAtZlNwX0tmVkp0SFJwTUNvM1ZlcWVNUV9Sb1c4ZUJ6WFFVTVNPUQ== returned response: <Response [200]>
2021-04-26 21:28:59,428 - instabot version: 0.117.0 (api) - DEBUG - GET to endpoint: friendships/15041839142/followers/?rank_token=45169428424_c6cae3cd-cc41-462f-8679-e67cbaf96db6&max_id=QVFCOUdaYUdDTld5YnJMbEZ5OWxPaEdqUzVXeXZ3R2VHLUo5MnpuMkNORkJXXzhYd1FHa3dGcWM2RHE1RkVJSXJOT1pRY3V6WUZHTkFxY3p3OEJHMzhBLQ== returned response: <Response [200]>
2021-04-26 21:29:00,747 - instabot version: 0.117.0 (api) - DEBUG - GET to endpoint: friendships/15041839142/followers/?rank_token=45169428424_c6cae3cd-cc41-462f-8679-e67cbaf96db6&max_id=QVFEVExSR1pvOG50dmpWY2taVFJkb0Y2cHVvWnVvN0FFWUZyMlhKMkZkaHY0QVM1UVFfUW82eUVXbG9BVnRPWVItX2ttRTZ0TWVrZ3AtUElYRWdhVDV5dA== returned response: <Response [200]>
2021-04-26 21:29:01,491 - instabot version: 0.117.0 (api) - DEBUG - GET to endpoint: friendships/15041839142/followers/?rank_token=45169428424_c6cae3cd-cc41-462f-8679-e67cbaf96db6&max_id=QVFCT0Q5T1RzRThRTm9RU1JfeTFGcEtXeEszaW1uUnJnV21aNmVoMG02WUhFTmlHSlZMZW8xUmxKbl9Oc01vNDh3eGc0UDl5YmhPanlKRkl6dEZnaV9ldQ== returned response: <Response [200]>
2021-04-26 21:29:02,204 - instabot version: 0.117.0 (api) - DEBUG - GET to endpoint: friendships/15041839142/followers/?rank_token=45169428424_c6cae3cd-cc41-462f-8679-e67cbaf96db6&max_id=QVFEVVZWcVEtd1p6RTBacGFfN3MzbjVLNnNSYVBZeUQzSnBGMUJkQnRWQ3Fld3lhTEpRMkVqaUFLRVBrM1VsUUxILS1oeTBUSEZBNy0zVWxYQVFYaEtnaA== returned response: <Response [200]>
2021-04-26 21:29:02,730 - instabot version: 0.117.0 (api) - DEBUG - GET to endpoint: friendships/15041839142/followers/?rank_token=45169428424_c6cae3cd-cc41-462f-8679-e67cbaf96db6&max_id=QVFEU0RyNzF6WVRta1hSNjc3VXFsLWVGcDY0TTNyc09jNFd5T2dVVHYwTzdubVdKQzRRdXFwaDlnSjctVEJ4SjY4OG84MDFJVkNpeGhIVEZKWVB4ekpPVA== returned response: <Response [200]>
2021-04-26 21:29:03,253 - instabot version: 0.117.0 (api) - DEBUG - GET to endpoint: friendships/15041839142/followers/?rank_token=45169428424_c6cae3cd-cc41-462f-8679-e67cbaf96db6&max_id=QVFDNE51SDBCbnFTVE52UjQxVnZQa1JBRzBnOG56bEs2dDRYZFBKOHc0VkcxZEJTMkgxSDRLaXZXMXlVVHUzczhlRFI5NWpLZy1WMmdHT3hFYWQ1STB5LQ== returned response: <Response [200]>
2021-04-26 21:29:03,799 - instabot version: 0.117.0 (api) - DEBUG - GET to endpoint: friendships/15041839142/followers/?rank_token=45169428424_c6cae3cd-cc41-462f-8679-e67cbaf96db6&max_id=QVFDekstazFoUXE4ME0taTlTRlBERGFaRWhIWkoyLUdJb282eDdnMGctWTg1UTZxcHRLdGx4dG9UTEJLSEFxMGlSanZLdmZoMFREMm1MbjZoWFR5RmpyRQ== returned response: <Response [200]>
2021-04-26 21:29:04,322 - instabot version: 0.117.0 (api) - DEBUG - GET to endpoint: friendships/15041839142/followers/?rank_token=45169428424_c6cae3cd-cc41-462f-8679-e67cbaf96db6&max_id=QVFDWVpnVFBpNUxFV1QxU2ZpOXRwVlYxMEJJV05HZnE5OGJ4Z3Q3SXNTSGN1NlhKUVlmcFRMN19sMFlod2x2U1hOVnQ0T1dIN3NXUUxDR2JGOGFqc2dqTg== returned response: <Response [200]>
2021-04-26 21:29:04,870 - instabot version: 0.117.0 (api) - DEBUG - GET to endpoint: friendships/15041839142/followers/?rank_token=45169428424_c6cae3cd-cc41-462f-8679-e67cbaf96db6&max_id=QVFBVnVmSkpqZzRaU0prdWFsRnpsLU9JV0RjQkhJdGpLVk9uemR3cHktT0kyYXlWYUo0N01YM19DcW5md3VwdENRckdxc1M5UVJTQzRxNDJzVlBwSFhtaw== returned response: <Response [200]>
2021-04-26 21:29:05,653 - instabot version: 0.117.0 (api) - DEBUG - GET to endpoint: friendships/15041839142/followers/?rank_token=45169428424_c6cae3cd-cc41-462f-8679-e67cbaf96db6&max_id=QVFDN0pGSnZqdWhmWnlSWVVMbGNZcng1R3hrS3o3TmxzMmx3dHN4RlNMNkZJSjNvaE51d1VQTWI2TUlaOVhZbkxNdzRkVmZQTl9tZFZVQ0Y0UVBYVTF6Nw== returned response: <Response [200]>
2021-04-26 21:29:06,756 - instabot version: 0.117.0 (api) - DEBUG - GET to endpoint: friendships/15041839142/followers/?rank_token=45169428424_c6cae3cd-cc41-462f-8679-e67cbaf96db6&max_id=QVFEVFZCZ3RJeFJsVno2c2RoVkxOUjZqNG03a2h6ZUh0R1kwN1g5d3hGNk5jMnAtdGNWUGxsZHl3US1iVGljeHIySTUxcXRWYnRPQk9GZkVKQURmWjIxNg== returned response: <Response [200]>
2021-04-26 21:29:07,375 - instabot version: 0.117.0 (api) - DEBUG - GET to endpoint: friendships/15041839142/followers/?rank_token=45169428424_c6cae3cd-cc41-462f-8679-e67cbaf96db6&max_id=QVFBaFJKVGRzdEhyalNGN0tkc2FZbDhWbHVHUHFfNG8xTXRsQUw4bENsb0JYbXJjc3JPbzFDRWZvSU16emhpR0FydlpVejNpSDVTNWNSa296cFJ1MHBMRw== returned response: <Response [200]>
2021-04-26 21:29:07,956 - instabot version: 0.117.0 (api) - DEBUG - GET to endpoint: friendships/15041839142/followers/?rank_token=45169428424_c6cae3cd-cc41-462f-8679-e67cbaf96db6&max_id=QVFBdlZfdlIwWkFHSFN0VkdDYkgyZVJiYV9GVzdmdEhjeGZHV0thQmo1b0V1OUJUeGJMdEIwMWd1b2NUNVppdjlUTjdjWVhuUnNuQ1lVemlFU0c0MmdneA== returned response: <Response [200]>
2021-04-26 21:29:08,510 - instabot version: 0.117.0 (api) - DEBUG - GET to endpoint: friendships/15041839142/followers/?rank_token=45169428424_c6cae3cd-cc41-462f-8679-e67cbaf96db6&max_id=QVFCZ2VqSXdZQkgzUS1Pcjk2ZDc0a1hzMk93cTdkdU5sWTgtRURuSVRKOVBvNkNqUEJpZVBtaWZKN2ZGN3lxN1NXTXg5dzJ1YTZkMTd4TEdRTktIU1lZeQ== returned response: <Response [200]>
2021-04-26 21:29:09,066 - instabot version: 0.117.0 (api) - DEBUG - GET to endpoint: friendships/15041839142/followers/?rank_token=45169428424_c6cae3cd-cc41-462f-8679-e67cbaf96db6&max_id=QVFDMkloczlRQzZ5WWU2alhXSDJDbGpIdkVzYS01a3lDcDc3SWlJZFI5a2RiUnlGaVJuSlpwSzFtYXFkc3FYa2xxal9Rb21IYllPVHktOG95QUpha1VUdA== returned response: <Response [200]>
2021-04-26 21:29:10,298 - instabot version: 0.117.0 (api) - DEBUG - GET to endpoint: friendships/15041839142/followers/?rank_token=45169428424_c6cae3cd-cc41-462f-8679-e67cbaf96db6&max_id=QVFEdXlfQ1ZkOEdtclNPaUhhMTJXWmd6c2p5VGt5MU1DZGZvWXhvRXBPazhDU0ktSEZCTEg4end6bllwaTc4Yl85X2hIUE5UdWZkZFFQMU9JNy10RmhpTg== returned response: <Response [200]>
2021-04-26 21:29:12,156 - instabot version: 0.117.0 (api) - DEBUG - GET to endpoint: friendships/15041839142/followers/?rank_token=45169428424_c6cae3cd-cc41-462f-8679-e67cbaf96db6&max_id=QVFER3JIMDV6MHVDUWVaNGM2N2xtaTVHenVac24xa2V0enZZNElzaVR5UTZoaFVSTVR4SWpEX241Mi1TWGYwaGExdHdVQXVUZ1VQZFNqXzRkbVg5Q3JjYQ== returned response: <Response [200]>
2021-04-26 21:29:12,824 - instabot version: 0.117.0 (api) - DEBUG - GET to endpoint: friendships/15041839142/followers/?rank_token=45169428424_c6cae3cd-cc41-462f-8679-e67cbaf96db6&max_id=QVFCSVhMRmZ4dEZaQlM5ai13ZGJFWHk1SmIzMXJqaC1tMXlSMUlqWjdsbGVDcHB5VE14TU9vYWNFLWJaT2RMekZoUHJicjlxdWZDQ2NDbVVRZm11M1FhWg== returned response: <Response [200]>
2021-04-26 21:29:13,358 - instabot version: 0.117.0 (api) - DEBUG - GET to endpoint: friendships/15041839142/followers/?rank_token=45169428424_c6cae3cd-cc41-462f-8679-e67cbaf96db6&max_id=QVFBVXlqUXQ5Qm05Z1ljVHhTSWxXXzZMdkRwN1NTMG1FUDBhQmhPWG1MTFNUR19EN0tlMHhOY3plZEs0aFI4N0stc013M1dzMzRZVC1mdmNwRkJTRVhQVA== returned response: <Response [200]>
2021-04-26 21:29:13,895 - instabot version: 0.117.0 (api) - DEBUG - GET to endpoint: friendships/15041839142/followers/?rank_token=45169428424_c6cae3cd-cc41-462f-8679-e67cbaf96db6&max_id=QVFEdkZHZ2JWTGFSNFAxQ25HSUJHQm0waFVhekw5RExZelY1TVVvVkRRV084X0VkZ19wVXI4a1hQcE1GSzJ2VzV5SEFoWUQ3eXQ5dDhnZDl5ZVEydllfUA== returned response: <Response [200]>
2021-04-26 21:29:15,314 - instabot version: 0.117.0 (api) - DEBUG - GET to endpoint: friendships/15041839142/followers/?rank_token=45169428424_c6cae3cd-cc41-462f-8679-e67cbaf96db6&max_id=QVFBbUI5dTBwdlg3RHhTUEt1eWdtUmQ1TUZqZERHc3ZBRUprbWlDQmJ2WmFlMFVJNGszTEdxM0YyLU5Ddk5GN0QzRk1DVzBlQXRnd2YyS3lyRjFDMWNqaw== returned response: <Response [200]>
2021-04-26 21:29:15,925 - instabot version: 0.117.0 (api) - DEBUG - GET to endpoint: friendships/15041839142/followers/?rank_token=45169428424_c6cae3cd-cc41-462f-8679-e67cbaf96db6&max_id=QVFDTGpONHJTd2dBNkVOV3B3YzlLX2tTQmpSYTdxVWt3eHJvQjkzNnhLYVF1VllxM0UwSTI0cXpWcTNvbURSMUwxRmliMzJnRmdpNzlNY3Qzc1R3Nm1aeA== returned response: <Response [200]>
2021-04-26 21:29:16,456 - instabot version: 0.117.0 (api) - DEBUG - GET to endpoint: friendships/15041839142/followers/?rank_token=45169428424_c6cae3cd-cc41-462f-8679-e67cbaf96db6&max_id=QVFEV3d0T3Rqazlkb3FkSVRiVU9wbzhLQjJ0SzZEUnBXOUZCODFfUlJPcFkzVDJIWnRLNVV4Y2drRzNrUkJOLVBkemxvNF9wTC1WRFVMeG1ybW03anR6OQ== returned response: <Response [200]>
2021-04-26 21:29:17,019 - instabot version: 0.117.0 (api) - DEBUG - GET to endpoint: friendships/15041839142/followers/?rank_token=45169428424_c6cae3cd-cc41-462f-8679-e67cbaf96db6&max_id=QVFBNUhHNG1vMXhScHRyNVVKQ3lUZ2U4VERqSURGRnJpT3B6WEtFWXBMQXlmN2pkWjg5eEtjcGd1MDdYOEZMZXFkX25OT3pFN2ExMDlOdTJ3SnV6VVZrZQ== returned response: <Response [200]>
2021-04-26 21:29:17,591 - instabot version: 0.117.0 (api) - DEBUG - GET to endpoint: friendships/15041839142/followers/?rank_token=45169428424_c6cae3cd-cc41-462f-8679-e67cbaf96db6&max_id=QVFBNXNCZVo2bXpPNUVCNlRmb0pDZDVXX1FicGlCU1VPYkl2RS03Ui0xQU1yWEhHelhKZGhEaGtUZ1JtYmdTTnlVOVFoSFFQWUdYOV9LNmhRMExLUjR1Tg== returned response: <Response [200]>
2021-04-26 21:29:18,241 - instabot version: 0.117.0 (api) - DEBUG - GET to endpoint: friendships/15041839142/followers/?rank_token=45169428424_c6cae3cd-cc41-462f-8679-e67cbaf96db6&max_id=QVFDX3k4QU1Ra2J5eXhVbU84OFRGYXBOaUhKc2ZxTER2T0dHV25GMFkydU5Qem5yOHh5NjhmT3Vmc2trRHRKZ3VlZUYyNW5ZTXhIMWV2azZfSlNnekpVQw== returned response: <Response [200]>
2021-04-26 21:29:18,898 - instabot version: 0.117.0 (api) - DEBUG - GET to endpoint: friendships/15041839142/followers/?rank_token=45169428424_c6cae3cd-cc41-462f-8679-e67cbaf96db6&max_id=QVFCWDZJdmVTMklNWHRZVHNQTWFmMEdsMGYwRHVIQ3pRVFliT2pKWnRuRlFfNEdKS1dEblh3eUtjX0tEa244T0hwSm02VTBJdF92RTk2bGdWZGJSUmRVcA== returned response: <Response [200]>
2021-04-26 21:29:19,846 - instabot version: 0.117.0 (api) - DEBUG - GET to endpoint: friendships/15041839142/followers/?rank_token=45169428424_c6cae3cd-cc41-462f-8679-e67cbaf96db6&max_id=QVFCUFFHVUhzNU9LY2FSUldaMDV5eVdjMzRKUElUSHRPS1lwWFd4NWJqQ09qenN3bGFiRUlSOGRmdFExUGpyR2ZONERIaU1qYnV6QUhDTFJqUTBaU0hnag== returned response: <Response [200]>
2021-04-26 21:29:20,761 - instabot version: 0.117.0 (api) - DEBUG - GET to endpoint: friendships/15041839142/followers/?rank_token=45169428424_c6cae3cd-cc41-462f-8679-e67cbaf96db6&max_id=QVFDbUhqNTduWjJ1SUZmZ1pQUlNqR3FLYmpjblh1WkhnN1hkMDRBYlhyQ215MFdZN3JZaExPN1hKMDNGMzljVEpMVHNvb2ZrdlJfblVEWTJTLUd3WGhBRg== returned response: <Response [200]>
2021-04-26 21:29:22,316 - instabot version: 0.117.0 (api) - DEBUG - GET to endpoint: friendships/15041839142/followers/?rank_token=45169428424_c6cae3cd-cc41-462f-8679-e67cbaf96db6&max_id=QVFBUUU2MFFpQi1iRWtIam9TbE5nTGlCdWxvSmdPQmVJd1RnR3g1VWVRSE0yTU5UU29uc0U2cTNDMUtneHU1QnV6TzlXOEZ3bnZ6X05KZEh4RG4zTnI1Tw== returned response: <Response [200]>
2021-04-26 21:29:23,206 - instabot version: 0.117.0 (api) - DEBUG - GET to endpoint: friendships/15041839142/followers/?rank_token=45169428424_c6cae3cd-cc41-462f-8679-e67cbaf96db6&max_id=QVFCeU9mY1NNOU9YWFpFNnZXa0ZNVExFYm5KUWw4SU5KU2NiZ0YwZk9XMS1TWUNCUEdobV94LVZJeU9BUlZOMTZ1UmM1cDR1SmVuTWJGS25Ta1l1RWN3VQ== returned response: <Response [200]>
2021-04-26 21:29:23,775 - instabot version: 0.117.0 (api) - DEBUG - GET to endpoint: friendships/15041839142/followers/?rank_token=45169428424_c6cae3cd-cc41-462f-8679-e67cbaf96db6&max_id=QVFCZ3h3SDBOcTJLSXlJa213Mm9uNDZHdDBDdF9MZkRrSWFSa1hmTDFaZVJUb1FuZDZ0bElQcURxTlp0bVg1Y3Z1VUN0WmNLX3dUU1hoOWxxZjdTSG5SYQ== returned response: <Response [200]>
2021-04-26 21:29:24,416 - instabot version: 0.117.0 (api) - DEBUG - GET to endpoint: friendships/15041839142/followers/?rank_token=45169428424_c6cae3cd-cc41-462f-8679-e67cbaf96db6&max_id=QVFDRzBXUWxROHNfMm82dVlQbDFjTmsxMkJKNlFQU2R6UzRkeUNFdFhvTVlEeUV5UDFFYzZOYmtMNUFTRFhwUksxQ2dJS2ItZ3Z0ZEtLbS1sU3ZCQnU3cQ== returned response: <Response [200]>
2021-04-26 21:29:25,079 - instabot version: 0.117.0 (api) - DEBUG - GET to endpoint: friendships/15041839142/followers/?rank_token=45169428424_c6cae3cd-cc41-462f-8679-e67cbaf96db6&max_id=QVFCUnBkbWxLeERWTHd5NFFKYUhrZ3E3bGZiZkIwcVBtbHdMbDlJVUloRTN5dUhaWjFWTjNGTzFOQ1lfU0s5SDBhU0VGcW5UbFg1cnI1U2dCOGE2QlhzWA== returned response: <Response [200]>
2021-04-26 21:29:25,620 - instabot version: 0.117.0 (api) - DEBUG - GET to endpoint: friendships/15041839142/followers/?rank_token=45169428424_c6cae3cd-cc41-462f-8679-e67cbaf96db6&max_id=QVFBd0twS1c0MkhWSDRNdW42N3g4NUFUMnp2azkxMnNZYXpxU3k5NXJfaTJJR2ZDRnluOF9uSmVYZl9laVJ6REwyRHhpWFc5QXdCYUNmd3VPU0VSV1U2Vg== returned response: <Response [200]>
2021-04-26 21:29:26,255 - instabot version: 0.117.0 (api) - DEBUG - GET to endpoint: friendships/15041839142/followers/?rank_token=45169428424_c6cae3cd-cc41-462f-8679-e67cbaf96db6&max_id=QVFDMVVFdVlhOHR4SFltNXphLThpc0U1LVFrUmJSRE5meUFpRkxqVmRXZnF2a2o0UzVpbWNWb1I0MWdzdUgxeVZGSlJ2MU9KU0ExT1F1OVVsU284OXVIdQ== returned response: <Response [200]>
2021-04-26 21:29:26,828 - instabot version: 0.117.0 (api) - DEBUG - GET to endpoint: friendships/15041839142/followers/?rank_token=45169428424_c6cae3cd-cc41-462f-8679-e67cbaf96db6&max_id=QVFEcnFsWDkzY1Vid3ZrenZoN3NFMG1nSjJsaDBuVUJlNWFTNXNXa1pJT0R5RG04SHhFVVhlN0YxWnBVMy02Ti1NbUY1WkNlcVlFbWdvT0JBWUxYLXpJeA== returned response: <Response [200]>
2021-04-26 21:29:27,395 - instabot version: 0.117.0 (api) - DEBUG - GET to endpoint: friendships/15041839142/followers/?rank_token=45169428424_c6cae3cd-cc41-462f-8679-e67cbaf96db6&max_id=QVFBWGpwaW5iWlJESXdVSUNXbWQwOGdxQ3pfTlA5bzZGMUp5cHIzVnRlelpmb0g0cnpLRm56Ykw1dnRWUnRDUzN1c05CaHcwak1LSU1lM0NrM2R0bGpDRA== returned response: <Response [200]>
2021-04-26 21:29:28,062 - instabot version: 0.117.0 (api) - DEBUG - GET to endpoint: friendships/15041839142/followers/?rank_token=45169428424_c6cae3cd-cc41-462f-8679-e67cbaf96db6&max_id=QVFEMHk2UTdpdzJiNThsTGFFemY2bHJ3eVdHSDVnSWNaUVgzdkJtSFJGR3poeWhPRzNVNm5wRDJqN0NWaGpuc0FkMHRTWGFFM0V5NTVSdWxQa0lzMmc1Uw== returned response: <Response [200]>
2021-04-26 21:29:28,617 - instabot version: 0.117.0 (api) - DEBUG - GET to endpoint: friendships/15041839142/followers/?rank_token=45169428424_c6cae3cd-cc41-462f-8679-e67cbaf96db6&max_id=QVFDMnR1em5FdzhfM3VxY212cUNHR25hSzl5UEZqZUV0QWd0OU80Y3ZGOVo0V2tjQVBoemtwbWFCMi1HTDQyQkRZNTM2bE9NYTRTVV8xMnhCQjRhNWdHVg== returned response: <Response [200]>
2021-04-26 21:29:29,187 - instabot version: 0.117.0 (api) - DEBUG - GET to endpoint: friendships/15041839142/followers/?rank_token=45169428424_c6cae3cd-cc41-462f-8679-e67cbaf96db6&max_id=QVFBNHBzX2dod2otc0ctNk9QQ0cxU3NPU1hRWEhGTDMxcmYxTHZHTzJzNi1jVkZLdnJHVDhZY2NvWTl5VXVELTUzQl9BcVNmaUw2RHJtM1VDdmRlSldVNA== returned response: <Response [200]>
2021-04-26 21:29:29,894 - instabot version: 0.117.0 (api) - DEBUG - GET to endpoint: friendships/15041839142/followers/?rank_token=45169428424_c6cae3cd-cc41-462f-8679-e67cbaf96db6&max_id=QVFCT1pFQzVWcF9iUEJJTU5yU2JOc0pmcTZMUE9Wakh3M2ZOV09JSHFSMEw2ckZ2TlFka1NLYzlIczJCNGZRQ3RRSGlmclFzYktPTTh4YUZqMlB4bVJzbQ== returned response: <Response [200]>
2021-04-26 21:29:30,443 - instabot version: 0.117.0 (api) - DEBUG - GET to endpoint: friendships/15041839142/followers/?rank_token=45169428424_c6cae3cd-cc41-462f-8679-e67cbaf96db6&max_id=QVFEVXNzd3p1akFpd1dWY1JxSURDazlSY1J1Mldta3dLTEFKUm10UWRmN1JzYlF0cmVTMUxJZXpFTTNzaXE4MkRTczhjZWtnM3cwWkFyRDI2TnRUbTZNZQ== returned response: <Response [200]>
2021-04-26 21:29:31,119 - instabot version: 0.117.0 (api) - DEBUG - GET to endpoint: friendships/15041839142/followers/?rank_token=45169428424_c6cae3cd-cc41-462f-8679-e67cbaf96db6&max_id=QVFCaG9fSGJxc1Zmck9xQ3pwODM3aDg5ZGhTVTFfT3pCSXdzNjQ3S1NSMG4wYTV2T2dKeVg2MlhOekRmRVV6bE9Ca2FhQWVqZ3NaeG9YcHlqZDkzaUJHUg== returned response: <Response [200]>
2021-04-26 21:29:31,688 - instabot version: 0.117.0 (api) - DEBUG - GET to endpoint: friendships/15041839142/followers/?rank_token=45169428424_c6cae3cd-cc41-462f-8679-e67cbaf96db6&max_id=QVFCUGZ3MS1PTTVRRkN1ZDZEaG5FSjF1Z3hPNEM5Y2d0aHRfdDBmUmFQMmNibVd5Z2dRbU1MZEZ1ME9fM1ZqVGh6TzlHUlEweTNKbDJaWGJlODFxNVlyNg== returned response: <Response [200]>
2021-04-26 21:29:32,267 - instabot version: 0.117.0 (api) - DEBUG - GET to endpoint: friendships/15041839142/followers/?rank_token=45169428424_c6cae3cd-cc41-462f-8679-e67cbaf96db6&max_id=QVFEVkdPUS04MDg1S1dvTmVuWFhnTDJhSHpuUHplU1ktZk9YSjlWSERKRVE4enAyMVpqQ1Q3enV0eUVEWDVUcVBfZnA4aVBVcVNlTzBXbGc3Y1NsdWwtdg== returned response: <Response [200]>
2021-04-26 21:29:32,791 - instabot version: 0.117.0 (api) - DEBUG - GET to endpoint: friendships/15041839142/followers/?rank_token=45169428424_c6cae3cd-cc41-462f-8679-e67cbaf96db6&max_id=QVFEVHlhRXZFdDlsb3hWa1pIZVZWbnNUaE16ZVZ2SkVIWW4tdGxjSUdMTjdMQWZiZGhNQlR5c0ZuOGNaUzdnMVlHemJRVXRnbHlwTkN5c1llaUJPWFU1dg== returned response: <Response [200]>
2021-04-26 21:29:33,665 - instabot version: 0.117.0 (api) - DEBUG - GET to endpoint: friendships/15041839142/followers/?rank_token=45169428424_c6cae3cd-cc41-462f-8679-e67cbaf96db6&max_id=QVFEUm9Fa2hkeW9WNEFKUXBQWUNEMGZfci0wS2FGbi02a3VhaGE2UFE0NndhazJXcnRvU2djZGpKMkg3cWZXMXdBUUJTY1o1QVgtX2RBbWE5UzQwaVFJMA== returned response: <Response [200]>
2021-04-26 21:29:34,289 - instabot version: 0.117.0 (api) - DEBUG - GET to endpoint: friendships/15041839142/followers/?rank_token=45169428424_c6cae3cd-cc41-462f-8679-e67cbaf96db6&max_id=QVFCMnVrOEpaeGRrR1g2SVdJVXZwMWx1Zno1eTEtRFIzMmJyUUQyMWhmdEhLaUNJc2pqRmd3dk1WMXNaSWtDWGFQRklQWDd4Y3djMmptNkpPWWRSWktfOQ== returned response: <Response [200]>
2021-04-26 21:29:34,845 - instabot version: 0.117.0 (api) - DEBUG - GET to endpoint: friendships/15041839142/followers/?rank_token=45169428424_c6cae3cd-cc41-462f-8679-e67cbaf96db6&max_id=QVFEQldqOE9CcVJ0R2J6Q1piUl9YUEd6SGdhb2hDM1pNX2lJQjMxdVZfXzVtVzBWY2FuRWNKRlFZV1h0TEF3NGItLUJGMG5GUWh5d2xjdXZuY0FyVEktTw== returned response: <Response [200]>
2021-04-26 21:29:35,431 - instabot version: 0.117.0 (api) - DEBUG - GET to endpoint: friendships/15041839142/followers/?rank_token=45169428424_c6cae3cd-cc41-462f-8679-e67cbaf96db6&max_id=QVFCbkotOWN0TmRvWjFObmRUcHBGZnV1OEFzeXZwYVRFb0MzYXhnUGxMdkc4ekNvd1lCUFFpeWtRbmZYOXlWRW5hSElkMEhackYzOUZSV1BqU0ZiekVHbw== returned response: <Response [200]>
2021-04-26 21:29:35,991 - instabot version: 0.117.0 (api) - DEBUG - GET to endpoint: friendships/15041839142/followers/?rank_token=45169428424_c6cae3cd-cc41-462f-8679-e67cbaf96db6&max_id=QVFDNEJtdEhkZ3VkU29MNHdyOEo1ejRpWDBwRmNkVUxZSG9CNEpDV0lyci0tdGxIcWlrRHZyLXBxWGhibjFLUlFldGFIVFBYdFMycWlZbkhrLWpNNHRocQ== returned response: <Response [200]>
2021-04-26 21:29:36,556 - instabot version: 0.117.0 (api) - DEBUG - GET to endpoint: friendships/15041839142/followers/?rank_token=45169428424_c6cae3cd-cc41-462f-8679-e67cbaf96db6&max_id=QVFDOGl3bklENkJCaEUtZnVocXZEeU9sOERSZjVrZnAyM00zOE12azE1bU5RM0VSWHRPelVmTnlESEZoa2xlWDVlY3QxTE5ObGNPbXBTYlI2RTlaaHBsdw== returned response: <Response [200]>
2021-04-26 21:29:37,384 - instabot version: 0.117.0 (api) - DEBUG - GET to endpoint: friendships/15041839142/followers/?rank_token=45169428424_c6cae3cd-cc41-462f-8679-e67cbaf96db6&max_id=QVFDOEJEZnBYb3Z4Q0oxNG5YOEljX2hkbU5QUjIxTTlaaDQ3bWVlaTVSTkczMzVxMFB0WU1YSGRMUkYyZFlFVXk0cUlEZEhUUlhnWmI3M2xqeHRXLVFzTQ== returned response: <Response [200]>
2021-04-26 21:29:37,934 - instabot version: 0.117.0 (api) - DEBUG - GET to endpoint: friendships/15041839142/followers/?rank_token=45169428424_c6cae3cd-cc41-462f-8679-e67cbaf96db6&max_id=QVFEYk1kX0xaUm9FMlZuUzZKaTlOSEVsOWN5UFpTVVBCZzRoU1IzRi1hZm1TWW16cU05NzBNY3luTW1fWnd6SWVNdUF0NWhQUnRRd25tMFltZVJGODM5MA== returned response: <Response [200]>
2021-04-26 21:29:38,650 - instabot version: 0.117.0 (api) - DEBUG - GET to endpoint: friendships/15041839142/followers/?rank_token=45169428424_c6cae3cd-cc41-462f-8679-e67cbaf96db6&max_id=QVFBeUpoQ2M1Sl82bmpqbzAwMzdvY2FpVlIyYmU1cFVleks0akV0Mm9CTm9jdml6NjFQNDJsQjFKd2gwOGo5aUVCYndyNFVXT3hnODZxV3g2TU93dUJrNg== returned response: <Response [200]>
2021-04-26 21:29:39,145 - instabot version: 0.117.0 (api) - DEBUG - GET to endpoint: friendships/15041839142/followers/?rank_token=45169428424_c6cae3cd-cc41-462f-8679-e67cbaf96db6&max_id=QVFDQk83b0hzRk9mbzVGWkhLbkVqS3NEcVNMdWdaLXFzSmMtcmZTSFZIZXFFZ3phbXpKS1plbW5vbVVpVXZ4aFkxMFVTbTZUQUJnWGpwWV8wUVRlcC05ag== returned response: <Response [200]>
2021-04-26 21:29:39,703 - instabot version: 0.117.0 (api) - DEBUG - GET to endpoint: friendships/15041839142/followers/?rank_token=45169428424_c6cae3cd-cc41-462f-8679-e67cbaf96db6&max_id=QVFEdGxDN2FPYzY5Q2VtSnF3Y090eXc2UnpacnZLdzFZaUFWVHBONUxNQkplT3liaEEzVzQzQlYybEMyM1pOVHJFR05CXy11VExYWVhPY1VNMTgxT1p1eA== returned response: <Response [200]>
2021-04-26 21:29:40,284 - instabot version: 0.117.0 (api) - DEBUG - GET to endpoint: friendships/15041839142/followers/?rank_token=45169428424_c6cae3cd-cc41-462f-8679-e67cbaf96db6&max_id=QVFEN2N6cmtGdFQxRUhZTDBmRmhwZkJ4ZzFwOWUzX0lfUWN0VXQ4MDI4bGFRNjlZSnZycUhISThkVmxHcmNwcndna2NhVWkzdmZyM0FyUVIwOGRZZWk2SA== returned response: <Response [200]>
2021-04-26 21:29:40,836 - instabot version: 0.117.0 (api) - DEBUG - GET to endpoint: friendships/15041839142/followers/?rank_token=45169428424_c6cae3cd-cc41-462f-8679-e67cbaf96db6&max_id=QVFBeE1vbWhqYUx0RmEwMGNJbjM5bjFZejkwVXZjdjh5aUJTeE1xZ0ZIMVdlNkd4dS1sRkNMS2ZSWFRpVWFYQ2JpV3I1S1phdnhkcDVMc0JTeExKMjE3RA== returned response: <Response [200]>
2021-04-26 21:29:41,381 - instabot version: 0.117.0 (api) - DEBUG - GET to endpoint: friendships/15041839142/followers/?rank_token=45169428424_c6cae3cd-cc41-462f-8679-e67cbaf96db6&max_id=QVFDVjU4bERJWkU3eFZsOWFkUEdfOW53bzVZREtrOVJzTkkzM3NZbEJOX19ab2oweDd4LWNqSTJfcEJ5WV94NzFndFRfU1c3cTNWVDJxVEtoS0dCZWR4Tw== returned response: <Response [200]>
2021-04-26 21:29:41,926 - instabot version: 0.117.0 (api) - DEBUG - GET to endpoint: friendships/15041839142/followers/?rank_token=45169428424_c6cae3cd-cc41-462f-8679-e67cbaf96db6&max_id=QVFDLVlnaG5lcDR1VXdWU1dXQnA0X3JzQmJqVEhoN045ZTE3eHR4VXgtUHY4RVZaMDhqc0tQLUFYV29zOEpmSHRtbjNvcnl5OERxWGZucGlSNGNTbzk5YQ== returned response: <Response [200]>
2021-04-26 21:29:42,475 - instabot version: 0.117.0 (api) - DEBUG - GET to endpoint: friendships/15041839142/followers/?rank_token=45169428424_c6cae3cd-cc41-462f-8679-e67cbaf96db6&max_id=QVFCbHdQV3hFZnBid193MW5jQUdDczlreC1pQkMycXh1NzA5UlBqTXN3TkNadjRma1dmRTBRS0h6ZFVJVXZmNG8yazk2YkVOWVB2azlCY0pfQWFNX2JzVQ== returned response: <Response [200]>
2021-04-26 21:29:45,537 - instabot version: 0.117.0 (api) - DEBUG - GET to endpoint: users/15041839142/info/ returned response: <Response [200]>
2021-04-26 21:29:47,055 - instabot version: 0.117.0 (api) - DEBUG - GET to endpoint: friendships/15041839142/following/?max_id=&ig_sig_key_version=4&rank_token=45169428424_c6cae3cd-cc41-462f-8679-e67cbaf96db6 returned response: <Response [200]>
2021-04-26 21:29:49,060 - instabot version: 0.117.0 (api) - DEBUG - GET to endpoint: friendships/15041839142/following/?max_id=100&ig_sig_key_version=4&rank_token=45169428424_c6cae3cd-cc41-462f-8679-e67cbaf96db6 returned response: <Response [200]>
2021-04-26 21:29:50,964 - instabot version: 0.117.0 (api) - DEBUG - GET to endpoint: friendships/15041839142/following/?max_id=200&ig_sig_key_version=4&rank_token=45169428424_c6cae3cd-cc41-462f-8679-e67cbaf96db6 returned response: <Response [200]>
2021-04-26 21:29:53,150 - instabot version: 0.117.0 (api) - DEBUG - GET to endpoint: friendships/15041839142/following/?max_id=300&ig_sig_key_version=4&rank_token=45169428424_c6cae3cd-cc41-462f-8679-e67cbaf96db6 returned response: <Response [200]>
2021-04-26 21:29:55,522 - instabot version: 0.117.0 (api) - DEBUG - GET to endpoint: friendships/15041839142/following/?max_id=400&ig_sig_key_version=4&rank_token=45169428424_c6cae3cd-cc41-462f-8679-e67cbaf96db6 returned response: <Response [200]>
2021-04-26 21:29:57,521 - instabot version: 0.117.0 (api) - DEBUG - GET to endpoint: friendships/15041839142/following/?max_id=500&ig_sig_key_version=4&rank_token=45169428424_c6cae3cd-cc41-462f-8679-e67cbaf96db6 returned response: <Response [200]>
2021-04-26 21:29:59,485 - instabot version: 0.117.0 (api) - DEBUG - GET to endpoint: friendships/15041839142/following/?max_id=600&ig_sig_key_version=4&rank_token=45169428424_c6cae3cd-cc41-462f-8679-e67cbaf96db6 returned response: <Response [200]>
2021-04-26 21:30:01,550 - instabot version: 0.117.0 (api) - DEBUG - GET to endpoint: friendships/15041839142/following/?max_id=700&ig_sig_key_version=4&rank_token=45169428424_c6cae3cd-cc41-462f-8679-e67cbaf96db6 returned response: <Response [200]>
2021-04-26 21:30:03,625 - instabot version: 0.117.0 (api) - DEBUG - GET to endpoint: friendships/15041839142/following/?max_id=800&ig_sig_key_version=4&rank_token=45169428424_c6cae3cd-cc41-462f-8679-e67cbaf96db6 returned response: <Response [200]>
2021-04-26 21:30:05,607 - instabot version: 0.117.0 (api) - DEBUG - GET to endpoint: friendships/15041839142/following/?max_id=900&ig_sig_key_version=4&rank_token=45169428424_c6cae3cd-cc41-462f-8679-e67cbaf96db6 returned response: <Response [200]>
2021-04-26 21:30:07,555 - instabot version: 0.117.0 (api) - DEBUG - GET to endpoint: friendships/15041839142/following/?max_id=1000&ig_sig_key_version=4&rank_token=45169428424_c6cae3cd-cc41-462f-8679-e67cbaf96db6 returned response: <Response [200]>
2021-04-26 21:30:09,793 - instabot version: 0.117.0 (api) - DEBUG - GET to endpoint: friendships/15041839142/following/?max_id=1100&ig_sig_key_version=4&rank_token=45169428424_c6cae3cd-cc41-462f-8679-e67cbaf96db6 returned response: <Response [200]>
2021-04-26 21:30:13,270 - instabot version: 0.117.0 (api) - DEBUG - GET to endpoint: friendships/15041839142/following/?max_id=1200&ig_sig_key_version=4&rank_token=45169428424_c6cae3cd-cc41-462f-8679-e67cbaf96db6 returned response: <Response [200]>
2021-04-26 21:30:15,133 - instabot version: 0.117.0 (api) - DEBUG - GET to endpoint: friendships/15041839142/following/?max_id=1300&ig_sig_key_version=4&rank_token=45169428424_c6cae3cd-cc41-462f-8679-e67cbaf96db6 returned response: <Response [200]>
2021-04-26 21:30:16,914 - instabot version: 0.117.0 (api) - DEBUG - GET to endpoint: friendships/15041839142/following/?max_id=1400&ig_sig_key_version=4&rank_token=45169428424_c6cae3cd-cc41-462f-8679-e67cbaf96db6 returned response: <Response [200]>
2021-04-26 21:30:19,332 - instabot version: 0.117.0 (api) - DEBUG - GET to endpoint: friendships/15041839142/following/?max_id=1500&ig_sig_key_version=4&rank_token=45169428424_c6cae3cd-cc41-462f-8679-e67cbaf96db6 returned response: <Response [200]>
2021-04-26 21:30:21,987 - instabot version: 0.117.0 (api) - DEBUG - GET to endpoint: friendships/15041839142/following/?max_id=1600&ig_sig_key_version=4&rank_token=45169428424_c6cae3cd-cc41-462f-8679-e67cbaf96db6 returned response: <Response [200]>
2021-04-26 21:30:23,885 - instabot version: 0.117.0 (api) - DEBUG - GET to endpoint: friendships/15041839142/following/?max_id=1700&ig_sig_key_version=4&rank_token=45169428424_c6cae3cd-cc41-462f-8679-e67cbaf96db6 returned response: <Response [200]>
2021-04-26 21:30:26,574 - instabot version: 0.117.0 (api) - DEBUG - GET to endpoint: friendships/15041839142/following/?max_id=1800&ig_sig_key_version=4&rank_token=45169428424_c6cae3cd-cc41-462f-8679-e67cbaf96db6 returned response: <Response [200]>
2021-04-26 21:30:29,191 - instabot version: 0.117.0 (api) - DEBUG - GET to endpoint: friendships/15041839142/following/?max_id=1900&ig_sig_key_version=4&rank_token=45169428424_c6cae3cd-cc41-462f-8679-e67cbaf96db6 returned response: <Response [200]>
2021-04-26 21:30:31,262 - instabot version: 0.117.0 (api) - DEBUG - GET to endpoint: friendships/15041839142/following/?max_id=2000&ig_sig_key_version=4&rank_token=45169428424_c6cae3cd-cc41-462f-8679-e67cbaf96db6 returned response: <Response [200]>
2021-04-26 21:30:33,570 - instabot version: 0.117.0 (api) - DEBUG - GET to endpoint: friendships/15041839142/following/?max_id=2100&ig_sig_key_version=4&rank_token=45169428424_c6cae3cd-cc41-462f-8679-e67cbaf96db6 returned response: <Response [200]>
2021-04-26 21:30:36,256 - instabot version: 0.117.0 (api) - DEBUG - GET to endpoint: friendships/15041839142/following/?max_id=2200&ig_sig_key_version=4&rank_token=45169428424_c6cae3cd-cc41-462f-8679-e67cbaf96db6 returned response: <Response [200]>
2021-04-26 21:30:38,868 - instabot version: 0.117.0 (api) - DEBUG - GET to endpoint: friendships/15041839142/following/?max_id=2300&ig_sig_key_version=4&rank_token=45169428424_c6cae3cd-cc41-462f-8679-e67cbaf96db6 returned response: <Response [200]>
2021-04-26 21:30:41,709 - instabot version: 0.117.0 (api) - DEBUG - GET to endpoint: friendships/15041839142/following/?max_id=2400&ig_sig_key_version=4&rank_token=45169428424_c6cae3cd-cc41-462f-8679-e67cbaf96db6 returned response: <Response [200]>
2021-04-26 21:30:44,608 - instabot version: 0.117.0 (api) - DEBUG - GET to endpoint: friendships/15041839142/following/?max_id=2500&ig_sig_key_version=4&rank_token=45169428424_c6cae3cd-cc41-462f-8679-e67cbaf96db6 returned response: <Response [200]>
2021-04-26 21:30:47,169 - instabot version: 0.117.0 (api) - DEBUG - GET to endpoint: friendships/15041839142/following/?max_id=2600&ig_sig_key_version=4&rank_token=45169428424_c6cae3cd-cc41-462f-8679-e67cbaf96db6 returned response: <Response [200]>
2021-04-26 21:30:50,024 - instabot version: 0.117.0 (api) - DEBUG - GET to endpoint: friendships/15041839142/following/?max_id=2700&ig_sig_key_version=4&rank_token=45169428424_c6cae3cd-cc41-462f-8679-e67cbaf96db6 returned response: <Response [200]>
2021-04-26 21:30:51,838 - instabot version: 0.117.0 (api) - DEBUG - GET to endpoint: friendships/15041839142/following/?max_id=2800&ig_sig_key_version=4&rank_token=45169428424_c6cae3cd-cc41-462f-8679-e67cbaf96db6 returned response: <Response [200]>
2021-04-26 21:30:53,732 - instabot version: 0.117.0 (api) - DEBUG - GET to endpoint: friendships/15041839142/following/?max_id=2900&ig_sig_key_version=4&rank_token=45169428424_c6cae3cd-cc41-462f-8679-e67cbaf96db6 returned response: <Response [200]>
2021-04-26 21:30:56,428 - instabot version: 0.117.0 (api) - DEBUG - GET to endpoint: friendships/15041839142/following/?max_id=3000&ig_sig_key_version=4&rank_token=45169428424_c6cae3cd-cc41-462f-8679-e67cbaf96db6 returned response: <Response [200]>
2021-04-26 21:30:59,398 - instabot version: 0.117.0 (api) - DEBUG - GET to endpoint: friendships/15041839142/following/?max_id=3100&ig_sig_key_version=4&rank_token=45169428424_c6cae3cd-cc41-462f-8679-e67cbaf96db6 returned response: <Response [200]>
2021-04-26 21:31:01,391 - instabot version: 0.117.0 (api) - DEBUG - GET to endpoint: friendships/15041839142/following/?max_id=3200&ig_sig_key_version=4&rank_token=45169428424_c6cae3cd-cc41-462f-8679-e67cbaf96db6 returned response: <Response [200]>
2021-04-26 21:31:03,496 - instabot version: 0.117.0 (api) - DEBUG - GET to endpoint: friendships/15041839142/following/?max_id=3300&ig_sig_key_version=4&rank_token=45169428424_c6cae3cd-cc41-462f-8679-e67cbaf96db6 returned response: <Response [200]>
2021-04-26 21:31:06,292 - instabot version: 0.117.0 (api) - DEBUG - GET to endpoint: friendships/15041839142/following/?max_id=3400&ig_sig_key_version=4&rank_token=45169428424_c6cae3cd-cc41-462f-8679-e67cbaf96db6 returned response: <Response [200]>
2021-04-26 21:31:09,034 - instabot version: 0.117.0 (api) - DEBUG - GET to endpoint: friendships/15041839142/following/?max_id=3500&ig_sig_key_version=4&rank_token=45169428424_c6cae3cd-cc41-462f-8679-e67cbaf96db6 returned response: <Response [200]>
2021-04-26 21:31:10,762 - instabot version: 0.117.0 (api) - DEBUG - GET to endpoint: friendships/15041839142/following/?max_id=3600&ig_sig_key_version=4&rank_token=45169428424_c6cae3cd-cc41-462f-8679-e67cbaf96db6 returned response: <Response [200]>
2021-04-26 21:31:12,526 - instabot version: 0.117.0 (api) - DEBUG - GET to endpoint: friendships/15041839142/following/?max_id=3700&ig_sig_key_version=4&rank_token=45169428424_c6cae3cd-cc41-462f-8679-e67cbaf96db6 returned response: <Response [200]>
2021-04-26 21:31:14,397 - instabot version: 0.117.0 (api) - DEBUG - GET to endpoint: friendships/15041839142/following/?max_id=3800&ig_sig_key_version=4&rank_token=45169428424_c6cae3cd-cc41-462f-8679-e67cbaf96db6 returned response: <Response [200]>
2021-04-26 21:31:16,975 - instabot version: 0.117.0 (api) - DEBUG - GET to endpoint: friendships/15041839142/following/?max_id=3900&ig_sig_key_version=4&rank_token=45169428424_c6cae3cd-cc41-462f-8679-e67cbaf96db6 returned response: <Response [200]>
2021-04-26 21:31:19,015 - instabot version: 0.117.0 (api) - DEBUG - GET to endpoint: friendships/15041839142/following/?max_id=4000&ig_sig_key_version=4&rank_token=45169428424_c6cae3cd-cc41-462f-8679-e67cbaf96db6 returned response: <Response [200]>
2021-04-26 21:31:22,197 - instabot version: 0.117.0 (api) - DEBUG - GET to endpoint: friendships/15041839142/following/?max_id=4100&ig_sig_key_version=4&rank_token=45169428424_c6cae3cd-cc41-462f-8679-e67cbaf96db6 returned response: <Response [200]>
2021-04-26 21:31:23,973 - instabot version: 0.117.0 (api) - DEBUG - GET to endpoint: friendships/15041839142/following/?max_id=4200&ig_sig_key_version=4&rank_token=45169428424_c6cae3cd-cc41-462f-8679-e67cbaf96db6 returned response: <Response [200]>
2021-04-26 21:31:25,802 - instabot version: 0.117.0 (api) - DEBUG - GET to endpoint: friendships/15041839142/following/?max_id=4300&ig_sig_key_version=4&rank_token=45169428424_c6cae3cd-cc41-462f-8679-e67cbaf96db6 returned response: <Response [200]>
2021-04-26 21:31:27,972 - instabot version: 0.117.0 (api) - DEBUG - GET to endpoint: friendships/15041839142/following/?max_id=4400&ig_sig_key_version=4&rank_token=45169428424_c6cae3cd-cc41-462f-8679-e67cbaf96db6 returned response: <Response [200]>
2021-04-26 21:31:30,120 - instabot version: 0.117.0 (api) - DEBUG - GET to endpoint: friendships/15041839142/following/?max_id=4500&ig_sig_key_version=4&rank_token=45169428424_c6cae3cd-cc41-462f-8679-e67cbaf96db6 returned response: <Response [200]>
2021-04-26 21:31:31,881 - instabot version: 0.117.0 (api) - DEBUG - GET to endpoint: friendships/15041839142/following/?max_id=4600&ig_sig_key_version=4&rank_token=45169428424_c6cae3cd-cc41-462f-8679-e67cbaf96db6 returned response: <Response [200]>
2021-04-26 21:31:34,026 - instabot version: 0.117.0 (api) - DEBUG - GET to endpoint: friendships/15041839142/following/?max_id=4700&ig_sig_key_version=4&rank_token=45169428424_c6cae3cd-cc41-462f-8679-e67cbaf96db6 returned response: <Response [200]>
2021-04-26 21:31:35,820 - instabot version: 0.117.0 (api) - DEBUG - GET to endpoint: friendships/15041839142/following/?max_id=4800&ig_sig_key_version=4&rank_token=45169428424_c6cae3cd-cc41-462f-8679-e67cbaf96db6 returned response: <Response [200]>
2021-04-26 21:31:37,915 - instabot version: 0.117.0 (api) - DEBUG - GET to endpoint: friendships/15041839142/following/?max_id=4900&ig_sig_key_version=4&rank_token=45169428424_c6cae3cd-cc41-462f-8679-e67cbaf96db6 returned response: <Response [200]>
2021-04-26 21:31:39,674 - instabot version: 0.117.0 (api) - DEBUG - GET to endpoint: friendships/15041839142/following/?max_id=5000&ig_sig_key_version=4&rank_token=45169428424_c6cae3cd-cc41-462f-8679-e67cbaf96db6 returned response: <Response [200]>
2021-04-26 21:31:41,432 - instabot version: 0.117.0 (api) - DEBUG - GET to endpoint: friendships/15041839142/following/?max_id=5100&ig_sig_key_version=4&rank_token=45169428424_c6cae3cd-cc41-462f-8679-e67cbaf96db6 returned response: <Response [200]>
2021-04-26 21:31:43,969 - instabot version: 0.117.0 (api) - DEBUG - GET to endpoint: friendships/15041839142/following/?max_id=5200&ig_sig_key_version=4&rank_token=45169428424_c6cae3cd-cc41-462f-8679-e67cbaf96db6 returned response: <Response [200]>
2021-04-26 21:31:45,909 - instabot version: 0.117.0 (api) - DEBUG - GET to endpoint: friendships/15041839142/following/?max_id=5300&ig_sig_key_version=4&rank_token=45169428424_c6cae3cd-cc41-462f-8679-e67cbaf96db6 returned response: <Response [200]>
2021-04-26 21:31:47,957 - instabot version: 0.117.0 (api) - DEBUG - GET to endpoint: friendships/15041839142/following/?max_id=5400&ig_sig_key_version=4&rank_token=45169428424_c6cae3cd-cc41-462f-8679-e67cbaf96db6 returned response: <Response [200]>
2021-04-26 21:31:50,255 - instabot version: 0.117.0 (api) - DEBUG - GET to endpoint: friendships/15041839142/following/?max_id=5500&ig_sig_key_version=4&rank_token=45169428424_c6cae3cd-cc41-462f-8679-e67cbaf96db6 returned response: <Response [200]>
2021-04-26 21:31:52,239 - instabot version: 0.117.0 (api) - DEBUG - GET to endpoint: friendships/15041839142/following/?max_id=5600&ig_sig_key_version=4&rank_token=45169428424_c6cae3cd-cc41-462f-8679-e67cbaf96db6 returned response: <Response [200]>
2021-04-26 21:31:54,153 - instabot version: 0.117.0 (api) - DEBUG - GET to endpoint: friendships/15041839142/following/?max_id=5700&ig_sig_key_version=4&rank_token=45169428424_c6cae3cd-cc41-462f-8679-e67cbaf96db6 returned response: <Response [200]>
2021-04-26 21:40:53,883 - instabot version: 0.117.0 (api) - DEBUG - GET to endpoint: users/37460963248/info/ returned response: <Response [200]>
2021-04-26 21:40:54,699 - instabot version: 0.117.0 (api) - DEBUG - GET to endpoint: users/45416457999/info/ returned response: <Response [200]>
2021-04-26 21:40:56,457 - instabot version: 0.117.0 (api) - DEBUG - GET to endpoint: users/19048730335/info/ returned response: <Response [200]>
2021-04-26 21:40:57,249 - instabot version: 0.117.0 (api) - DEBUG - GET to endpoint: users/5812599740/info/ returned response: <Response [200]>
2021-04-26 21:41:00,052 - instabot version: 0.117.0 (api) - DEBUG - GET to endpoint: users/45698240427/info/ returned response: <Response [200]>
2021-04-26 21:41:00,870 - instabot version: 0.117.0 (api) - DEBUG - GET to endpoint: users/26246814342/info/ returned response: <Response [200]>
2021-04-26 21:41:02,704 - instabot version: 0.117.0 (api) - DEBUG - GET to endpoint: users/14684326395/info/ returned response: <Response [200]>
2021-04-26 21:41:04,439 - instabot version: 0.117.0 (api) - DEBUG - GET to endpoint: users/38165228321/info/ returned response: <Response [200]>
2021-04-26 21:41:07,405 - instabot version: 0.117.0 (api) - DEBUG - GET to endpoint: users/13527008986/info/ returned response: <Response [200]>
2021-04-26 21:41:08,192 - instabot version: 0.117.0 (api) - DEBUG - GET to endpoint: users/17548115109/info/ returned response: <Response [200]>
2021-04-26 21:41:09,838 - instabot version: 0.117.0 (api) - DEBUG - GET to endpoint: users/45500736408/info/ returned response: <Response [200]>
2021-04-26 21:41:10,488 - instabot version: 0.117.0 (api) - DEBUG - GET to endpoint: users/38782515671/info/ returned response: <Response [200]>
2021-04-26 21:41:13,313 - instabot version: 0.117.0 (api) - DEBUG - GET to endpoint: users/45327126563/info/ returned response: <Response [200]>
2021-04-26 21:41:14,016 - instabot version: 0.117.0 (api) - DEBUG - GET to endpoint: users/44241499883/info/ returned response: <Response [200]>
2021-04-26 21:41:16,696 - instabot version: 0.117.0 (api) - DEBUG - GET to endpoint: users/4324634412/info/ returned response: <Response [200]>
2021-04-26 21:41:18,043 - instabot version: 0.117.0 (api) - DEBUG - GET to endpoint: users/44654614769/info/ returned response: <Response [200]>
2021-04-26 21:41:19,697 - instabot version: 0.117.0 (api) - DEBUG - GET to endpoint: users/15161826620/info/ returned response: <Response [200]>
2021-04-26 21:41:20,330 - instabot version: 0.117.0 (api) - DEBUG - GET to endpoint: users/38054765872/info/ returned response: <Response [200]>
2021-04-26 21:41:20,914 - instabot version: 0.117.0 (api) - DEBUG - GET to endpoint: users/39494093090/info/ returned response: <Response [200]>
2021-04-26 21:41:23,628 - instabot version: 0.117.0 (api) - DEBUG - GET to endpoint: users/26760394358/info/ returned response: <Response [200]>
2021-04-26 21:41:25,259 - instabot version: 0.117.0 (api) - DEBUG - GET to endpoint: users/16138905833/info/ returned response: <Response [200]>
2021-04-26 21:41:26,906 - instabot version: 0.117.0 (api) - DEBUG - GET to endpoint: users/1661776221/info/ returned response: <Response [200]>
2021-04-26 21:41:29,520 - instabot version: 0.117.0 (api) - DEBUG - GET to endpoint: users/6275858370/info/ returned response: <Response [200]>
2021-04-26 21:41:31,338 - instabot version: 0.117.0 (api) - DEBUG - GET to endpoint: users/45391956813/info/ returned response: <Response [200]>
2021-04-26 21:41:32,068 - instabot version: 0.117.0 (api) - DEBUG - GET to endpoint: users/45208109463/info/ returned response: <Response [200]>
2021-04-26 21:41:33,754 - instabot version: 0.117.0 (api) - DEBUG - GET to endpoint: users/40085355653/info/ returned response: <Response [200]>
2021-04-26 21:41:36,336 - instabot version: 0.117.0 (api) - DEBUG - GET to endpoint: users/46649122572/info/ returned response: <Response [200]>
2021-04-26 21:41:38,033 - instabot version: 0.117.0 (api) - DEBUG - GET to endpoint: users/39675246029/info/ returned response: <Response [200]>
2021-04-26 21:41:40,564 - instabot version: 0.117.0 (api) - DEBUG - GET to endpoint: users/47150893625/info/ returned response: <Response [200]>
2021-04-26 21:41:41,260 - instabot version: 0.117.0 (api) - DEBUG - GET to endpoint: users/45571112876/info/ returned response: <Response [200]>
2021-04-26 21:41:44,088 - instabot version: 0.117.0 (api) - DEBUG - GET to endpoint: users/31979998656/info/ returned response: <Response [200]>
2021-04-26 21:41:46,734 - instabot version: 0.117.0 (api) - DEBUG - GET to endpoint: users/46182080997/info/ returned response: <Response [200]>
2021-04-26 21:41:48,350 - instabot version: 0.117.0 (api) - DEBUG - GET to endpoint: users/39277727377/info/ returned response: <Response [200]>
2021-04-26 21:41:50,025 - instabot version: 0.117.0 (api) - DEBUG - GET to endpoint: users/45558235926/info/ returned response: <Response [200]>
2021-04-26 21:41:50,774 - instabot version: 0.117.0 (api) - DEBUG - GET to endpoint: users/44756166735/info/ returned response: <Response [200]>
2021-04-26 21:41:51,427 - instabot version: 0.117.0 (api) - DEBUG - GET to endpoint: users/10455683620/info/ returned response: <Response [200]>
2021-04-26 21:41:54,128 - instabot version: 0.117.0 (api) - DEBUG - GET to endpoint: users/4561341860/info/ returned response: <Response [200]>
2021-04-26 21:41:55,800 - instabot version: 0.117.0 (api) - DEBUG - GET to endpoint: users/45427847434/info/ returned response: <Response [200]>
2021-04-26 21:41:57,477 - instabot version: 0.117.0 (api) - DEBUG - GET to endpoint: users/45178122557/info/ returned response: <Response [200]>
2021-04-26 21:42:00,265 - instabot version: 0.117.0 (api) - DEBUG - GET to endpoint: users/38827229060/info/ returned response: <Response [200]>
2021-04-26 21:42:01,140 - instabot version: 0.117.0 (api) - DEBUG - GET to endpoint: users/33902335717/info/ returned response: <Response [200]>
2021-04-26 21:42:01,766 - instabot version: 0.117.0 (api) - DEBUG - GET to endpoint: users/17219887963/info/ returned response: <Response [200]>
2021-04-26 21:42:04,523 - instabot version: 0.117.0 (api) - DEBUG - GET to endpoint: users/19745637605/info/ returned response: <Response [200]>
2021-04-26 21:42:07,252 - instabot version: 0.117.0 (api) - DEBUG - GET to endpoint: users/44504933388/info/ returned response: <Response [200]>
2021-04-26 21:42:09,414 - instabot version: 0.117.0 (api) - DEBUG - GET to endpoint: users/31200150718/info/ returned response: <Response [200]>
2021-04-26 21:42:11,120 - instabot version: 0.117.0 (api) - DEBUG - GET to endpoint: users/39612358642/info/ returned response: <Response [200]>
2021-04-26 21:42:11,783 - instabot version: 0.117.0 (api) - DEBUG - GET to endpoint: users/45646331424/info/ returned response: <Response [200]>
2021-04-26 21:42:13,451 - instabot version: 0.117.0 (api) - DEBUG - GET to endpoint: users/41171579645/info/ returned response: <Response [200]>
2021-04-26 21:42:14,189 - instabot version: 0.117.0 (api) - DEBUG - GET to endpoint: users/2305379762/info/ returned response: <Response [200]>
2021-04-26 21:42:14,902 - instabot version: 0.117.0 (api) - DEBUG - GET to endpoint: users/41401179153/info/ returned response: <Response [200]>
2021-04-26 21:42:17,649 - instabot version: 0.117.0 (api) - DEBUG - GET to endpoint: users/44962139134/info/ returned response: <Response [200]>
2021-04-26 21:42:20,527 - instabot version: 0.117.0 (api) - DEBUG - GET to endpoint: users/43457005806/info/ returned response: <Response [200]>
2021-04-26 21:42:23,171 - instabot version: 0.117.0 (api) - DEBUG - GET to endpoint: users/9886422601/info/ returned response: <Response [200]>
2021-04-26 21:42:23,868 - instabot version: 0.117.0 (api) - DEBUG - GET to endpoint: users/37473803846/info/ returned response: <Response [200]>
2021-04-26 21:42:26,136 - instabot version: 0.117.0 (api) - DEBUG - GET to endpoint: users/32682768859/info/ returned response: <Response [200]>
2021-04-26 21:42:27,815 - instabot version: 0.117.0 (api) - DEBUG - GET to endpoint: users/45532208524/info/ returned response: <Response [200]>
2021-04-26 21:42:28,483 - instabot version: 0.117.0 (api) - DEBUG - GET to endpoint: users/46454596825/info/ returned response: <Response [200]>
2021-04-26 21:42:31,085 - instabot version: 0.117.0 (api) - DEBUG - GET to endpoint: users/44926718401/info/ returned response: <Response [200]>
2021-04-26 21:42:33,817 - instabot version: 0.117.0 (api) - DEBUG - GET to endpoint: users/6833221741/info/ returned response: <Response [200]>
2021-04-26 21:42:35,520 - instabot version: 0.117.0 (api) - DEBUG - GET to endpoint: users/6331232536/info/ returned response: <Response [200]>
2021-04-26 21:42:37,314 - instabot version: 0.117.0 (api) - DEBUG - GET to endpoint: users/18430522046/info/ returned response: <Response [200]>
2021-04-26 21:42:38,112 - instabot version: 0.117.0 (api) - DEBUG - GET to endpoint: users/2930005443/info/ returned response: <Response [200]>
2021-04-26 21:42:38,810 - instabot version: 0.117.0 (api) - DEBUG - GET to endpoint: users/15607696054/info/ returned response: <Response [200]>
2021-04-26 21:42:41,494 - instabot version: 0.117.0 (api) - DEBUG - GET to endpoint: users/5531252470/info/ returned response: <Response [200]>
2021-04-26 21:42:43,258 - instabot version: 0.117.0 (api) - DEBUG - GET to endpoint: users/1959367068/info/ returned response: <Response [200]>
2021-04-26 21:42:44,992 - instabot version: 0.117.0 (api) - DEBUG - GET to endpoint: users/46093861366/info/ returned response: <Response [200]>
2021-04-26 21:42:47,697 - instabot version: 0.117.0 (api) - DEBUG - GET to endpoint: users/36428434350/info/ returned response: <Response [200]>
2021-04-26 21:42:49,460 - instabot version: 0.117.0 (api) - DEBUG - GET to endpoint: users/35165117379/info/ returned response: <Response [200]>
2021-04-26 21:42:51,107 - instabot version: 0.117.0 (api) - DEBUG - GET to endpoint: users/46250788283/info/ returned response: <Response [200]>
2021-04-26 21:42:53,959 - instabot version: 0.117.0 (api) - DEBUG - GET to endpoint: users/2000675071/info/ returned response: <Response [200]>
2021-04-26 21:42:55,674 - instabot version: 0.117.0 (api) - DEBUG - GET to endpoint: users/40358172091/info/ returned response: <Response [200]>
2021-04-26 21:42:57,557 - instabot version: 0.117.0 (api) - DEBUG - GET to endpoint: users/30568522111/info/ returned response: <Response [200]>
2021-04-26 21:43:00,184 - instabot version: 0.117.0 (api) - DEBUG - GET to endpoint: users/45810002489/info/ returned response: <Response [200]>
2021-04-26 21:43:00,935 - instabot version: 0.117.0 (api) - DEBUG - GET to endpoint: users/34353867166/info/ returned response: <Response [200]>
2021-04-26 21:43:02,795 - instabot version: 0.117.0 (api) - DEBUG - GET to endpoint: users/6691304373/info/ returned response: <Response [200]>
2021-04-26 21:43:04,550 - instabot version: 0.117.0 (api) - DEBUG - GET to endpoint: users/33151358082/info/ returned response: <Response [200]>
2021-04-26 21:43:06,290 - instabot version: 0.117.0 (api) - DEBUG - GET to endpoint: users/44803091351/info/ returned response: <Response [200]>
2021-04-26 21:43:07,881 - instabot version: 0.117.0 (api) - DEBUG - GET to endpoint: users/17834229170/info/ returned response: <Response [200]>
2021-04-26 21:43:10,474 - instabot version: 0.117.0 (api) - DEBUG - GET to endpoint: users/43062760131/info/ returned response: <Response [200]>
2021-04-26 21:43:12,434 - instabot version: 0.117.0 (api) - DEBUG - GET to endpoint: users/35388511206/info/ returned response: <Response [200]>
2021-04-26 21:43:13,270 - instabot version: 0.117.0 (api) - DEBUG - GET to endpoint: users/5000380003/info/ returned response: <Response [200]>
2021-04-26 21:43:16,108 - instabot version: 0.117.0 (api) - DEBUG - GET to endpoint: users/38563906733/info/ returned response: <Response [200]>
2021-04-26 21:43:18,870 - instabot version: 0.117.0 (api) - DEBUG - GET to endpoint: users/1758852176/info/ returned response: <Response [200]>
2021-04-26 21:43:20,487 - instabot version: 0.117.0 (api) - DEBUG - GET to endpoint: users/44704713764/info/ returned response: <Response [200]>
2021-04-26 21:43:23,216 - instabot version: 0.117.0 (api) - DEBUG - GET to endpoint: users/43845222277/info/ returned response: <Response [200]>
2021-04-26 21:43:25,047 - instabot version: 0.117.0 (api) - DEBUG - GET to endpoint: users/6905053014/info/ returned response: <Response [200]>
2021-04-26 21:43:27,796 - instabot version: 0.117.0 (api) - DEBUG - GET to endpoint: users/45165079006/info/ returned response: <Response [200]>
2021-04-26 21:43:28,402 - instabot version: 0.117.0 (api) - DEBUG - GET to endpoint: users/32236333357/info/ returned response: <Response [200]>
2021-04-26 21:43:30,009 - instabot version: 0.117.0 (api) - DEBUG - GET to endpoint: users/2346088556/info/ returned response: <Response [200]>
2021-04-26 21:43:30,860 - instabot version: 0.117.0 (api) - DEBUG - GET to endpoint: users/7593410796/info/ returned response: <Response [200]>
2021-04-26 21:43:32,708 - instabot version: 0.117.0 (api) - DEBUG - GET to endpoint: users/40243521242/info/ returned response: <Response [200]>
2021-04-26 21:43:35,401 - instabot version: 0.117.0 (api) - DEBUG - GET to endpoint: users/34962818201/info/ returned response: <Response [200]>
2021-04-26 21:43:38,138 - instabot version: 0.117.0 (api) - DEBUG - GET to endpoint: users/12100783573/info/ returned response: <Response [200]>
2021-04-26 21:43:38,875 - instabot version: 0.117.0 (api) - DEBUG - GET to endpoint: users/46205962585/info/ returned response: <Response [200]>
2021-04-26 21:43:39,567 - instabot version: 0.117.0 (api) - DEBUG - GET to endpoint: users/37000593893/info/ returned response: <Response [200]>
2021-04-26 21:43:40,298 - instabot version: 0.117.0 (api) - DEBUG - GET to endpoint: users/15226039878/info/ returned response: <Response [200]>
2021-04-26 21:43:42,858 - instabot version: 0.117.0 (api) - DEBUG - GET to endpoint: users/39211761151/info/ returned response: <Response [200]>
2021-04-26 21:43:45,853 - instabot version: 0.117.0 (api) - DEBUG - GET to endpoint: users/4685661067/info/ returned response: <Response [200]>
2021-04-26 21:43:48,789 - instabot version: 0.117.0 (api) - DEBUG - GET to endpoint: users/8610827048/info/ returned response: <Response [200]>
2021-04-26 21:43:50,016 - instabot version: 0.117.0 (api) - DEBUG - GET to endpoint: users/35173547439/info/ returned response: <Response [200]>
2021-04-26 21:43:51,665 - instabot version: 0.117.0 (api) - DEBUG - GET to endpoint: users/45802119505/info/ returned response: <Response [200]>
2021-04-26 21:43:53,302 - instabot version: 0.117.0 (api) - DEBUG - GET to endpoint: users/37711629399/info/ returned response: <Response [200]>
2021-04-26 21:43:53,805 - instabot version: 0.117.0 (api) - DEBUG - GET to endpoint: users/44442447446/info/ returned response: <Response [200]>
2021-04-26 21:43:55,683 - instabot version: 0.117.0 (api) - DEBUG - GET to endpoint: users/35582859858/info/ returned response: <Response [200]>
2021-04-26 21:43:56,400 - instabot version: 0.117.0 (api) - DEBUG - GET to endpoint: users/41180763131/info/ returned response: <Response [200]>
2021-04-26 21:43:58,151 - instabot version: 0.117.0 (api) - DEBUG - GET to endpoint: users/39444511216/info/ returned response: <Response [200]>
2021-04-26 21:44:00,803 - instabot version: 0.117.0 (api) - DEBUG - GET to endpoint: users/31957952069/info/ returned response: <Response [200]>
2021-04-26 21:44:03,464 - instabot version: 0.117.0 (api) - DEBUG - GET to endpoint: users/36563681257/info/ returned response: <Response [200]>
2021-04-26 21:44:06,268 - instabot version: 0.117.0 (api) - DEBUG - GET to endpoint: users/45299741120/info/ returned response: <Response [200]>
2021-04-26 21:44:07,915 - instabot version: 0.117.0 (api) - DEBUG - GET to endpoint: users/38299433395/info/ returned response: <Response [200]>
2021-04-26 21:44:09,689 - instabot version: 0.117.0 (api) - DEBUG - GET to endpoint: users/44486169597/info/ returned response: <Response [200]>
2021-04-26 21:44:10,302 - instabot version: 0.117.0 (api) - DEBUG - GET to endpoint: users/43880822147/info/ returned response: <Response [200]>
2021-04-26 21:44:11,158 - instabot version: 0.117.0 (api) - DEBUG - GET to endpoint: users/3984923592/info/ returned response: <Response [200]>
2021-04-26 21:44:12,854 - instabot version: 0.117.0 (api) - DEBUG - GET to endpoint: users/13963764598/info/ returned response: <Response [200]>
2021-04-26 21:44:13,490 - instabot version: 0.117.0 (api) - DEBUG - GET to endpoint: users/36796135305/info/ returned response: <Response [200]>
2021-04-26 21:44:16,321 - instabot version: 0.117.0 (api) - DEBUG - GET to endpoint: users/39004385128/info/ returned response: <Response [200]>
2021-04-26 21:44:19,064 - instabot version: 0.117.0 (api) - DEBUG - GET to endpoint: users/34243282184/info/ returned response: <Response [200]>
2021-04-26 21:44:20,810 - instabot version: 0.117.0 (api) - DEBUG - GET to endpoint: users/13699548128/info/ returned response: <Response [200]>
2021-04-26 21:44:21,318 - instabot version: 0.117.0 (api) - DEBUG - GET to endpoint: users/45654876145/info/ returned response: <Response [200]>
2021-04-26 21:44:22,203 - instabot version: 0.117.0 (api) - DEBUG - GET to endpoint: users/39067150047/info/ returned response: <Response [200]>
2021-04-26 21:44:24,892 - instabot version: 0.117.0 (api) - DEBUG - GET to endpoint: users/8498835058/info/ returned response: <Response [200]>
2021-04-26 21:44:26,643 - instabot version: 0.117.0 (api) - DEBUG - GET to endpoint: users/26457781612/info/ returned response: <Response [200]>
2021-04-26 21:44:29,152 - instabot version: 0.117.0 (api) - DEBUG - GET to endpoint: users/16133867942/info/ returned response: <Response [200]>
2021-04-26 21:44:29,941 - instabot version: 0.117.0 (api) - DEBUG - GET to endpoint: users/33747874489/info/ returned response: <Response [200]>
2021-04-26 21:44:30,673 - instabot version: 0.117.0 (api) - DEBUG - GET to endpoint: users/38994273728/info/ returned response: <Response [200]>
2021-04-26 21:44:32,569 - instabot version: 0.117.0 (api) - DEBUG - GET to endpoint: users/33065918896/info/ returned response: <Response [200]>
2021-04-26 21:44:34,503 - instabot version: 0.117.0 (api) - DEBUG - GET to endpoint: users/6982922038/info/ returned response: <Response [200]>
2021-04-26 21:44:37,054 - instabot version: 0.117.0 (api) - DEBUG - GET to endpoint: users/45857634777/info/ returned response: <Response [200]>
2021-04-26 21:44:37,843 - instabot version: 0.117.0 (api) - DEBUG - GET to endpoint: users/6261451144/info/ returned response: <Response [200]>
2021-04-26 21:44:40,606 - instabot version: 0.117.0 (api) - DEBUG - GET to endpoint: users/16403804338/info/ returned response: <Response [200]>
2021-04-26 21:44:41,316 - instabot version: 0.117.0 (api) - DEBUG - GET to endpoint: users/1155815005/info/ returned response: <Response [200]>
2021-04-26 21:44:43,030 - instabot version: 0.117.0 (api) - DEBUG - GET to endpoint: users/44178940690/info/ returned response: <Response [200]>
2021-04-26 21:44:45,946 - instabot version: 0.117.0 (api) - DEBUG - GET to endpoint: users/14961527028/info/ returned response: <Response [200]>
2021-04-26 21:44:46,664 - instabot version: 0.117.0 (api) - DEBUG - GET to endpoint: users/44542648628/info/ returned response: <Response [200]>
2021-04-26 21:44:49,381 - instabot version: 0.117.0 (api) - DEBUG - GET to endpoint: users/38290532409/info/ returned response: <Response [200]>
2021-04-26 21:44:51,141 - instabot version: 0.117.0 (api) - DEBUG - GET to endpoint: users/30100816599/info/ returned response: <Response [200]>
2021-04-26 21:44:53,842 - instabot version: 0.117.0 (api) - DEBUG - GET to endpoint: users/44499853675/info/ returned response: <Response [200]>
2021-04-26 21:44:54,640 - instabot version: 0.117.0 (api) - DEBUG - GET to endpoint: users/5429746306/info/ returned response: <Response [200]>
2021-04-26 21:44:56,406 - instabot version: 0.117.0 (api) - DEBUG - GET to endpoint: users/37725274043/info/ returned response: <Response [200]>
2021-04-26 21:44:58,362 - instabot version: 0.117.0 (api) - DEBUG - GET to endpoint: users/8575790207/info/ returned response: <Response [200]>
2021-04-26 21:45:00,052 - instabot version: 0.117.0 (api) - DEBUG - GET to endpoint: users/4555311959/info/ returned response: <Response [200]>
2021-04-26 21:45:00,871 - instabot version: 0.117.0 (api) - DEBUG - GET to endpoint: users/46603181491/info/ returned response: <Response [200]>
2021-04-26 21:45:02,782 - instabot version: 0.117.0 (api) - DEBUG - GET to endpoint: users/32700462935/info/ returned response: <Response [200]>
2021-04-26 21:45:03,507 - instabot version: 0.117.0 (api) - DEBUG - GET to endpoint: users/2013465655/info/ returned response: <Response [200]>
2021-04-26 21:45:04,299 - instabot version: 0.117.0 (api) - DEBUG - GET to endpoint: users/36599034950/info/ returned response: <Response [200]>
2021-04-26 21:45:06,916 - instabot version: 0.117.0 (api) - DEBUG - GET to endpoint: users/46810040597/info/ returned response: <Response [200]>
2021-04-26 21:45:08,508 - instabot version: 0.117.0 (api) - DEBUG - GET to endpoint: users/36884915201/info/ returned response: <Response [200]>
2021-04-26 21:45:10,137 - instabot version: 0.117.0 (api) - DEBUG - GET to endpoint: users/44354116836/info/ returned response: <Response [200]>
2021-04-26 21:45:10,873 - instabot version: 0.117.0 (api) - DEBUG - GET to endpoint: users/45003331685/info/ returned response: <Response [200]>
2021-04-26 21:45:12,555 - instabot version: 0.117.0 (api) - DEBUG - GET to endpoint: users/38948575126/info/ returned response: <Response [200]>
2021-04-26 21:45:15,259 - instabot version: 0.117.0 (api) - DEBUG - GET to endpoint: users/30080507113/info/ returned response: <Response [200]>
2021-04-26 21:45:15,931 - instabot version: 0.117.0 (api) - DEBUG - GET to endpoint: users/33961914696/info/ returned response: <Response [200]>
2021-04-26 21:45:17,553 - instabot version: 0.117.0 (api) - DEBUG - GET to endpoint: users/20525064351/info/ returned response: <Response [200]>
2021-04-26 21:45:20,284 - instabot version: 0.117.0 (api) - DEBUG - GET to endpoint: users/39157568864/info/ returned response: <Response [200]>
2021-04-26 21:45:21,944 - instabot version: 0.117.0 (api) - DEBUG - GET to endpoint: users/3635254927/info/ returned response: <Response [200]>
2021-04-26 21:45:23,179 - instabot version: 0.117.0 (api) - DEBUG - GET to endpoint: users/9413753627/info/ returned response: <Response [200]>
2021-04-26 21:45:24,175 - instabot version: 0.117.0 (api) - DEBUG - GET to endpoint: users/33056769642/info/ returned response: <Response [200]>
2021-04-26 21:45:25,952 - instabot version: 0.117.0 (api) - DEBUG - GET to endpoint: users/21875947229/info/ returned response: <Response [200]>
2021-04-26 21:45:28,640 - instabot version: 0.117.0 (api) - DEBUG - GET to endpoint: users/515247545/info/ returned response: <Response [200]>
2021-04-26 21:45:31,262 - instabot version: 0.117.0 (api) - DEBUG - GET to endpoint: users/36519074489/info/ returned response: <Response [200]>
2021-04-26 21:45:32,948 - instabot version: 0.117.0 (api) - DEBUG - POST to endpoint: accounts/logout/ returned response: <Response [200]>
2021-04-26 21:45:32,949 - instabot version: 0.117.0 (bot) - INFO - Bot stopped. Worked: 0:17:27.430201
2021-04-26 21:45:32,949 - instabot version: 0.117.0 (bot_checkpoint) - DEBUG - Saving Checkpoint file to: d:\Programming Languages\03. Projects\Instagram Scrapper\Ver_3.0/config/surya_cool_guy12.checkpoint
2021-04-26 21:45:32,996 - instabot version: 0.117.0 (bot) - INFO - Total requests: 337
