2021-02-15 00:58:01,853 - instabot version: 0.117.0 (bot) - INFO - Instabot version: 0.117.0 Started
2021-02-15 00:58:01,856 - instabot version: 0.117.0 (bot) - DEBUG - Bot imported from C:\Users\LENOVO\anaconda3\lib\site-packages\instabot\bot\bot.py
2021-02-15 00:58:08,874 - instabot version: 0.117.0 (api_login) - INFO - Not yet logged in starting: PRE-LOGIN FLOW!
2021-02-15 00:58:10,079 - instabot version: 0.117.0 (api) - DEBUG - POST to endpoint: accounts/get_prefill_candidates/ returned response: <Response [200]>
2021-02-15 00:58:10,911 - instabot version: 0.117.0 (api) - DEBUG - POST to endpoint: qe/sync/ returned response: <Response [200]>
2021-02-15 00:58:11,368 - instabot version: 0.117.0 (api) - DEBUG - POST to endpoint: launcher/sync/ returned response: <Response [200]>
2021-02-15 00:58:11,879 - instabot version: 0.117.0 (api) - DEBUG - POST to endpoint: accounts/contact_point_prefill/ returned response: <Response [200]>
2021-02-15 00:58:14,241 - instabot version: 0.117.0 (api) - DEBUG - POST to endpoint: accounts/login/ returned response: <Response [200]>
2021-02-15 00:58:14,242 - instabot version: 0.117.0 (api) - INFO - Logged-in successfully as 'randompy2020'!
2021-02-15 00:58:14,244 - instabot version: 0.117.0 (api_login) - INFO - LOGIN FLOW! Just logged-in: True
2021-02-15 00:58:14,956 - instabot version: 0.117.0 (api) - DEBUG - POST to endpoint: qe/sync/ returned response: <Response [200]>
2021-02-15 00:58:15,547 - instabot version: 0.117.0 (api) - DEBUG - POST to endpoint: launcher/sync/ returned response: <Response [200]>
2021-02-15 00:58:15,970 - instabot version: 0.117.0 (api) - DEBUG - GET to endpoint: zr/token/result/?device_id=android-e00652d37fc01327&token_hash=&custom_device_id=android-e00652d37fc01327&fetch_reason=token_expired returned response: <Response [200]>
2021-02-15 00:58:16,488 - instabot version: 0.117.0 (api) - DEBUG - GET to endpoint: multiple_accounts/get_account_family/ returned response: <Response [200]>
2021-02-15 00:58:17,104 - instabot version: 0.117.0 (api) - DEBUG - POST to endpoint: qe/sync/ returned response: <Response [200]>
2021-02-15 00:58:18,026 - instabot version: 0.117.0 (api) - DEBUG - GET to endpoint: igtv/browse_feed/?prefetch=1 returned response: <Response [200]>
2021-02-15 00:58:18,489 - instabot version: 0.117.0 (api) - DEBUG - POST to endpoint: creatives/ar_class/ returned response: <Response [200]>
2021-02-15 00:58:19,352 - instabot version: 0.117.0 (api) - DEBUG - POST to endpoint: feed/reels_tray/ returned response: <Response [200]>
2021-02-15 00:58:24,599 - instabot version: 0.117.0 (api) - DEBUG - POST to endpoint: feed/timeline/ returned response: <Response [200]>
2021-02-15 00:58:25,605 - instabot version: 0.117.0 (api) - DEBUG - GET to endpoint: media/blocked/ returned response: <Response [200]>
2021-02-15 00:58:26,662 - instabot version: 0.117.0 (api) - DEBUG - GET to endpoint: news/inbox/ returned response: <Response [200]>
2021-02-15 00:58:27,140 - instabot version: 0.117.0 (api) - DEBUG - GET to endpoint: loom/fetch_config/ returned response: <Response [200]>
2021-02-15 00:58:28,280 - instabot version: 0.117.0 (api) - DEBUG - GET to endpoint: scores/bootstrap/users/?surfaces=["autocomplete_user_list","coefficient_besties_list_ranking","coefficient_rank_recipient_user_suggestion","coefficient_ios_section_test_bootstrap_ranking","coefficient_direct_recipients_ranking_variant_2"] returned response: <Response [200]>
2021-02-15 00:58:28,770 - instabot version: 0.117.0 (api) - DEBUG - GET to endpoint: business/eligibility/get_monetization_products_eligibility_data/?product_types=branded_content returned response: <Response [200]>
2021-02-15 00:58:29,286 - instabot version: 0.117.0 (api) - DEBUG - GET to endpoint: business/branded_content/should_require_professional_account/ returned response: <Response [200]>
2021-02-15 00:58:29,799 - instabot version: 0.117.0 (api) - DEBUG - GET to endpoint: linked_accounts/get_linkage_status/ returned response: <Response [200]>
2021-02-15 00:58:30,350 - instabot version: 0.117.0 (api) - DEBUG - GET to endpoint: locations/request_country/ returned response: <Response [200]>
2021-02-15 00:58:30,821 - instabot version: 0.117.0 (api) - DEBUG - GET to endpoint: qp/get_cooldowns/?signed_body=signed_body=4b9c516a5410a3bc128e09c6104a7f042146b9c2023870560c63a43a7f66781c.4&ig_sig_key_version=4&ig_sig_key_version=4 returned response: <Response [200]>
2021-02-15 00:58:31,336 - instabot version: 0.117.0 (api) - DEBUG - GET to endpoint: users/arlink_download_info/?version_override=2.2.1 returned response: <Response [200]>
2021-02-15 00:58:32,158 - instabot version: 0.117.0 (api) - DEBUG - GET to endpoint: users/45169428424/info/ returned response: <Response [200]>
2021-02-15 00:58:32,769 - instabot version: 0.117.0 (api) - DEBUG - GET to endpoint: direct_v2/get_presence/ returned response: <Response [200]>
2021-02-15 00:58:33,391 - instabot version: 0.117.0 (api) - DEBUG - GET to endpoint: direct_v2/inbox/?visual_message_return_type=unseen&thread_message_limit=10&persistentBadging=true&limit=20 returned response: <Response [200]>
2021-02-15 00:58:33,998 - instabot version: 0.117.0 (api) - DEBUG - GET to endpoint: direct_v2/inbox/?visual_message_return_type=unseen&persistentBadging=true&limit=0 returned response: <Response [200]>
2021-02-15 00:58:36,033 - instabot version: 0.117.0 (api) - DEBUG - GET to endpoint: discover/topical_explore/?is_prefetch=true&omit_cover_media=true&use_sectional_payload=true&timezone_offset=0&session_id=65d9c9ea-eda2-431b-ba8c-f5d2e9191d11&include_fixed_destinations=true returned response: <Response [200]>
2021-02-15 00:58:36,557 - instabot version: 0.117.0 (api) - DEBUG - POST to endpoint: notifications/badge/ returned response: <Response [200]>
2021-02-15 00:58:37,479 - instabot version: 0.117.0 (api) - DEBUG - POST to endpoint: qp/batch_fetch/ returned response: <Response [200]>
2021-02-15 00:58:37,485 - instabot version: 0.117.0 (bot_checkpoint) - DEBUG - Loading Checkpoint file from: d:\Programming Languages\03. Projects\Instagram Scrapper\Ver_3.0/config/randompy2020.checkpoint
2021-02-15 00:58:48,849 - instabot version: 0.117.0 (api) - DEBUG - GET to endpoint: users/14440401359/info/ returned response: <Response [200]>
2021-02-15 00:58:51,941 - instabot version: 0.117.0 (api) - DEBUG - GET to endpoint: users/35805391706/info/ returned response: <Response [200]>
2021-02-15 00:58:55,240 - instabot version: 0.117.0 (api) - DEBUG - GET to endpoint: users/43572206219/info/ returned response: <Response [200]>
2021-02-15 00:58:56,308 - instabot version: 0.117.0 (api) - DEBUG - GET to endpoint: users/44043207667/info/ returned response: <Response [200]>
2021-02-15 00:58:57,352 - instabot version: 0.117.0 (api) - DEBUG - GET to endpoint: users/37068725324/info/ returned response: <Response [200]>
2021-02-15 00:59:00,705 - instabot version: 0.117.0 (api) - DEBUG - GET to endpoint: users/40441314712/info/ returned response: <Response [200]>
2021-02-15 00:59:02,596 - instabot version: 0.117.0 (api) - DEBUG - GET to endpoint: users/39944753977/info/ returned response: <Response [200]>
2021-02-15 00:59:03,417 - instabot version: 0.117.0 (api) - DEBUG - GET to endpoint: users/45629507151/info/ returned response: <Response [200]>
2021-02-15 00:59:04,514 - instabot version: 0.117.0 (api) - DEBUG - GET to endpoint: users/38306461983/info/ returned response: <Response [200]>
2021-02-15 00:59:07,492 - instabot version: 0.117.0 (api) - DEBUG - GET to endpoint: users/1489168462/info/ returned response: <Response [200]>
2021-02-15 00:59:08,716 - instabot version: 0.117.0 (api) - DEBUG - GET to endpoint: users/36671858447/info/ returned response: <Response [200]>
2021-02-15 00:59:09,621 - instabot version: 0.117.0 (api) - DEBUG - GET to endpoint: users/4817556943/info/ returned response: <Response [200]>
2021-02-15 00:59:12,410 - instabot version: 0.117.0 (api) - DEBUG - GET to endpoint: users/3496756871/info/ returned response: <Response [200]>
2021-02-15 00:59:14,454 - instabot version: 0.117.0 (api) - DEBUG - GET to endpoint: users/20934040697/info/ returned response: <Response [200]>
2021-02-15 00:59:16,148 - instabot version: 0.117.0 (api) - DEBUG - GET to endpoint: users/43114853523/info/ returned response: <Response [200]>
2021-02-15 00:59:18,085 - instabot version: 0.117.0 (api) - DEBUG - GET to endpoint: users/33718954484/info/ returned response: <Response [200]>
2021-02-15 00:59:21,104 - instabot version: 0.117.0 (api) - DEBUG - GET to endpoint: users/41663545806/info/ returned response: <Response [200]>
2021-02-15 00:59:21,938 - instabot version: 0.117.0 (api) - DEBUG - GET to endpoint: users/22982364049/info/ returned response: <Response [200]>
2021-02-15 00:59:23,772 - instabot version: 0.117.0 (api) - DEBUG - GET to endpoint: users/5419183724/info/ returned response: <Response [200]>
2021-02-15 00:59:25,612 - instabot version: 0.117.0 (api) - DEBUG - GET to endpoint: users/39332028836/info/ returned response: <Response [200]>
2021-02-15 00:59:28,792 - instabot version: 0.117.0 (api) - DEBUG - GET to endpoint: users/39467615885/info/ returned response: <Response [200]>
2021-02-15 00:59:30,121 - instabot version: 0.117.0 (api) - DEBUG - GET to endpoint: users/5652243211/info/ returned response: <Response [200]>
2021-02-15 00:59:32,265 - instabot version: 0.117.0 (api) - DEBUG - GET to endpoint: users/40338999471/info/ returned response: <Response [200]>
2021-02-15 00:59:32,994 - instabot version: 0.117.0 (api) - DEBUG - GET to endpoint: users/43833871075/info/ returned response: <Response [200]>
2021-02-15 00:59:35,033 - instabot version: 0.117.0 (api) - DEBUG - GET to endpoint: users/8623374956/info/ returned response: <Response [200]>
2021-02-15 00:59:36,876 - instabot version: 0.117.0 (api) - DEBUG - GET to endpoint: users/5770314671/info/ returned response: <Response [200]>
2021-02-15 00:59:39,642 - instabot version: 0.117.0 (api) - DEBUG - GET to endpoint: users/7642879592/info/ returned response: <Response [200]>
2021-02-15 00:59:41,527 - instabot version: 0.117.0 (api) - DEBUG - GET to endpoint: users/38928216641/info/ returned response: <Response [200]>
2021-02-15 00:59:43,337 - instabot version: 0.117.0 (api) - DEBUG - GET to endpoint: users/38018304740/info/ returned response: <Response [200]>
2021-02-15 00:59:45,479 - instabot version: 0.117.0 (api) - DEBUG - GET to endpoint: users/17088845706/info/ returned response: <Response [200]>
2021-02-15 00:59:48,232 - instabot version: 0.117.0 (api) - DEBUG - GET to endpoint: users/42041838216/info/ returned response: <Response [200]>
2021-02-15 00:59:50,083 - instabot version: 0.117.0 (api) - DEBUG - GET to endpoint: users/44745910532/info/ returned response: <Response [200]>
2021-02-15 00:59:51,821 - instabot version: 0.117.0 (api) - DEBUG - GET to endpoint: users/39744281463/info/ returned response: <Response [200]>
2021-02-15 00:59:55,221 - instabot version: 0.117.0 (api) - DEBUG - GET to endpoint: users/36819864577/info/ returned response: <Response [200]>
2021-02-15 00:59:56,129 - instabot version: 0.117.0 (api) - DEBUG - GET to endpoint: users/2148577431/info/ returned response: <Response [200]>
2021-02-15 00:59:57,969 - instabot version: 0.117.0 (api) - DEBUG - GET to endpoint: users/31260885130/info/ returned response: <Response [200]>
2021-02-15 00:59:58,892 - instabot version: 0.117.0 (api) - DEBUG - GET to endpoint: users/36488469252/info/ returned response: <Response [200]>
2021-02-15 00:59:59,609 - instabot version: 0.117.0 (api) - DEBUG - GET to endpoint: users/8085542406/info/ returned response: <Response [200]>
2021-02-15 01:00:02,781 - instabot version: 0.117.0 (api) - DEBUG - GET to endpoint: users/41941978399/info/ returned response: <Response [200]>
2021-02-15 01:00:05,887 - instabot version: 0.117.0 (api) - DEBUG - GET to endpoint: users/19733765070/info/ returned response: <Response [200]>
2021-02-15 01:00:07,904 - instabot version: 0.117.0 (api) - DEBUG - GET to endpoint: users/30305950447/info/ returned response: <Response [200]>
2021-02-15 01:00:10,972 - instabot version: 0.117.0 (api) - DEBUG - GET to endpoint: users/37518056463/info/ returned response: <Response [200]>
2021-02-15 01:00:14,257 - instabot version: 0.117.0 (api) - DEBUG - GET to endpoint: users/30575398316/info/ returned response: <Response [200]>
2021-02-15 01:00:15,907 - instabot version: 0.117.0 (api) - DEBUG - GET to endpoint: users/40910812068/info/ returned response: <Response [200]>
2021-02-15 01:00:16,884 - instabot version: 0.117.0 (api) - DEBUG - GET to endpoint: users/26169230506/info/ returned response: <Response [200]>
2021-02-15 01:00:19,782 - instabot version: 0.117.0 (api) - DEBUG - GET to endpoint: users/23628715272/info/ returned response: <Response [200]>
2021-02-15 01:00:23,064 - instabot version: 0.117.0 (api) - DEBUG - GET to endpoint: users/45207210987/info/ returned response: <Response [200]>
2021-02-15 01:00:23,789 - instabot version: 0.117.0 (api) - DEBUG - GET to endpoint: users/9218422700/info/ returned response: <Response [200]>
2021-02-15 01:00:25,534 - instabot version: 0.117.0 (api) - DEBUG - GET to endpoint: users/31699776881/info/ returned response: <Response [200]>
2021-02-15 01:00:27,666 - instabot version: 0.117.0 (api) - DEBUG - GET to endpoint: users/34907380935/info/ returned response: <Response [200]>
2021-02-15 01:00:30,449 - instabot version: 0.117.0 (api) - DEBUG - GET to endpoint: users/11204072664/info/ returned response: <Response [200]>
2021-02-15 01:00:32,374 - instabot version: 0.117.0 (api) - DEBUG - GET to endpoint: users/41556492566/info/ returned response: <Response [200]>
2021-02-15 01:00:33,229 - instabot version: 0.117.0 (api) - DEBUG - GET to endpoint: users/27646837397/info/ returned response: <Response [200]>
2021-02-15 01:00:34,437 - instabot version: 0.117.0 (api) - DEBUG - GET to endpoint: users/23862082194/info/ returned response: <Response [200]>
2021-02-15 01:00:37,289 - instabot version: 0.117.0 (api) - DEBUG - GET to endpoint: users/38725365554/info/ returned response: <Response [200]>
2021-02-15 01:00:39,255 - instabot version: 0.117.0 (api) - DEBUG - GET to endpoint: users/39882947859/info/ returned response: <Response [200]>
2021-02-15 01:00:41,502 - instabot version: 0.117.0 (api) - DEBUG - GET to endpoint: users/10467446160/info/ returned response: <Response [200]>
2021-02-15 01:00:42,307 - instabot version: 0.117.0 (api) - DEBUG - GET to endpoint: users/4230126389/info/ returned response: <Response [200]>
2021-02-15 01:00:44,972 - instabot version: 0.117.0 (api) - DEBUG - GET to endpoint: users/38500529848/info/ returned response: <Response [200]>
2021-02-15 01:00:45,798 - instabot version: 0.117.0 (api) - DEBUG - GET to endpoint: users/45608821406/info/ returned response: <Response [200]>
2021-02-15 01:00:47,632 - instabot version: 0.117.0 (api) - DEBUG - GET to endpoint: users/40367539120/info/ returned response: <Response [200]>
2021-02-15 01:00:48,351 - instabot version: 0.117.0 (api) - DEBUG - GET to endpoint: users/38745646528/info/ returned response: <Response [200]>
2021-02-15 01:00:50,167 - instabot version: 0.117.0 (api) - DEBUG - GET to endpoint: users/45387101300/info/ returned response: <Response [200]>
2021-02-15 01:00:51,114 - instabot version: 0.117.0 (api) - DEBUG - GET to endpoint: users/39231090893/info/ returned response: <Response [200]>
2021-02-15 01:00:53,161 - instabot version: 0.117.0 (api) - DEBUG - GET to endpoint: users/13776516489/info/ returned response: <Response [200]>
2021-02-15 01:00:54,185 - instabot version: 0.117.0 (api) - DEBUG - GET to endpoint: users/33930471564/info/ returned response: <Response [200]>
2021-02-15 01:00:56,341 - instabot version: 0.117.0 (api) - DEBUG - GET to endpoint: users/36591327682/info/ returned response: <Response [200]>
2021-02-15 01:00:59,012 - instabot version: 0.117.0 (api) - DEBUG - GET to endpoint: users/44368396405/info/ returned response: <Response [200]>
2021-02-15 01:01:00,848 - instabot version: 0.117.0 (api) - DEBUG - GET to endpoint: users/25985545440/info/ returned response: <Response [200]>
2021-02-15 01:01:03,506 - instabot version: 0.117.0 (api) - DEBUG - GET to endpoint: users/44800128646/info/ returned response: <Response [200]>
2021-02-15 01:01:06,577 - instabot version: 0.117.0 (api) - DEBUG - GET to endpoint: users/31562757210/info/ returned response: <Response [200]>
2021-02-15 01:01:09,342 - instabot version: 0.117.0 (api) - DEBUG - GET to endpoint: users/39445056628/info/ returned response: <Response [200]>
2021-02-15 01:01:11,083 - instabot version: 0.117.0 (api) - DEBUG - GET to endpoint: users/31124541873/info/ returned response: <Response [200]>
2021-02-15 01:01:13,334 - instabot version: 0.117.0 (api) - DEBUG - GET to endpoint: users/11102950543/info/ returned response: <Response [200]>
2021-02-15 01:01:15,495 - instabot version: 0.117.0 (api) - DEBUG - GET to endpoint: users/14101432022/info/ returned response: <Response [200]>
2021-02-15 01:01:16,794 - instabot version: 0.117.0 (api) - DEBUG - GET to endpoint: users/37762938356/info/ returned response: <Response [200]>
2021-02-15 01:01:19,991 - instabot version: 0.117.0 (api) - DEBUG - GET to endpoint: users/35096933844/info/ returned response: <Response [200]>
2021-02-15 01:01:20,811 - instabot version: 0.117.0 (api) - DEBUG - GET to endpoint: users/43798944459/info/ returned response: <Response [200]>
2021-02-15 01:01:23,687 - instabot version: 0.117.0 (api) - DEBUG - GET to endpoint: users/16879996412/info/ returned response: <Response [200]>
2021-02-15 01:01:25,335 - instabot version: 0.117.0 (api) - DEBUG - GET to endpoint: users/45601897942/info/ returned response: <Response [200]>
2021-02-15 01:01:27,468 - instabot version: 0.117.0 (api) - DEBUG - GET to endpoint: users/44097744412/info/ returned response: <Response [200]>
2021-02-15 01:01:29,530 - instabot version: 0.117.0 (api) - DEBUG - GET to endpoint: users/10720005447/info/ returned response: <Response [200]>
2021-02-15 01:01:31,674 - instabot version: 0.117.0 (api) - DEBUG - GET to endpoint: users/3488993716/info/ returned response: <Response [200]>
2021-02-15 01:01:32,894 - instabot version: 0.117.0 (api) - DEBUG - GET to endpoint: users/13698118613/info/ returned response: <Response [200]>
2021-02-15 01:01:35,043 - instabot version: 0.117.0 (api) - DEBUG - GET to endpoint: users/12329779629/info/ returned response: <Response [200]>
2021-02-15 01:01:36,891 - instabot version: 0.117.0 (api) - DEBUG - GET to endpoint: users/45150196334/info/ returned response: <Response [200]>
2021-02-15 01:01:37,808 - instabot version: 0.117.0 (api) - DEBUG - GET to endpoint: users/36590896914/info/ returned response: <Response [200]>
2021-02-15 01:01:38,952 - instabot version: 0.117.0 (api) - DEBUG - GET to endpoint: users/44796066640/info/ returned response: <Response [200]>
2021-02-15 01:01:40,149 - instabot version: 0.117.0 (api) - DEBUG - GET to endpoint: users/13699548128/info/ returned response: <Response [200]>
2021-02-15 01:01:40,980 - instabot version: 0.117.0 (api) - DEBUG - GET to endpoint: users/32767241903/info/ returned response: <Response [200]>
2021-02-15 01:01:41,804 - instabot version: 0.117.0 (api) - DEBUG - GET to endpoint: users/2009808224/info/ returned response: <Response [200]>
2021-02-15 01:01:43,763 - instabot version: 0.117.0 (api) - DEBUG - GET to endpoint: users/35777746203/info/ returned response: <Response [200]>
2021-02-15 01:01:46,615 - instabot version: 0.117.0 (api) - DEBUG - GET to endpoint: users/45250690503/info/ returned response: <Response [200]>
2021-02-15 01:01:48,563 - instabot version: 0.117.0 (api) - DEBUG - GET to endpoint: users/7912810757/info/ returned response: <Response [200]>
2021-02-15 01:01:51,330 - instabot version: 0.117.0 (api) - DEBUG - GET to endpoint: users/10984761422/info/ returned response: <Response [200]>
2021-02-15 01:01:53,581 - instabot version: 0.117.0 (api) - DEBUG - GET to endpoint: users/19452858179/info/ returned response: <Response [200]>
2021-02-15 01:01:55,278 - instabot version: 0.117.0 (api) - DEBUG - GET to endpoint: users/192131081/info/ returned response: <Response [200]>
2021-02-15 01:01:57,996 - instabot version: 0.117.0 (api) - DEBUG - GET to endpoint: users/34188121698/info/ returned response: <Response [200]>
2021-02-15 01:02:00,133 - instabot version: 0.117.0 (api) - DEBUG - GET to endpoint: users/34454372398/info/ returned response: <Response [200]>
2021-02-15 01:02:03,102 - instabot version: 0.117.0 (api) - DEBUG - GET to endpoint: users/39202720311/info/ returned response: <Response [200]>
2021-02-15 01:02:05,052 - instabot version: 0.117.0 (api) - DEBUG - GET to endpoint: users/45088237597/info/ returned response: <Response [200]>
2021-02-15 01:02:08,222 - instabot version: 0.117.0 (api) - DEBUG - GET to endpoint: users/1923302320/info/ returned response: <Response [200]>
2021-02-15 01:02:09,362 - instabot version: 0.117.0 (api) - DEBUG - GET to endpoint: users/37816950317/info/ returned response: <Response [200]>
2021-02-15 01:02:10,174 - instabot version: 0.117.0 (api) - DEBUG - GET to endpoint: users/34169129921/info/ returned response: <Response [200]>
2021-02-15 01:02:11,292 - instabot version: 0.117.0 (api) - DEBUG - GET to endpoint: users/37022724475/info/ returned response: <Response [200]>
2021-02-15 01:02:14,171 - instabot version: 0.117.0 (api) - DEBUG - GET to endpoint: users/40285310069/info/ returned response: <Response [200]>
2021-02-15 01:02:15,901 - instabot version: 0.117.0 (api) - DEBUG - GET to endpoint: users/9013005708/info/ returned response: <Response [200]>
2021-02-15 01:02:18,988 - instabot version: 0.117.0 (api) - DEBUG - GET to endpoint: users/44100123637/info/ returned response: <Response [200]>
2021-02-15 01:02:21,330 - instabot version: 0.117.0 (api) - DEBUG - GET to endpoint: users/5412705589/info/ returned response: <Response [200]>
2021-02-15 01:02:24,508 - instabot version: 0.117.0 (api) - DEBUG - GET to endpoint: users/3962687588/info/ returned response: <Response [200]>
2021-02-15 01:02:26,553 - instabot version: 0.117.0 (api) - DEBUG - GET to endpoint: users/23335731313/info/ returned response: <Response [200]>
2021-02-15 01:02:29,251 - instabot version: 0.117.0 (api) - DEBUG - GET to endpoint: users/45283159119/info/ returned response: <Response [200]>
2021-02-15 01:02:31,366 - instabot version: 0.117.0 (api) - DEBUG - GET to endpoint: users/5325457746/info/ returned response: <Response [200]>
2021-02-15 01:02:34,131 - instabot version: 0.117.0 (api) - DEBUG - GET to endpoint: users/7466971822/info/ returned response: <Response [200]>
2021-02-15 01:02:36,281 - instabot version: 0.117.0 (api) - DEBUG - GET to endpoint: users/8760972223/info/ returned response: <Response [200]>
2021-02-15 01:02:38,844 - instabot version: 0.117.0 (api) - DEBUG - GET to endpoint: users/36780357873/info/ returned response: <Response [200]>
2021-02-15 01:02:39,664 - instabot version: 0.117.0 (api) - DEBUG - GET to endpoint: users/2124123121/info/ returned response: <Response [200]>
2021-02-15 01:02:40,788 - instabot version: 0.117.0 (api) - DEBUG - GET to endpoint: users/37366881057/info/ returned response: <Response [200]>
2021-02-15 01:02:43,862 - instabot version: 0.117.0 (api) - DEBUG - GET to endpoint: users/3924476374/info/ returned response: <Response [200]>
2021-02-15 01:02:47,182 - instabot version: 0.117.0 (api) - DEBUG - GET to endpoint: users/41713420049/info/ returned response: <Response [200]>
2021-02-15 01:02:49,896 - instabot version: 0.117.0 (api) - DEBUG - GET to endpoint: users/5756961713/info/ returned response: <Response [200]>
2021-02-15 01:02:50,619 - instabot version: 0.117.0 (api) - DEBUG - GET to endpoint: users/2663813634/info/ returned response: <Response [200]>
2021-02-15 01:02:53,805 - instabot version: 0.117.0 (api) - DEBUG - GET to endpoint: users/806617523/info/ returned response: <Response [200]>
2021-02-15 01:02:55,840 - instabot version: 0.117.0 (api) - DEBUG - GET to endpoint: users/39521790935/info/ returned response: <Response [200]>
2021-02-15 01:02:56,772 - instabot version: 0.117.0 (api) - DEBUG - GET to endpoint: users/44252964030/info/ returned response: <Response [200]>
2021-02-15 01:02:59,834 - instabot version: 0.117.0 (api) - DEBUG - GET to endpoint: users/33419611355/info/ returned response: <Response [200]>
2021-02-15 01:03:02,721 - instabot version: 0.117.0 (api) - DEBUG - GET to endpoint: users/3957926362/info/ returned response: <Response [200]>
2021-02-15 01:03:04,652 - instabot version: 0.117.0 (api) - DEBUG - GET to endpoint: users/27268757777/info/ returned response: <Response [200]>
2021-02-15 01:03:06,388 - instabot version: 0.117.0 (api) - DEBUG - GET to endpoint: users/40586356536/info/ returned response: <Response [200]>
2021-02-15 01:03:08,333 - instabot version: 0.117.0 (api) - DEBUG - GET to endpoint: users/45142450948/info/ returned response: <Response [200]>
2021-02-15 01:03:11,202 - instabot version: 0.117.0 (api) - DEBUG - GET to endpoint: users/7011638087/info/ returned response: <Response [200]>
2021-02-15 01:03:12,937 - instabot version: 0.117.0 (api) - DEBUG - GET to endpoint: users/45435265739/info/ returned response: <Response [200]>
2021-02-15 01:03:13,965 - instabot version: 0.117.0 (api) - DEBUG - GET to endpoint: users/9303963788/info/ returned response: <Response [200]>
2021-02-15 01:03:15,816 - instabot version: 0.117.0 (api) - DEBUG - GET to endpoint: users/21808776445/info/ returned response: <Response [200]>
2021-02-15 01:03:16,629 - instabot version: 0.117.0 (api) - DEBUG - GET to endpoint: users/8470690420/info/ returned response: <Response [200]>
2021-02-15 01:03:18,369 - instabot version: 0.117.0 (api) - DEBUG - GET to endpoint: users/6241011213/info/ returned response: <Response [200]>
2021-02-15 01:03:19,304 - instabot version: 0.117.0 (api) - DEBUG - GET to endpoint: users/2965633408/info/ returned response: <Response [200]>
2021-02-15 01:03:21,244 - instabot version: 0.117.0 (api) - DEBUG - GET to endpoint: users/23846409630/info/ returned response: <Response [200]>
2021-02-15 01:03:22,255 - instabot version: 0.117.0 (api) - DEBUG - GET to endpoint: users/27931513499/info/ returned response: <Response [200]>
2021-02-15 01:03:24,165 - instabot version: 0.117.0 (api) - DEBUG - GET to endpoint: users/39816797711/info/ returned response: <Response [200]>
2021-02-15 01:03:25,231 - instabot version: 0.117.0 (api) - DEBUG - GET to endpoint: users/45626385164/info/ returned response: <Response [200]>
2021-02-15 01:03:25,947 - instabot version: 0.117.0 (api) - DEBUG - GET to endpoint: users/18671962711/info/ returned response: <Response [200]>
2021-02-15 01:03:26,520 - instabot version: 0.117.0 (api) - DEBUG - GET to endpoint: users/45255546097/info/ returned response: <Response [200]>
2021-02-15 01:03:28,396 - instabot version: 0.117.0 (api) - DEBUG - GET to endpoint: users/1973131091/info/ returned response: <Response [200]>
2021-02-15 01:03:30,146 - instabot version: 0.117.0 (api) - DEBUG - GET to endpoint: users/13980915424/info/ returned response: <Response [200]>
2021-02-15 01:03:32,297 - instabot version: 0.117.0 (api) - DEBUG - GET to endpoint: users/34406221386/info/ returned response: <Response [200]>
2021-02-15 01:03:34,560 - instabot version: 0.117.0 (api) - DEBUG - GET to endpoint: users/7081548424/info/ returned response: <Response [200]>
2021-02-15 01:03:37,834 - instabot version: 0.117.0 (api) - DEBUG - GET to endpoint: users/39376714633/info/ returned response: <Response [200]>
2021-02-15 01:03:39,579 - instabot version: 0.117.0 (api) - DEBUG - GET to endpoint: users/40403764769/info/ returned response: <Response [200]>
2021-02-15 01:03:41,316 - instabot version: 0.117.0 (api) - DEBUG - GET to endpoint: users/5571479222/info/ returned response: <Response [200]>
2021-02-15 01:03:42,023 - instabot version: 0.117.0 (api) - DEBUG - GET to endpoint: users/1836107711/info/ returned response: <Response [200]>
2021-02-15 01:03:43,649 - instabot version: 0.117.0 (api) - DEBUG - GET to endpoint: users/33953467523/info/ returned response: <Response [200]>
2021-02-15 01:03:46,633 - instabot version: 0.117.0 (api) - DEBUG - GET to endpoint: users/5989279076/info/ returned response: <Response [200]>
2021-02-15 01:03:49,603 - instabot version: 0.117.0 (api) - DEBUG - GET to endpoint: users/13243553332/info/ returned response: <Response [200]>
2021-02-15 01:03:50,525 - instabot version: 0.117.0 (api) - DEBUG - GET to endpoint: users/8624789768/info/ returned response: <Response [200]>
2021-02-15 01:03:51,352 - instabot version: 0.117.0 (api) - DEBUG - GET to endpoint: users/45380754296/info/ returned response: <Response [200]>
2021-02-15 01:03:53,399 - instabot version: 0.117.0 (api) - DEBUG - GET to endpoint: users/35351507139/info/ returned response: <Response [200]>
2021-02-15 01:03:54,103 - instabot version: 0.117.0 (api) - DEBUG - GET to endpoint: users/6331108734/info/ returned response: <Response [200]>
2021-02-15 01:03:54,823 - instabot version: 0.117.0 (api) - DEBUG - GET to endpoint: users/10741509/info/ returned response: <Response [200]>
2021-02-15 01:03:56,667 - instabot version: 0.117.0 (api) - DEBUG - GET to endpoint: users/35787385433/info/ returned response: <Response [200]>
2021-02-15 01:03:58,716 - instabot version: 0.117.0 (api) - DEBUG - GET to endpoint: users/45276913844/info/ returned response: <Response [200]>
2021-02-15 01:04:01,794 - instabot version: 0.117.0 (api) - DEBUG - GET to endpoint: users/34639564196/info/ returned response: <Response [200]>
2021-02-15 01:04:04,562 - instabot version: 0.117.0 (api) - DEBUG - GET to endpoint: users/39060082875/info/ returned response: <Response [200]>
2021-02-15 01:04:07,319 - instabot version: 0.117.0 (api) - DEBUG - GET to endpoint: users/12139681122/info/ returned response: <Response [200]>
2021-02-15 01:04:10,414 - instabot version: 0.117.0 (api) - DEBUG - GET to endpoint: users/1345978725/info/ returned response: <Response [200]>
2021-02-15 01:04:11,694 - instabot version: 0.117.0 (api) - DEBUG - GET to endpoint: users/4093938151/info/ returned response: <Response [200]>
2021-02-15 01:04:12,643 - instabot version: 0.117.0 (api) - DEBUG - GET to endpoint: users/26106600426/info/ returned response: <Response [200]>
2021-02-15 01:04:14,797 - instabot version: 0.117.0 (api) - DEBUG - GET to endpoint: users/18829038289/info/ returned response: <Response [200]>
2021-02-15 01:04:15,611 - instabot version: 0.117.0 (api) - DEBUG - GET to endpoint: users/35678264524/info/ returned response: <Response [200]>
2021-02-15 01:04:18,581 - instabot version: 0.117.0 (api) - DEBUG - GET to endpoint: users/31533529501/info/ returned response: <Response [200]>
2021-02-15 01:04:19,313 - instabot version: 0.117.0 (api) - DEBUG - GET to endpoint: users/273310973/info/ returned response: <Response [200]>
2021-02-15 01:04:20,427 - instabot version: 0.117.0 (api) - DEBUG - GET to endpoint: users/20094129450/info/ returned response: <Response [200]>
2021-02-15 01:04:22,381 - instabot version: 0.117.0 (api) - DEBUG - GET to endpoint: users/32682768859/info/ returned response: <Response [200]>
2021-02-15 01:04:25,135 - instabot version: 0.117.0 (api) - DEBUG - GET to endpoint: users/32515564990/info/ returned response: <Response [200]>
2021-02-15 01:04:27,078 - instabot version: 0.117.0 (api) - DEBUG - GET to endpoint: users/15878477295/info/ returned response: <Response [200]>
2021-02-15 01:04:27,799 - instabot version: 0.117.0 (api) - DEBUG - GET to endpoint: users/33511517320/info/ returned response: <Response [200]>
2021-02-15 01:04:28,830 - instabot version: 0.117.0 (api) - DEBUG - GET to endpoint: users/38974925974/info/ returned response: <Response [200]>
2021-02-15 01:04:32,097 - instabot version: 0.117.0 (api) - DEBUG - GET to endpoint: users/19144606788/info/ returned response: <Response [200]>
2021-02-15 01:04:34,868 - instabot version: 0.117.0 (api) - DEBUG - GET to endpoint: users/35904470672/info/ returned response: <Response [200]>
2021-02-15 01:04:35,786 - instabot version: 0.117.0 (api) - DEBUG - GET to endpoint: users/33377786411/info/ returned response: <Response [200]>
2021-02-15 01:04:37,635 - instabot version: 0.117.0 (api) - DEBUG - GET to endpoint: users/1807531804/info/ returned response: <Response [200]>
2021-02-15 01:04:38,447 - instabot version: 0.117.0 (api) - DEBUG - GET to endpoint: users/25685289482/info/ returned response: <Response [200]>
2021-02-15 01:04:39,356 - instabot version: 0.117.0 (api) - DEBUG - GET to endpoint: users/6209379247/info/ returned response: <Response [200]>
2021-02-15 01:04:42,245 - instabot version: 0.117.0 (api) - DEBUG - GET to endpoint: users/6740100157/info/ returned response: <Response [200]>
2021-02-15 01:04:43,260 - instabot version: 0.117.0 (api) - DEBUG - GET to endpoint: users/8670157179/info/ returned response: <Response [200]>
2021-02-15 01:04:44,091 - instabot version: 0.117.0 (api) - DEBUG - GET to endpoint: users/39506906059/info/ returned response: <Response [200]>
2021-02-15 01:04:44,998 - instabot version: 0.117.0 (api) - DEBUG - GET to endpoint: users/37517651878/info/ returned response: <Response [200]>
2021-02-15 01:04:47,664 - instabot version: 0.117.0 (api) - DEBUG - GET to endpoint: users/13811485476/info/ returned response: <Response [200]>
2021-02-15 01:04:50,634 - instabot version: 0.117.0 (api) - DEBUG - GET to endpoint: users/8327192717/info/ returned response: <Response [200]>
2021-02-15 01:04:52,478 - instabot version: 0.117.0 (api) - DEBUG - GET to endpoint: users/14661264932/info/ returned response: <Response [200]>
2021-02-15 01:04:53,092 - instabot version: 0.117.0 (api) - DEBUG - GET to endpoint: users/41960602395/info/ returned response: <Response [200]>
2021-02-15 01:04:53,711 - instabot version: 0.117.0 (api) - DEBUG - GET to endpoint: users/44995284609/info/ returned response: <Response [200]>
2021-02-15 01:04:55,446 - instabot version: 0.117.0 (api) - DEBUG - GET to endpoint: users/2178443253/info/ returned response: <Response [200]>
2021-02-15 01:04:58,107 - instabot version: 0.117.0 (api) - DEBUG - GET to endpoint: users/6682007381/info/ returned response: <Response [200]>
2021-02-15 01:05:01,204 - instabot version: 0.117.0 (api) - DEBUG - GET to endpoint: users/6138910560/info/ returned response: <Response [200]>
2021-02-15 01:05:02,410 - instabot version: 0.117.0 (api) - DEBUG - GET to endpoint: users/42853532572/info/ returned response: <Response [200]>
2021-02-15 01:05:04,153 - instabot version: 0.117.0 (api) - DEBUG - GET to endpoint: users/5367544741/info/ returned response: <Response [200]>
2021-02-15 01:05:05,994 - instabot version: 0.117.0 (api) - DEBUG - GET to endpoint: users/24636499023/info/ returned response: <Response [200]>
2021-02-15 01:05:09,172 - instabot version: 0.117.0 (api) - DEBUG - GET to endpoint: users/14676005033/info/ returned response: <Response [200]>
2021-02-15 01:05:11,929 - instabot version: 0.117.0 (api) - DEBUG - GET to endpoint: users/8609401944/info/ returned response: <Response [200]>
2021-02-15 01:05:15,004 - instabot version: 0.117.0 (api) - DEBUG - GET to endpoint: users/18838828713/info/ returned response: <Response [200]>
2021-02-15 01:05:18,076 - instabot version: 0.117.0 (api) - DEBUG - GET to endpoint: users/518545205/info/ returned response: <Response [200]>
2021-02-15 01:05:20,942 - instabot version: 0.117.0 (api) - DEBUG - GET to endpoint: users/7071692544/info/ returned response: <Response [200]>
2021-02-15 01:05:22,066 - instabot version: 0.117.0 (api) - DEBUG - GET to endpoint: users/5649301749/info/ returned response: <Response [200]>
2021-02-15 01:05:23,809 - instabot version: 0.117.0 (api) - DEBUG - GET to endpoint: users/44486110696/info/ returned response: <Response [200]>
2021-02-15 01:05:26,780 - instabot version: 0.117.0 (api) - DEBUG - GET to endpoint: users/44799468322/info/ returned response: <Response [200]>
2021-02-15 01:05:27,606 - instabot version: 0.117.0 (api) - DEBUG - GET to endpoint: users/45064385200/info/ returned response: <Response [200]>
2021-02-15 01:05:28,200 - instabot version: 0.117.0 (api) - DEBUG - GET to endpoint: users/8465118315/info/ returned response: <Response [200]>
2021-02-15 01:05:30,467 - instabot version: 0.117.0 (api) - DEBUG - GET to endpoint: users/662818508/info/ returned response: <Response [200]>
2021-02-15 01:05:33,241 - instabot version: 0.117.0 (api) - DEBUG - GET to endpoint: users/43022122346/info/ returned response: <Response [200]>
2021-02-15 01:05:34,314 - instabot version: 0.117.0 (api) - DEBUG - GET to endpoint: users/31821161276/info/ returned response: <Response [200]>
2021-02-15 01:05:37,125 - instabot version: 0.117.0 (api) - DEBUG - GET to endpoint: users/1511800916/info/ returned response: <Response [200]>
2021-02-15 01:05:38,863 - instabot version: 0.117.0 (api) - DEBUG - GET to endpoint: users/56066674/info/ returned response: <Response [200]>
2021-02-15 01:05:39,652 - instabot version: 0.117.0 (api) - DEBUG - GET to endpoint: users/11915906378/info/ returned response: <Response [200]>
2021-02-15 01:05:40,502 - instabot version: 0.117.0 (api) - DEBUG - GET to endpoint: users/508641647/info/ returned response: <Response [200]>
2021-02-15 01:05:42,351 - instabot version: 0.117.0 (api) - DEBUG - GET to endpoint: users/35126043316/info/ returned response: <Response [200]>
2021-02-15 01:05:43,371 - instabot version: 0.117.0 (api) - DEBUG - GET to endpoint: users/33993562050/info/ returned response: <Response [200]>
2021-02-15 01:05:46,255 - instabot version: 0.117.0 (api) - DEBUG - GET to endpoint: users/32656166861/info/ returned response: <Response [200]>
2021-02-15 01:05:47,069 - instabot version: 0.117.0 (api) - DEBUG - GET to endpoint: users/32547831622/info/ returned response: <Response [200]>
2021-02-15 01:05:47,979 - instabot version: 0.117.0 (api) - DEBUG - GET to endpoint: users/34241521740/info/ returned response: <Response [200]>
2021-02-15 01:05:51,061 - instabot version: 0.117.0 (api) - DEBUG - GET to endpoint: users/45139083427/info/ returned response: <Response [200]>
2021-02-15 01:05:52,893 - instabot version: 0.117.0 (api) - DEBUG - GET to endpoint: users/34562731568/info/ returned response: <Response [200]>
2021-02-15 01:05:54,950 - instabot version: 0.117.0 (api) - DEBUG - GET to endpoint: users/34385576689/info/ returned response: <Response [200]>
2021-02-15 01:05:55,768 - instabot version: 0.117.0 (api) - DEBUG - GET to endpoint: users/7569549918/info/ returned response: <Response [200]>
2021-02-15 01:05:58,397 - instabot version: 0.117.0 (api) - DEBUG - GET to endpoint: users/13280825718/info/ returned response: <Response [200]>
2021-02-15 01:06:00,573 - instabot version: 0.117.0 (api) - DEBUG - GET to endpoint: users/38801059787/info/ returned response: <Response [200]>
2021-02-15 01:06:03,748 - instabot version: 0.117.0 (api) - DEBUG - GET to endpoint: users/38975991353/info/ returned response: <Response [200]>
2021-02-15 01:06:05,700 - instabot version: 0.117.0 (api) - DEBUG - GET to endpoint: users/12974408398/info/ returned response: <Response [200]>
2021-02-15 01:06:06,309 - instabot version: 0.117.0 (api) - DEBUG - GET to endpoint: users/44552663724/info/ returned response: <Response [200]>
2021-02-15 01:06:08,260 - instabot version: 0.117.0 (api) - DEBUG - GET to endpoint: users/37071073844/info/ returned response: <Response [200]>
2021-02-15 01:06:09,086 - instabot version: 0.117.0 (api) - DEBUG - GET to endpoint: users/26496310454/info/ returned response: <Response [200]>
2021-02-15 01:06:10,204 - instabot version: 0.117.0 (api) - DEBUG - GET to endpoint: users/38232508041/info/ returned response: <Response [200]>
2021-02-15 01:06:12,352 - instabot version: 0.117.0 (api) - DEBUG - GET to endpoint: users/8671975164/info/ returned response: <Response [200]>
2021-02-15 01:06:15,119 - instabot version: 0.117.0 (api) - DEBUG - GET to endpoint: users/3202072522/info/ returned response: <Response [200]>
2021-02-15 01:06:16,350 - instabot version: 0.117.0 (api) - DEBUG - GET to endpoint: users/35309533680/info/ returned response: <Response [200]>
2021-02-15 01:06:18,196 - instabot version: 0.117.0 (api) - DEBUG - GET to endpoint: users/39490242434/info/ returned response: <Response [200]>
2021-02-15 01:06:19,914 - instabot version: 0.117.0 (api) - DEBUG - GET to endpoint: users/45078187097/info/ returned response: <Response [200]>
2021-02-15 01:06:22,796 - instabot version: 0.117.0 (api) - DEBUG - GET to endpoint: users/43520688412/info/ returned response: <Response [200]>
2021-02-15 01:06:25,669 - instabot version: 0.117.0 (api) - DEBUG - GET to endpoint: users/15312318049/info/ returned response: <Response [200]>
2021-02-15 01:06:27,507 - instabot version: 0.117.0 (api) - DEBUG - GET to endpoint: users/4646981505/info/ returned response: <Response [200]>
2021-02-15 01:06:30,687 - instabot version: 0.117.0 (api) - DEBUG - GET to endpoint: users/12864084475/info/ returned response: <Response [200]>
2021-02-15 01:06:32,422 - instabot version: 0.117.0 (api) - DEBUG - GET to endpoint: users/45335291656/info/ returned response: <Response [200]>
2021-02-15 01:06:34,266 - instabot version: 0.117.0 (api) - DEBUG - GET to endpoint: users/45083609767/info/ returned response: <Response [200]>
2021-02-15 01:06:37,332 - instabot version: 0.117.0 (api) - DEBUG - GET to endpoint: users/16260676104/info/ returned response: <Response [200]>
2021-02-15 01:06:38,988 - instabot version: 0.117.0 (api) - DEBUG - GET to endpoint: users/41185699797/info/ returned response: <Response [200]>
2021-02-15 01:06:39,996 - instabot version: 0.117.0 (api) - DEBUG - GET to endpoint: users/38560084977/info/ returned response: <Response [200]>
2021-02-15 01:06:43,377 - instabot version: 0.117.0 (api) - DEBUG - GET to endpoint: users/45279147830/info/ returned response: <Response [200]>
2021-02-15 01:06:46,562 - instabot version: 0.117.0 (api) - DEBUG - GET to endpoint: users/33398571844/info/ returned response: <Response [200]>
2021-02-15 01:06:47,472 - instabot version: 0.117.0 (api) - DEBUG - GET to endpoint: users/45390710535/info/ returned response: <Response [200]>
2021-02-15 01:06:50,242 - instabot version: 0.117.0 (api) - DEBUG - GET to endpoint: users/4094151802/info/ returned response: <Response [200]>
2021-02-15 01:06:53,622 - instabot version: 0.117.0 (api) - DEBUG - GET to endpoint: users/4479437451/info/ returned response: <Response [200]>
2021-02-15 01:06:55,362 - instabot version: 0.117.0 (api) - DEBUG - GET to endpoint: users/43323826782/info/ returned response: <Response [200]>
2021-02-15 01:06:58,017 - instabot version: 0.117.0 (api) - DEBUG - GET to endpoint: users/39574635393/info/ returned response: <Response [200]>
2021-02-15 01:06:59,867 - instabot version: 0.117.0 (api) - DEBUG - GET to endpoint: users/44817093615/info/ returned response: <Response [200]>
2021-02-15 01:07:00,797 - instabot version: 0.117.0 (api) - DEBUG - GET to endpoint: users/43855030363/info/ returned response: <Response [200]>
2021-02-15 01:07:03,563 - instabot version: 0.117.0 (api) - DEBUG - GET to endpoint: users/15161159613/info/ returned response: <Response [200]>
2021-02-15 01:07:05,598 - instabot version: 0.117.0 (api) - DEBUG - GET to endpoint: users/43159090374/info/ returned response: <Response [200]>
2021-02-15 01:07:06,722 - instabot version: 0.117.0 (api) - DEBUG - GET to endpoint: users/5559869677/info/ returned response: <Response [200]>
2021-02-15 01:07:08,961 - instabot version: 0.117.0 (api) - DEBUG - GET to endpoint: users/31735612563/info/ returned response: <Response [200]>
2021-02-15 01:07:11,574 - instabot version: 0.117.0 (api) - DEBUG - GET to endpoint: users/45460823194/info/ returned response: <Response [200]>
2021-02-15 01:07:12,874 - instabot version: 0.117.0 (api) - DEBUG - GET to endpoint: users/44671407090/info/ returned response: <Response [200]>
2021-02-15 01:07:13,701 - instabot version: 0.117.0 (api) - DEBUG - GET to endpoint: users/6095581440/info/ returned response: <Response [200]>
2021-02-15 01:07:15,941 - instabot version: 0.117.0 (api) - DEBUG - GET to endpoint: users/1547004820/info/ returned response: <Response [200]>
2021-02-15 01:07:16,981 - instabot version: 0.117.0 (api) - DEBUG - GET to endpoint: users/22417709495/info/ returned response: <Response [200]>
2021-02-15 01:07:19,732 - instabot version: 0.117.0 (api) - DEBUG - GET to endpoint: users/26550130776/info/ returned response: <Response [200]>
2021-02-15 01:07:21,412 - instabot version: 0.117.0 (api) - DEBUG - GET to endpoint: users/5598759421/info/ returned response: <Response [200]>
2021-02-15 01:07:22,499 - instabot version: 0.117.0 (api) - DEBUG - GET to endpoint: users/17861090660/info/ returned response: <Response [200]>
2021-02-15 01:07:24,234 - instabot version: 0.117.0 (api) - DEBUG - GET to endpoint: users/8624919169/info/ returned response: <Response [200]>
2021-02-15 01:07:24,960 - instabot version: 0.117.0 (api) - DEBUG - GET to endpoint: users/10670296063/info/ returned response: <Response [200]>
2021-02-15 01:07:26,693 - instabot version: 0.117.0 (api) - DEBUG - GET to endpoint: users/19250364831/info/ returned response: <Response [200]>
2021-02-15 01:07:29,398 - instabot version: 0.117.0 (api) - DEBUG - GET to endpoint: users/44710843838/info/ returned response: <Response [200]>
2021-02-15 01:07:30,484 - instabot version: 0.117.0 (api) - DEBUG - GET to endpoint: users/36806743782/info/ returned response: <Response [200]>
2021-02-15 01:07:31,199 - instabot version: 0.117.0 (api) - DEBUG - GET to endpoint: users/6761439225/info/ returned response: <Response [200]>
2021-02-15 01:07:32,119 - instabot version: 0.117.0 (api) - DEBUG - GET to endpoint: users/35063406667/info/ returned response: <Response [200]>
2021-02-15 01:07:33,043 - instabot version: 0.117.0 (api) - DEBUG - GET to endpoint: users/2147846312/info/ returned response: <Response [200]>
2021-02-15 01:07:36,081 - instabot version: 0.117.0 (api) - DEBUG - GET to endpoint: users/3232694321/info/ returned response: <Response [200]>
2021-02-15 01:07:38,474 - instabot version: 0.117.0 (api) - DEBUG - GET to endpoint: users/6733119260/info/ returned response: <Response [200]>
2021-02-15 01:07:41,338 - instabot version: 0.117.0 (api) - DEBUG - GET to endpoint: users/15735584012/info/ returned response: <Response [200]>
2021-02-15 01:07:42,269 - instabot version: 0.117.0 (api) - DEBUG - GET to endpoint: users/43283160149/info/ returned response: <Response [200]>
2021-02-15 01:07:45,024 - instabot version: 0.117.0 (api) - DEBUG - GET to endpoint: users/629995984/info/ returned response: <Response [200]>
2021-02-15 01:07:45,840 - instabot version: 0.117.0 (api) - DEBUG - GET to endpoint: users/1433836288/info/ returned response: <Response [200]>
2021-02-15 01:07:46,582 - instabot version: 0.117.0 (api) - DEBUG - GET to endpoint: users/9284665603/info/ returned response: <Response [200]>
2021-02-15 01:07:47,481 - instabot version: 0.117.0 (api) - DEBUG - GET to endpoint: users/43019714494/info/ returned response: <Response [200]>
2021-02-15 01:07:49,404 - instabot version: 0.117.0 (api) - DEBUG - GET to endpoint: users/29687754162/info/ returned response: <Response [200]>
2021-02-15 01:07:50,153 - instabot version: 0.117.0 (api) - DEBUG - GET to endpoint: users/44353455882/info/ returned response: <Response [200]>
2021-02-15 01:07:51,891 - instabot version: 0.117.0 (api) - DEBUG - GET to endpoint: users/32186080104/info/ returned response: <Response [200]>
2021-02-15 01:07:55,058 - instabot version: 0.117.0 (api) - DEBUG - GET to endpoint: users/35321013088/info/ returned response: <Response [200]>
2021-02-15 01:07:55,884 - instabot version: 0.117.0 (api) - DEBUG - GET to endpoint: users/33172409973/info/ returned response: <Response [200]>
2021-02-15 01:07:57,825 - instabot version: 0.117.0 (api) - DEBUG - GET to endpoint: users/34592528243/info/ returned response: <Response [200]>
2021-02-15 01:08:00,696 - instabot version: 0.117.0 (api) - DEBUG - GET to endpoint: users/45188509167/info/ returned response: <Response [200]>
2021-02-15 01:08:01,715 - instabot version: 0.117.0 (api) - DEBUG - GET to endpoint: users/1360813354/info/ returned response: <Response [200]>
2021-02-15 01:08:03,444 - instabot version: 0.117.0 (api) - DEBUG - GET to endpoint: users/43743400242/info/ returned response: <Response [200]>
2021-02-15 01:08:05,710 - instabot version: 0.117.0 (api) - DEBUG - GET to endpoint: users/22611386371/info/ returned response: <Response [200]>
2021-02-15 01:08:07,457 - instabot version: 0.117.0 (api) - DEBUG - GET to endpoint: users/29224414960/info/ returned response: <Response [200]>
2021-02-15 01:08:09,959 - instabot version: 0.117.0 (api) - DEBUG - GET to endpoint: users/8182493804/info/ returned response: <Response [200]>
2021-02-15 01:08:11,757 - instabot version: 0.117.0 (api) - DEBUG - GET to endpoint: users/35874212651/info/ returned response: <Response [200]>
2021-02-15 01:08:13,703 - instabot version: 0.117.0 (api) - DEBUG - GET to endpoint: users/15054791827/info/ returned response: <Response [200]>
2021-02-15 01:08:15,536 - instabot version: 0.117.0 (api) - DEBUG - GET to endpoint: users/34702658081/info/ returned response: <Response [200]>
2021-02-15 01:08:17,280 - instabot version: 0.117.0 (api) - DEBUG - GET to endpoint: users/11928655531/info/ returned response: <Response [200]>
2021-02-15 01:08:19,429 - instabot version: 0.117.0 (api) - DEBUG - GET to endpoint: users/45611543194/info/ returned response: <Response [200]>
2021-02-15 01:14:20,805 - instabot version: 0.117.0 (api) - DEBUG - POST to endpoint: accounts/logout/ returned response: <Response [200]>
2021-02-15 01:14:20,805 - instabot version: 0.117.0 (bot) - INFO - Bot stopped. Worked: 0:16:19.074111
2021-02-15 01:14:20,813 - instabot version: 0.117.0 (bot_checkpoint) - DEBUG - Saving Checkpoint file to: d:\Programming Languages\03. Projects\Instagram Scrapper\Ver_3.0/config/randompy2020.checkpoint
2021-02-15 01:14:20,813 - instabot version: 0.117.0 (bot) - INFO - Total requests: 332
