2021-02-02 23:47:27,923 - instabot version: 0.117.0 (bot) - INFO - Instabot version: 0.117.0 Started
2021-02-02 23:47:27,923 - instabot version: 0.117.0 (bot) - DEBUG - Bot imported from C:\Users\LENOVO\AppData\Local\Programs\Python\Python39\lib\site-packages\instabot\bot\bot.py
2021-02-02 23:47:27,937 - instabot version: 0.117.0 (api_login) - INFO - Not yet logged in starting: PRE-LOGIN FLOW!
2021-02-02 23:47:28,833 - instabot version: 0.117.0 (api) - DEBUG - POST to endpoint: accounts/get_prefill_candidates/ returned response: <Response [200]>
2021-02-02 23:47:30,148 - instabot version: 0.117.0 (api) - DEBUG - POST to endpoint: qe/sync/ returned response: <Response [200]>
2021-02-02 23:47:30,690 - instabot version: 0.117.0 (api) - DEBUG - POST to endpoint: launcher/sync/ returned response: <Response [200]>
2021-02-02 23:47:31,165 - instabot version: 0.117.0 (api) - DEBUG - POST to endpoint: accounts/contact_point_prefill/ returned response: <Response [200]>
2021-02-02 23:47:33,253 - instabot version: 0.117.0 (api) - DEBUG - POST to endpoint: accounts/login/ returned response: <Response [200]>
2021-02-02 23:47:33,299 - instabot version: 0.117.0 (api) - INFO - Logged-in successfully as 'calcutta_blog'!
2021-02-02 23:47:33,408 - instabot version: 0.117.0 (api_login) - INFO - LOGIN FLOW! Just logged-in: True
2021-02-02 23:47:33,919 - instabot version: 0.117.0 (api) - DEBUG - POST to endpoint: qe/sync/ returned response: <Response [200]>
2021-02-02 23:47:34,537 - instabot version: 0.117.0 (api) - DEBUG - POST to endpoint: launcher/sync/ returned response: <Response [200]>
2021-02-02 23:47:35,195 - instabot version: 0.117.0 (api) - DEBUG - GET to endpoint: zr/token/result/?device_id=android-f9547b82c549e8b9&token_hash=&custom_device_id=android-f9547b82c549e8b9&fetch_reason=token_expired returned response: <Response [200]>
2021-02-02 23:47:35,798 - instabot version: 0.117.0 (api) - DEBUG - GET to endpoint: multiple_accounts/get_account_family/ returned response: <Response [200]>
2021-02-02 23:47:36,347 - instabot version: 0.117.0 (api) - DEBUG - POST to endpoint: qe/sync/ returned response: <Response [200]>
2021-02-02 23:47:37,954 - instabot version: 0.117.0 (api) - DEBUG - GET to endpoint: igtv/browse_feed/?prefetch=1 returned response: <Response [200]>
2021-02-02 23:47:38,426 - instabot version: 0.117.0 (api) - DEBUG - POST to endpoint: creatives/ar_class/ returned response: <Response [200]>
2021-02-02 23:47:40,677 - instabot version: 0.117.0 (api) - DEBUG - POST to endpoint: feed/reels_tray/ returned response: <Response [200]>
2021-02-02 23:47:45,903 - instabot version: 0.117.0 (api) - DEBUG - POST to endpoint: feed/timeline/ returned response: <Response [200]>
2021-02-02 23:47:46,387 - instabot version: 0.117.0 (api) - DEBUG - GET to endpoint: media/blocked/ returned response: <Response [200]>
2021-02-02 23:47:47,510 - instabot version: 0.117.0 (api) - DEBUG - GET to endpoint: news/inbox/ returned response: <Response [200]>
2021-02-02 23:47:47,995 - instabot version: 0.117.0 (api) - DEBUG - GET to endpoint: loom/fetch_config/ returned response: <Response [200]>
2021-02-02 23:47:52,318 - instabot version: 0.117.0 (api) - DEBUG - GET to endpoint: scores/bootstrap/users/?surfaces=["autocomplete_user_list","coefficient_besties_list_ranking","coefficient_rank_recipient_user_suggestion","coefficient_ios_section_test_bootstrap_ranking","coefficient_direct_recipients_ranking_variant_2"] returned response: <Response [200]>
2021-02-02 23:47:52,805 - instabot version: 0.117.0 (api) - DEBUG - GET to endpoint: business/eligibility/get_monetization_products_eligibility_data/?product_types=branded_content returned response: <Response [200]>
2021-02-02 23:47:53,278 - instabot version: 0.117.0 (api) - DEBUG - GET to endpoint: business/branded_content/should_require_professional_account/ returned response: <Response [200]>
2021-02-02 23:47:53,795 - instabot version: 0.117.0 (api) - DEBUG - GET to endpoint: linked_accounts/get_linkage_status/ returned response: <Response [200]>
2021-02-02 23:47:54,313 - instabot version: 0.117.0 (api) - DEBUG - GET to endpoint: locations/request_country/ returned response: <Response [200]>
2021-02-02 23:47:54,784 - instabot version: 0.117.0 (api) - DEBUG - GET to endpoint: qp/get_cooldowns/?signed_body=signed_body=4b9c516a5410a3bc128e09c6104a7f042146b9c2023870560c63a43a7f66781c.4&ig_sig_key_version=4&ig_sig_key_version=4 returned response: <Response [200]>
2021-02-02 23:47:55,270 - instabot version: 0.117.0 (api) - DEBUG - GET to endpoint: users/arlink_download_info/?version_override=2.2.1 returned response: <Response [200]>
2021-02-02 23:47:55,872 - instabot version: 0.117.0 (api) - DEBUG - GET to endpoint: users/39996319181/info/ returned response: <Response [200]>
2021-02-02 23:47:56,638 - instabot version: 0.117.0 (api) - DEBUG - GET to endpoint: direct_v2/get_presence/ returned response: <Response [200]>
2021-02-02 23:48:01,642 - instabot version: 0.117.0 (api) - DEBUG - GET to endpoint: direct_v2/inbox/?visual_message_return_type=unseen&thread_message_limit=10&persistentBadging=true&limit=20 returned response: <Response [200]>
2021-02-02 23:48:02,265 - instabot version: 0.117.0 (api) - DEBUG - GET to endpoint: direct_v2/inbox/?visual_message_return_type=unseen&persistentBadging=true&limit=0 returned response: <Response [200]>
2021-02-02 23:48:04,879 - instabot version: 0.117.0 (api) - DEBUG - GET to endpoint: discover/topical_explore/?is_prefetch=true&omit_cover_media=true&use_sectional_payload=true&timezone_offset=0&session_id=11081d14-eed6-45f0-85c2-8a868d7031bc&include_fixed_destinations=true returned response: <Response [200]>
2021-02-02 23:48:05,350 - instabot version: 0.117.0 (api) - DEBUG - POST to endpoint: notifications/badge/ returned response: <Response [200]>
2021-02-02 23:48:05,903 - instabot version: 0.117.0 (api) - DEBUG - POST to endpoint: qp/batch_fetch/ returned response: <Response [200]>
2021-02-02 23:48:06,536 - instabot version: 0.117.0 (bot_checkpoint) - DEBUG - Loading Checkpoint file from: D:\Programming Languages\03. Projects\Instagram Scrapper/config/calcutta_blog.checkpoint
2021-02-02 23:48:09,625 - instabot version: 0.117.0 (api) - DEBUG - GET to endpoint: users/33069010269/info/ returned response: <Response [200]>
2021-02-02 23:48:10,325 - instabot version: 0.117.0 (api) - DEBUG - GET to endpoint: users/40161336677/info/ returned response: <Response [200]>
2021-02-02 23:48:11,108 - instabot version: 0.117.0 (api) - DEBUG - GET to endpoint: users/10593353554/info/ returned response: <Response [200]>
2021-02-02 23:48:12,850 - instabot version: 0.117.0 (api) - DEBUG - GET to endpoint: users/17063050888/info/ returned response: <Response [200]>
2021-02-02 23:48:13,575 - instabot version: 0.117.0 (api) - DEBUG - GET to endpoint: users/35817224894/info/ returned response: <Response [200]>
2021-02-02 23:48:14,243 - instabot version: 0.117.0 (api) - DEBUG - GET to endpoint: users/10936373654/info/ returned response: <Response [200]>
2021-02-02 23:48:15,316 - instabot version: 0.117.0 (api) - DEBUG - GET to endpoint: users/40849883361/info/ returned response: <Response [200]>
2021-02-02 23:48:16,467 - instabot version: 0.117.0 (api) - DEBUG - GET to endpoint: users/33971680666/info/ returned response: <Response [200]>
2021-02-02 23:48:17,097 - instabot version: 0.117.0 (api) - DEBUG - GET to endpoint: users/2017387994/info/ returned response: <Response [200]>
2021-02-02 23:48:17,707 - instabot version: 0.117.0 (api) - DEBUG - GET to endpoint: users/42501175610/info/ returned response: <Response [200]>
2021-02-02 23:48:19,465 - instabot version: 0.117.0 (api) - DEBUG - GET to endpoint: users/40529546124/info/ returned response: <Response [200]>
2021-02-02 23:48:21,180 - instabot version: 0.117.0 (api) - DEBUG - GET to endpoint: users/16615511037/info/ returned response: <Response [200]>
2021-02-02 23:48:22,114 - instabot version: 0.117.0 (api) - DEBUG - GET to endpoint: users/24249918967/info/ returned response: <Response [200]>
2021-02-02 23:48:23,119 - instabot version: 0.117.0 (api) - DEBUG - GET to endpoint: users/6749813864/info/ returned response: <Response [200]>
2021-02-02 23:48:24,105 - instabot version: 0.117.0 (api) - DEBUG - GET to endpoint: users/1105499511/info/ returned response: <Response [200]>
2021-02-02 23:48:25,024 - instabot version: 0.117.0 (api) - DEBUG - GET to endpoint: users/7102292686/info/ returned response: <Response [200]>
2021-02-02 23:48:28,095 - instabot version: 0.117.0 (api) - DEBUG - GET to endpoint: users/8506111836/info/ returned response: <Response [200]>
2021-02-02 23:48:28,648 - instabot version: 0.117.0 (api) - DEBUG - GET to endpoint: users/45629347577/info/ returned response: <Response [200]>
2021-02-02 23:48:30,310 - instabot version: 0.117.0 (api) - DEBUG - GET to endpoint: users/8313712240/info/ returned response: <Response [200]>
2021-02-02 23:48:31,103 - instabot version: 0.117.0 (api) - DEBUG - GET to endpoint: users/18317366244/info/ returned response: <Response [200]>
2021-02-02 23:48:33,784 - instabot version: 0.117.0 (api) - DEBUG - GET to endpoint: users/30769739887/info/ returned response: <Response [200]>
2021-02-02 23:48:34,453 - instabot version: 0.117.0 (api) - DEBUG - GET to endpoint: users/45660905718/info/ returned response: <Response [200]>
2021-02-02 23:48:38,251 - instabot version: 0.117.0 (api) - DEBUG - GET to endpoint: users/3077195493/info/ returned response: <Response [200]>
2021-02-02 23:48:40,057 - instabot version: 0.117.0 (api) - DEBUG - GET to endpoint: users/1412571707/info/ returned response: <Response [200]>
2021-02-02 23:48:42,624 - instabot version: 0.117.0 (api) - DEBUG - GET to endpoint: users/32282482721/info/ returned response: <Response [200]>
2021-02-02 23:48:43,317 - instabot version: 0.117.0 (api) - DEBUG - GET to endpoint: users/9175823165/info/ returned response: <Response [200]>
2021-02-02 23:48:43,978 - instabot version: 0.117.0 (api) - DEBUG - GET to endpoint: users/16359866366/info/ returned response: <Response [200]>
2021-02-02 23:48:46,707 - instabot version: 0.117.0 (api) - DEBUG - GET to endpoint: users/27242718401/info/ returned response: <Response [200]>
2021-02-02 23:48:49,420 - instabot version: 0.117.0 (api) - DEBUG - GET to endpoint: users/1177326869/info/ returned response: <Response [200]>
2021-02-02 23:48:52,283 - instabot version: 0.117.0 (api) - DEBUG - GET to endpoint: users/6069337684/info/ returned response: <Response [200]>
2021-02-02 23:48:54,011 - instabot version: 0.117.0 (api) - DEBUG - GET to endpoint: users/8955677086/info/ returned response: <Response [200]>
2021-02-02 23:48:56,341 - instabot version: 0.117.0 (api) - DEBUG - GET to endpoint: users/33222332247/info/ returned response: <Response [200]>
2021-02-02 23:48:59,050 - instabot version: 0.117.0 (api) - DEBUG - GET to endpoint: users/31008120351/info/ returned response: <Response [200]>
2021-02-02 23:49:00,822 - instabot version: 0.117.0 (api) - DEBUG - GET to endpoint: users/8625939158/info/ returned response: <Response [200]>
2021-02-02 23:49:03,534 - instabot version: 0.117.0 (api) - DEBUG - GET to endpoint: users/2067045828/info/ returned response: <Response [200]>
2021-02-02 23:49:06,259 - instabot version: 0.117.0 (api) - DEBUG - GET to endpoint: users/4922531225/info/ returned response: <Response [200]>
2021-02-02 23:49:06,914 - instabot version: 0.117.0 (api) - DEBUG - GET to endpoint: users/37339937729/info/ returned response: <Response [200]>
2021-02-02 23:49:08,538 - instabot version: 0.117.0 (api) - DEBUG - GET to endpoint: users/3956828156/info/ returned response: <Response [200]>
2021-02-02 23:49:11,459 - instabot version: 0.117.0 (api) - DEBUG - GET to endpoint: users/20490308258/info/ returned response: <Response [200]>
2021-02-02 23:49:13,420 - instabot version: 0.117.0 (api) - DEBUG - GET to endpoint: users/8192000922/info/ returned response: <Response [200]>
2021-02-02 23:49:14,194 - instabot version: 0.117.0 (api) - DEBUG - GET to endpoint: users/7331526398/info/ returned response: <Response [200]>
2021-02-02 23:49:14,839 - instabot version: 0.117.0 (api) - DEBUG - GET to endpoint: users/7417786490/info/ returned response: <Response [200]>
2021-02-02 23:49:15,424 - instabot version: 0.117.0 (api) - DEBUG - GET to endpoint: users/41125194587/info/ returned response: <Response [200]>
2021-02-02 23:49:16,266 - instabot version: 0.117.0 (api) - DEBUG - GET to endpoint: users/8413101439/info/ returned response: <Response [200]>
2021-02-02 23:49:17,136 - instabot version: 0.117.0 (api) - DEBUG - GET to endpoint: users/34726754783/info/ returned response: <Response [200]>
2021-02-02 23:49:19,807 - instabot version: 0.117.0 (api) - DEBUG - GET to endpoint: users/35135059386/info/ returned response: <Response [200]>
2021-02-02 23:49:21,475 - instabot version: 0.117.0 (api) - DEBUG - GET to endpoint: users/1216955503/info/ returned response: <Response [200]>
2021-02-02 23:49:24,172 - instabot version: 0.117.0 (api) - DEBUG - GET to endpoint: users/44576630747/info/ returned response: <Response [200]>
2021-02-02 23:49:25,756 - instabot version: 0.117.0 (api) - DEBUG - GET to endpoint: users/8026290757/info/ returned response: <Response [200]>
2021-02-02 23:49:26,378 - instabot version: 0.117.0 (api) - DEBUG - GET to endpoint: users/45425515893/info/ returned response: <Response [200]>
2021-02-02 23:49:27,314 - instabot version: 0.117.0 (api) - DEBUG - GET to endpoint: users/10094227672/info/ returned response: <Response [200]>
2021-02-02 23:49:27,964 - instabot version: 0.117.0 (api) - DEBUG - GET to endpoint: users/6702940135/info/ returned response: <Response [200]>
2021-02-02 23:49:28,735 - instabot version: 0.117.0 (api) - DEBUG - GET to endpoint: users/11411709800/info/ returned response: <Response [200]>
2021-02-02 23:49:29,668 - instabot version: 0.117.0 (api) - DEBUG - GET to endpoint: users/43573597275/info/ returned response: <Response [200]>
2021-02-02 23:49:31,406 - instabot version: 0.117.0 (api) - DEBUG - GET to endpoint: users/26767663562/info/ returned response: <Response [200]>
2021-02-02 23:49:32,229 - instabot version: 0.117.0 (api) - DEBUG - GET to endpoint: users/26799836803/info/ returned response: <Response [200]>
2021-02-02 23:49:35,106 - instabot version: 0.117.0 (api) - DEBUG - GET to endpoint: users/44701930786/info/ returned response: <Response [200]>
2021-02-02 23:49:35,747 - instabot version: 0.117.0 (api) - DEBUG - GET to endpoint: users/44302763022/info/ returned response: <Response [200]>
2021-02-02 23:49:36,381 - instabot version: 0.117.0 (api) - DEBUG - GET to endpoint: users/8124204253/info/ returned response: <Response [200]>
2021-02-02 23:49:37,132 - instabot version: 0.117.0 (api) - DEBUG - GET to endpoint: users/23862082194/info/ returned response: <Response [200]>
2021-02-02 23:49:37,736 - instabot version: 0.117.0 (api) - DEBUG - GET to endpoint: users/1412965800/info/ returned response: <Response [200]>
2021-02-02 23:49:38,525 - instabot version: 0.117.0 (api) - DEBUG - GET to endpoint: users/6191969561/info/ returned response: <Response [200]>
2021-02-02 23:49:41,348 - instabot version: 0.117.0 (api) - DEBUG - GET to endpoint: users/3311040374/info/ returned response: <Response [200]>
2021-02-02 23:49:43,035 - instabot version: 0.117.0 (api) - DEBUG - GET to endpoint: users/31465627181/info/ returned response: <Response [200]>
2021-02-02 23:49:45,698 - instabot version: 0.117.0 (api) - DEBUG - GET to endpoint: users/39673974234/info/ returned response: <Response [200]>
2021-02-02 23:49:48,322 - instabot version: 0.117.0 (api) - DEBUG - GET to endpoint: users/45242230338/info/ returned response: <Response [200]>
2021-02-02 23:49:49,982 - instabot version: 0.117.0 (api) - DEBUG - GET to endpoint: users/1634094116/info/ returned response: <Response [200]>
2021-02-02 23:49:53,072 - instabot version: 0.117.0 (api) - DEBUG - GET to endpoint: users/11321024060/info/ returned response: <Response [200]>
2021-02-02 23:49:55,890 - instabot version: 0.117.0 (api) - DEBUG - GET to endpoint: users/3010673225/info/ returned response: <Response [200]>
2021-02-02 23:49:56,493 - instabot version: 0.117.0 (api) - DEBUG - GET to endpoint: users/1408725180/info/ returned response: <Response [200]>
2021-02-02 23:49:57,127 - instabot version: 0.117.0 (api) - DEBUG - GET to endpoint: users/44799468322/info/ returned response: <Response [200]>
2021-02-02 23:49:57,782 - instabot version: 0.117.0 (api) - DEBUG - GET to endpoint: users/25822846509/info/ returned response: <Response [200]>
2021-02-02 23:49:59,794 - instabot version: 0.117.0 (api) - DEBUG - GET to endpoint: users/1377631010/info/ returned response: <Response [200]>
2021-02-02 23:50:00,477 - instabot version: 0.117.0 (api) - DEBUG - GET to endpoint: users/414454841/info/ returned response: <Response [200]>
2021-02-02 23:50:01,150 - instabot version: 0.117.0 (api) - DEBUG - GET to endpoint: users/26672822429/info/ returned response: <Response [200]>
2021-02-02 23:50:03,871 - instabot version: 0.117.0 (api) - DEBUG - GET to endpoint: users/9130793418/info/ returned response: <Response [200]>
2021-02-02 23:50:06,735 - instabot version: 0.117.0 (api) - DEBUG - GET to endpoint: users/45005624706/info/ returned response: <Response [200]>
2021-02-02 23:50:09,559 - instabot version: 0.117.0 (api) - DEBUG - GET to endpoint: users/15221914979/info/ returned response: <Response [200]>
2021-02-02 23:50:11,183 - instabot version: 0.117.0 (api) - DEBUG - GET to endpoint: users/37728799681/info/ returned response: <Response [200]>
2021-02-02 23:50:17,106 - instabot version: 0.117.0 (api) - DEBUG - GET to endpoint: users/32555230524/info/ returned response: <Response [200]>
2021-02-02 23:50:18,835 - instabot version: 0.117.0 (api) - DEBUG - GET to endpoint: users/31262000427/info/ returned response: <Response [200]>
2021-02-02 23:50:20,954 - instabot version: 0.117.0 (api) - DEBUG - GET to endpoint: users/8472808885/info/ returned response: <Response [200]>
2021-02-02 23:50:22,766 - instabot version: 0.117.0 (api) - DEBUG - GET to endpoint: users/26742229872/info/ returned response: <Response [200]>
2021-02-02 23:50:26,057 - instabot version: 0.117.0 (api) - DEBUG - GET to endpoint: users/43599851760/info/ returned response: <Response [200]>
2021-02-02 23:50:27,672 - instabot version: 0.117.0 (api) - DEBUG - GET to endpoint: users/44796637795/info/ returned response: <Response [200]>
2021-02-02 23:50:29,336 - instabot version: 0.117.0 (api) - DEBUG - GET to endpoint: users/45388943383/info/ returned response: <Response [200]>
2021-02-02 23:50:30,056 - instabot version: 0.117.0 (api) - DEBUG - GET to endpoint: users/1485318395/info/ returned response: <Response [200]>
2021-02-02 23:50:32,709 - instabot version: 0.117.0 (api) - DEBUG - GET to endpoint: users/32594903135/info/ returned response: <Response [200]>
2021-02-02 23:50:33,452 - instabot version: 0.117.0 (api) - DEBUG - GET to endpoint: users/7593410796/info/ returned response: <Response [200]>
2021-02-02 23:50:34,187 - instabot version: 0.117.0 (api) - DEBUG - GET to endpoint: users/5004634622/info/ returned response: <Response [200]>
2021-02-02 23:50:35,788 - instabot version: 0.117.0 (api) - DEBUG - GET to endpoint: users/33009908494/info/ returned response: <Response [200]>
2021-02-02 23:50:38,468 - instabot version: 0.117.0 (api) - DEBUG - GET to endpoint: users/8545940608/info/ returned response: <Response [200]>
2021-02-02 23:50:39,048 - instabot version: 0.117.0 (api) - DEBUG - GET to endpoint: users/41592749056/info/ returned response: <Response [200]>
2021-02-02 23:50:41,853 - instabot version: 0.117.0 (api) - DEBUG - GET to endpoint: users/31821161276/info/ returned response: <Response [200]>
2021-02-02 23:50:42,545 - instabot version: 0.117.0 (api) - DEBUG - GET to endpoint: users/6671409546/info/ returned response: <Response [200]>
2021-02-02 23:50:43,234 - instabot version: 0.117.0 (api) - DEBUG - GET to endpoint: users/8923748015/info/ returned response: <Response [200]>
2021-02-02 23:50:45,871 - instabot version: 0.117.0 (api) - DEBUG - GET to endpoint: users/5542716634/info/ returned response: <Response [200]>
2021-02-02 23:50:48,684 - instabot version: 0.117.0 (api) - DEBUG - GET to endpoint: users/7269693262/info/ returned response: <Response [200]>
2021-02-02 23:50:49,334 - instabot version: 0.117.0 (api) - DEBUG - GET to endpoint: users/5310258457/info/ returned response: <Response [200]>
2021-02-02 23:50:52,493 - instabot version: 0.117.0 (api) - DEBUG - GET to endpoint: users/5921805566/info/ returned response: <Response [200]>
2021-02-02 23:50:55,082 - instabot version: 0.117.0 (api) - DEBUG - GET to endpoint: users/40198801735/info/ returned response: <Response [200]>
2021-02-02 23:50:56,650 - instabot version: 0.117.0 (api) - DEBUG - GET to endpoint: users/5961713584/info/ returned response: <Response [200]>
2021-02-02 23:50:57,327 - instabot version: 0.117.0 (api) - DEBUG - GET to endpoint: users/37824804772/info/ returned response: <Response [200]>
2021-02-02 23:50:59,993 - instabot version: 0.117.0 (api) - DEBUG - GET to endpoint: users/38797326826/info/ returned response: <Response [200]>
2021-02-02 23:51:02,958 - instabot version: 0.117.0 (api) - DEBUG - GET to endpoint: users/7387340558/info/ returned response: <Response [200]>
2021-02-02 23:51:04,097 - instabot version: 0.117.0 (api) - DEBUG - GET to endpoint: users/34345873177/info/ returned response: <Response [200]>
2021-02-02 23:51:05,838 - instabot version: 0.117.0 (api) - DEBUG - GET to endpoint: users/45435265739/info/ returned response: <Response [200]>
2021-02-02 23:51:08,616 - instabot version: 0.117.0 (api) - DEBUG - GET to endpoint: users/7714131264/info/ returned response: <Response [200]>
2021-02-02 23:51:10,499 - instabot version: 0.117.0 (api) - DEBUG - GET to endpoint: users/44237046999/info/ returned response: <Response [200]>
2021-02-02 23:51:12,250 - instabot version: 0.117.0 (api) - DEBUG - GET to endpoint: users/8720529126/info/ returned response: <Response [200]>
2021-02-02 23:51:12,838 - instabot version: 0.117.0 (api) - DEBUG - GET to endpoint: users/32754778442/info/ returned response: <Response [200]>
2021-02-02 23:51:14,691 - instabot version: 0.117.0 (api) - DEBUG - GET to endpoint: users/44530174821/info/ returned response: <Response [200]>
2021-02-02 23:51:17,088 - instabot version: 0.117.0 (api) - DEBUG - GET to endpoint: users/8730551185/info/ returned response: <Response [200]>
2021-02-02 23:51:17,756 - instabot version: 0.117.0 (api) - DEBUG - GET to endpoint: users/4355932374/info/ returned response: <Response [200]>
2021-02-02 23:51:18,518 - instabot version: 0.117.0 (api) - DEBUG - GET to endpoint: users/4642330290/info/ returned response: <Response [200]>
2021-02-02 23:51:19,165 - instabot version: 0.117.0 (api) - DEBUG - GET to endpoint: users/8377522611/info/ returned response: <Response [200]>
2021-02-02 23:51:19,754 - instabot version: 0.117.0 (api) - DEBUG - GET to endpoint: users/1952995204/info/ returned response: <Response [200]>
2021-02-02 23:51:21,444 - instabot version: 0.117.0 (api) - DEBUG - GET to endpoint: users/40691581494/info/ returned response: <Response [200]>
2021-02-02 23:51:22,716 - instabot version: 0.117.0 (api) - DEBUG - GET to endpoint: users/26586789068/info/ returned response: <Response [200]>
2021-02-02 23:51:25,321 - instabot version: 0.117.0 (api) - DEBUG - GET to endpoint: users/21071044888/info/ returned response: <Response [200]>
2021-02-02 23:51:28,019 - instabot version: 0.117.0 (api) - DEBUG - GET to endpoint: users/10408639103/info/ returned response: <Response [200]>
2021-02-02 23:51:30,668 - instabot version: 0.117.0 (api) - DEBUG - GET to endpoint: users/44026991220/info/ returned response: <Response [200]>
2021-02-02 23:51:32,458 - instabot version: 0.117.0 (api) - DEBUG - GET to endpoint: users/6352021729/info/ returned response: <Response [200]>
2021-02-02 23:51:34,106 - instabot version: 0.117.0 (api) - DEBUG - GET to endpoint: users/38809577720/info/ returned response: <Response [200]>
2021-02-02 23:51:35,763 - instabot version: 0.117.0 (api) - DEBUG - GET to endpoint: users/2300077492/info/ returned response: <Response [200]>
2021-02-02 23:51:36,730 - instabot version: 0.117.0 (api) - DEBUG - GET to endpoint: users/2378909705/info/ returned response: <Response [200]>
2021-02-02 23:51:38,428 - instabot version: 0.117.0 (api) - DEBUG - GET to endpoint: users/3528186261/info/ returned response: <Response [200]>
2021-02-02 23:51:39,056 - instabot version: 0.117.0 (api) - DEBUG - GET to endpoint: users/7645408005/info/ returned response: <Response [200]>
2021-02-02 23:51:41,896 - instabot version: 0.117.0 (api) - DEBUG - GET to endpoint: users/6825858768/info/ returned response: <Response [200]>
2021-02-02 23:51:43,754 - instabot version: 0.117.0 (api) - DEBUG - GET to endpoint: users/40684458620/info/ returned response: <Response [200]>
2021-02-02 23:51:44,377 - instabot version: 0.117.0 (api) - DEBUG - GET to endpoint: users/28939969325/info/ returned response: <Response [200]>
2021-02-02 23:51:46,021 - instabot version: 0.117.0 (api) - DEBUG - GET to endpoint: users/44702299484/info/ returned response: <Response [200]>
2021-02-02 23:51:47,670 - instabot version: 0.117.0 (api) - DEBUG - GET to endpoint: users/45638505416/info/ returned response: <Response [200]>
2021-02-02 23:51:48,873 - instabot version: 0.117.0 (api) - DEBUG - GET to endpoint: users/41946523892/info/ returned response: <Response [200]>
2021-02-02 23:51:50,595 - instabot version: 0.117.0 (api) - DEBUG - GET to endpoint: users/16600227504/info/ returned response: <Response [200]>
2021-02-02 23:51:53,784 - instabot version: 0.117.0 (api) - DEBUG - GET to endpoint: users/21418984750/info/ returned response: <Response [200]>
2021-02-02 23:51:56,911 - instabot version: 0.117.0 (api) - DEBUG - GET to endpoint: users/19471603302/info/ returned response: <Response [200]>
2021-02-02 23:51:57,573 - instabot version: 0.117.0 (api) - DEBUG - GET to endpoint: users/8048600128/info/ returned response: <Response [200]>
2021-02-02 23:52:00,168 - instabot version: 0.117.0 (api) - DEBUG - GET to endpoint: users/18902271817/info/ returned response: <Response [200]>
2021-02-02 23:52:00,952 - instabot version: 0.117.0 (api) - DEBUG - GET to endpoint: users/6731153966/info/ returned response: <Response [200]>
2021-02-02 23:52:03,542 - instabot version: 0.117.0 (api) - DEBUG - GET to endpoint: users/31516502630/info/ returned response: <Response [200]>
2021-02-02 23:52:04,255 - instabot version: 0.117.0 (api) - DEBUG - GET to endpoint: users/18295366296/info/ returned response: <Response [200]>
2021-02-02 23:52:07,168 - instabot version: 0.117.0 (api) - DEBUG - GET to endpoint: users/926281262/info/ returned response: <Response [200]>
2021-02-02 23:52:09,002 - instabot version: 0.117.0 (api) - DEBUG - GET to endpoint: users/1718090855/info/ returned response: <Response [200]>
2021-02-02 23:52:09,767 - instabot version: 0.117.0 (api) - DEBUG - GET to endpoint: users/36909592753/info/ returned response: <Response [200]>
2021-02-02 23:52:11,505 - instabot version: 0.117.0 (api) - DEBUG - GET to endpoint: users/43531247/info/ returned response: <Response [200]>
2021-02-02 23:52:12,176 - instabot version: 0.117.0 (api) - DEBUG - GET to endpoint: users/8610149632/info/ returned response: <Response [200]>
2021-02-02 23:52:13,038 - instabot version: 0.117.0 (api) - DEBUG - GET to endpoint: users/31865069013/info/ returned response: <Response [200]>
2021-02-02 23:52:14,852 - instabot version: 0.117.0 (api) - DEBUG - GET to endpoint: users/1397160006/info/ returned response: <Response [200]>
2021-02-02 23:52:16,588 - instabot version: 0.117.0 (api) - DEBUG - GET to endpoint: users/1727192189/info/ returned response: <Response [200]>
2021-02-02 23:52:18,423 - instabot version: 0.117.0 (api) - DEBUG - GET to endpoint: users/44240687515/info/ returned response: <Response [200]>
2021-02-02 23:52:20,434 - instabot version: 0.117.0 (api) - DEBUG - GET to endpoint: users/42796067250/info/ returned response: <Response [200]>
2021-02-02 23:52:25,560 - instabot version: 0.117.0 (api) - DEBUG - GET to endpoint: users/13326653992/info/ returned response: <Response [200]>
2021-02-02 23:52:29,513 - instabot version: 0.117.0 (api) - DEBUG - GET to endpoint: users/33924999509/info/ returned response: <Response [200]>
2021-02-02 23:52:32,362 - instabot version: 0.117.0 (api) - DEBUG - GET to endpoint: users/7742249650/info/ returned response: <Response [200]>
2021-02-02 23:52:35,260 - instabot version: 0.117.0 (api) - DEBUG - GET to endpoint: users/2069751066/info/ returned response: <Response [200]>
2021-02-02 23:52:38,568 - instabot version: 0.117.0 (api) - DEBUG - GET to endpoint: users/6198068531/info/ returned response: <Response [200]>
2021-02-02 23:52:39,364 - instabot version: 0.117.0 (api) - DEBUG - GET to endpoint: users/27271143252/info/ returned response: <Response [200]>
2021-02-02 23:52:42,099 - instabot version: 0.117.0 (api) - DEBUG - GET to endpoint: users/1112709774/info/ returned response: <Response [200]>
2021-02-02 23:52:45,122 - instabot version: 0.117.0 (api) - DEBUG - GET to endpoint: users/34994076919/info/ returned response: <Response [200]>
2021-02-02 23:52:47,709 - instabot version: 0.117.0 (api) - DEBUG - GET to endpoint: users/45015653458/info/ returned response: <Response [200]>
2021-02-02 23:52:50,582 - instabot version: 0.117.0 (api) - DEBUG - GET to endpoint: users/33035506997/info/ returned response: <Response [200]>
2021-02-02 23:52:51,205 - instabot version: 0.117.0 (api) - DEBUG - GET to endpoint: users/37443948381/info/ returned response: <Response [200]>
2021-02-02 23:52:51,833 - instabot version: 0.117.0 (api) - DEBUG - GET to endpoint: users/30187018093/info/ returned response: <Response [200]>
2021-02-02 23:52:52,536 - instabot version: 0.117.0 (api) - DEBUG - GET to endpoint: users/33439039515/info/ returned response: <Response [200]>
2021-02-02 23:52:53,280 - instabot version: 0.117.0 (api) - DEBUG - GET to endpoint: users/32324229983/info/ returned response: <Response [200]>
2021-02-02 23:52:54,894 - instabot version: 0.117.0 (api) - DEBUG - GET to endpoint: users/45623020061/info/ returned response: <Response [200]>
2021-02-02 23:52:55,780 - instabot version: 0.117.0 (api) - DEBUG - GET to endpoint: users/41802290699/info/ returned response: <Response [200]>
2021-02-02 23:52:58,786 - instabot version: 0.117.0 (api) - DEBUG - GET to endpoint: users/8636550156/info/ returned response: <Response [200]>
2021-02-02 23:52:59,422 - instabot version: 0.117.0 (api) - DEBUG - GET to endpoint: users/2379711122/info/ returned response: <Response [200]>
2021-02-02 23:53:02,846 - instabot version: 0.117.0 (api) - DEBUG - GET to endpoint: users/8721767869/info/ returned response: <Response [200]>
2021-02-02 23:53:04,686 - instabot version: 0.117.0 (api) - DEBUG - GET to endpoint: users/40501267384/info/ returned response: <Response [200]>
2021-02-02 23:53:07,434 - instabot version: 0.117.0 (api) - DEBUG - GET to endpoint: users/39437402861/info/ returned response: <Response [200]>
2021-02-02 23:53:08,230 - instabot version: 0.117.0 (api) - DEBUG - GET to endpoint: users/29593894954/info/ returned response: <Response [200]>
2021-02-02 23:53:11,085 - instabot version: 0.117.0 (api) - DEBUG - GET to endpoint: users/5729805879/info/ returned response: <Response [200]>
2021-02-02 23:53:12,736 - instabot version: 0.117.0 (api) - DEBUG - GET to endpoint: users/8162442517/info/ returned response: <Response [200]>
2021-02-02 23:53:14,287 - instabot version: 0.117.0 (api) - DEBUG - GET to endpoint: users/28591817456/info/ returned response: <Response [200]>
2021-02-02 23:53:16,920 - instabot version: 0.117.0 (api) - DEBUG - GET to endpoint: users/6861562975/info/ returned response: <Response [200]>
2021-02-02 23:53:17,639 - instabot version: 0.117.0 (api) - DEBUG - GET to endpoint: users/1684953578/info/ returned response: <Response [200]>
2021-02-02 23:53:20,328 - instabot version: 0.117.0 (api) - DEBUG - GET to endpoint: users/8741921032/info/ returned response: <Response [200]>
2021-02-02 23:53:22,171 - instabot version: 0.117.0 (api) - DEBUG - GET to endpoint: users/234707897/info/ returned response: <Response [200]>
2021-02-02 23:53:23,824 - instabot version: 0.117.0 (api) - DEBUG - GET to endpoint: users/44020673885/info/ returned response: <Response [200]>
2021-02-02 23:53:25,551 - instabot version: 0.117.0 (api) - DEBUG - GET to endpoint: users/2241631045/info/ returned response: <Response [200]>
2021-02-02 23:53:27,282 - instabot version: 0.117.0 (api) - DEBUG - GET to endpoint: users/33388220879/info/ returned response: <Response [200]>
2021-02-02 23:53:29,545 - instabot version: 0.117.0 (api) - DEBUG - GET to endpoint: users/42320535870/info/ returned response: <Response [200]>
2021-02-02 23:53:32,253 - instabot version: 0.117.0 (api) - DEBUG - GET to endpoint: users/1336407553/info/ returned response: <Response [200]>
2021-02-02 23:53:35,075 - instabot version: 0.117.0 (api) - DEBUG - GET to endpoint: users/8021552506/info/ returned response: <Response [200]>
2021-02-02 23:53:35,748 - instabot version: 0.117.0 (api) - DEBUG - GET to endpoint: users/44512997967/info/ returned response: <Response [200]>
2021-02-02 23:53:38,304 - instabot version: 0.117.0 (api) - DEBUG - GET to endpoint: users/7061290164/info/ returned response: <Response [200]>
2021-02-02 23:53:38,975 - instabot version: 0.117.0 (api) - DEBUG - GET to endpoint: users/4778733724/info/ returned response: <Response [200]>
2021-02-02 23:53:42,578 - instabot version: 0.117.0 (api) - DEBUG - GET to endpoint: users/478043368/info/ returned response: <Response [200]>
2021-02-02 23:53:46,521 - instabot version: 0.117.0 (api) - DEBUG - GET to endpoint: users/19788198539/info/ returned response: <Response [200]>
2021-02-02 23:53:48,566 - instabot version: 0.117.0 (api) - DEBUG - GET to endpoint: users/4071136202/info/ returned response: <Response [200]>
2021-02-02 23:53:49,796 - instabot version: 0.117.0 (api) - DEBUG - GET to endpoint: users/2244720619/info/ returned response: <Response [200]>
2021-02-02 23:53:51,683 - instabot version: 0.117.0 (api) - DEBUG - GET to endpoint: users/8032691726/info/ returned response: <Response [200]>
2021-02-02 23:53:54,535 - instabot version: 0.117.0 (api) - DEBUG - GET to endpoint: users/34654847252/info/ returned response: <Response [200]>
2021-02-02 23:53:56,919 - instabot version: 0.117.0 (api) - DEBUG - GET to endpoint: users/4320387841/info/ returned response: <Response [200]>
2021-02-02 23:53:58,974 - instabot version: 0.117.0 (api) - DEBUG - GET to endpoint: users/10377626150/info/ returned response: <Response [200]>
2021-02-02 23:54:01,707 - instabot version: 0.117.0 (api) - DEBUG - GET to endpoint: users/44341468550/info/ returned response: <Response [200]>
2021-02-02 23:54:04,537 - instabot version: 0.117.0 (api) - DEBUG - GET to endpoint: users/1416389088/info/ returned response: <Response [200]>
2021-02-02 23:54:06,000 - instabot version: 0.117.0 (api) - DEBUG - GET to endpoint: users/9144987468/info/ returned response: <Response [200]>
2021-02-02 23:54:08,005 - instabot version: 0.117.0 (api) - DEBUG - GET to endpoint: users/3501241644/info/ returned response: <Response [200]>
2021-02-02 23:54:11,490 - instabot version: 0.117.0 (api) - DEBUG - GET to endpoint: users/32749515496/info/ returned response: <Response [200]>
2021-02-02 23:54:13,056 - instabot version: 0.117.0 (api) - DEBUG - GET to endpoint: users/36780357873/info/ returned response: <Response [200]>
2021-02-02 23:54:15,877 - instabot version: 0.117.0 (api) - DEBUG - GET to endpoint: users/4467264811/info/ returned response: <Response [200]>
2021-02-02 23:54:16,835 - instabot version: 0.117.0 (api) - DEBUG - GET to endpoint: users/44565395822/info/ returned response: <Response [200]>
2021-02-02 23:54:19,741 - instabot version: 0.117.0 (api) - DEBUG - GET to endpoint: users/28030417227/info/ returned response: <Response [200]>
2021-02-02 23:54:21,161 - instabot version: 0.117.0 (api) - DEBUG - GET to endpoint: users/22510112316/info/ returned response: <Response [200]>
2021-02-02 23:54:22,206 - instabot version: 0.117.0 (api) - DEBUG - GET to endpoint: users/36779689834/info/ returned response: <Response [200]>
2021-02-02 23:54:28,208 - instabot version: 0.117.0 (api) - DEBUG - GET to endpoint: users/34955902563/info/ returned response: <Response [200]>
2021-02-02 23:54:30,816 - instabot version: 0.117.0 (api) - DEBUG - GET to endpoint: users/40873479498/info/ returned response: <Response [200]>
2021-02-02 23:54:37,858 - instabot version: 0.117.0 (api) - DEBUG - GET to endpoint: users/26778489087/info/ returned response: <Response [200]>
2021-02-02 23:54:40,032 - instabot version: 0.117.0 (api) - DEBUG - GET to endpoint: users/23628715272/info/ returned response: <Response [200]>
2021-02-02 23:54:40,978 - instabot version: 0.117.0 (api) - DEBUG - GET to endpoint: users/13933238938/info/ returned response: <Response [200]>
2021-02-02 23:54:41,892 - instabot version: 0.117.0 (api) - DEBUG - GET to endpoint: users/38186689374/info/ returned response: <Response [200]>
2021-02-02 23:54:44,835 - instabot version: 0.117.0 (api) - DEBUG - GET to endpoint: users/37095015122/info/ returned response: <Response [200]>
2021-02-02 23:54:46,682 - instabot version: 0.117.0 (api) - DEBUG - GET to endpoint: users/33484327314/info/ returned response: <Response [200]>
2021-02-02 23:54:49,296 - instabot version: 0.117.0 (api) - DEBUG - GET to endpoint: users/1989550597/info/ returned response: <Response [200]>
2021-02-02 23:54:51,979 - instabot version: 0.117.0 (api) - DEBUG - GET to endpoint: users/32051764187/info/ returned response: <Response [200]>
2021-02-02 23:54:53,681 - instabot version: 0.117.0 (api) - DEBUG - GET to endpoint: users/1409591678/info/ returned response: <Response [200]>
2021-02-02 23:54:54,427 - instabot version: 0.117.0 (api) - DEBUG - GET to endpoint: users/11890360468/info/ returned response: <Response [200]>
2021-02-02 23:54:57,150 - instabot version: 0.117.0 (api) - DEBUG - GET to endpoint: users/29179019810/info/ returned response: <Response [200]>
2021-02-02 23:54:57,881 - instabot version: 0.117.0 (api) - DEBUG - GET to endpoint: users/2233256173/info/ returned response: <Response [200]>
2021-02-02 23:54:58,542 - instabot version: 0.117.0 (api) - DEBUG - GET to endpoint: users/5331900027/info/ returned response: <Response [200]>
2021-02-02 23:54:59,202 - instabot version: 0.117.0 (api) - DEBUG - GET to endpoint: users/11423879279/info/ returned response: <Response [200]>
2021-02-02 23:55:00,863 - instabot version: 0.117.0 (api) - DEBUG - GET to endpoint: users/43962431775/info/ returned response: <Response [200]>
2021-02-02 23:55:02,527 - instabot version: 0.117.0 (api) - DEBUG - GET to endpoint: users/38338704649/info/ returned response: <Response [200]>
2021-02-02 23:55:04,194 - instabot version: 0.117.0 (api) - DEBUG - GET to endpoint: users/44786922533/info/ returned response: <Response [200]>
2021-02-02 23:55:06,743 - instabot version: 0.117.0 (api) - DEBUG - GET to endpoint: users/8403584065/info/ returned response: <Response [200]>
2021-02-02 23:55:07,445 - instabot version: 0.117.0 (api) - DEBUG - GET to endpoint: users/1960531591/info/ returned response: <Response [200]>
2021-02-02 23:55:09,370 - instabot version: 0.117.0 (api) - DEBUG - GET to endpoint: users/6793677236/info/ returned response: <Response [200]>
2021-02-02 23:55:10,073 - instabot version: 0.117.0 (api) - DEBUG - GET to endpoint: users/25714739031/info/ returned response: <Response [200]>
2021-02-02 23:55:11,759 - instabot version: 0.117.0 (api) - DEBUG - GET to endpoint: users/9151603226/info/ returned response: <Response [200]>
2021-02-02 23:55:13,706 - instabot version: 0.117.0 (api) - DEBUG - GET to endpoint: users/37508317041/info/ returned response: <Response [200]>
2021-02-02 23:55:14,403 - instabot version: 0.117.0 (api) - DEBUG - GET to endpoint: users/35171358420/info/ returned response: <Response [200]>
2021-02-02 23:55:16,279 - instabot version: 0.117.0 (api) - DEBUG - GET to endpoint: users/45258620927/info/ returned response: <Response [200]>
2021-02-02 23:55:17,250 - instabot version: 0.117.0 (api) - DEBUG - GET to endpoint: users/4470637680/info/ returned response: <Response [200]>
2021-02-02 23:55:19,286 - instabot version: 0.117.0 (api) - DEBUG - GET to endpoint: users/12295610419/info/ returned response: <Response [200]>
2021-02-02 23:55:22,117 - instabot version: 0.117.0 (api) - DEBUG - GET to endpoint: users/4174289605/info/ returned response: <Response [200]>
2021-02-02 23:55:24,495 - instabot version: 0.117.0 (api) - DEBUG - GET to endpoint: users/2219980663/info/ returned response: <Response [200]>
2021-02-02 23:55:26,539 - instabot version: 0.117.0 (api) - DEBUG - GET to endpoint: users/35150011464/info/ returned response: <Response [200]>
2021-02-02 23:55:28,183 - instabot version: 0.117.0 (api) - DEBUG - GET to endpoint: users/13619227093/info/ returned response: <Response [200]>
2021-02-02 23:55:28,711 - instabot version: 0.117.0 (api) - DEBUG - GET to endpoint: users/27723283608/info/ returned response: <Response [200]>
2021-02-02 23:55:29,621 - instabot version: 0.117.0 (api) - DEBUG - GET to endpoint: users/27665252660/info/ returned response: <Response [200]>
2021-02-02 23:55:30,219 - instabot version: 0.117.0 (api) - DEBUG - GET to endpoint: users/44322097072/info/ returned response: <Response [200]>
2021-02-02 23:55:32,912 - instabot version: 0.117.0 (api) - DEBUG - GET to endpoint: users/4706767156/info/ returned response: <Response [200]>
2021-02-02 23:55:34,558 - instabot version: 0.117.0 (api) - DEBUG - GET to endpoint: users/8483348921/info/ returned response: <Response [200]>
2021-02-02 23:55:36,389 - instabot version: 0.117.0 (api) - DEBUG - GET to endpoint: users/11394113203/info/ returned response: <Response [200]>
2021-02-02 23:55:38,129 - instabot version: 0.117.0 (api) - DEBUG - GET to endpoint: users/39211761151/info/ returned response: <Response [200]>
2021-02-02 23:55:39,015 - instabot version: 0.117.0 (api) - DEBUG - GET to endpoint: users/7153628299/info/ returned response: <Response [200]>
2021-02-02 23:55:39,655 - instabot version: 0.117.0 (api) - DEBUG - GET to endpoint: users/8132572517/info/ returned response: <Response [200]>
2021-02-02 23:55:41,336 - instabot version: 0.117.0 (api) - DEBUG - GET to endpoint: users/16112742224/info/ returned response: <Response [200]>
2021-02-02 23:55:44,044 - instabot version: 0.117.0 (api) - DEBUG - GET to endpoint: users/44440475151/info/ returned response: <Response [200]>
2021-02-02 23:55:46,835 - instabot version: 0.117.0 (api) - DEBUG - GET to endpoint: users/7349361563/info/ returned response: <Response [200]>
2021-02-02 23:55:49,592 - instabot version: 0.117.0 (api) - DEBUG - GET to endpoint: users/32304240517/info/ returned response: <Response [200]>
2021-02-02 23:55:51,222 - instabot version: 0.117.0 (api) - DEBUG - GET to endpoint: users/30106642434/info/ returned response: <Response [200]>
2021-02-02 23:55:54,056 - instabot version: 0.117.0 (api) - DEBUG - GET to endpoint: users/1681210604/info/ returned response: <Response [200]>
2021-02-02 23:55:57,182 - instabot version: 0.117.0 (api) - DEBUG - GET to endpoint: users/4152947147/info/ returned response: <Response [200]>
2021-02-02 23:55:58,822 - instabot version: 0.117.0 (api) - DEBUG - GET to endpoint: users/9387870591/info/ returned response: <Response [200]>
2021-02-02 23:56:00,829 - instabot version: 0.117.0 (api) - DEBUG - GET to endpoint: users/33782371860/info/ returned response: <Response [200]>
2021-02-02 23:56:02,573 - instabot version: 0.117.0 (api) - DEBUG - GET to endpoint: users/7565648/info/ returned response: <Response [200]>
2021-02-02 23:56:03,326 - instabot version: 0.117.0 (api) - DEBUG - GET to endpoint: users/35294145814/info/ returned response: <Response [200]>
2021-02-02 23:56:03,876 - instabot version: 0.117.0 (api) - DEBUG - GET to endpoint: users/11954728915/info/ returned response: <Response [200]>
2021-02-02 23:56:06,574 - instabot version: 0.117.0 (api) - DEBUG - GET to endpoint: users/45201575463/info/ returned response: <Response [200]>
2021-02-02 23:56:07,217 - instabot version: 0.117.0 (api) - DEBUG - GET to endpoint: users/1774338855/info/ returned response: <Response [200]>
2021-02-02 23:56:08,920 - instabot version: 0.117.0 (api) - DEBUG - GET to endpoint: users/3647406373/info/ returned response: <Response [200]>
2021-02-02 23:56:11,762 - instabot version: 0.117.0 (api) - DEBUG - GET to endpoint: users/42633526352/info/ returned response: <Response [200]>
2021-02-02 23:56:14,674 - instabot version: 0.117.0 (api) - DEBUG - GET to endpoint: users/13267585995/info/ returned response: <Response [200]>
2021-02-02 23:56:17,536 - instabot version: 0.117.0 (api) - DEBUG - GET to endpoint: users/2118109737/info/ returned response: <Response [200]>
2021-02-02 23:56:20,251 - instabot version: 0.117.0 (api) - DEBUG - GET to endpoint: users/6014659434/info/ returned response: <Response [200]>
2021-02-02 23:56:22,872 - instabot version: 0.117.0 (api) - DEBUG - GET to endpoint: users/12133050099/info/ returned response: <Response [200]>
2021-02-02 23:56:24,595 - instabot version: 0.117.0 (api) - DEBUG - GET to endpoint: users/35589106387/info/ returned response: <Response [200]>
2021-02-02 23:56:27,146 - instabot version: 0.117.0 (api) - DEBUG - GET to endpoint: users/43646684524/info/ returned response: <Response [200]>
2021-02-02 23:56:28,811 - instabot version: 0.117.0 (api) - DEBUG - GET to endpoint: users/33073315042/info/ returned response: <Response [200]>
2021-02-02 23:56:29,555 - instabot version: 0.117.0 (api) - DEBUG - GET to endpoint: users/33544443712/info/ returned response: <Response [200]>
2021-02-02 23:56:30,382 - instabot version: 0.117.0 (api) - DEBUG - GET to endpoint: users/13201631429/info/ returned response: <Response [200]>
2021-02-02 23:56:31,573 - instabot version: 0.117.0 (api) - DEBUG - GET to endpoint: users/25307887890/info/ returned response: <Response [200]>
2021-02-02 23:56:33,388 - instabot version: 0.117.0 (api) - DEBUG - GET to endpoint: users/38519848926/info/ returned response: <Response [200]>
2021-02-02 23:56:34,125 - instabot version: 0.117.0 (api) - DEBUG - GET to endpoint: users/3974880809/info/ returned response: <Response [200]>
2021-02-02 23:56:35,876 - instabot version: 0.117.0 (api) - DEBUG - GET to endpoint: users/8236711338/info/ returned response: <Response [200]>
2021-02-02 23:56:37,647 - instabot version: 0.117.0 (api) - DEBUG - GET to endpoint: users/7988667854/info/ returned response: <Response [200]>
2021-02-02 23:56:38,307 - instabot version: 0.117.0 (api) - DEBUG - GET to endpoint: users/38190365862/info/ returned response: <Response [200]>
2021-02-02 23:56:39,078 - instabot version: 0.117.0 (api) - DEBUG - GET to endpoint: users/38400503215/info/ returned response: <Response [200]>
2021-02-02 23:56:40,830 - instabot version: 0.117.0 (api) - DEBUG - GET to endpoint: users/1379444763/info/ returned response: <Response [200]>
2021-02-02 23:56:41,496 - instabot version: 0.117.0 (api) - DEBUG - GET to endpoint: users/9361145655/info/ returned response: <Response [200]>
2021-02-02 23:56:43,134 - instabot version: 0.117.0 (api) - DEBUG - GET to endpoint: users/7878126736/info/ returned response: <Response [200]>
2021-02-02 23:56:44,773 - instabot version: 0.117.0 (api) - DEBUG - GET to endpoint: users/44844691799/info/ returned response: <Response [200]>
2021-02-02 23:56:45,413 - instabot version: 0.117.0 (api) - DEBUG - GET to endpoint: users/8668888222/info/ returned response: <Response [200]>
2021-02-02 23:56:47,063 - instabot version: 0.117.0 (api) - DEBUG - GET to endpoint: users/30630952639/info/ returned response: <Response [200]>
2021-02-02 23:56:47,724 - instabot version: 0.117.0 (api) - DEBUG - GET to endpoint: users/45026754147/info/ returned response: <Response [200]>
2021-02-02 23:56:48,430 - instabot version: 0.117.0 (api) - DEBUG - GET to endpoint: users/1444696510/info/ returned response: <Response [200]>
2021-02-02 23:56:50,187 - instabot version: 0.117.0 (api) - DEBUG - GET to endpoint: users/37796625843/info/ returned response: <Response [200]>
2021-02-02 23:56:52,834 - instabot version: 0.117.0 (api) - DEBUG - GET to endpoint: users/411714364/info/ returned response: <Response [200]>
2021-02-02 23:56:54,517 - instabot version: 0.117.0 (api) - DEBUG - GET to endpoint: users/9398755037/info/ returned response: <Response [200]>
2021-02-02 23:56:57,565 - instabot version: 0.117.0 (api) - DEBUG - GET to endpoint: users/38552407921/info/ returned response: <Response [200]>
2021-02-02 23:56:59,215 - instabot version: 0.117.0 (api) - DEBUG - GET to endpoint: users/6777180794/info/ returned response: <Response [200]>
2021-02-02 23:57:01,904 - instabot version: 0.117.0 (api) - DEBUG - GET to endpoint: users/7083429549/info/ returned response: <Response [200]>
2021-02-02 23:57:02,529 - instabot version: 0.117.0 (api) - DEBUG - GET to endpoint: users/13249720872/info/ returned response: <Response [200]>
2021-02-02 23:57:03,241 - instabot version: 0.117.0 (api) - DEBUG - GET to endpoint: users/36989464233/info/ returned response: <Response [200]>
2021-02-02 23:57:06,085 - instabot version: 0.117.0 (api) - DEBUG - GET to endpoint: users/38324417074/info/ returned response: <Response [200]>
2021-02-02 23:57:07,092 - instabot version: 0.117.0 (bot_checkpoint) - DEBUG - Saving Checkpoint file to: D:\Programming Languages\03. Projects\Instagram Scrapper/config/calcutta_blog.checkpoint
2021-02-02 23:57:07,109 - instabot version: 0.117.0 (bot) - INFO - Total requests: 331
